mode: set
github.com/orbiterhq/comet/client.go:74.79,76.2 1 1
github.com/orbiterhq/comet/client.go:80.54,81.21 1 1
github.com/orbiterhq/comet/client.go:81.21,83.3 1 1
github.com/orbiterhq/comet/client.go:85.2,87.31 3 1
github.com/orbiterhq/comet/client.go:92.80,95.2 2 1
github.com/orbiterhq/comet/client.go:99.49,100.21 1 1
github.com/orbiterhq/comet/client.go:100.21,102.3 1 1
github.com/orbiterhq/comet/client.go:104.2,105.42 2 1
github.com/orbiterhq/comet/client.go:105.42,107.3 1 1
github.com/orbiterhq/comet/client.go:108.2,108.15 1 1
github.com/orbiterhq/comet/client.go:112.77,113.21 1 1
github.com/orbiterhq/comet/client.go:113.21,115.3 1 0
github.com/orbiterhq/comet/client.go:117.2,118.42 2 1
github.com/orbiterhq/comet/client.go:118.42,120.3 1 1
github.com/orbiterhq/comet/client.go:121.2,121.16 1 1
github.com/orbiterhq/comet/client.go:238.39,274.2 1 1
github.com/orbiterhq/comet/client.go:278.42,282.2 3 1
github.com/orbiterhq/comet/client.go:286.39,291.2 4 1
github.com/orbiterhq/comet/client.go:295.41,302.2 6 1
github.com/orbiterhq/comet/client.go:305.45,307.35 1 1
github.com/orbiterhq/comet/client.go:307.35,309.3 1 0
github.com/orbiterhq/comet/client.go:310.2,310.38 1 1
github.com/orbiterhq/comet/client.go:310.38,312.3 1 0
github.com/orbiterhq/comet/client.go:313.2,313.36 1 1
github.com/orbiterhq/comet/client.go:313.36,315.3 1 0
github.com/orbiterhq/comet/client.go:316.2,316.41 1 1
github.com/orbiterhq/comet/client.go:316.41,318.3 1 0
github.com/orbiterhq/comet/client.go:321.2,321.41 1 1
github.com/orbiterhq/comet/client.go:321.41,323.3 1 0
github.com/orbiterhq/comet/client.go:327.2,327.39 1 1
github.com/orbiterhq/comet/client.go:327.39,329.3 1 0
github.com/orbiterhq/comet/client.go:330.2,330.43 1 1
github.com/orbiterhq/comet/client.go:330.43,332.3 1 0
github.com/orbiterhq/comet/client.go:333.2,333.38 1 1
github.com/orbiterhq/comet/client.go:333.38,335.3 1 0
github.com/orbiterhq/comet/client.go:336.2,336.75 1 1
github.com/orbiterhq/comet/client.go:336.75,338.3 1 0
github.com/orbiterhq/comet/client.go:341.2,341.36 1 1
github.com/orbiterhq/comet/client.go:341.36,343.3 1 0
github.com/orbiterhq/comet/client.go:344.2,344.92 1 1
github.com/orbiterhq/comet/client.go:344.92,347.3 1 0
github.com/orbiterhq/comet/client.go:348.2,348.30 1 1
github.com/orbiterhq/comet/client.go:348.30,350.3 1 0
github.com/orbiterhq/comet/client.go:352.2,352.12 1 1
github.com/orbiterhq/comet/client.go:451.90,453.27 1 1
github.com/orbiterhq/comet/client.go:453.27,455.3 1 0
github.com/orbiterhq/comet/client.go:457.2,457.66 1 1
github.com/orbiterhq/comet/client.go:457.66,464.87 2 1
github.com/orbiterhq/comet/client.go:464.87,465.37 1 1
github.com/orbiterhq/comet/client.go:465.37,467.5 1 1
github.com/orbiterhq/comet/client.go:468.4,468.37 1 1
github.com/orbiterhq/comet/client.go:468.37,470.5 1 1
github.com/orbiterhq/comet/client.go:471.4,471.12 1 1
github.com/orbiterhq/comet/client.go:474.3,474.13 1 1
github.com/orbiterhq/comet/client.go:474.13,479.54 2 1
github.com/orbiterhq/comet/client.go:479.54,482.5 1 1
github.com/orbiterhq/comet/client.go:483.9,486.4 1 1
github.com/orbiterhq/comet/client.go:491.85,492.24 1 1
github.com/orbiterhq/comet/client.go:492.24,494.3 1 0
github.com/orbiterhq/comet/client.go:497.2,498.88 2 1
github.com/orbiterhq/comet/client.go:498.88,499.36 1 1
github.com/orbiterhq/comet/client.go:499.36,501.4 1 1
github.com/orbiterhq/comet/client.go:502.3,502.36 1 1
github.com/orbiterhq/comet/client.go:502.36,504.4 1 1
github.com/orbiterhq/comet/client.go:505.3,505.11 1 1
github.com/orbiterhq/comet/client.go:508.2,508.11 1 1
github.com/orbiterhq/comet/client.go:508.11,511.3 1 1
github.com/orbiterhq/comet/client.go:513.2,513.14 1 1
github.com/orbiterhq/comet/client.go:513.14,516.3 1 0
github.com/orbiterhq/comet/client.go:520.2,520.39 1 1
github.com/orbiterhq/comet/client.go:524.103,525.24 1 1
github.com/orbiterhq/comet/client.go:525.24,527.3 1 0
github.com/orbiterhq/comet/client.go:530.2,531.88 2 1
github.com/orbiterhq/comet/client.go:531.88,532.36 1 1
github.com/orbiterhq/comet/client.go:532.36,534.4 1 1
github.com/orbiterhq/comet/client.go:535.3,535.36 1 1
github.com/orbiterhq/comet/client.go:535.36,537.4 1 1
github.com/orbiterhq/comet/client.go:538.3,538.11 1 1
github.com/orbiterhq/comet/client.go:541.2,541.11 1 1
github.com/orbiterhq/comet/client.go:541.11,544.3 1 1
github.com/orbiterhq/comet/client.go:546.2,546.14 1 1
github.com/orbiterhq/comet/client.go:546.14,549.3 1 1
github.com/orbiterhq/comet/client.go:552.2,553.46 2 1
github.com/orbiterhq/comet/client.go:579.49,581.2 1 1
github.com/orbiterhq/comet/client.go:584.79,586.48 1 1
github.com/orbiterhq/comet/client.go:586.48,588.3 1 0
github.com/orbiterhq/comet/client.go:590.2,590.51 1 1
github.com/orbiterhq/comet/client.go:590.51,592.3 1 0
github.com/orbiterhq/comet/client.go:594.2,604.15 3 1
github.com/orbiterhq/comet/client.go:608.100,611.16 2 1
github.com/orbiterhq/comet/client.go:611.16,613.3 1 0
github.com/orbiterhq/comet/client.go:615.2,616.16 2 1
github.com/orbiterhq/comet/client.go:616.16,618.3 1 0
github.com/orbiterhq/comet/client.go:620.2,620.60 1 1
github.com/orbiterhq/comet/client.go:624.73,626.16 2 1
github.com/orbiterhq/comet/client.go:626.16,628.3 1 0
github.com/orbiterhq/comet/client.go:630.2,631.16 2 1
github.com/orbiterhq/comet/client.go:631.16,633.3 1 0
github.com/orbiterhq/comet/client.go:635.2,640.74 3 1
github.com/orbiterhq/comet/client.go:640.74,641.61 1 1
github.com/orbiterhq/comet/client.go:641.61,642.55 1 1
github.com/orbiterhq/comet/client.go:642.55,645.19 2 1
github.com/orbiterhq/comet/client.go:645.19,647.6 1 0
github.com/orbiterhq/comet/client.go:648.5,651.45 2 1
github.com/orbiterhq/comet/client.go:651.45,653.6 1 0
github.com/orbiterhq/comet/client.go:659.2,659.24 1 1
github.com/orbiterhq/comet/client.go:659.24,664.19 3 1
github.com/orbiterhq/comet/client.go:664.19,668.36 2 1
github.com/orbiterhq/comet/client.go:668.36,670.5 1 1
github.com/orbiterhq/comet/client.go:671.4,671.21 1 1
github.com/orbiterhq/comet/client.go:675.3,675.19 1 1
github.com/orbiterhq/comet/client.go:678.2,679.41 2 1
github.com/orbiterhq/comet/client.go:679.41,681.3 1 1
github.com/orbiterhq/comet/client.go:683.2,683.19 1 1
github.com/orbiterhq/comet/client.go:687.50,690.33 3 1
github.com/orbiterhq/comet/client.go:690.33,692.3 1 1
github.com/orbiterhq/comet/client.go:693.2,695.31 2 1
github.com/orbiterhq/comet/client.go:695.31,699.26 2 1
github.com/orbiterhq/comet/client.go:699.26,702.43 3 1
github.com/orbiterhq/comet/client.go:702.43,704.5 1 1
github.com/orbiterhq/comet/client.go:705.4,706.18 2 1
github.com/orbiterhq/comet/client.go:706.18,709.5 2 0
github.com/orbiterhq/comet/client.go:714.3,722.80 6 1
github.com/orbiterhq/comet/client.go:722.80,724.88 1 1
github.com/orbiterhq/comet/client.go:724.88,726.5 1 0
github.com/orbiterhq/comet/client.go:728.4,730.62 2 1
github.com/orbiterhq/comet/client.go:730.62,732.70 1 1
github.com/orbiterhq/comet/client.go:732.70,738.69 1 1
github.com/orbiterhq/comet/client.go:738.69,740.7 1 1
github.com/orbiterhq/comet/client.go:741.6,741.69 1 1
github.com/orbiterhq/comet/client.go:741.69,743.7 1 0
github.com/orbiterhq/comet/client.go:746.6,746.59 1 1
github.com/orbiterhq/comet/client.go:746.59,747.103 1 0
github.com/orbiterhq/comet/client.go:747.103,749.8 1 0
github.com/orbiterhq/comet/client.go:754.6,754.34 1 1
github.com/orbiterhq/comet/client.go:754.34,759.66 2 1
github.com/orbiterhq/comet/client.go:759.66,762.50 2 1
github.com/orbiterhq/comet/client.go:762.50,765.45 2 1
github.com/orbiterhq/comet/client.go:765.45,767.54 2 1
github.com/orbiterhq/comet/client.go:767.54,769.46 1 0
github.com/orbiterhq/comet/client.go:769.46,771.12 1 0
github.com/orbiterhq/comet/client.go:773.10,776.36 2 1
github.com/orbiterhq/comet/client.go:776.36,778.11 1 1
github.com/orbiterhq/comet/client.go:787.6,787.115 1 1
github.com/orbiterhq/comet/client.go:787.115,789.7 1 0
github.com/orbiterhq/comet/client.go:793.4,797.18 3 1
github.com/orbiterhq/comet/client.go:797.18,799.5 1 1
github.com/orbiterhq/comet/client.go:802.4,802.65 1 1
github.com/orbiterhq/comet/client.go:803.9,808.18 4 1
github.com/orbiterhq/comet/client.go:808.18,810.5 1 1
github.com/orbiterhq/comet/client.go:813.3,813.17 1 1
github.com/orbiterhq/comet/client.go:813.17,815.4 1 0
github.com/orbiterhq/comet/client.go:818.2,818.12 1 1
github.com/orbiterhq/comet/client.go:822.67,827.12 4 1
github.com/orbiterhq/comet/client.go:827.12,829.3 1 1
github.com/orbiterhq/comet/client.go:831.2,835.47 3 1
github.com/orbiterhq/comet/client.go:835.47,837.3 1 1
github.com/orbiterhq/comet/client.go:840.2,841.52 2 1
github.com/orbiterhq/comet/client.go:841.52,843.3 1 0
github.com/orbiterhq/comet/client.go:845.2,864.90 2 1
github.com/orbiterhq/comet/client.go:864.90,866.3 1 1
github.com/orbiterhq/comet/client.go:869.2,869.49 1 1
github.com/orbiterhq/comet/client.go:869.49,873.17 3 1
github.com/orbiterhq/comet/client.go:873.17,875.4 1 0
github.com/orbiterhq/comet/client.go:876.3,880.17 3 1
github.com/orbiterhq/comet/client.go:880.17,883.4 2 0
github.com/orbiterhq/comet/client.go:884.3,888.17 3 1
github.com/orbiterhq/comet/client.go:888.17,892.4 3 0
github.com/orbiterhq/comet/client.go:893.3,897.17 3 1
github.com/orbiterhq/comet/client.go:897.17,902.4 4 0
github.com/orbiterhq/comet/client.go:903.3,903.44 1 1
github.com/orbiterhq/comet/client.go:907.2,907.49 1 1
github.com/orbiterhq/comet/client.go:907.49,912.17 2 1
github.com/orbiterhq/comet/client.go:912.17,914.4 1 0
github.com/orbiterhq/comet/client.go:915.3,915.32 1 1
github.com/orbiterhq/comet/client.go:919.2,919.42 1 1
github.com/orbiterhq/comet/client.go:919.42,921.3 1 0
github.com/orbiterhq/comet/client.go:924.2,924.62 1 1
github.com/orbiterhq/comet/client.go:924.62,926.59 2 1
github.com/orbiterhq/comet/client.go:926.59,928.4 1 0
github.com/orbiterhq/comet/client.go:932.2,932.74 1 1
github.com/orbiterhq/comet/client.go:932.74,934.3 1 0
github.com/orbiterhq/comet/client.go:938.2,938.24 1 1
github.com/orbiterhq/comet/client.go:938.24,940.3 1 1
github.com/orbiterhq/comet/client.go:941.2,941.49 1 1
github.com/orbiterhq/comet/client.go:941.49,943.3 1 0
github.com/orbiterhq/comet/client.go:945.2,945.24 1 1
github.com/orbiterhq/comet/client.go:945.24,947.3 1 1
github.com/orbiterhq/comet/client.go:949.2,950.19 2 1
github.com/orbiterhq/comet/client.go:962.93,965.31 2 1
github.com/orbiterhq/comet/client.go:965.31,968.77 2 1
github.com/orbiterhq/comet/client.go:968.77,975.22 4 1
github.com/orbiterhq/comet/client.go:975.22,977.5 1 1
github.com/orbiterhq/comet/client.go:979.4,984.5 1 1
github.com/orbiterhq/comet/client.go:985.9,993.4 1 1
github.com/orbiterhq/comet/client.go:996.2,996.19 1 1
github.com/orbiterhq/comet/client.go:1008.121,1020.9 6 1
github.com/orbiterhq/comet/client.go:1020.9,1025.66 3 1
github.com/orbiterhq/comet/client.go:1025.66,1027.43 2 1
github.com/orbiterhq/comet/client.go:1027.43,1029.50 1 1
github.com/orbiterhq/comet/client.go:1029.50,1031.44 1 0
github.com/orbiterhq/comet/client.go:1031.44,1033.7 1 0
github.com/orbiterhq/comet/client.go:1033.12,1034.87 1 0
github.com/orbiterhq/comet/client.go:1036.11,1038.6 1 1
github.com/orbiterhq/comet/client.go:1042.3,1058.49 9 1
github.com/orbiterhq/comet/client.go:1058.49,1059.54 1 1
github.com/orbiterhq/comet/client.go:1059.54,1063.38 3 1
github.com/orbiterhq/comet/client.go:1063.38,1065.6 1 1
github.com/orbiterhq/comet/client.go:1065.11,1067.6 1 1
github.com/orbiterhq/comet/client.go:1070.5,1089.60 11 1
github.com/orbiterhq/comet/client.go:1089.60,1092.6 2 1
github.com/orbiterhq/comet/client.go:1094.5,1108.30 6 1
github.com/orbiterhq/comet/client.go:1110.9,1121.22 4 1
github.com/orbiterhq/comet/client.go:1121.22,1122.28 1 1
github.com/orbiterhq/comet/client.go:1122.28,1126.15 2 1
github.com/orbiterhq/comet/client.go:1126.15,1129.7 1 0
github.com/orbiterhq/comet/client.go:1131.10,1134.28 2 0
github.com/orbiterhq/comet/client.go:1134.28,1138.24 2 0
github.com/orbiterhq/comet/client.go:1138.24,1140.7 1 0
github.com/orbiterhq/comet/client.go:1145.4,1147.54 2 1
github.com/orbiterhq/comet/client.go:1147.54,1151.38 3 1
github.com/orbiterhq/comet/client.go:1151.38,1153.6 1 1
github.com/orbiterhq/comet/client.go:1153.11,1155.6 1 1
github.com/orbiterhq/comet/client.go:1158.5,1177.45 11 1
github.com/orbiterhq/comet/client.go:1177.45,1180.6 2 1
github.com/orbiterhq/comet/client.go:1182.5,1197.29 4 1
github.com/orbiterhq/comet/client.go:1202.4,1203.29 2 1
github.com/orbiterhq/comet/client.go:1203.29,1205.5 1 1
github.com/orbiterhq/comet/client.go:1206.4,1209.13 2 1
github.com/orbiterhq/comet/client.go:1209.13,1212.5 1 0
github.com/orbiterhq/comet/client.go:1213.4,1213.39 1 1
github.com/orbiterhq/comet/client.go:1213.39,1218.47 3 1
github.com/orbiterhq/comet/client.go:1218.47,1220.6 1 1
github.com/orbiterhq/comet/client.go:1223.5,1228.31 4 1
github.com/orbiterhq/comet/client.go:1228.31,1231.6 2 1
github.com/orbiterhq/comet/client.go:1234.5,1234.23 1 1
github.com/orbiterhq/comet/client.go:1234.23,1236.6 1 1
github.com/orbiterhq/comet/client.go:1239.5,1239.90 1 1
github.com/orbiterhq/comet/client.go:1239.90,1241.6 1 1
github.com/orbiterhq/comet/client.go:1243.5,1243.15 1 1
github.com/orbiterhq/comet/client.go:1248.3,1248.49 1 1
github.com/orbiterhq/comet/client.go:1248.49,1249.39 1 1
github.com/orbiterhq/comet/client.go:1249.39,1257.5 6 0
github.com/orbiterhq/comet/client.go:1262.2,1265.70 2 1
github.com/orbiterhq/comet/client.go:1265.70,1268.35 2 1
github.com/orbiterhq/comet/client.go:1268.35,1270.4 1 1
github.com/orbiterhq/comet/client.go:1273.3,1274.42 2 1
github.com/orbiterhq/comet/client.go:1274.42,1278.4 1 1
github.com/orbiterhq/comet/client.go:1281.3,1284.79 2 1
github.com/orbiterhq/comet/client.go:1284.79,1290.21 4 1
github.com/orbiterhq/comet/client.go:1290.21,1292.5 1 0
github.com/orbiterhq/comet/client.go:1295.4,1295.59 1 1
github.com/orbiterhq/comet/client.go:1299.3,1299.65 1 1
github.com/orbiterhq/comet/client.go:1299.65,1302.57 2 0
github.com/orbiterhq/comet/client.go:1302.57,1305.5 2 0
github.com/orbiterhq/comet/client.go:1306.4,1309.59 2 0
github.com/orbiterhq/comet/client.go:1313.3,1313.22 1 1
github.com/orbiterhq/comet/client.go:1313.22,1315.33 2 1
github.com/orbiterhq/comet/client.go:1315.33,1317.5 1 1
github.com/orbiterhq/comet/client.go:1318.4,1318.17 1 1
github.com/orbiterhq/comet/client.go:1320.8,1322.69 1 1
github.com/orbiterhq/comet/client.go:1322.69,1323.79 1 0
github.com/orbiterhq/comet/client.go:1323.79,1325.5 1 0
github.com/orbiterhq/comet/client.go:1326.4,1326.62 1 0
github.com/orbiterhq/comet/client.go:1329.3,1331.45 2 1
github.com/orbiterhq/comet/client.go:1331.45,1332.49 1 1
github.com/orbiterhq/comet/client.go:1332.49,1334.10 2 0
github.com/orbiterhq/comet/client.go:1337.3,1337.22 1 1
github.com/orbiterhq/comet/client.go:1337.22,1340.89 2 1
github.com/orbiterhq/comet/client.go:1340.89,1342.5 1 0
github.com/orbiterhq/comet/client.go:1344.3,1344.21 1 1
github.com/orbiterhq/comet/client.go:1348.2,1348.21 1 1
github.com/orbiterhq/comet/client.go:1348.21,1350.46 1 1
github.com/orbiterhq/comet/client.go:1350.46,1353.49 2 0
github.com/orbiterhq/comet/client.go:1353.49,1356.5 2 0
github.com/orbiterhq/comet/client.go:1357.4,1362.46 4 0
github.com/orbiterhq/comet/client.go:1362.46,1363.50 1 0
github.com/orbiterhq/comet/client.go:1363.50,1365.11 2 0
github.com/orbiterhq/comet/client.go:1368.4,1368.23 1 0
github.com/orbiterhq/comet/client.go:1368.23,1371.90 2 0
github.com/orbiterhq/comet/client.go:1371.90,1373.6 1 0
github.com/orbiterhq/comet/client.go:1375.4,1375.22 1 0
github.com/orbiterhq/comet/client.go:1379.3,1379.22 1 1
github.com/orbiterhq/comet/client.go:1379.22,1385.22 3 1
github.com/orbiterhq/comet/client.go:1385.22,1390.5 3 1
github.com/orbiterhq/comet/client.go:1393.4,1393.34 1 1
github.com/orbiterhq/comet/client.go:1393.34,1395.5 1 1
github.com/orbiterhq/comet/client.go:1397.4,1397.56 1 1
github.com/orbiterhq/comet/client.go:1402.2,1402.77 1 1
github.com/orbiterhq/comet/client.go:1402.77,1403.47 1 1
github.com/orbiterhq/comet/client.go:1403.47,1405.4 1 0
github.com/orbiterhq/comet/client.go:1409.2,1417.20 7 1
github.com/orbiterhq/comet/client.go:1417.20,1429.3 9 1
github.com/orbiterhq/comet/client.go:1432.2,1432.56 1 1
github.com/orbiterhq/comet/client.go:1432.56,1436.21 3 1
github.com/orbiterhq/comet/client.go:1436.21,1438.4 1 1
github.com/orbiterhq/comet/client.go:1442.2,1445.20 2 1
github.com/orbiterhq/comet/client.go:1445.20,1447.3 1 1
github.com/orbiterhq/comet/client.go:1448.2,1448.6 1 1
github.com/orbiterhq/comet/client.go:1448.6,1450.51 2 1
github.com/orbiterhq/comet/client.go:1450.51,1451.78 1 1
github.com/orbiterhq/comet/client.go:1451.78,1452.10 1 1
github.com/orbiterhq/comet/client.go:1454.9,1455.9 1 1
github.com/orbiterhq/comet/client.go:1458.2,1458.6 1 1
github.com/orbiterhq/comet/client.go:1458.6,1460.32 2 1
github.com/orbiterhq/comet/client.go:1460.32,1461.78 1 1
github.com/orbiterhq/comet/client.go:1461.78,1462.10 1 1
github.com/orbiterhq/comet/client.go:1464.9,1465.9 1 1
github.com/orbiterhq/comet/client.go:1470.2,1470.9 1 1
github.com/orbiterhq/comet/client.go:1470.9,1476.75 3 1
github.com/orbiterhq/comet/client.go:1476.75,1479.4 2 1
github.com/orbiterhq/comet/client.go:1482.3,1482.66 1 1
github.com/orbiterhq/comet/client.go:1482.66,1487.38 2 1
github.com/orbiterhq/comet/client.go:1487.38,1491.45 3 1
github.com/orbiterhq/comet/client.go:1491.45,1493.59 1 1
github.com/orbiterhq/comet/client.go:1493.59,1495.7 1 1
github.com/orbiterhq/comet/client.go:1500.9,1503.4 1 1
github.com/orbiterhq/comet/client.go:1506.3,1506.62 1 1
github.com/orbiterhq/comet/client.go:1506.62,1507.62 1 1
github.com/orbiterhq/comet/client.go:1507.62,1508.15 1 0
github.com/orbiterhq/comet/client.go:1513.2,1513.26 1 1
github.com/orbiterhq/comet/client.go:1517.84,1518.98 1 1
github.com/orbiterhq/comet/client.go:1518.98,1521.22 1 1
github.com/orbiterhq/comet/client.go:1521.22,1524.25 3 1
github.com/orbiterhq/comet/client.go:1524.25,1526.5 1 1
github.com/orbiterhq/comet/client.go:1527.4,1527.22 1 1
github.com/orbiterhq/comet/client.go:1531.3,1531.29 1 1
github.com/orbiterhq/comet/client.go:1531.29,1535.4 3 1
github.com/orbiterhq/comet/client.go:1538.3,1544.13 5 1
github.com/orbiterhq/comet/client.go:1544.13,1549.75 3 1
github.com/orbiterhq/comet/client.go:1549.75,1551.85 1 1
github.com/orbiterhq/comet/client.go:1551.85,1552.30 1 0
github.com/orbiterhq/comet/client.go:1552.30,1556.7 3 0
github.com/orbiterhq/comet/client.go:1559.6,1559.24 1 0
github.com/orbiterhq/comet/client.go:1559.24,1563.7 3 0
github.com/orbiterhq/comet/client.go:1564.6,1564.12 1 0
github.com/orbiterhq/comet/client.go:1568.5,1569.59 2 1
github.com/orbiterhq/comet/client.go:1569.59,1571.67 1 1
github.com/orbiterhq/comet/client.go:1571.67,1574.70 1 1
github.com/orbiterhq/comet/client.go:1574.70,1576.8 1 0
github.com/orbiterhq/comet/client.go:1577.7,1577.70 1 1
github.com/orbiterhq/comet/client.go:1577.70,1579.8 1 0
github.com/orbiterhq/comet/client.go:1582.7,1582.60 1 1
github.com/orbiterhq/comet/client.go:1582.60,1583.104 1 0
github.com/orbiterhq/comet/client.go:1583.104,1585.9 1 0
github.com/orbiterhq/comet/client.go:1589.7,1589.35 1 1
github.com/orbiterhq/comet/client.go:1589.35,1591.8 1 1
github.com/orbiterhq/comet/client.go:1594.7,1594.116 1 1
github.com/orbiterhq/comet/client.go:1594.116,1596.8 1 0
github.com/orbiterhq/comet/client.go:1601.5,1605.19 3 1
github.com/orbiterhq/comet/client.go:1605.19,1607.6 1 1
github.com/orbiterhq/comet/client.go:1610.5,1610.62 1 1
github.com/orbiterhq/comet/client.go:1611.10,1617.19 4 1
github.com/orbiterhq/comet/client.go:1617.19,1619.6 1 1
github.com/orbiterhq/comet/client.go:1622.4,1622.18 1 1
github.com/orbiterhq/comet/client.go:1622.18,1624.29 1 0
github.com/orbiterhq/comet/client.go:1624.29,1626.6 1 0
github.com/orbiterhq/comet/client.go:1631.3,1631.27 1 1
github.com/orbiterhq/comet/client.go:1631.27,1634.4 2 0
github.com/orbiterhq/comet/client.go:1637.3,1637.21 1 1
github.com/orbiterhq/comet/client.go:1637.21,1640.4 2 1
github.com/orbiterhq/comet/client.go:1646.61,1649.67 1 1
github.com/orbiterhq/comet/client.go:1649.67,1652.63 2 1
github.com/orbiterhq/comet/client.go:1652.63,1655.4 1 0
github.com/orbiterhq/comet/client.go:1657.3,1661.14 5 1
github.com/orbiterhq/comet/client.go:1663.2,1663.14 1 1
github.com/orbiterhq/comet/client.go:1668.47,1669.47 1 1
github.com/orbiterhq/comet/client.go:1669.47,1670.41 1 1
github.com/orbiterhq/comet/client.go:1670.41,1672.4 1 1
github.com/orbiterhq/comet/client.go:1673.3,1673.13 1 0
github.com/orbiterhq/comet/client.go:1675.2,1675.12 1 1
github.com/orbiterhq/comet/client.go:1680.57,1685.52 2 1
github.com/orbiterhq/comet/client.go:1685.52,1687.3 1 0
github.com/orbiterhq/comet/client.go:1690.2,1690.21 1 1
github.com/orbiterhq/comet/client.go:1690.21,1693.3 2 0
github.com/orbiterhq/comet/client.go:1694.2,1694.23 1 1
github.com/orbiterhq/comet/client.go:1694.23,1697.3 2 0
github.com/orbiterhq/comet/client.go:1700.2,1700.51 1 1
github.com/orbiterhq/comet/client.go:1705.65,1710.52 2 1
github.com/orbiterhq/comet/client.go:1710.52,1712.3 1 0
github.com/orbiterhq/comet/client.go:1715.2,1715.25 1 1
github.com/orbiterhq/comet/client.go:1715.25,1718.3 2 0
github.com/orbiterhq/comet/client.go:1721.2,1722.16 2 1
github.com/orbiterhq/comet/client.go:1722.16,1724.3 1 0
github.com/orbiterhq/comet/client.go:1726.2,1727.12 2 1
github.com/orbiterhq/comet/client.go:1732.44,1734.43 2 1
github.com/orbiterhq/comet/client.go:1734.43,1736.17 2 1
github.com/orbiterhq/comet/client.go:1736.17,1738.4 1 1
github.com/orbiterhq/comet/client.go:1740.3,1741.74 1 1
github.com/orbiterhq/comet/client.go:1741.74,1743.12 2 0
github.com/orbiterhq/comet/client.go:1745.3,1745.8 1 1
github.com/orbiterhq/comet/client.go:1747.2,1747.12 1 1
github.com/orbiterhq/comet/client.go:1755.45,1756.54 1 1
github.com/orbiterhq/comet/client.go:1756.54,1758.3 1 1
github.com/orbiterhq/comet/client.go:1760.2,1763.64 2 1
github.com/orbiterhq/comet/client.go:1766.79,1767.29 1 1
github.com/orbiterhq/comet/client.go:1767.29,1769.3 1 0
github.com/orbiterhq/comet/client.go:1772.2,1773.37 2 1
github.com/orbiterhq/comet/client.go:1773.37,1774.50 1 1
github.com/orbiterhq/comet/client.go:1774.50,1776.35 2 1
github.com/orbiterhq/comet/client.go:1776.35,1778.10 2 1
github.com/orbiterhq/comet/client.go:1783.2,1783.19 1 1
github.com/orbiterhq/comet/client.go:1783.19,1785.3 1 1
github.com/orbiterhq/comet/client.go:1789.2,1793.31 4 1
github.com/orbiterhq/comet/client.go:1793.31,1798.17 3 1
github.com/orbiterhq/comet/client.go:1798.17,1799.12 1 0
github.com/orbiterhq/comet/client.go:1801.3,1805.77 3 1
github.com/orbiterhq/comet/client.go:1805.77,1808.56 2 1
github.com/orbiterhq/comet/client.go:1808.56,1813.57 2 1
github.com/orbiterhq/comet/client.go:1813.57,1823.50 6 1
github.com/orbiterhq/comet/client.go:1823.50,1833.65 6 1
github.com/orbiterhq/comet/client.go:1833.65,1835.16 2 0
github.com/orbiterhq/comet/client.go:1839.7,1839.86 1 1
github.com/orbiterhq/comet/client.go:1839.86,1840.13 1 0
github.com/orbiterhq/comet/client.go:1844.7,1844.43 1 1
github.com/orbiterhq/comet/client.go:1844.43,1846.16 2 1
github.com/orbiterhq/comet/client.go:1849.7,1849.12 1 1
github.com/orbiterhq/comet/client.go:1853.6,1856.33 2 1
github.com/orbiterhq/comet/client.go:1856.33,1862.52 3 0
github.com/orbiterhq/comet/client.go:1862.52,1867.84 4 0
github.com/orbiterhq/comet/client.go:1867.84,1869.14 1 0
github.com/orbiterhq/comet/client.go:1872.8,1873.41 2 0
github.com/orbiterhq/comet/client.go:1877.7,1877.38 1 0
github.com/orbiterhq/comet/client.go:1883.6,1883.31 1 1
github.com/orbiterhq/comet/client.go:1883.31,1885.7 1 0
github.com/orbiterhq/comet/client.go:1885.12,1885.60 1 1
github.com/orbiterhq/comet/client.go:1885.60,1887.7 1 1
github.com/orbiterhq/comet/client.go:1887.12,1887.42 1 0
github.com/orbiterhq/comet/client.go:1887.43,1889.7 0 0
github.com/orbiterhq/comet/client.go:1891.10,1891.34 1 0
github.com/orbiterhq/comet/client.go:1891.34,1893.34 1 0
github.com/orbiterhq/comet/client.go:1893.34,1895.61 2 0
github.com/orbiterhq/comet/client.go:1895.61,1897.7 1 0
github.com/orbiterhq/comet/client.go:1904.3,1906.32 2 1
github.com/orbiterhq/comet/client.go:1906.32,1912.4 5 1
github.com/orbiterhq/comet/client.go:1916.2,1916.47 1 1
github.com/orbiterhq/comet/client.go:1916.47,1918.3 1 1
github.com/orbiterhq/comet/client.go:1921.2,1921.29 1 1
github.com/orbiterhq/comet/client.go:1921.29,1924.50 2 1
github.com/orbiterhq/comet/client.go:1924.50,1926.4 1 1
github.com/orbiterhq/comet/client.go:1927.3,1927.39 1 1
github.com/orbiterhq/comet/client.go:1927.39,1929.4 1 1
github.com/orbiterhq/comet/client.go:1932.3,1933.32 2 1
github.com/orbiterhq/comet/client.go:1933.32,1935.4 1 1
github.com/orbiterhq/comet/client.go:1936.3,1936.61 1 1
github.com/orbiterhq/comet/client.go:1936.61,1938.4 1 1
github.com/orbiterhq/comet/client.go:1942.2,1942.28 1 1
github.com/orbiterhq/comet/client.go:1942.28,1945.3 2 1
github.com/orbiterhq/comet/client.go:1956.120,1958.16 2 1
github.com/orbiterhq/comet/client.go:1958.16,1960.3 1 0
github.com/orbiterhq/comet/client.go:1961.2,1970.19 6 1
github.com/orbiterhq/comet/client.go:1970.19,1972.3 1 0
github.com/orbiterhq/comet/client.go:1974.2,1974.24 1 1
github.com/orbiterhq/comet/client.go:1974.24,1978.36 3 1
github.com/orbiterhq/comet/client.go:1978.36,1979.9 1 0
github.com/orbiterhq/comet/client.go:1983.3,1987.36 3 1
github.com/orbiterhq/comet/client.go:1987.36,1993.91 2 0
github.com/orbiterhq/comet/client.go:1993.91,1995.83 2 0
github.com/orbiterhq/comet/client.go:1995.83,2000.81 3 0
github.com/orbiterhq/comet/client.go:2000.81,2004.12 3 0
github.com/orbiterhq/comet/client.go:2009.4,2009.14 1 0
github.com/orbiterhq/comet/client.go:2009.14,2010.10 1 0
github.com/orbiterhq/comet/client.go:2014.4,2014.12 1 0
github.com/orbiterhq/comet/client.go:2018.3,2018.44 1 1
github.com/orbiterhq/comet/client.go:2018.44,2019.9 1 0
github.com/orbiterhq/comet/client.go:2023.3,2024.28 2 1
github.com/orbiterhq/comet/client.go:2024.28,2025.9 1 0
github.com/orbiterhq/comet/client.go:2029.3,2029.36 1 1
github.com/orbiterhq/comet/client.go:2029.36,2037.4 1 1
github.com/orbiterhq/comet/client.go:2039.3,2041.22 3 1
github.com/orbiterhq/comet/client.go:2044.2,2044.15 1 1
github.com/orbiterhq/comet/client.go:2049.92,2057.12 5 1
github.com/orbiterhq/comet/client.go:2057.12,2061.29 2 1
github.com/orbiterhq/comet/client.go:2061.29,2063.84 1 1
github.com/orbiterhq/comet/client.go:2063.84,2064.29 1 0
github.com/orbiterhq/comet/client.go:2064.29,2068.6 3 0
github.com/orbiterhq/comet/client.go:2069.5,2069.11 1 0
github.com/orbiterhq/comet/client.go:2071.4,2071.67 1 1
github.com/orbiterhq/comet/client.go:2075.3,2079.17 4 1
github.com/orbiterhq/comet/client.go:2079.17,2081.28 1 0
github.com/orbiterhq/comet/client.go:2081.28,2085.5 3 0
github.com/orbiterhq/comet/client.go:2088.4,2088.22 1 0
github.com/orbiterhq/comet/client.go:2088.22,2092.5 3 0
github.com/orbiterhq/comet/client.go:2093.9,2095.28 1 1
github.com/orbiterhq/comet/client.go:2095.28,2098.5 2 1
github.com/orbiterhq/comet/client.go:2101.4,2101.22 1 1
github.com/orbiterhq/comet/client.go:2101.22,2104.5 2 1
github.com/orbiterhq/comet/client.go:2111.42,2123.44 3 1
github.com/orbiterhq/comet/client.go:2123.44,2125.3 1 1
github.com/orbiterhq/comet/client.go:2128.2,2137.14 7 1
github.com/orbiterhq/comet/client.go:2142.38,2147.20 2 1
github.com/orbiterhq/comet/client.go:2147.20,2149.38 2 1
github.com/orbiterhq/comet/client.go:2149.38,2151.4 1 1
github.com/orbiterhq/comet/client.go:2152.3,2154.72 2 1
github.com/orbiterhq/comet/client.go:2158.2,2159.16 2 1
github.com/orbiterhq/comet/client.go:2159.16,2164.21 2 1
github.com/orbiterhq/comet/client.go:2164.21,2169.4 3 1
github.com/orbiterhq/comet/client.go:2170.8,2170.27 1 0
github.com/orbiterhq/comet/client.go:2170.27,2173.3 1 0
github.com/orbiterhq/comet/client.go:2174.2,2174.12 1 1
github.com/orbiterhq/comet/client.go:2179.43,2182.16 3 1
github.com/orbiterhq/comet/client.go:2182.16,2184.3 1 1
github.com/orbiterhq/comet/client.go:2187.2,2188.32 2 1
github.com/orbiterhq/comet/client.go:2188.32,2189.20 1 1
github.com/orbiterhq/comet/client.go:2189.20,2190.12 1 0
github.com/orbiterhq/comet/client.go:2192.3,2193.75 2 1
github.com/orbiterhq/comet/client.go:2193.75,2195.4 1 1
github.com/orbiterhq/comet/client.go:2198.2,2198.25 1 1
github.com/orbiterhq/comet/client.go:2198.25,2200.3 1 0
github.com/orbiterhq/comet/client.go:2203.2,2207.34 3 1
github.com/orbiterhq/comet/client.go:2207.34,2209.3 1 1
github.com/orbiterhq/comet/client.go:2212.2,2212.37 1 1
github.com/orbiterhq/comet/client.go:2212.37,2213.31 1 1
github.com/orbiterhq/comet/client.go:2213.31,2216.18 2 1
github.com/orbiterhq/comet/client.go:2216.18,2217.13 1 0
github.com/orbiterhq/comet/client.go:2222.4,2229.6 1 1
github.com/orbiterhq/comet/client.go:2234.2,2234.24 1 1
github.com/orbiterhq/comet/client.go:2234.24,2236.3 1 1
github.com/orbiterhq/comet/client.go:2238.2,2238.12 1 1
github.com/orbiterhq/comet/client.go:2242.35,2244.23 1 1
github.com/orbiterhq/comet/client.go:2244.23,2245.47 1 1
github.com/orbiterhq/comet/client.go:2245.47,2247.4 1 1
github.com/orbiterhq/comet/client.go:2251.2,2251.56 1 1
github.com/orbiterhq/comet/client.go:2251.56,2253.21 1 1
github.com/orbiterhq/comet/client.go:2253.21,2259.4 1 0
github.com/orbiterhq/comet/client.go:2262.3,2264.21 2 1
github.com/orbiterhq/comet/client.go:2264.21,2266.4 1 1
github.com/orbiterhq/comet/client.go:2267.3,2267.63 1 1
github.com/orbiterhq/comet/client.go:2267.63,2270.30 1 0
github.com/orbiterhq/comet/client.go:2270.30,2273.5 1 0
github.com/orbiterhq/comet/client.go:2277.3,2277.29 1 1
github.com/orbiterhq/comet/client.go:2277.29,2278.43 1 1
github.com/orbiterhq/comet/client.go:2278.43,2280.5 1 0
github.com/orbiterhq/comet/client.go:2282.4,2282.22 1 1
github.com/orbiterhq/comet/client.go:2282.22,2284.5 1 1
github.com/orbiterhq/comet/client.go:2287.3,2287.13 1 1
github.com/orbiterhq/comet/client.go:2291.2,2296.16 4 1
github.com/orbiterhq/comet/client.go:2296.16,2298.3 1 0
github.com/orbiterhq/comet/client.go:2300.2,2307.23 5 1
github.com/orbiterhq/comet/client.go:2307.23,2308.32 1 1
github.com/orbiterhq/comet/client.go:2308.32,2310.51 2 1
github.com/orbiterhq/comet/client.go:2310.51,2312.36 2 1
github.com/orbiterhq/comet/client.go:2312.36,2314.6 1 1
github.com/orbiterhq/comet/client.go:2323.2,2323.12 1 1
github.com/orbiterhq/comet/client.go:2332.41,2333.20 1 1
github.com/orbiterhq/comet/client.go:2333.20,2336.3 1 1
github.com/orbiterhq/comet/client.go:2338.2,2338.51 1 0
github.com/orbiterhq/comet/client.go:2343.66,2346.16 2 1
github.com/orbiterhq/comet/client.go:2346.16,2348.3 1 0
github.com/orbiterhq/comet/client.go:2351.2,2352.32 2 1
github.com/orbiterhq/comet/client.go:2352.32,2353.20 1 1
github.com/orbiterhq/comet/client.go:2353.20,2354.12 1 0
github.com/orbiterhq/comet/client.go:2356.3,2357.75 2 1
github.com/orbiterhq/comet/client.go:2357.75,2359.4 1 1
github.com/orbiterhq/comet/client.go:2362.2,2362.25 1 1
github.com/orbiterhq/comet/client.go:2362.25,2364.3 1 1
github.com/orbiterhq/comet/client.go:2367.2,2376.37 6 1
github.com/orbiterhq/comet/client.go:2376.37,2378.17 2 1
github.com/orbiterhq/comet/client.go:2378.17,2380.12 1 0
github.com/orbiterhq/comet/client.go:2384.3,2387.46 2 1
github.com/orbiterhq/comet/client.go:2387.46,2390.4 2 1
github.com/orbiterhq/comet/client.go:2394.2,2394.28 1 1
github.com/orbiterhq/comet/client.go:2394.28,2397.3 2 1
github.com/orbiterhq/comet/client.go:2400.2,2400.20 1 1
github.com/orbiterhq/comet/client.go:2400.20,2402.3 1 1
github.com/orbiterhq/comet/client.go:2404.2,2404.12 1 1
github.com/orbiterhq/comet/client.go:2408.66,2410.16 2 1
github.com/orbiterhq/comet/client.go:2410.16,2412.3 1 0
github.com/orbiterhq/comet/client.go:2413.2,2416.16 3 1
github.com/orbiterhq/comet/client.go:2416.16,2418.3 1 0
github.com/orbiterhq/comet/client.go:2420.2,2429.28 2 1
github.com/orbiterhq/comet/client.go:2429.28,2432.3 2 1
github.com/orbiterhq/comet/client.go:2432.8,2434.3 1 1
github.com/orbiterhq/comet/client.go:2437.2,2441.27 4 1
github.com/orbiterhq/comet/client.go:2441.27,2444.27 2 1
github.com/orbiterhq/comet/client.go:2444.27,2445.9 1 1
github.com/orbiterhq/comet/client.go:2449.3,2453.29 3 1
github.com/orbiterhq/comet/client.go:2453.29,2455.22 1 0
github.com/orbiterhq/comet/client.go:2455.22,2457.5 1 0
github.com/orbiterhq/comet/client.go:2458.4,2458.9 1 0
github.com/orbiterhq/comet/client.go:2462.3,2463.22 2 1
github.com/orbiterhq/comet/client.go:2463.22,2465.4 1 1
github.com/orbiterhq/comet/client.go:2466.3,2469.54 2 1
github.com/orbiterhq/comet/client.go:2469.54,2474.4 1 1
github.com/orbiterhq/comet/client.go:2477.3,2479.15 3 1
github.com/orbiterhq/comet/client.go:2482.2,2485.22 3 1
github.com/orbiterhq/comet/client.go:2489.35,2491.20 1 1
github.com/orbiterhq/comet/client.go:2491.20,2493.3 1 1
github.com/orbiterhq/comet/client.go:2497.84,2499.85 1 1
github.com/orbiterhq/comet/client.go:2499.85,2500.78 1 1
github.com/orbiterhq/comet/client.go:2500.78,2502.4 1 0
github.com/orbiterhq/comet/client.go:2503.3,2503.61 1 1
github.com/orbiterhq/comet/client.go:2506.2,2506.31 1 1
github.com/orbiterhq/comet/client.go:2506.31,2517.3 3 1
github.com/orbiterhq/comet/client.go:2520.2,2521.16 2 1
github.com/orbiterhq/comet/client.go:2521.16,2523.3 1 0
github.com/orbiterhq/comet/client.go:2525.2,2528.20 2 1
github.com/orbiterhq/comet/client.go:2528.20,2531.41 2 1
github.com/orbiterhq/comet/client.go:2531.41,2534.4 1 1
github.com/orbiterhq/comet/client.go:2536.3,2536.72 1 1
github.com/orbiterhq/comet/client.go:2541.2,2542.23 2 1
github.com/orbiterhq/comet/client.go:2542.23,2544.3 1 1
github.com/orbiterhq/comet/client.go:2545.2,2549.16 3 1
github.com/orbiterhq/comet/client.go:2549.16,2551.3 1 0
github.com/orbiterhq/comet/client.go:2552.2,2554.12 2 1
github.com/orbiterhq/comet/client.go:2558.42,2560.16 2 1
github.com/orbiterhq/comet/client.go:2560.16,2562.3 1 0
github.com/orbiterhq/comet/client.go:2564.2,2565.46 2 1
github.com/orbiterhq/comet/client.go:2565.46,2568.3 2 1
github.com/orbiterhq/comet/client.go:2571.2,2578.16 6 1
github.com/orbiterhq/comet/client.go:2578.16,2580.3 1 0
github.com/orbiterhq/comet/client.go:2581.2,2584.26 2 1
github.com/orbiterhq/comet/client.go:2584.26,2585.37 1 1
github.com/orbiterhq/comet/client.go:2585.37,2587.9 2 1
github.com/orbiterhq/comet/client.go:2590.3,2591.53 2 1
github.com/orbiterhq/comet/client.go:2591.53,2592.9 1 0
github.com/orbiterhq/comet/client.go:2595.3,2596.51 2 1
github.com/orbiterhq/comet/client.go:2596.51,2598.9 2 0
github.com/orbiterhq/comet/client.go:2602.3,2602.18 1 1
github.com/orbiterhq/comet/client.go:2602.18,2605.22 2 0
github.com/orbiterhq/comet/client.go:2605.22,2607.10 1 0
github.com/orbiterhq/comet/client.go:2612.3,2614.17 3 1
github.com/orbiterhq/comet/client.go:2618.2,2622.48 3 1
github.com/orbiterhq/comet/client.go:2622.48,2624.3 1 1
github.com/orbiterhq/comet/client.go:2627.2,2627.22 1 1
github.com/orbiterhq/comet/client.go:2627.22,2632.3 1 1
github.com/orbiterhq/comet/client.go:2635.2,2635.44 1 1
github.com/orbiterhq/comet/client.go:2635.44,2637.3 1 1
github.com/orbiterhq/comet/client.go:2639.2,2639.12 1 1
github.com/orbiterhq/comet/client.go:2644.85,2646.25 1 1
github.com/orbiterhq/comet/client.go:2646.25,2648.29 1 1
github.com/orbiterhq/comet/client.go:2648.29,2652.4 3 1
github.com/orbiterhq/comet/client.go:2655.3,2656.53 2 1
github.com/orbiterhq/comet/client.go:2656.53,2658.4 1 0
github.com/orbiterhq/comet/client.go:2661.3,2661.51 1 1
github.com/orbiterhq/comet/client.go:2661.51,2663.4 1 0
github.com/orbiterhq/comet/client.go:2667.3,2683.21 7 1
github.com/orbiterhq/comet/client.go:2683.21,2685.4 1 1
github.com/orbiterhq/comet/client.go:2691.3,2691.21 1 1
github.com/orbiterhq/comet/client.go:2691.21,2697.39 3 1
github.com/orbiterhq/comet/client.go:2697.39,2699.5 1 1
github.com/orbiterhq/comet/client.go:2700.4,2700.59 1 1
github.com/orbiterhq/comet/client.go:2703.3,2703.13 1 1
github.com/orbiterhq/comet/client.go:2707.2,2712.21 3 1
github.com/orbiterhq/comet/client.go:2712.21,2714.3 1 1
github.com/orbiterhq/comet/client.go:2717.2,2717.25 1 1
github.com/orbiterhq/comet/client.go:2717.25,2719.3 1 1
github.com/orbiterhq/comet/client.go:2722.2,2722.43 1 1
github.com/orbiterhq/comet/client.go:2722.43,2724.3 1 0
github.com/orbiterhq/comet/client.go:2727.2,2727.28 1 1
github.com/orbiterhq/comet/client.go:2727.28,2731.3 3 1
github.com/orbiterhq/comet/client.go:2734.2,2734.68 1 1
github.com/orbiterhq/comet/client.go:2734.68,2735.78 1 0
github.com/orbiterhq/comet/client.go:2735.78,2737.4 1 0
github.com/orbiterhq/comet/client.go:2738.3,2738.61 1 0
github.com/orbiterhq/comet/client.go:2742.2,2758.20 7 1
github.com/orbiterhq/comet/client.go:2758.20,2760.3 1 1
github.com/orbiterhq/comet/client.go:2763.2,2763.52 1 1
github.com/orbiterhq/comet/client.go:2763.52,2765.3 1 0
github.com/orbiterhq/comet/client.go:2768.2,2768.67 1 1
github.com/orbiterhq/comet/client.go:2768.67,2770.3 1 0
github.com/orbiterhq/comet/client.go:2776.2,2776.20 1 1
github.com/orbiterhq/comet/client.go:2776.20,2782.38 3 1
github.com/orbiterhq/comet/client.go:2782.38,2784.4 1 1
github.com/orbiterhq/comet/client.go:2785.3,2785.58 1 1
github.com/orbiterhq/comet/client.go:2788.2,2788.12 1 1
github.com/orbiterhq/comet/client.go:2792.58,2796.40 2 1
github.com/orbiterhq/comet/client.go:2796.40,2797.23 1 1
github.com/orbiterhq/comet/client.go:2797.23,2799.9 2 1
github.com/orbiterhq/comet/client.go:2803.2,2803.57 1 1
github.com/orbiterhq/comet/client.go:2803.57,2805.3 1 0
github.com/orbiterhq/comet/client.go:2808.2,2812.30 3 1
github.com/orbiterhq/comet/client.go:2812.30,2813.31 1 1
github.com/orbiterhq/comet/client.go:2813.31,2815.4 1 0
github.com/orbiterhq/comet/client.go:2816.3,2817.38 2 1
github.com/orbiterhq/comet/client.go:2817.38,2819.4 1 0
github.com/orbiterhq/comet/client.go:2820.3,2820.31 1 1
github.com/orbiterhq/comet/client.go:2823.2,2823.21 1 1
github.com/orbiterhq/comet/client.go:2827.32,2829.14 2 1
github.com/orbiterhq/comet/client.go:2829.14,2832.3 2 1
github.com/orbiterhq/comet/client.go:2833.2,2837.21 3 1
github.com/orbiterhq/comet/client.go:2837.21,2840.3 2 1
github.com/orbiterhq/comet/client.go:2841.2,2845.16 2 1
github.com/orbiterhq/comet/client.go:2845.16,2847.3 1 1
github.com/orbiterhq/comet/client.go:2850.2,2854.33 3 1
github.com/orbiterhq/comet/client.go:2854.33,2865.26 4 1
github.com/orbiterhq/comet/client.go:2865.26,2867.4 1 1
github.com/orbiterhq/comet/client.go:2870.3,2870.30 1 1
github.com/orbiterhq/comet/client.go:2870.30,2872.4 1 1
github.com/orbiterhq/comet/client.go:2875.3,2875.28 1 1
github.com/orbiterhq/comet/client.go:2875.28,2877.4 1 1
github.com/orbiterhq/comet/client.go:2880.3,2880.30 1 1
github.com/orbiterhq/comet/client.go:2880.30,2882.4 1 1
github.com/orbiterhq/comet/client.go:2884.3,2892.28 5 1
github.com/orbiterhq/comet/client.go:2892.28,2894.4 1 1
github.com/orbiterhq/comet/client.go:2895.3,2895.33 1 1
github.com/orbiterhq/comet/client.go:2895.33,2897.4 1 1
github.com/orbiterhq/comet/client.go:2898.3,2898.37 1 1
github.com/orbiterhq/comet/client.go:2898.37,2900.4 1 1
github.com/orbiterhq/comet/client.go:2901.3,2901.36 1 1
github.com/orbiterhq/comet/client.go:2901.36,2903.4 1 1
github.com/orbiterhq/comet/client.go:2905.3,2908.29 2 1
github.com/orbiterhq/comet/client.go:2908.29,2912.4 3 1
github.com/orbiterhq/comet/client.go:2915.2,2915.12 1 1
github.com/orbiterhq/comet/client.go:2919.51,2924.29 4 1
github.com/orbiterhq/comet/client.go:2924.29,2926.3 1 1
github.com/orbiterhq/comet/client.go:2927.2,2927.15 1 1
github.com/orbiterhq/comet/client.go:2931.40,2938.33 5 1
github.com/orbiterhq/comet/client.go:2938.33,2946.61 5 1
github.com/orbiterhq/comet/client.go:2946.61,2948.20 2 0
github.com/orbiterhq/comet/client.go:2948.20,2950.5 1 0
github.com/orbiterhq/comet/client.go:2952.3,2952.21 1 1
github.com/orbiterhq/comet/client.go:2954.2,2981.3 5 1
github.com/orbiterhq/comet/client.go:2987.61,2988.22 1 1
github.com/orbiterhq/comet/client.go:2988.22,2990.3 1 1
github.com/orbiterhq/comet/client.go:2990.8,2992.3 1 1
github.com/orbiterhq/comet/client.go:2996.46,3006.2 4 1
github.com/orbiterhq/comet/client.go:3009.44,3012.16 2 1
github.com/orbiterhq/comet/client.go:3012.16,3014.3 1 1
github.com/orbiterhq/comet/client.go:3015.2,3019.16 3 1
github.com/orbiterhq/comet/client.go:3019.16,3021.3 1 0
github.com/orbiterhq/comet/client.go:3023.2,3023.22 1 1
github.com/orbiterhq/comet/client.go:3023.22,3025.55 1 1
github.com/orbiterhq/comet/client.go:3025.55,3027.4 1 0
github.com/orbiterhq/comet/client.go:3028.8,3028.42 1 1
github.com/orbiterhq/comet/client.go:3028.42,3030.3 1 0
github.com/orbiterhq/comet/client.go:3033.2,3035.16 2 1
github.com/orbiterhq/comet/client.go:3035.16,3037.3 1 0
github.com/orbiterhq/comet/client.go:3039.2,3043.22 3 1
github.com/orbiterhq/comet/client.go:3043.22,3047.3 2 1
github.com/orbiterhq/comet/client.go:3047.8,3049.53 1 1
github.com/orbiterhq/comet/client.go:3049.53,3051.4 1 0
github.com/orbiterhq/comet/client.go:3054.2,3054.12 1 1
github.com/orbiterhq/comet/consumer.go:24.37,26.2 1 1
github.com/orbiterhq/comet/consumer.go:29.52,32.76 3 1
github.com/orbiterhq/comet/consumer.go:32.76,34.3 1 1
github.com/orbiterhq/comet/consumer.go:35.2,35.67 1 1
github.com/orbiterhq/comet/consumer.go:93.47,94.34 1 1
github.com/orbiterhq/comet/consumer.go:94.34,96.3 1 1
github.com/orbiterhq/comet/consumer.go:100.49,101.34 1 1
github.com/orbiterhq/comet/consumer.go:101.34,103.3 1 1
github.com/orbiterhq/comet/consumer.go:107.44,108.34 1 1
github.com/orbiterhq/comet/consumer.go:108.34,110.3 1 1
github.com/orbiterhq/comet/consumer.go:114.48,115.34 1 1
github.com/orbiterhq/comet/consumer.go:115.34,117.3 1 1
github.com/orbiterhq/comet/consumer.go:121.61,122.34 1 1
github.com/orbiterhq/comet/consumer.go:122.34,124.3 1 0
github.com/orbiterhq/comet/consumer.go:128.56,129.34 1 1
github.com/orbiterhq/comet/consumer.go:129.34,131.3 1 1
github.com/orbiterhq/comet/consumer.go:135.46,136.34 1 1
github.com/orbiterhq/comet/consumer.go:136.34,138.3 1 1
github.com/orbiterhq/comet/consumer.go:142.78,143.34 1 1
github.com/orbiterhq/comet/consumer.go:143.34,145.3 1 1
github.com/orbiterhq/comet/consumer.go:149.87,150.34 1 1
github.com/orbiterhq/comet/consumer.go:150.34,152.3 1 0
github.com/orbiterhq/comet/consumer.go:156.58,157.34 1 1
github.com/orbiterhq/comet/consumer.go:157.34,160.3 2 0
github.com/orbiterhq/comet/consumer.go:164.83,176.27 2 1
github.com/orbiterhq/comet/consumer.go:176.27,178.3 1 1
github.com/orbiterhq/comet/consumer.go:181.2,181.46 1 1
github.com/orbiterhq/comet/consumer.go:181.46,183.3 1 0
github.com/orbiterhq/comet/consumer.go:185.2,185.12 1 1
github.com/orbiterhq/comet/consumer.go:189.66,195.2 1 1
github.com/orbiterhq/comet/consumer.go:198.34,200.44 1 1
github.com/orbiterhq/comet/consumer.go:200.44,201.40 1 1
github.com/orbiterhq/comet/consumer.go:201.40,205.90 3 1
github.com/orbiterhq/comet/consumer.go:205.90,207.5 1 1
github.com/orbiterhq/comet/consumer.go:209.3,209.14 1 1
github.com/orbiterhq/comet/consumer.go:211.2,211.12 1 1
github.com/orbiterhq/comet/consumer.go:215.99,219.33 3 1
github.com/orbiterhq/comet/consumer.go:219.33,220.21 1 1
github.com/orbiterhq/comet/consumer.go:220.21,221.9 1 1
github.com/orbiterhq/comet/consumer.go:224.3,225.17 2 1
github.com/orbiterhq/comet/consumer.go:225.17,227.4 1 0
github.com/orbiterhq/comet/consumer.go:229.3,230.17 2 1
github.com/orbiterhq/comet/consumer.go:230.17,232.4 1 1
github.com/orbiterhq/comet/consumer.go:234.3,235.34 2 1
github.com/orbiterhq/comet/consumer.go:238.2,238.22 1 1
github.com/orbiterhq/comet/consumer.go:260.99,265.24 2 1
github.com/orbiterhq/comet/consumer.go:265.24,267.3 1 0
github.com/orbiterhq/comet/consumer.go:270.2,271.25 2 1
github.com/orbiterhq/comet/consumer.go:271.25,273.3 1 1
github.com/orbiterhq/comet/consumer.go:273.8,273.29 1 1
github.com/orbiterhq/comet/consumer.go:273.29,276.17 2 1
github.com/orbiterhq/comet/consumer.go:276.17,278.4 1 0
github.com/orbiterhq/comet/consumer.go:279.3,279.28 1 1
github.com/orbiterhq/comet/consumer.go:280.8,282.3 1 0
github.com/orbiterhq/comet/consumer.go:285.2,288.6 2 1
github.com/orbiterhq/comet/consumer.go:288.6,289.10 1 1
github.com/orbiterhq/comet/consumer.go:290.21,291.20 1 1
github.com/orbiterhq/comet/consumer.go:292.11,292.11 0 1
github.com/orbiterhq/comet/consumer.go:295.3,297.17 3 1
github.com/orbiterhq/comet/consumer.go:297.17,298.26 1 0
github.com/orbiterhq/comet/consumer.go:298.26,300.5 1 0
github.com/orbiterhq/comet/consumer.go:302.4,302.11 1 0
github.com/orbiterhq/comet/consumer.go:303.22,304.21 1 0
github.com/orbiterhq/comet/consumer.go:305.40,306.13 1 0
github.com/orbiterhq/comet/consumer.go:310.3,310.25 1 1
github.com/orbiterhq/comet/consumer.go:310.25,312.11 1 1
github.com/orbiterhq/comet/consumer.go:313.22,314.21 1 1
github.com/orbiterhq/comet/consumer.go:315.40,316.13 1 1
github.com/orbiterhq/comet/consumer.go:321.3,322.52 2 1
github.com/orbiterhq/comet/consumer.go:322.52,324.25 2 1
github.com/orbiterhq/comet/consumer.go:324.25,325.10 1 1
github.com/orbiterhq/comet/consumer.go:328.4,328.26 1 1
github.com/orbiterhq/comet/consumer.go:328.26,330.5 1 1
github.com/orbiterhq/comet/consumer.go:332.4,332.30 1 1
github.com/orbiterhq/comet/consumer.go:332.30,333.12 1 1
github.com/orbiterhq/comet/consumer.go:334.23,335.22 1 0
github.com/orbiterhq/comet/consumer.go:336.64,336.64 0 1
github.com/orbiterhq/comet/consumer.go:343.3,343.35 1 1
github.com/orbiterhq/comet/consumer.go:343.35,344.33 1 1
github.com/orbiterhq/comet/consumer.go:344.33,345.68 1 1
github.com/orbiterhq/comet/consumer.go:345.68,347.6 1 0
github.com/orbiterhq/comet/consumer.go:352.3,352.25 1 1
github.com/orbiterhq/comet/consumer.go:352.25,354.4 1 0
github.com/orbiterhq/comet/consumer.go:359.69,361.52 1 1
github.com/orbiterhq/comet/consumer.go:361.52,375.44 8 1
github.com/orbiterhq/comet/consumer.go:375.44,378.57 2 1
github.com/orbiterhq/comet/consumer.go:378.57,379.52 1 1
github.com/orbiterhq/comet/consumer.go:379.52,381.6 1 0
github.com/orbiterhq/comet/consumer.go:383.4,383.18 1 1
github.com/orbiterhq/comet/consumer.go:383.18,385.27 1 1
github.com/orbiterhq/comet/consumer.go:385.27,387.6 1 1
github.com/orbiterhq/comet/consumer.go:388.5,388.23 1 1
github.com/orbiterhq/comet/consumer.go:394.3,397.25 3 1
github.com/orbiterhq/comet/consumer.go:397.25,399.4 1 1
github.com/orbiterhq/comet/consumer.go:403.2,423.16 8 1
github.com/orbiterhq/comet/consumer.go:423.16,425.3 1 0
github.com/orbiterhq/comet/consumer.go:428.2,428.79 1 1
github.com/orbiterhq/comet/consumer.go:428.79,432.3 2 0
github.com/orbiterhq/comet/consumer.go:435.2,435.24 1 1
github.com/orbiterhq/comet/consumer.go:435.24,438.3 2 1
github.com/orbiterhq/comet/consumer.go:440.2,440.23 1 1
github.com/orbiterhq/comet/consumer.go:444.91,446.48 1 1
github.com/orbiterhq/comet/consumer.go:446.48,448.3 1 0
github.com/orbiterhq/comet/consumer.go:451.2,451.44 1 1
github.com/orbiterhq/comet/consumer.go:451.44,453.99 1 1
github.com/orbiterhq/comet/consumer.go:453.99,455.78 1 1
github.com/orbiterhq/comet/consumer.go:455.79,457.5 0 0
github.com/orbiterhq/comet/consumer.go:457.10,458.31 1 1
github.com/orbiterhq/comet/consumer.go:458.31,460.6 1 1
github.com/orbiterhq/comet/consumer.go:462.5,462.71 1 1
github.com/orbiterhq/comet/consumer.go:468.2,468.33 1 0
github.com/orbiterhq/comet/consumer.go:468.33,470.3 1 0
github.com/orbiterhq/comet/consumer.go:473.2,481.38 3 0
github.com/orbiterhq/comet/consumer.go:481.38,483.3 1 0
github.com/orbiterhq/comet/consumer.go:484.2,487.30 2 0
github.com/orbiterhq/comet/consumer.go:487.30,489.3 1 0
github.com/orbiterhq/comet/consumer.go:492.2,492.31 1 0
github.com/orbiterhq/comet/consumer.go:492.31,494.3 1 0
github.com/orbiterhq/comet/consumer.go:497.2,497.71 1 0
github.com/orbiterhq/comet/consumer.go:501.131,502.31 1 1
github.com/orbiterhq/comet/consumer.go:502.31,504.3 1 0
github.com/orbiterhq/comet/consumer.go:507.2,508.16 2 1
github.com/orbiterhq/comet/consumer.go:508.16,510.3 1 0
github.com/orbiterhq/comet/consumer.go:513.2,518.63 4 1
github.com/orbiterhq/comet/consumer.go:518.63,520.95 2 1
github.com/orbiterhq/comet/consumer.go:520.95,522.9 2 1
github.com/orbiterhq/comet/consumer.go:526.2,526.27 1 1
github.com/orbiterhq/comet/consumer.go:526.27,528.3 1 0
github.com/orbiterhq/comet/consumer.go:531.2,533.24 3 1
github.com/orbiterhq/comet/consumer.go:533.24,535.3 1 0
github.com/orbiterhq/comet/consumer.go:537.2,542.34 4 1
github.com/orbiterhq/comet/consumer.go:542.34,544.34 1 1
github.com/orbiterhq/comet/consumer.go:544.34,549.4 1 1
github.com/orbiterhq/comet/consumer.go:552.3,552.46 1 1
github.com/orbiterhq/comet/consumer.go:552.46,554.4 1 0
github.com/orbiterhq/comet/consumer.go:557.3,561.29 3 1
github.com/orbiterhq/comet/consumer.go:561.29,563.4 1 0
github.com/orbiterhq/comet/consumer.go:566.3,567.38 2 1
github.com/orbiterhq/comet/consumer.go:567.38,569.4 1 0
github.com/orbiterhq/comet/consumer.go:572.3,573.27 2 1
github.com/orbiterhq/comet/consumer.go:576.2,576.99 1 0
github.com/orbiterhq/comet/consumer.go:580.108,586.24 3 1
github.com/orbiterhq/comet/consumer.go:586.24,588.46 2 1
github.com/orbiterhq/comet/consumer.go:588.46,592.47 2 1
github.com/orbiterhq/comet/consumer.go:592.47,593.57 1 1
github.com/orbiterhq/comet/consumer.go:593.57,596.6 2 0
github.com/orbiterhq/comet/consumer.go:597.5,601.27 2 1
github.com/orbiterhq/comet/consumer.go:601.27,604.6 2 1
github.com/orbiterhq/comet/consumer.go:607.5,607.47 1 1
github.com/orbiterhq/comet/consumer.go:607.47,608.39 1 1
github.com/orbiterhq/comet/consumer.go:608.39,609.44 1 1
github.com/orbiterhq/comet/consumer.go:609.44,612.30 2 1
github.com/orbiterhq/comet/consumer.go:612.30,614.9 1 1
github.com/orbiterhq/comet/consumer.go:616.7,617.19 2 1
github.com/orbiterhq/comet/consumer.go:619.6,619.17 1 1
github.com/orbiterhq/comet/consumer.go:622.4,622.21 1 1
github.com/orbiterhq/comet/consumer.go:626.2,629.13 3 1
github.com/orbiterhq/comet/consumer.go:629.13,631.3 1 1
github.com/orbiterhq/comet/consumer.go:635.2,635.32 1 1
github.com/orbiterhq/comet/consumer.go:635.32,637.36 2 1
github.com/orbiterhq/comet/consumer.go:637.36,639.4 1 1
github.com/orbiterhq/comet/consumer.go:642.2,647.84 4 1
github.com/orbiterhq/comet/consumer.go:647.84,649.40 2 1
github.com/orbiterhq/comet/consumer.go:649.40,656.34 4 1
github.com/orbiterhq/comet/consumer.go:656.34,660.5 2 1
github.com/orbiterhq/comet/consumer.go:662.4,665.96 2 1
github.com/orbiterhq/comet/consumer.go:665.96,667.5 1 0
github.com/orbiterhq/comet/consumer.go:669.4,670.15 2 1
github.com/orbiterhq/comet/consumer.go:670.15,672.5 1 1
github.com/orbiterhq/comet/consumer.go:675.4,675.34 1 1
github.com/orbiterhq/comet/consumer.go:675.34,677.38 2 1
github.com/orbiterhq/comet/consumer.go:677.38,679.6 1 0
github.com/orbiterhq/comet/consumer.go:682.4,684.21 3 1
github.com/orbiterhq/comet/consumer.go:688.2,688.34 1 1
github.com/orbiterhq/comet/consumer.go:688.34,690.3 1 1
github.com/orbiterhq/comet/consumer.go:693.2,693.39 1 1
github.com/orbiterhq/comet/consumer.go:693.39,695.3 1 0
github.com/orbiterhq/comet/consumer.go:698.2,700.53 3 1
github.com/orbiterhq/comet/consumer.go:700.53,702.3 1 1
github.com/orbiterhq/comet/consumer.go:703.2,706.96 2 1
github.com/orbiterhq/comet/consumer.go:706.96,708.23 1 1
github.com/orbiterhq/comet/consumer.go:708.23,710.4 1 0
github.com/orbiterhq/comet/consumer.go:713.3,717.17 4 1
github.com/orbiterhq/comet/consumer.go:717.17,720.81 1 0
github.com/orbiterhq/comet/consumer.go:720.81,722.5 1 0
github.com/orbiterhq/comet/consumer.go:724.4,724.18 1 0
github.com/orbiterhq/comet/consumer.go:724.18,727.56 1 0
github.com/orbiterhq/comet/consumer.go:727.56,728.14 1 0
github.com/orbiterhq/comet/consumer.go:730.5,730.109 1 0
github.com/orbiterhq/comet/consumer.go:735.3,735.29 1 1
github.com/orbiterhq/comet/consumer.go:735.29,737.4 1 0
github.com/orbiterhq/comet/consumer.go:740.3,741.17 2 1
github.com/orbiterhq/comet/consumer.go:741.17,743.4 1 0
github.com/orbiterhq/comet/consumer.go:746.3,747.17 2 1
github.com/orbiterhq/comet/consumer.go:747.17,750.63 1 1
github.com/orbiterhq/comet/consumer.go:750.63,755.5 2 0
github.com/orbiterhq/comet/consumer.go:756.4,756.18 1 1
github.com/orbiterhq/comet/consumer.go:756.18,758.27 1 1
github.com/orbiterhq/comet/consumer.go:758.27,760.6 1 1
github.com/orbiterhq/comet/consumer.go:761.5,761.102 1 1
github.com/orbiterhq/comet/consumer.go:765.3,771.39 2 1
github.com/orbiterhq/comet/consumer.go:775.2,775.45 1 1
github.com/orbiterhq/comet/consumer.go:775.45,777.3 1 1
github.com/orbiterhq/comet/consumer.go:779.2,779.22 1 1
github.com/orbiterhq/comet/consumer.go:783.98,792.21 5 1
github.com/orbiterhq/comet/consumer.go:792.21,794.3 1 0
github.com/orbiterhq/comet/consumer.go:797.2,798.16 2 1
github.com/orbiterhq/comet/consumer.go:798.16,800.3 1 0
github.com/orbiterhq/comet/consumer.go:802.2,808.29 4 1
github.com/orbiterhq/comet/consumer.go:808.29,809.35 1 1
github.com/orbiterhq/comet/consumer.go:809.35,810.9 1 0
github.com/orbiterhq/comet/consumer.go:813.3,815.22 3 1
github.com/orbiterhq/comet/consumer.go:815.22,816.12 1 0
github.com/orbiterhq/comet/consumer.go:819.3,823.25 3 1
github.com/orbiterhq/comet/consumer.go:823.25,825.28 1 1
github.com/orbiterhq/comet/consumer.go:825.28,826.10 1 0
github.com/orbiterhq/comet/consumer.go:830.4,835.63 4 1
github.com/orbiterhq/comet/consumer.go:835.63,838.13 2 0
github.com/orbiterhq/comet/consumer.go:842.4,843.27 2 1
github.com/orbiterhq/comet/consumer.go:843.27,844.10 1 0
github.com/orbiterhq/comet/consumer.go:848.4,848.35 1 1
github.com/orbiterhq/comet/consumer.go:848.35,853.5 1 1
github.com/orbiterhq/comet/consumer.go:856.4,857.21 2 1
github.com/orbiterhq/comet/consumer.go:861.2,861.120 1 0
github.com/orbiterhq/comet/consumer.go:865.76,866.26 1 1
github.com/orbiterhq/comet/consumer.go:866.26,868.3 1 0
github.com/orbiterhq/comet/consumer.go:871.2,871.26 1 1
github.com/orbiterhq/comet/consumer.go:871.26,874.17 3 1
github.com/orbiterhq/comet/consumer.go:874.17,876.4 1 0
github.com/orbiterhq/comet/consumer.go:878.3,881.41 3 1
github.com/orbiterhq/comet/consumer.go:881.41,883.4 1 1
github.com/orbiterhq/comet/consumer.go:886.3,891.25 4 1
github.com/orbiterhq/comet/consumer.go:891.25,893.4 1 1
github.com/orbiterhq/comet/consumer.go:894.3,897.13 2 1
github.com/orbiterhq/comet/consumer.go:901.2,901.31 1 1
github.com/orbiterhq/comet/consumer.go:905.59,908.32 2 1
github.com/orbiterhq/comet/consumer.go:908.32,910.3 1 1
github.com/orbiterhq/comet/consumer.go:913.2,913.40 1 1
github.com/orbiterhq/comet/consumer.go:913.40,915.17 2 1
github.com/orbiterhq/comet/consumer.go:915.17,917.4 1 0
github.com/orbiterhq/comet/consumer.go:919.3,923.26 3 1
github.com/orbiterhq/comet/consumer.go:923.26,924.33 1 1
github.com/orbiterhq/comet/consumer.go:924.33,926.5 1 1
github.com/orbiterhq/comet/consumer.go:930.3,930.20 1 1
github.com/orbiterhq/comet/consumer.go:930.20,933.42 2 1
github.com/orbiterhq/comet/consumer.go:933.42,935.5 1 1
github.com/orbiterhq/comet/consumer.go:936.4,940.26 3 1
github.com/orbiterhq/comet/consumer.go:940.26,942.5 1 1
github.com/orbiterhq/comet/consumer.go:945.3,945.20 1 1
github.com/orbiterhq/comet/consumer.go:948.2,948.12 1 1
github.com/orbiterhq/comet/consumer.go:952.79,954.16 2 1
github.com/orbiterhq/comet/consumer.go:954.16,956.3 1 0
github.com/orbiterhq/comet/consumer.go:959.2,959.24 1 1
github.com/orbiterhq/comet/consumer.go:959.24,961.46 2 1
github.com/orbiterhq/comet/consumer.go:961.46,965.47 2 0
github.com/orbiterhq/comet/consumer.go:965.47,966.57 1 0
github.com/orbiterhq/comet/consumer.go:966.57,969.6 2 0
github.com/orbiterhq/comet/consumer.go:970.5,970.43 1 0
github.com/orbiterhq/comet/consumer.go:972.4,972.21 1 0
github.com/orbiterhq/comet/consumer.go:976.2,980.13 4 1
github.com/orbiterhq/comet/consumer.go:980.13,982.3 1 0
github.com/orbiterhq/comet/consumer.go:985.2,988.35 2 1
github.com/orbiterhq/comet/consumer.go:988.35,990.7 1 1
github.com/orbiterhq/comet/consumer.go:990.7,992.33 2 1
github.com/orbiterhq/comet/consumer.go:992.33,993.10 1 0
github.com/orbiterhq/comet/consumer.go:995.4,995.89 1 1
github.com/orbiterhq/comet/consumer.go:995.89,996.10 1 1
github.com/orbiterhq/comet/consumer.go:1001.2,1001.17 1 1
github.com/orbiterhq/comet/consumer.go:1005.94,1007.16 2 1
github.com/orbiterhq/comet/consumer.go:1007.16,1009.3 1 0
github.com/orbiterhq/comet/consumer.go:1011.2,1012.21 2 1
github.com/orbiterhq/comet/consumer.go:1012.21,1015.22 2 0
github.com/orbiterhq/comet/consumer.go:1015.22,1017.4 1 0
github.com/orbiterhq/comet/consumer.go:1020.2,1026.12 4 1
github.com/orbiterhq/comet/consumer.go:1031.98,1032.25 1 1
github.com/orbiterhq/comet/consumer.go:1032.25,1034.3 1 0
github.com/orbiterhq/comet/consumer.go:1036.2,1037.16 2 1
github.com/orbiterhq/comet/consumer.go:1037.16,1039.3 1 0
github.com/orbiterhq/comet/consumer.go:1041.2,1047.42 4 1
github.com/orbiterhq/comet/consumer.go:1047.42,1051.3 2 1
github.com/orbiterhq/comet/consumer.go:1052.2,1054.12 2 1
github.com/orbiterhq/comet/consumer.go:1076.93,1078.16 2 1
github.com/orbiterhq/comet/consumer.go:1078.16,1080.3 1 0
github.com/orbiterhq/comet/consumer.go:1083.2,1083.24 1 1
github.com/orbiterhq/comet/consumer.go:1083.24,1085.46 2 1
github.com/orbiterhq/comet/consumer.go:1085.46,1089.47 2 0
github.com/orbiterhq/comet/consumer.go:1089.47,1090.57 1 0
github.com/orbiterhq/comet/consumer.go:1090.57,1093.6 2 0
github.com/orbiterhq/comet/consumer.go:1094.5,1094.43 1 0
github.com/orbiterhq/comet/consumer.go:1096.4,1096.21 1 0
github.com/orbiterhq/comet/consumer.go:1100.2,1110.57 4 1
github.com/orbiterhq/comet/consumer.go:1110.57,1112.3 1 1
github.com/orbiterhq/comet/consumer.go:1115.2,1115.41 1 1
github.com/orbiterhq/comet/consumer.go:1115.41,1119.77 3 1
github.com/orbiterhq/comet/consumer.go:1119.77,1121.4 1 1
github.com/orbiterhq/comet/consumer.go:1123.3,1123.44 1 1
github.com/orbiterhq/comet/consumer.go:1123.44,1125.4 1 1
github.com/orbiterhq/comet/consumer.go:1128.2,1128.19 1 1
github.com/orbiterhq/comet/consumer.go:1132.106,1134.24 1 1
github.com/orbiterhq/comet/consumer.go:1134.24,1136.3 1 0
github.com/orbiterhq/comet/consumer.go:1137.2,1137.51 1 1
github.com/orbiterhq/comet/consumer.go:1137.51,1139.3 1 0
github.com/orbiterhq/comet/consumer.go:1142.2,1142.45 1 1
github.com/orbiterhq/comet/consumer.go:1142.45,1144.3 1 0
github.com/orbiterhq/comet/consumer.go:1146.2,1162.59 7 1
github.com/orbiterhq/comet/consumer.go:1162.59,1164.22 2 1
github.com/orbiterhq/comet/consumer.go:1164.22,1169.4 4 1
github.com/orbiterhq/comet/consumer.go:1172.2,1172.12 1 1
github.com/orbiterhq/comet/consumer.go:1172.12,1175.3 2 1
github.com/orbiterhq/comet/consumer.go:1177.2,1177.27 1 1
github.com/orbiterhq/comet/consumer.go:1177.27,1178.17 1 1
github.com/orbiterhq/comet/consumer.go:1178.17,1180.4 1 1
github.com/orbiterhq/comet/consumer.go:1183.2,1183.25 1 1
github.com/orbiterhq/comet/consumer.go:1183.25,1185.3 1 0
github.com/orbiterhq/comet/consumer.go:1188.2,1192.36 3 1
github.com/orbiterhq/comet/consumer.go:1192.36,1193.47 1 1
github.com/orbiterhq/comet/consumer.go:1193.47,1195.4 1 1
github.com/orbiterhq/comet/consumer.go:1198.2,1198.28 1 1
github.com/orbiterhq/comet/index_binary.go:36.58,40.16 3 1
github.com/orbiterhq/comet/index_binary.go:40.16,42.3 1 0
github.com/orbiterhq/comet/index_binary.go:43.2,46.81 2 1
github.com/orbiterhq/comet/index_binary.go:46.81,48.3 1 0
github.com/orbiterhq/comet/index_binary.go:49.2,49.83 1 1
github.com/orbiterhq/comet/index_binary.go:49.83,51.3 1 0
github.com/orbiterhq/comet/index_binary.go:52.2,52.95 1 1
github.com/orbiterhq/comet/index_binary.go:52.95,54.3 1 0
github.com/orbiterhq/comet/index_binary.go:55.2,55.95 1 1
github.com/orbiterhq/comet/index_binary.go:55.95,57.3 1 0
github.com/orbiterhq/comet/index_binary.go:58.2,58.97 1 1
github.com/orbiterhq/comet/index_binary.go:58.97,60.3 1 0
github.com/orbiterhq/comet/index_binary.go:61.2,61.99 1 1
github.com/orbiterhq/comet/index_binary.go:61.99,63.3 1 0
github.com/orbiterhq/comet/index_binary.go:64.2,64.87 1 1
github.com/orbiterhq/comet/index_binary.go:64.87,66.3 1 0
github.com/orbiterhq/comet/index_binary.go:69.2,69.51 1 1
github.com/orbiterhq/comet/index_binary.go:69.51,71.86 2 1
github.com/orbiterhq/comet/index_binary.go:71.86,73.4 1 0
github.com/orbiterhq/comet/index_binary.go:74.3,74.48 1 1
github.com/orbiterhq/comet/index_binary.go:74.48,76.4 1 0
github.com/orbiterhq/comet/index_binary.go:77.3,77.78 1 1
github.com/orbiterhq/comet/index_binary.go:77.78,79.4 1 0
github.com/orbiterhq/comet/index_binary.go:83.2,84.19 2 1
github.com/orbiterhq/comet/index_binary.go:84.19,89.48 3 1
github.com/orbiterhq/comet/index_binary.go:89.48,101.4 6 1
github.com/orbiterhq/comet/index_binary.go:103.3,103.45 1 1
github.com/orbiterhq/comet/index_binary.go:103.45,105.4 1 0
github.com/orbiterhq/comet/index_binary.go:109.2,110.19 2 1
github.com/orbiterhq/comet/index_binary.go:110.19,113.36 2 1
github.com/orbiterhq/comet/index_binary.go:113.36,115.4 1 1
github.com/orbiterhq/comet/index_binary.go:117.3,119.36 2 1
github.com/orbiterhq/comet/index_binary.go:119.36,138.4 12 1
github.com/orbiterhq/comet/index_binary.go:140.3,140.41 1 1
github.com/orbiterhq/comet/index_binary.go:140.41,142.4 1 0
github.com/orbiterhq/comet/index_binary.go:149.2,149.41 1 1
github.com/orbiterhq/comet/index_binary.go:153.56,155.16 2 1
github.com/orbiterhq/comet/index_binary.go:155.16,157.3 1 0
github.com/orbiterhq/comet/index_binary.go:159.2,159.20 1 1
github.com/orbiterhq/comet/index_binary.go:159.20,161.3 1 0
github.com/orbiterhq/comet/index_binary.go:164.2,167.25 4 1
github.com/orbiterhq/comet/index_binary.go:167.25,169.3 1 0
github.com/orbiterhq/comet/index_binary.go:171.2,173.29 3 1
github.com/orbiterhq/comet/index_binary.go:173.29,175.3 1 0
github.com/orbiterhq/comet/index_binary.go:177.2,195.26 11 1
github.com/orbiterhq/comet/index_binary.go:195.26,198.3 2 1
github.com/orbiterhq/comet/index_binary.go:201.2,201.45 1 1
github.com/orbiterhq/comet/index_binary.go:201.45,202.26 1 1
github.com/orbiterhq/comet/index_binary.go:202.26,204.4 1 0
github.com/orbiterhq/comet/index_binary.go:206.3,209.36 3 1
github.com/orbiterhq/comet/index_binary.go:209.36,211.4 1 0
github.com/orbiterhq/comet/index_binary.go:213.3,219.48 5 1
github.com/orbiterhq/comet/index_binary.go:223.2,224.41 2 1
github.com/orbiterhq/comet/index_binary.go:224.41,225.28 1 1
github.com/orbiterhq/comet/index_binary.go:225.28,227.4 1 0
github.com/orbiterhq/comet/index_binary.go:229.3,238.66 3 1
github.com/orbiterhq/comet/index_binary.go:242.2,243.41 2 1
github.com/orbiterhq/comet/index_binary.go:243.41,244.27 1 1
github.com/orbiterhq/comet/index_binary.go:244.27,246.4 1 0
github.com/orbiterhq/comet/index_binary.go:248.3,251.33 3 1
github.com/orbiterhq/comet/index_binary.go:251.33,253.4 1 0
github.com/orbiterhq/comet/index_binary.go:255.3,258.28 3 1
github.com/orbiterhq/comet/index_binary.go:258.28,260.4 1 0
github.com/orbiterhq/comet/index_binary.go:262.3,273.42 3 1
github.com/orbiterhq/comet/index_binary.go:277.2,277.26 1 1
github.com/orbiterhq/comet/index_binary.go:277.26,279.3 1 1
github.com/orbiterhq/comet/index_binary.go:279.8,281.3 1 1
github.com/orbiterhq/comet/index_binary.go:282.2,284.19 2 1
github.com/orbiterhq/comet/metrics_interface.go:112.56,114.2 1 0
github.com/orbiterhq/comet/metrics_interface.go:116.48,118.2 1 0
github.com/orbiterhq/comet/metrics_interface.go:120.58,122.2 1 0
github.com/orbiterhq/comet/metrics_interface.go:124.58,128.2 1 0
github.com/orbiterhq/comet/metrics_interface.go:130.61,131.6 1 0
github.com/orbiterhq/comet/metrics_interface.go:131.6,133.39 2 0
github.com/orbiterhq/comet/metrics_interface.go:133.39,134.9 1 0
github.com/orbiterhq/comet/metrics_interface.go:136.3,136.55 1 0
github.com/orbiterhq/comet/metrics_interface.go:136.55,137.9 1 0
github.com/orbiterhq/comet/metrics_interface.go:142.61,143.6 1 0
github.com/orbiterhq/comet/metrics_interface.go:143.6,145.23 2 0
github.com/orbiterhq/comet/metrics_interface.go:145.23,146.9 1 0
github.com/orbiterhq/comet/metrics_interface.go:148.3,148.55 1 0
github.com/orbiterhq/comet/metrics_interface.go:148.55,149.9 1 0
github.com/orbiterhq/comet/metrics_interface.go:154.59,156.2 1 0
github.com/orbiterhq/comet/metrics_interface.go:158.66,160.2 1 0
github.com/orbiterhq/comet/metrics_interface.go:162.67,164.2 1 0
github.com/orbiterhq/comet/metrics_interface.go:166.58,168.2 1 0
github.com/orbiterhq/comet/metrics_interface.go:170.61,172.2 1 0
github.com/orbiterhq/comet/metrics_interface.go:174.61,176.2 1 0
github.com/orbiterhq/comet/metrics_interface.go:178.62,180.2 1 0
github.com/orbiterhq/comet/metrics_interface.go:182.60,184.2 1 0
github.com/orbiterhq/comet/metrics_interface.go:186.57,188.2 1 0
github.com/orbiterhq/comet/metrics_interface.go:190.56,192.2 1 0
github.com/orbiterhq/comet/metrics_interface.go:194.55,196.2 1 0
github.com/orbiterhq/comet/metrics_interface.go:198.55,200.2 1 0
github.com/orbiterhq/comet/metrics_interface.go:202.52,204.2 1 0
github.com/orbiterhq/comet/metrics_interface.go:206.67,208.2 1 0
github.com/orbiterhq/comet/metrics_interface.go:210.52,233.2 1 0
github.com/orbiterhq/comet/metrics_interface.go:236.41,241.2 3 0
github.com/orbiterhq/comet/metrics_mmap.go:60.62,65.56 3 0
github.com/orbiterhq/comet/metrics_mmap.go:65.56,67.3 1 0
github.com/orbiterhq/comet/metrics_mmap.go:70.2,71.16 2 0
github.com/orbiterhq/comet/metrics_mmap.go:71.16,73.3 1 0
github.com/orbiterhq/comet/metrics_mmap.go:76.2,77.56 2 0
github.com/orbiterhq/comet/metrics_mmap.go:77.56,80.3 2 0
github.com/orbiterhq/comet/metrics_mmap.go:83.2,90.16 2 0
github.com/orbiterhq/comet/metrics_mmap.go:90.16,93.3 2 0
github.com/orbiterhq/comet/metrics_mmap.go:96.2,99.11 2 0
github.com/orbiterhq/comet/metrics_mmap.go:99.11,101.3 1 0
github.com/orbiterhq/comet/metrics_mmap.go:103.2,109.8 1 0
github.com/orbiterhq/comet/metrics_mmap.go:113.37,114.47 1 0
github.com/orbiterhq/comet/metrics_mmap.go:114.47,116.3 1 0
github.com/orbiterhq/comet/metrics_mmap.go:117.2,117.23 1 0
github.com/orbiterhq/comet/metrics_mmap.go:122.54,124.2 1 0
github.com/orbiterhq/comet/metrics_mmap.go:126.46,128.2 1 0
github.com/orbiterhq/comet/metrics_mmap.go:130.56,132.2 1 0
github.com/orbiterhq/comet/metrics_mmap.go:134.56,136.2 1 0
github.com/orbiterhq/comet/metrics_mmap.go:138.59,139.6 1 0
github.com/orbiterhq/comet/metrics_mmap.go:139.6,141.39 2 0
github.com/orbiterhq/comet/metrics_mmap.go:141.39,142.9 1 0
github.com/orbiterhq/comet/metrics_mmap.go:144.3,144.76 1 0
github.com/orbiterhq/comet/metrics_mmap.go:144.76,145.9 1 0
github.com/orbiterhq/comet/metrics_mmap.go:150.59,151.6 1 0
github.com/orbiterhq/comet/metrics_mmap.go:151.6,153.23 2 0
github.com/orbiterhq/comet/metrics_mmap.go:153.23,154.9 1 0
github.com/orbiterhq/comet/metrics_mmap.go:156.3,156.76 1 0
github.com/orbiterhq/comet/metrics_mmap.go:156.76,157.9 1 0
github.com/orbiterhq/comet/metrics_mmap.go:162.57,164.2 1 0
github.com/orbiterhq/comet/metrics_mmap.go:166.64,168.2 1 0
github.com/orbiterhq/comet/metrics_mmap.go:170.65,172.2 1 0
github.com/orbiterhq/comet/metrics_mmap.go:174.56,176.2 1 0
github.com/orbiterhq/comet/metrics_mmap.go:178.59,180.2 1 0
github.com/orbiterhq/comet/metrics_mmap.go:182.59,184.2 1 0
github.com/orbiterhq/comet/metrics_mmap.go:186.60,188.2 1 0
github.com/orbiterhq/comet/metrics_mmap.go:190.58,192.2 1 0
github.com/orbiterhq/comet/metrics_mmap.go:194.55,196.2 1 0
github.com/orbiterhq/comet/metrics_mmap.go:198.54,200.2 1 0
github.com/orbiterhq/comet/metrics_mmap.go:202.53,204.2 1 0
github.com/orbiterhq/comet/metrics_mmap.go:206.53,208.2 1 0
github.com/orbiterhq/comet/metrics_mmap.go:210.50,212.2 1 0
github.com/orbiterhq/comet/metrics_mmap.go:214.65,216.2 1 0
github.com/orbiterhq/comet/metrics_mmap.go:218.50,242.2 1 0
github.com/orbiterhq/comet/mmap_writer.go:42.142,55.44 2 1
github.com/orbiterhq/comet/mmap_writer.go:55.44,57.3 1 0
github.com/orbiterhq/comet/mmap_writer.go:59.2,59.15 1 1
github.com/orbiterhq/comet/mmap_writer.go:63.46,66.20 2 1
github.com/orbiterhq/comet/mmap_writer.go:66.20,69.3 2 1
github.com/orbiterhq/comet/mmap_writer.go:72.2,79.16 4 1
github.com/orbiterhq/comet/mmap_writer.go:79.16,81.3 1 0
github.com/orbiterhq/comet/mmap_writer.go:84.2,85.16 2 1
github.com/orbiterhq/comet/mmap_writer.go:85.16,88.3 2 0
github.com/orbiterhq/comet/mmap_writer.go:90.2,94.24 3 1
github.com/orbiterhq/comet/mmap_writer.go:94.24,95.48 1 1
github.com/orbiterhq/comet/mmap_writer.go:95.48,98.4 2 0
github.com/orbiterhq/comet/mmap_writer.go:100.3,100.20 1 1
github.com/orbiterhq/comet/mmap_writer.go:100.20,102.47 2 1
github.com/orbiterhq/comet/mmap_writer.go:102.47,105.5 2 0
github.com/orbiterhq/comet/mmap_writer.go:107.3,107.21 1 1
github.com/orbiterhq/comet/mmap_writer.go:111.2,114.44 2 1
github.com/orbiterhq/comet/mmap_writer.go:114.44,119.35 3 1
github.com/orbiterhq/comet/mmap_writer.go:119.35,120.28 1 0
github.com/orbiterhq/comet/mmap_writer.go:120.28,122.10 2 0
github.com/orbiterhq/comet/mmap_writer.go:126.3,126.13 1 1
github.com/orbiterhq/comet/mmap_writer.go:126.13,136.34 2 1
github.com/orbiterhq/comet/mmap_writer.go:136.34,138.5 1 1
github.com/orbiterhq/comet/mmap_writer.go:141.4,141.83 1 1
github.com/orbiterhq/comet/mmap_writer.go:141.83,143.5 1 1
github.com/orbiterhq/comet/mmap_writer.go:147.2,150.30 2 1
github.com/orbiterhq/comet/mmap_writer.go:154.48,163.22 4 1
github.com/orbiterhq/comet/mmap_writer.go:163.22,165.3 1 0
github.com/orbiterhq/comet/mmap_writer.go:168.2,168.25 1 1
github.com/orbiterhq/comet/mmap_writer.go:168.25,169.54 1 1
github.com/orbiterhq/comet/mmap_writer.go:169.54,171.4 1 0
github.com/orbiterhq/comet/mmap_writer.go:175.2,177.16 2 1
github.com/orbiterhq/comet/mmap_writer.go:177.16,179.3 1 0
github.com/orbiterhq/comet/mmap_writer.go:181.2,186.12 5 1
github.com/orbiterhq/comet/mmap_writer.go:190.75,191.23 1 1
github.com/orbiterhq/comet/mmap_writer.go:191.23,193.3 1 0
github.com/orbiterhq/comet/mmap_writer.go:196.2,197.32 2 1
github.com/orbiterhq/comet/mmap_writer.go:197.32,199.3 1 1
github.com/orbiterhq/comet/mmap_writer.go:202.2,205.50 2 1
github.com/orbiterhq/comet/mmap_writer.go:205.50,212.3 2 1
github.com/orbiterhq/comet/mmap_writer.go:215.2,220.52 4 1
github.com/orbiterhq/comet/mmap_writer.go:220.52,221.68 1 1
github.com/orbiterhq/comet/mmap_writer.go:221.68,225.4 2 0
github.com/orbiterhq/comet/mmap_writer.go:229.2,229.23 1 1
github.com/orbiterhq/comet/mmap_writer.go:229.23,231.3 1 1
github.com/orbiterhq/comet/mmap_writer.go:234.2,234.49 1 1
github.com/orbiterhq/comet/mmap_writer.go:234.49,236.47 1 0
github.com/orbiterhq/comet/mmap_writer.go:236.47,238.4 1 0
github.com/orbiterhq/comet/mmap_writer.go:242.2,242.49 1 1
github.com/orbiterhq/comet/mmap_writer.go:242.49,245.3 1 0
github.com/orbiterhq/comet/mmap_writer.go:248.2,250.32 3 1
github.com/orbiterhq/comet/mmap_writer.go:250.32,255.58 2 1
github.com/orbiterhq/comet/mmap_writer.go:255.58,258.4 1 0
github.com/orbiterhq/comet/mmap_writer.go:261.3,268.22 5 1
github.com/orbiterhq/comet/mmap_writer.go:273.2,274.48 2 1
github.com/orbiterhq/comet/mmap_writer.go:274.48,275.32 1 1
github.com/orbiterhq/comet/mmap_writer.go:275.32,277.59 1 0
github.com/orbiterhq/comet/mmap_writer.go:277.59,279.5 1 0
github.com/orbiterhq/comet/mmap_writer.go:284.2,289.32 4 1
github.com/orbiterhq/comet/mmap_writer.go:289.32,291.3 1 1
github.com/orbiterhq/comet/mmap_writer.go:293.2,297.54 3 1
github.com/orbiterhq/comet/mmap_writer.go:297.54,299.3 1 0
github.com/orbiterhq/comet/mmap_writer.go:304.2,304.12 1 1
github.com/orbiterhq/comet/mmap_writer.go:308.52,313.23 2 1
github.com/orbiterhq/comet/mmap_writer.go:313.23,315.3 1 0
github.com/orbiterhq/comet/mmap_writer.go:317.2,317.53 1 1
github.com/orbiterhq/comet/mmap_writer.go:317.53,319.3 1 0
github.com/orbiterhq/comet/mmap_writer.go:322.2,325.43 2 1
github.com/orbiterhq/comet/mmap_writer.go:325.43,327.3 1 1
github.com/orbiterhq/comet/mmap_writer.go:329.2,329.12 1 0
github.com/orbiterhq/comet/mmap_writer.go:333.41,335.31 1 1
github.com/orbiterhq/comet/mmap_writer.go:335.31,337.102 1 1
github.com/orbiterhq/comet/mmap_writer.go:337.102,340.4 1 0
github.com/orbiterhq/comet/mmap_writer.go:341.3,341.69 1 1
github.com/orbiterhq/comet/mmap_writer.go:347.2,350.25 3 1
github.com/orbiterhq/comet/mmap_writer.go:350.25,353.3 2 1
github.com/orbiterhq/comet/mmap_writer.go:355.2,355.23 1 1
github.com/orbiterhq/comet/mmap_writer.go:355.23,358.3 2 1
github.com/orbiterhq/comet/mmap_writer.go:361.2,370.16 6 1
github.com/orbiterhq/comet/mmap_writer.go:370.16,371.22 1 1
github.com/orbiterhq/comet/mmap_writer.go:371.22,374.18 2 1
github.com/orbiterhq/comet/mmap_writer.go:374.18,376.5 1 0
github.com/orbiterhq/comet/mmap_writer.go:377.9,379.4 1 0
github.com/orbiterhq/comet/mmap_writer.go:383.2,384.51 2 1
github.com/orbiterhq/comet/mmap_writer.go:384.51,387.3 2 0
github.com/orbiterhq/comet/mmap_writer.go:389.2,401.30 6 1
github.com/orbiterhq/comet/mmap_writer.go:405.35,410.23 3 0
github.com/orbiterhq/comet/mmap_writer.go:410.23,412.3 1 0
github.com/orbiterhq/comet/mmap_writer.go:414.2,414.12 1 0
github.com/orbiterhq/comet/mmap_writer.go:418.36,423.25 3 1
github.com/orbiterhq/comet/mmap_writer.go:423.25,426.3 2 1
github.com/orbiterhq/comet/mmap_writer.go:429.2,429.23 1 1
github.com/orbiterhq/comet/mmap_writer.go:429.23,432.3 2 1
github.com/orbiterhq/comet/mmap_writer.go:434.2,434.12 1 1
github.com/orbiterhq/comet/reader.go:39.37,40.35 1 1
github.com/orbiterhq/comet/reader.go:40.35,42.3 1 1
github.com/orbiterhq/comet/reader.go:43.2,43.12 1 0
github.com/orbiterhq/comet/reader.go:47.42,49.2 1 1
github.com/orbiterhq/comet/reader.go:62.68,67.20 1 1
github.com/orbiterhq/comet/reader.go:67.20,70.5 1 0
github.com/orbiterhq/comet/reader.go:75.2,76.16 2 1
github.com/orbiterhq/comet/reader.go:76.16,78.3 1 0
github.com/orbiterhq/comet/reader.go:79.2,82.39 2 1
github.com/orbiterhq/comet/reader.go:82.39,84.17 2 1
github.com/orbiterhq/comet/reader.go:84.17,88.4 2 0
github.com/orbiterhq/comet/reader.go:89.3,89.36 1 1
github.com/orbiterhq/comet/reader.go:92.2,92.15 1 1
github.com/orbiterhq/comet/reader.go:96.62,98.16 2 1
github.com/orbiterhq/comet/reader.go:98.16,100.3 1 0
github.com/orbiterhq/comet/reader.go:102.2,103.16 2 1
github.com/orbiterhq/comet/reader.go:103.16,106.3 2 0
github.com/orbiterhq/comet/reader.go:108.2,115.15 3 1
github.com/orbiterhq/comet/reader.go:115.15,119.3 2 1
github.com/orbiterhq/comet/reader.go:122.2,123.16 2 1
github.com/orbiterhq/comet/reader.go:123.16,126.3 2 0
github.com/orbiterhq/comet/reader.go:129.2,131.24 2 1
github.com/orbiterhq/comet/reader.go:135.49,138.48 2 1
github.com/orbiterhq/comet/reader.go:138.48,141.3 2 0
github.com/orbiterhq/comet/reader.go:142.2,152.16 6 1
github.com/orbiterhq/comet/reader.go:152.16,154.3 1 0
github.com/orbiterhq/comet/reader.go:156.2,159.36 2 1
github.com/orbiterhq/comet/reader.go:159.36,161.3 1 0
github.com/orbiterhq/comet/reader.go:164.2,165.54 2 1
github.com/orbiterhq/comet/reader.go:165.54,167.3 1 0
github.com/orbiterhq/comet/reader.go:170.2,171.16 2 1
github.com/orbiterhq/comet/reader.go:171.16,173.3 1 0
github.com/orbiterhq/comet/reader.go:176.2,184.20 3 1
github.com/orbiterhq/comet/reader.go:184.20,185.13 1 1
github.com/orbiterhq/comet/reader.go:185.13,188.4 1 1
github.com/orbiterhq/comet/reader.go:191.2,191.12 1 1
github.com/orbiterhq/comet/reader.go:195.73,199.56 2 1
github.com/orbiterhq/comet/reader.go:199.56,202.3 2 0
github.com/orbiterhq/comet/reader.go:204.2,209.28 4 1
github.com/orbiterhq/comet/reader.go:209.28,211.82 2 1
github.com/orbiterhq/comet/reader.go:211.82,213.53 1 1
github.com/orbiterhq/comet/reader.go:213.53,215.5 1 0
github.com/orbiterhq/comet/reader.go:217.4,217.40 1 1
github.com/orbiterhq/comet/reader.go:222.2,222.24 1 1
github.com/orbiterhq/comet/reader.go:222.24,224.52 1 0
github.com/orbiterhq/comet/reader.go:224.52,226.4 1 0
github.com/orbiterhq/comet/reader.go:227.3,227.39 1 0
github.com/orbiterhq/comet/reader.go:229.2,230.72 2 1
github.com/orbiterhq/comet/reader.go:230.72,233.29 1 1
github.com/orbiterhq/comet/reader.go:233.29,234.63 1 1
github.com/orbiterhq/comet/reader.go:234.63,236.46 2 1
github.com/orbiterhq/comet/reader.go:236.46,238.65 1 0
github.com/orbiterhq/comet/reader.go:238.65,241.7 2 0
github.com/orbiterhq/comet/reader.go:246.2,246.18 1 1
github.com/orbiterhq/comet/reader.go:250.32,255.25 4 1
github.com/orbiterhq/comet/reader.go:255.25,260.18 3 1
github.com/orbiterhq/comet/reader.go:260.18,261.66 1 1
github.com/orbiterhq/comet/reader.go:261.66,263.5 1 1
github.com/orbiterhq/comet/reader.go:267.3,267.23 1 1
github.com/orbiterhq/comet/reader.go:267.23,268.63 1 1
github.com/orbiterhq/comet/reader.go:268.63,270.5 1 0
github.com/orbiterhq/comet/reader.go:274.2,274.17 1 1
github.com/orbiterhq/comet/reader.go:278.87,279.20 1 1
github.com/orbiterhq/comet/reader.go:279.20,281.3 1 0
github.com/orbiterhq/comet/reader.go:283.2,283.46 1 1
github.com/orbiterhq/comet/reader.go:283.46,285.3 1 0
github.com/orbiterhq/comet/reader.go:288.2,294.32 5 1
github.com/orbiterhq/comet/reader.go:294.32,296.3 1 1
github.com/orbiterhq/comet/reader.go:299.2,302.85 2 1
github.com/orbiterhq/comet/reader.go:302.85,305.17 2 1
github.com/orbiterhq/comet/reader.go:305.17,307.4 1 0
github.com/orbiterhq/comet/reader.go:308.3,308.27 1 1
github.com/orbiterhq/comet/reader.go:312.2,312.23 1 1
github.com/orbiterhq/comet/retention.go:46.42,47.45 1 1
github.com/orbiterhq/comet/retention.go:47.45,50.3 1 1
github.com/orbiterhq/comet/retention.go:52.2,53.12 2 1
github.com/orbiterhq/comet/retention.go:53.12,62.36 5 1
github.com/orbiterhq/comet/retention.go:62.36,64.4 1 1
github.com/orbiterhq/comet/retention.go:65.3,66.10 2 1
github.com/orbiterhq/comet/retention.go:67.25,68.27 1 1
github.com/orbiterhq/comet/retention.go:69.19,71.10 2 1
github.com/orbiterhq/comet/retention.go:75.3,75.7 1 1
github.com/orbiterhq/comet/retention.go:75.7,76.11 1 1
github.com/orbiterhq/comet/retention.go:77.20,78.28 1 1
github.com/orbiterhq/comet/retention.go:79.20,80.11 1 1
github.com/orbiterhq/comet/retention.go:87.40,92.33 4 1
github.com/orbiterhq/comet/retention.go:92.33,95.25 2 1
github.com/orbiterhq/comet/retention.go:95.25,98.4 2 1
github.com/orbiterhq/comet/retention.go:100.2,103.31 3 1
github.com/orbiterhq/comet/retention.go:103.31,106.3 2 1
github.com/orbiterhq/comet/retention.go:109.2,109.88 1 1
github.com/orbiterhq/comet/retention.go:109.88,112.3 1 0
github.com/orbiterhq/comet/retention.go:115.2,116.31 2 1
github.com/orbiterhq/comet/retention.go:116.31,117.25 1 1
github.com/orbiterhq/comet/retention.go:117.25,119.4 1 1
github.com/orbiterhq/comet/retention.go:124.51,126.83 1 1
github.com/orbiterhq/comet/retention.go:126.83,128.107 1 1
github.com/orbiterhq/comet/retention.go:128.107,133.43 3 0
github.com/orbiterhq/comet/retention.go:133.43,135.5 1 0
github.com/orbiterhq/comet/retention.go:136.4,137.22 2 0
github.com/orbiterhq/comet/retention.go:140.3,140.74 1 1
github.com/orbiterhq/comet/retention.go:143.2,157.42 11 1
github.com/orbiterhq/comet/retention.go:157.42,158.42 1 1
github.com/orbiterhq/comet/retention.go:158.42,159.67 1 1
github.com/orbiterhq/comet/retention.go:159.67,161.5 1 1
github.com/orbiterhq/comet/retention.go:166.2,171.29 4 1
github.com/orbiterhq/comet/retention.go:171.29,172.31 1 1
github.com/orbiterhq/comet/retention.go:172.31,174.4 1 1
github.com/orbiterhq/comet/retention.go:177.2,177.29 1 1
github.com/orbiterhq/comet/retention.go:177.29,182.31 3 1
github.com/orbiterhq/comet/retention.go:182.31,184.12 2 1
github.com/orbiterhq/comet/retention.go:188.3,191.89 2 1
github.com/orbiterhq/comet/retention.go:191.89,193.4 1 1
github.com/orbiterhq/comet/retention.go:196.3,196.109 1 1
github.com/orbiterhq/comet/retention.go:196.109,199.4 2 0
github.com/orbiterhq/comet/retention.go:202.3,202.63 1 1
github.com/orbiterhq/comet/retention.go:202.63,205.35 1 0
github.com/orbiterhq/comet/retention.go:205.35,207.5 1 0
github.com/orbiterhq/comet/retention.go:211.3,211.48 1 1
github.com/orbiterhq/comet/retention.go:211.48,214.45 2 0
github.com/orbiterhq/comet/retention.go:214.45,217.27 2 0
github.com/orbiterhq/comet/retention.go:217.27,219.6 1 0
github.com/orbiterhq/comet/retention.go:224.3,225.74 2 1
github.com/orbiterhq/comet/retention.go:225.74,227.4 1 0
github.com/orbiterhq/comet/retention.go:229.3,229.19 1 1
github.com/orbiterhq/comet/retention.go:229.19,231.4 1 1
github.com/orbiterhq/comet/retention.go:231.9,233.4 1 1
github.com/orbiterhq/comet/retention.go:237.2,237.88 1 1
github.com/orbiterhq/comet/retention.go:237.88,239.47 1 0
github.com/orbiterhq/comet/retention.go:239.47,241.4 1 0
github.com/orbiterhq/comet/retention.go:243.3,244.89 2 0
github.com/orbiterhq/comet/retention.go:244.89,248.91 2 0
github.com/orbiterhq/comet/retention.go:248.91,249.13 1 0
github.com/orbiterhq/comet/retention.go:253.4,258.7 4 0
github.com/orbiterhq/comet/retention.go:263.2,263.28 1 1
github.com/orbiterhq/comet/retention.go:263.28,265.3 1 1
github.com/orbiterhq/comet/retention.go:268.2,268.24 1 1
github.com/orbiterhq/comet/retention.go:268.24,269.27 1 1
github.com/orbiterhq/comet/retention.go:269.27,272.37 2 1
github.com/orbiterhq/comet/retention.go:272.37,273.70 1 1
github.com/orbiterhq/comet/retention.go:273.70,275.6 1 0
github.com/orbiterhq/comet/retention.go:278.4,278.28 1 1
github.com/orbiterhq/comet/retention.go:278.28,280.5 1 1
github.com/orbiterhq/comet/retention.go:281.9,281.40 1 0
github.com/orbiterhq/comet/retention.go:281.40,284.43 2 0
github.com/orbiterhq/comet/retention.go:284.43,285.95 1 0
github.com/orbiterhq/comet/retention.go:285.95,287.6 1 0
github.com/orbiterhq/comet/retention.go:290.4,290.28 1 0
github.com/orbiterhq/comet/retention.go:290.28,292.5 1 0
github.com/orbiterhq/comet/retention.go:297.2,298.35 2 1
github.com/orbiterhq/comet/retention.go:298.35,300.3 1 1
github.com/orbiterhq/comet/retention.go:301.2,301.22 1 1
github.com/orbiterhq/comet/retention.go:306.86,307.21 1 1
github.com/orbiterhq/comet/retention.go:307.21,309.3 1 0
github.com/orbiterhq/comet/retention.go:313.2,313.79 1 1
github.com/orbiterhq/comet/retention.go:313.79,315.87 1 1
github.com/orbiterhq/comet/retention.go:315.87,318.4 1 0
github.com/orbiterhq/comet/retention.go:319.3,319.70 1 1
github.com/orbiterhq/comet/retention.go:322.2,326.29 3 1
github.com/orbiterhq/comet/retention.go:326.29,328.3 1 1
github.com/orbiterhq/comet/retention.go:331.2,332.41 2 1
github.com/orbiterhq/comet/retention.go:332.41,333.29 1 1
github.com/orbiterhq/comet/retention.go:333.29,335.4 1 1
github.com/orbiterhq/comet/retention.go:338.2,343.20 2 1
github.com/orbiterhq/comet/retention.go:343.20,348.54 3 1
github.com/orbiterhq/comet/retention.go:348.54,349.42 1 1
github.com/orbiterhq/comet/retention.go:349.42,351.5 1 0
github.com/orbiterhq/comet/retention.go:353.3,353.43 1 1
github.com/orbiterhq/comet/retention.go:357.2,367.29 6 1
github.com/orbiterhq/comet/retention.go:367.29,369.40 2 1
github.com/orbiterhq/comet/retention.go:369.40,372.26 1 0
github.com/orbiterhq/comet/retention.go:372.26,374.5 1 0
github.com/orbiterhq/comet/retention.go:375.4,375.12 1 0
github.com/orbiterhq/comet/retention.go:377.3,379.41 3 1
github.com/orbiterhq/comet/retention.go:383.2,383.44 1 1
github.com/orbiterhq/comet/retention.go:383.44,387.3 3 1
github.com/orbiterhq/comet/retention.go:391.78,392.53 1 0
github.com/orbiterhq/comet/retention.go:392.53,394.3 1 0
github.com/orbiterhq/comet/retention.go:397.2,403.31 3 0
github.com/orbiterhq/comet/retention.go:403.31,405.42 2 0
github.com/orbiterhq/comet/retention.go:405.42,406.44 1 0
github.com/orbiterhq/comet/retention.go:406.44,408.5 1 0
github.com/orbiterhq/comet/retention.go:410.3,410.21 1 0
github.com/orbiterhq/comet/retention.go:414.2,414.43 1 0
github.com/orbiterhq/comet/retention.go:414.43,416.3 1 0
github.com/orbiterhq/comet/retention.go:419.2,422.30 3 0
github.com/orbiterhq/comet/retention.go:422.30,423.25 1 0
github.com/orbiterhq/comet/retention.go:423.25,424.9 1 0
github.com/orbiterhq/comet/retention.go:427.3,429.28 3 0
github.com/orbiterhq/comet/retention.go:433.2,433.40 1 0
github.com/orbiterhq/comet/retention.go:433.40,435.3 1 0
github.com/orbiterhq/comet/retention.go:440.42,441.45 1 1
github.com/orbiterhq/comet/retention.go:441.45,444.3 1 0
github.com/orbiterhq/comet/retention.go:445.2,445.25 1 1
github.com/orbiterhq/comet/retention.go:449.54,459.39 4 1
github.com/orbiterhq/comet/retention.go:459.39,468.42 3 1
github.com/orbiterhq/comet/retention.go:468.42,473.86 4 1
github.com/orbiterhq/comet/retention.go:473.86,475.5 1 1
github.com/orbiterhq/comet/retention.go:477.4,478.100 2 1
github.com/orbiterhq/comet/retention.go:478.100,480.5 1 1
github.com/orbiterhq/comet/retention.go:482.4,482.44 1 1
github.com/orbiterhq/comet/retention.go:482.44,484.5 1 1
github.com/orbiterhq/comet/retention.go:487.4,487.76 1 1
github.com/orbiterhq/comet/retention.go:487.76,489.5 1 1
github.com/orbiterhq/comet/retention.go:490.4,490.39 1 1
github.com/orbiterhq/comet/retention.go:490.39,492.5 1 1
github.com/orbiterhq/comet/retention.go:496.3,496.58 1 1
github.com/orbiterhq/comet/retention.go:496.58,498.15 2 0
github.com/orbiterhq/comet/retention.go:498.15,500.5 1 0
github.com/orbiterhq/comet/retention.go:503.3,506.21 3 1
github.com/orbiterhq/comet/retention.go:509.2,511.14 2 1
github.com/orbiterhq/comet/state.go:127.13,128.33 1 1
github.com/orbiterhq/comet/state.go:128.33,129.95 1 0
github.com/orbiterhq/comet/state.go:131.2,131.23 1 1
github.com/orbiterhq/comet/state.go:131.23,132.46 1 0
github.com/orbiterhq/comet/state.go:137.42,139.2 1 0
github.com/orbiterhq/comet/state.go:141.43,143.2 1 0
github.com/orbiterhq/comet/state.go:146.49,148.11 2 1
github.com/orbiterhq/comet/state.go:148.11,150.3 1 0
github.com/orbiterhq/comet/state.go:151.2,151.12 1 1
github.com/orbiterhq/comet/state.go:154.55,159.11 4 1
github.com/orbiterhq/comet/state.go:159.11,162.3 1 0
github.com/orbiterhq/comet/state.go:163.2,163.15 1 1
github.com/orbiterhq/comet/state.go:166.49,168.2 1 1
github.com/orbiterhq/comet/state.go:170.54,172.2 1 1
github.com/orbiterhq/comet/state.go:175.46,177.2 1 1
github.com/orbiterhq/comet/state.go:179.58,181.2 1 1
github.com/orbiterhq/comet/state.go:183.51,185.2 1 1
github.com/orbiterhq/comet/state.go:188.50,190.2 1 1
github.com/orbiterhq/comet/state.go:192.62,194.2 1 1
github.com/orbiterhq/comet/state.go:196.55,198.2 1 1
github.com/orbiterhq/comet/state.go:201.43,203.2 1 1
github.com/orbiterhq/comet/state.go:205.48,207.2 1 1
github.com/orbiterhq/comet/state.go:210.63,212.2 1 1
github.com/orbiterhq/comet/state.go:215.46,217.2 1 1
github.com/orbiterhq/comet/state.go:219.58,221.2 1 1
github.com/orbiterhq/comet/state.go:224.48,226.2 1 0
github.com/orbiterhq/comet/state.go:228.53,230.2 1 1
github.com/orbiterhq/comet/state.go:233.57,235.2 1 1
github.com/orbiterhq/comet/state.go:238.57,240.2 1 1
github.com/orbiterhq/comet/state.go:243.60,245.2 1 1
github.com/orbiterhq/comet/state.go:248.59,250.2 1 1
github.com/orbiterhq/comet/state.go:253.50,255.2 1 0
github.com/orbiterhq/comet/state.go:257.74,259.2 1 0
github.com/orbiterhq/comet/state.go:262.50,264.2 1 0
github.com/orbiterhq/comet/state.go:266.74,268.2 1 0
github.com/orbiterhq/comet/state.go:271.62,273.2 1 0
github.com/orbiterhq/comet/state.go:276.64,278.2 1 0
github.com/orbiterhq/comet/state.go:281.54,283.16 2 0
github.com/orbiterhq/comet/state.go:283.16,285.3 1 0
github.com/orbiterhq/comet/state.go:286.2,286.54 1 0
github.com/orbiterhq/comet/state.go:289.57,292.19 3 0
github.com/orbiterhq/comet/state.go:292.19,294.3 1 0
github.com/orbiterhq/comet/state.go:295.2,295.48 1 0
github.com/orbiterhq/comet/state.go:298.45,301.17 3 0
github.com/orbiterhq/comet/state.go:301.17,303.3 1 0
github.com/orbiterhq/comet/state.go:304.2,304.42 1 0
github.com/orbiterhq/comet/state.go:309.55,314.6 3 1
github.com/orbiterhq/comet/state.go:314.6,316.30 2 1
github.com/orbiterhq/comet/state.go:316.30,317.9 1 1
github.com/orbiterhq/comet/state.go:319.3,319.66 1 1
github.com/orbiterhq/comet/state.go:319.66,320.9 1 1
github.com/orbiterhq/comet/state.go:325.2,325.6 1 1
github.com/orbiterhq/comet/state.go:325.6,327.19 2 1
github.com/orbiterhq/comet/state.go:327.19,328.9 1 1
github.com/orbiterhq/comet/state.go:330.3,330.66 1 1
github.com/orbiterhq/comet/state.go:330.66,331.9 1 1
github.com/orbiterhq/comet/state.go:340.2,341.21 2 1
github.com/orbiterhq/comet/state.go:341.21,344.3 1 1
github.com/orbiterhq/comet/state.go:344.8,349.3 2 1
github.com/orbiterhq/comet/state.go:353.2,354.21 2 1
github.com/orbiterhq/comet/state.go:354.21,357.25 2 1
github.com/orbiterhq/comet/state.go:357.25,359.4 1 0
github.com/orbiterhq/comet/state.go:360.3,360.53 1 1
github.com/orbiterhq/comet/state.go:361.8,365.25 2 1
github.com/orbiterhq/comet/state.go:365.25,368.4 1 1
github.com/orbiterhq/comet/state.go:368.9,373.32 2 1
github.com/orbiterhq/comet/state.go:373.32,375.33 2 0
github.com/orbiterhq/comet/state.go:375.33,377.6 1 0
github.com/orbiterhq/comet/state.go:380.4,380.50 1 1
github.com/orbiterhq/comet/state_recovery.go:13.49,14.20 1 1
github.com/orbiterhq/comet/state_recovery.go:14.20,16.3 1 1
github.com/orbiterhq/comet/state_recovery.go:19.2,20.50 2 1
github.com/orbiterhq/comet/state_recovery.go:20.50,24.3 1 1
github.com/orbiterhq/comet/state_recovery.go:27.2,32.44 4 1
github.com/orbiterhq/comet/state_recovery.go:32.44,34.3 1 1
github.com/orbiterhq/comet/state_recovery.go:37.2,37.25 1 1
github.com/orbiterhq/comet/state_recovery.go:37.25,39.3 1 1
github.com/orbiterhq/comet/state_recovery.go:42.2,42.20 1 1
github.com/orbiterhq/comet/state_recovery.go:42.20,44.3 1 1
github.com/orbiterhq/comet/state_recovery.go:47.2,51.42 3 1
github.com/orbiterhq/comet/state_recovery.go:51.43,54.3 0 1
github.com/orbiterhq/comet/state_recovery.go:56.2,56.12 1 1
github.com/orbiterhq/comet/state_recovery.go:60.60,67.20 4 1
github.com/orbiterhq/comet/state_recovery.go:67.20,70.3 2 1
github.com/orbiterhq/comet/state_recovery.go:73.2,73.42 1 1
github.com/orbiterhq/comet/state_recovery.go:73.42,75.27 1 1
github.com/orbiterhq/comet/state_recovery.go:75.27,78.4 2 1
github.com/orbiterhq/comet/state_recovery.go:79.3,79.16 1 1
github.com/orbiterhq/comet/state_recovery.go:83.2,91.59 6 1
github.com/orbiterhq/comet/state_recovery.go:91.59,93.3 1 0
github.com/orbiterhq/comet/state_recovery.go:96.2,99.38 3 1
github.com/orbiterhq/comet/state_recovery.go:99.38,106.32 4 1
github.com/orbiterhq/comet/state_recovery.go:106.32,110.77 3 1
github.com/orbiterhq/comet/state_recovery.go:110.77,112.5 1 1
github.com/orbiterhq/comet/state_recovery.go:116.3,118.50 3 1
github.com/orbiterhq/comet/state_recovery.go:121.2,121.12 1 1
github.com/orbiterhq/comet/state_recovery.go:125.74,129.21 1 1
github.com/orbiterhq/comet/state_recovery.go:130.9,132.61 1 1
github.com/orbiterhq/comet/state_recovery.go:133.10,134.76 1 1
