mode: set
github.com/orbiterhq/comet/cmd/test_worker/main.go:15.13,24.16 3 0
github.com/orbiterhq/comet/cmd/test_worker/main.go:24.16,26.3 1 0
github.com/orbiterhq/comet/cmd/test_worker/main.go:28.2,28.15 1 0
github.com/orbiterhq/comet/cmd/test_worker/main.go:29.16,30.34 1 0
github.com/orbiterhq/comet/cmd/test_worker/main.go:31.16,32.34 1 0
github.com/orbiterhq/comet/cmd/test_worker/main.go:33.19,34.37 1 0
github.com/orbiterhq/comet/cmd/test_worker/main.go:35.10,36.40 1 0
github.com/orbiterhq/comet/cmd/test_worker/main.go:40.56,43.16 3 0
github.com/orbiterhq/comet/cmd/test_worker/main.go:43.16,45.3 1 0
github.com/orbiterhq/comet/cmd/test_worker/main.go:46.2,56.6 8 0
github.com/orbiterhq/comet/cmd/test_worker/main.go:56.6,57.10 1 0
github.com/orbiterhq/comet/cmd/test_worker/main.go:58.21,60.10 2 0
github.com/orbiterhq/comet/cmd/test_worker/main.go:61.19,64.28 2 0
github.com/orbiterhq/comet/cmd/test_worker/main.go:64.28,73.5 3 0
github.com/orbiterhq/comet/cmd/test_worker/main.go:75.4,75.67 1 0
github.com/orbiterhq/comet/cmd/test_worker/main.go:75.67,77.5 1 0
github.com/orbiterhq/comet/cmd/test_worker/main.go:77.10,79.5 1 0
github.com/orbiterhq/comet/cmd/test_worker/main.go:84.56,87.16 3 0
github.com/orbiterhq/comet/cmd/test_worker/main.go:87.16,89.3 1 0
github.com/orbiterhq/comet/cmd/test_worker/main.go:90.2,103.23 8 0
github.com/orbiterhq/comet/cmd/test_worker/main.go:103.23,106.17 3 0
github.com/orbiterhq/comet/cmd/test_worker/main.go:106.17,108.12 2 0
github.com/orbiterhq/comet/cmd/test_worker/main.go:111.3,112.24 2 0
github.com/orbiterhq/comet/cmd/test_worker/main.go:112.24,117.33 3 0
github.com/orbiterhq/comet/cmd/test_worker/main.go:117.33,119.59 2 0
github.com/orbiterhq/comet/cmd/test_worker/main.go:119.59,121.6 1 0
github.com/orbiterhq/comet/cmd/test_worker/main.go:125.4,125.33 1 0
github.com/orbiterhq/comet/cmd/test_worker/main.go:125.33,127.5 1 0
github.com/orbiterhq/comet/cmd/test_worker/main.go:128.9,130.4 1 0
github.com/orbiterhq/comet/cmd/test_worker/main.go:134.2,135.24 2 0
github.com/orbiterhq/comet/cmd/test_worker/main.go:135.24,137.31 2 0
github.com/orbiterhq/comet/cmd/test_worker/main.go:137.31,139.4 1 0
github.com/orbiterhq/comet/cmd/test_worker/main.go:140.3,140.53 1 0
github.com/orbiterhq/comet/cmd/test_worker/main.go:143.2,143.96 1 0
github.com/orbiterhq/comet/cmd/test_worker/main.go:146.59,149.16 3 0
github.com/orbiterhq/comet/cmd/test_worker/main.go:149.16,151.3 1 0
github.com/orbiterhq/comet/cmd/test_worker/main.go:152.2,161.27 6 0
github.com/orbiterhq/comet/cmd/test_worker/main.go:161.27,170.3 3 0
github.com/orbiterhq/comet/cmd/test_worker/main.go:172.2,175.23 3 0
github.com/orbiterhq/comet/cmd/test_worker/main.go:175.23,176.66 1 0
github.com/orbiterhq/comet/cmd/test_worker/main.go:176.66,178.4 1 0
github.com/orbiterhq/comet/cmd/test_worker/main.go:178.9,180.4 1 0
github.com/orbiterhq/comet/cmd/test_worker/main.go:183.2,185.107 3 0
github.com/orbiterhq/comet/client.go:82.79,84.2 1 1
github.com/orbiterhq/comet/client.go:88.54,89.21 1 1
github.com/orbiterhq/comet/client.go:89.21,91.3 1 1
github.com/orbiterhq/comet/client.go:93.2,95.31 3 1
github.com/orbiterhq/comet/client.go:100.80,103.2 2 1
github.com/orbiterhq/comet/client.go:107.49,108.21 1 1
github.com/orbiterhq/comet/client.go:108.21,110.3 1 1
github.com/orbiterhq/comet/client.go:112.2,113.42 2 1
github.com/orbiterhq/comet/client.go:113.42,115.3 1 1
github.com/orbiterhq/comet/client.go:116.2,116.15 1 1
github.com/orbiterhq/comet/client.go:120.77,121.21 1 1
github.com/orbiterhq/comet/client.go:121.21,123.3 1 0
github.com/orbiterhq/comet/client.go:125.2,126.42 2 1
github.com/orbiterhq/comet/client.go:126.42,128.3 1 1
github.com/orbiterhq/comet/client.go:129.2,129.16 1 1
github.com/orbiterhq/comet/client.go:246.39,282.2 1 1
github.com/orbiterhq/comet/client.go:286.42,290.2 3 0
github.com/orbiterhq/comet/client.go:294.39,299.2 4 1
github.com/orbiterhq/comet/client.go:303.41,310.2 6 0
github.com/orbiterhq/comet/client.go:313.39,315.2 0 1
github.com/orbiterhq/comet/client.go:318.45,320.35 1 1
github.com/orbiterhq/comet/client.go:320.35,322.3 1 0
github.com/orbiterhq/comet/client.go:323.2,323.38 1 1
github.com/orbiterhq/comet/client.go:323.38,325.3 1 0
github.com/orbiterhq/comet/client.go:326.2,326.36 1 1
github.com/orbiterhq/comet/client.go:326.36,328.3 1 0
github.com/orbiterhq/comet/client.go:329.2,329.41 1 1
github.com/orbiterhq/comet/client.go:329.41,331.3 1 0
github.com/orbiterhq/comet/client.go:334.2,334.41 1 1
github.com/orbiterhq/comet/client.go:334.41,336.3 1 0
github.com/orbiterhq/comet/client.go:340.2,340.39 1 1
github.com/orbiterhq/comet/client.go:340.39,342.3 1 0
github.com/orbiterhq/comet/client.go:343.2,343.43 1 1
github.com/orbiterhq/comet/client.go:343.43,345.3 1 0
github.com/orbiterhq/comet/client.go:346.2,346.38 1 1
github.com/orbiterhq/comet/client.go:346.38,348.3 1 0
github.com/orbiterhq/comet/client.go:349.2,349.75 1 1
github.com/orbiterhq/comet/client.go:349.75,351.3 1 0
github.com/orbiterhq/comet/client.go:354.2,354.36 1 1
github.com/orbiterhq/comet/client.go:354.36,356.3 1 0
github.com/orbiterhq/comet/client.go:357.2,357.92 1 1
github.com/orbiterhq/comet/client.go:357.92,360.3 1 0
github.com/orbiterhq/comet/client.go:361.2,361.30 1 1
github.com/orbiterhq/comet/client.go:361.30,363.3 1 0
github.com/orbiterhq/comet/client.go:365.2,365.12 1 1
github.com/orbiterhq/comet/client.go:464.90,466.27 1 1
github.com/orbiterhq/comet/client.go:466.27,468.3 1 0
github.com/orbiterhq/comet/client.go:470.2,470.66 1 1
github.com/orbiterhq/comet/client.go:470.66,477.87 2 1
github.com/orbiterhq/comet/client.go:477.87,478.37 1 1
github.com/orbiterhq/comet/client.go:478.37,480.5 1 1
github.com/orbiterhq/comet/client.go:481.4,481.37 1 1
github.com/orbiterhq/comet/client.go:481.37,483.5 1 1
github.com/orbiterhq/comet/client.go:484.4,484.12 1 0
github.com/orbiterhq/comet/client.go:487.3,487.13 1 1
github.com/orbiterhq/comet/client.go:487.13,492.54 2 1
github.com/orbiterhq/comet/client.go:492.54,495.5 1 1
github.com/orbiterhq/comet/client.go:496.9,499.4 1 0
github.com/orbiterhq/comet/client.go:504.85,505.24 1 1
github.com/orbiterhq/comet/client.go:505.24,507.3 1 0
github.com/orbiterhq/comet/client.go:510.2,511.88 2 1
github.com/orbiterhq/comet/client.go:511.88,512.36 1 1
github.com/orbiterhq/comet/client.go:512.36,514.4 1 1
github.com/orbiterhq/comet/client.go:515.3,515.36 1 1
github.com/orbiterhq/comet/client.go:515.36,517.4 1 1
github.com/orbiterhq/comet/client.go:518.3,518.11 1 1
github.com/orbiterhq/comet/client.go:521.2,521.11 1 1
github.com/orbiterhq/comet/client.go:521.11,524.3 1 1
github.com/orbiterhq/comet/client.go:526.2,526.14 1 1
github.com/orbiterhq/comet/client.go:526.14,529.3 1 0
github.com/orbiterhq/comet/client.go:533.2,533.39 1 1
github.com/orbiterhq/comet/client.go:537.103,538.24 1 1
github.com/orbiterhq/comet/client.go:538.24,540.3 1 0
github.com/orbiterhq/comet/client.go:543.2,544.88 2 1
github.com/orbiterhq/comet/client.go:544.88,545.36 1 1
github.com/orbiterhq/comet/client.go:545.36,547.4 1 1
github.com/orbiterhq/comet/client.go:548.3,548.36 1 1
github.com/orbiterhq/comet/client.go:548.36,550.4 1 1
github.com/orbiterhq/comet/client.go:551.3,551.11 1 1
github.com/orbiterhq/comet/client.go:554.2,554.11 1 1
github.com/orbiterhq/comet/client.go:554.11,557.3 1 1
github.com/orbiterhq/comet/client.go:559.2,559.14 1 1
github.com/orbiterhq/comet/client.go:559.14,562.3 1 1
github.com/orbiterhq/comet/client.go:565.2,566.46 2 1
github.com/orbiterhq/comet/client.go:592.49,594.2 1 1
github.com/orbiterhq/comet/client.go:597.79,602.48 2 1
github.com/orbiterhq/comet/client.go:602.48,604.3 1 0
github.com/orbiterhq/comet/client.go:606.2,606.51 1 1
github.com/orbiterhq/comet/client.go:606.51,608.3 1 0
github.com/orbiterhq/comet/client.go:610.2,620.15 3 1
github.com/orbiterhq/comet/client.go:624.100,627.16 2 1
github.com/orbiterhq/comet/client.go:627.16,629.3 1 0
github.com/orbiterhq/comet/client.go:631.2,632.16 2 1
github.com/orbiterhq/comet/client.go:632.16,634.3 1 0
github.com/orbiterhq/comet/client.go:636.2,636.60 1 1
github.com/orbiterhq/comet/client.go:640.73,642.16 2 1
github.com/orbiterhq/comet/client.go:642.16,644.3 1 0
github.com/orbiterhq/comet/client.go:646.2,647.16 2 1
github.com/orbiterhq/comet/client.go:647.16,649.3 1 0
github.com/orbiterhq/comet/client.go:651.2,656.74 3 1
github.com/orbiterhq/comet/client.go:656.74,657.61 1 1
github.com/orbiterhq/comet/client.go:657.61,658.55 1 1
github.com/orbiterhq/comet/client.go:658.55,661.19 2 0
github.com/orbiterhq/comet/client.go:661.19,663.6 1 0
github.com/orbiterhq/comet/client.go:664.5,667.45 2 0
github.com/orbiterhq/comet/client.go:667.45,669.6 1 0
github.com/orbiterhq/comet/client.go:675.2,675.28 1 1
github.com/orbiterhq/comet/client.go:675.28,680.19 3 1
github.com/orbiterhq/comet/client.go:680.19,684.36 2 1
github.com/orbiterhq/comet/client.go:684.36,686.5 1 1
github.com/orbiterhq/comet/client.go:687.4,687.21 1 1
github.com/orbiterhq/comet/client.go:691.3,691.19 1 1
github.com/orbiterhq/comet/client.go:694.2,695.41 2 1
github.com/orbiterhq/comet/client.go:695.41,697.3 1 1
github.com/orbiterhq/comet/client.go:699.2,699.19 1 1
github.com/orbiterhq/comet/client.go:703.50,706.33 3 1
github.com/orbiterhq/comet/client.go:706.33,708.3 1 1
github.com/orbiterhq/comet/client.go:709.2,711.31 2 1
github.com/orbiterhq/comet/client.go:711.31,715.26 2 1
github.com/orbiterhq/comet/client.go:715.26,718.43 3 1
github.com/orbiterhq/comet/client.go:718.43,720.5 1 1
github.com/orbiterhq/comet/client.go:721.4,722.18 2 1
github.com/orbiterhq/comet/client.go:722.18,725.5 2 0
github.com/orbiterhq/comet/client.go:730.3,738.80 6 1
github.com/orbiterhq/comet/client.go:738.80,740.88 1 1
github.com/orbiterhq/comet/client.go:740.88,742.5 1 0
github.com/orbiterhq/comet/client.go:744.4,746.62 2 1
github.com/orbiterhq/comet/client.go:746.62,748.70 1 1
github.com/orbiterhq/comet/client.go:748.70,754.69 1 1
github.com/orbiterhq/comet/client.go:754.69,756.7 1 0
github.com/orbiterhq/comet/client.go:757.6,757.69 1 1
github.com/orbiterhq/comet/client.go:757.69,759.7 1 0
github.com/orbiterhq/comet/client.go:762.6,762.59 1 1
github.com/orbiterhq/comet/client.go:762.59,763.103 1 0
github.com/orbiterhq/comet/client.go:763.103,765.8 1 0
github.com/orbiterhq/comet/client.go:770.6,770.34 1 1
github.com/orbiterhq/comet/client.go:770.34,775.66 2 1
github.com/orbiterhq/comet/client.go:775.66,778.50 2 1
github.com/orbiterhq/comet/client.go:778.50,781.45 2 1
github.com/orbiterhq/comet/client.go:781.45,783.54 2 1
github.com/orbiterhq/comet/client.go:783.54,785.11 1 0
github.com/orbiterhq/comet/client.go:786.10,786.79 1 1
github.com/orbiterhq/comet/client.go:793.6,793.115 1 1
github.com/orbiterhq/comet/client.go:793.115,795.7 1 0
github.com/orbiterhq/comet/client.go:799.4,803.18 3 1
github.com/orbiterhq/comet/client.go:803.18,805.5 1 1
github.com/orbiterhq/comet/client.go:808.4,808.65 1 1
github.com/orbiterhq/comet/client.go:809.9,814.18 4 1
github.com/orbiterhq/comet/client.go:814.18,816.5 1 1
github.com/orbiterhq/comet/client.go:819.3,819.17 1 1
github.com/orbiterhq/comet/client.go:819.17,821.4 1 0
github.com/orbiterhq/comet/client.go:824.2,824.12 1 1
github.com/orbiterhq/comet/client.go:828.67,833.12 4 1
github.com/orbiterhq/comet/client.go:833.12,835.3 1 1
github.com/orbiterhq/comet/client.go:837.2,841.47 3 1
github.com/orbiterhq/comet/client.go:841.47,843.3 1 0
github.com/orbiterhq/comet/client.go:846.2,847.52 2 1
github.com/orbiterhq/comet/client.go:847.52,849.3 1 0
github.com/orbiterhq/comet/client.go:851.2,869.49 2 1
github.com/orbiterhq/comet/client.go:869.49,873.17 3 1
github.com/orbiterhq/comet/client.go:873.17,875.4 1 0
github.com/orbiterhq/comet/client.go:876.3,880.17 3 1
github.com/orbiterhq/comet/client.go:880.17,883.4 2 0
github.com/orbiterhq/comet/client.go:884.3,884.38 1 1
github.com/orbiterhq/comet/client.go:888.2,888.49 1 1
github.com/orbiterhq/comet/client.go:888.49,889.47 1 1
github.com/orbiterhq/comet/client.go:889.47,891.4 1 0
github.com/orbiterhq/comet/client.go:892.3,892.51 1 1
github.com/orbiterhq/comet/client.go:892.51,894.4 1 0
github.com/orbiterhq/comet/client.go:897.3,898.17 2 1
github.com/orbiterhq/comet/client.go:898.17,900.4 1 0
github.com/orbiterhq/comet/client.go:901.3,901.32 1 1
github.com/orbiterhq/comet/client.go:905.2,905.42 1 1
github.com/orbiterhq/comet/client.go:905.42,907.3 1 0
github.com/orbiterhq/comet/client.go:910.2,910.29 1 1
github.com/orbiterhq/comet/client.go:910.29,913.51 3 1
github.com/orbiterhq/comet/client.go:913.51,915.4 1 1
github.com/orbiterhq/comet/client.go:919.2,919.74 1 1
github.com/orbiterhq/comet/client.go:919.74,921.3 1 1
github.com/orbiterhq/comet/client.go:924.2,924.49 1 1
github.com/orbiterhq/comet/client.go:924.49,926.3 1 0
github.com/orbiterhq/comet/client.go:928.2,929.19 2 1
github.com/orbiterhq/comet/client.go:941.93,944.31 2 1
github.com/orbiterhq/comet/client.go:944.31,947.77 2 1
github.com/orbiterhq/comet/client.go:947.77,956.4 2 1
github.com/orbiterhq/comet/client.go:956.9,964.4 1 1
github.com/orbiterhq/comet/client.go:967.2,967.19 1 1
github.com/orbiterhq/comet/client.go:979.121,991.9 6 1
github.com/orbiterhq/comet/client.go:991.9,996.70 3 1
github.com/orbiterhq/comet/client.go:996.70,998.43 2 1
github.com/orbiterhq/comet/client.go:998.43,1000.50 1 1
github.com/orbiterhq/comet/client.go:1000.50,1001.86 1 0
github.com/orbiterhq/comet/client.go:1003.5,1003.39 1 1
github.com/orbiterhq/comet/client.go:1007.3,1023.49 9 1
github.com/orbiterhq/comet/client.go:1023.49,1024.54 1 1
github.com/orbiterhq/comet/client.go:1024.54,1028.38 3 1
github.com/orbiterhq/comet/client.go:1028.38,1030.6 1 1
github.com/orbiterhq/comet/client.go:1030.11,1032.6 1 1
github.com/orbiterhq/comet/client.go:1035.5,1054.60 11 1
github.com/orbiterhq/comet/client.go:1054.60,1057.6 2 1
github.com/orbiterhq/comet/client.go:1059.5,1073.30 6 1
github.com/orbiterhq/comet/client.go:1075.9,1086.30 4 1
github.com/orbiterhq/comet/client.go:1086.30,1087.28 1 1
github.com/orbiterhq/comet/client.go:1087.28,1091.15 4 1
github.com/orbiterhq/comet/client.go:1091.15,1094.7 1 0
github.com/orbiterhq/comet/client.go:1096.10,1099.28 2 0
github.com/orbiterhq/comet/client.go:1099.28,1101.6 1 0
github.com/orbiterhq/comet/client.go:1105.4,1107.54 2 1
github.com/orbiterhq/comet/client.go:1107.54,1111.38 3 1
github.com/orbiterhq/comet/client.go:1111.38,1113.6 1 1
github.com/orbiterhq/comet/client.go:1113.11,1115.6 1 1
github.com/orbiterhq/comet/client.go:1118.5,1137.45 11 1
github.com/orbiterhq/comet/client.go:1137.45,1140.6 2 1
github.com/orbiterhq/comet/client.go:1142.5,1157.29 4 1
github.com/orbiterhq/comet/client.go:1162.4,1163.29 2 1
github.com/orbiterhq/comet/client.go:1163.29,1165.5 1 1
github.com/orbiterhq/comet/client.go:1166.4,1167.39 2 1
github.com/orbiterhq/comet/client.go:1167.39,1172.47 3 1
github.com/orbiterhq/comet/client.go:1172.47,1174.6 1 1
github.com/orbiterhq/comet/client.go:1177.5,1182.31 4 1
github.com/orbiterhq/comet/client.go:1182.31,1185.6 2 1
github.com/orbiterhq/comet/client.go:1188.5,1188.27 1 1
github.com/orbiterhq/comet/client.go:1188.27,1190.6 1 1
github.com/orbiterhq/comet/client.go:1193.5,1193.90 1 1
github.com/orbiterhq/comet/client.go:1193.90,1195.6 1 1
github.com/orbiterhq/comet/client.go:1197.5,1197.15 1 1
github.com/orbiterhq/comet/client.go:1202.3,1202.49 1 1
github.com/orbiterhq/comet/client.go:1202.49,1203.39 1 1
github.com/orbiterhq/comet/client.go:1203.39,1211.5 6 0
github.com/orbiterhq/comet/client.go:1216.2,1219.70 2 1
github.com/orbiterhq/comet/client.go:1219.70,1222.35 2 1
github.com/orbiterhq/comet/client.go:1222.35,1224.4 1 1
github.com/orbiterhq/comet/client.go:1227.3,1228.42 2 1
github.com/orbiterhq/comet/client.go:1228.42,1232.4 1 1
github.com/orbiterhq/comet/client.go:1235.3,1238.79 2 1
github.com/orbiterhq/comet/client.go:1238.79,1244.21 4 1
github.com/orbiterhq/comet/client.go:1244.21,1246.5 1 0
github.com/orbiterhq/comet/client.go:1249.4,1249.59 1 1
github.com/orbiterhq/comet/client.go:1253.3,1253.22 1 1
github.com/orbiterhq/comet/client.go:1253.22,1257.4 3 1
github.com/orbiterhq/comet/client.go:1258.8,1260.69 1 1
github.com/orbiterhq/comet/client.go:1260.69,1261.79 1 0
github.com/orbiterhq/comet/client.go:1261.79,1263.5 1 0
github.com/orbiterhq/comet/client.go:1264.4,1264.62 1 0
github.com/orbiterhq/comet/client.go:1267.3,1269.45 2 1
github.com/orbiterhq/comet/client.go:1269.45,1270.49 1 1
github.com/orbiterhq/comet/client.go:1270.49,1272.10 2 0
github.com/orbiterhq/comet/client.go:1275.3,1275.22 1 1
github.com/orbiterhq/comet/client.go:1275.22,1278.89 2 1
github.com/orbiterhq/comet/client.go:1278.89,1280.5 1 0
github.com/orbiterhq/comet/client.go:1282.3,1282.21 1 1
github.com/orbiterhq/comet/client.go:1286.2,1286.21 1 1
github.com/orbiterhq/comet/client.go:1286.21,1292.33 3 0
github.com/orbiterhq/comet/client.go:1292.33,1294.4 1 0
github.com/orbiterhq/comet/client.go:1296.3,1296.55 1 0
github.com/orbiterhq/comet/client.go:1300.2,1300.77 1 1
github.com/orbiterhq/comet/client.go:1300.77,1301.47 1 1
github.com/orbiterhq/comet/client.go:1301.47,1303.4 1 0
github.com/orbiterhq/comet/client.go:1307.2,1315.56 7 1
github.com/orbiterhq/comet/client.go:1315.56,1318.3 2 1
github.com/orbiterhq/comet/client.go:1321.2,1322.6 2 1
github.com/orbiterhq/comet/client.go:1322.6,1324.51 2 1
github.com/orbiterhq/comet/client.go:1324.51,1325.78 1 1
github.com/orbiterhq/comet/client.go:1325.78,1326.10 1 1
github.com/orbiterhq/comet/client.go:1328.9,1329.9 1 1
github.com/orbiterhq/comet/client.go:1332.2,1332.6 1 1
github.com/orbiterhq/comet/client.go:1332.6,1334.32 2 1
github.com/orbiterhq/comet/client.go:1334.32,1335.78 1 1
github.com/orbiterhq/comet/client.go:1335.78,1336.10 1 1
github.com/orbiterhq/comet/client.go:1338.9,1339.9 1 1
github.com/orbiterhq/comet/client.go:1344.2,1344.9 1 1
github.com/orbiterhq/comet/client.go:1344.9,1350.75 3 1
github.com/orbiterhq/comet/client.go:1350.75,1353.4 2 1
github.com/orbiterhq/comet/client.go:1356.3,1356.70 1 1
github.com/orbiterhq/comet/client.go:1356.70,1359.30 2 1
github.com/orbiterhq/comet/client.go:1359.30,1361.5 1 1
github.com/orbiterhq/comet/client.go:1364.9,1367.4 1 1
github.com/orbiterhq/comet/client.go:1370.3,1370.62 1 1
github.com/orbiterhq/comet/client.go:1370.62,1371.62 1 1
github.com/orbiterhq/comet/client.go:1371.62,1372.15 1 0
github.com/orbiterhq/comet/client.go:1377.2,1377.26 1 1
github.com/orbiterhq/comet/client.go:1381.84,1382.98 1 1
github.com/orbiterhq/comet/client.go:1382.98,1385.22 1 1
github.com/orbiterhq/comet/client.go:1385.22,1388.25 3 1
github.com/orbiterhq/comet/client.go:1388.25,1390.5 1 1
github.com/orbiterhq/comet/client.go:1391.4,1391.22 1 1
github.com/orbiterhq/comet/client.go:1395.3,1395.29 1 1
github.com/orbiterhq/comet/client.go:1395.29,1399.4 3 1
github.com/orbiterhq/comet/client.go:1402.3,1408.13 5 1
github.com/orbiterhq/comet/client.go:1408.13,1413.75 3 1
github.com/orbiterhq/comet/client.go:1413.75,1415.85 1 1
github.com/orbiterhq/comet/client.go:1415.85,1416.30 1 0
github.com/orbiterhq/comet/client.go:1416.30,1420.7 3 0
github.com/orbiterhq/comet/client.go:1421.6,1421.12 1 0
github.com/orbiterhq/comet/client.go:1425.5,1426.59 2 1
github.com/orbiterhq/comet/client.go:1426.59,1428.67 1 1
github.com/orbiterhq/comet/client.go:1428.67,1431.70 1 1
github.com/orbiterhq/comet/client.go:1431.70,1433.8 1 0
github.com/orbiterhq/comet/client.go:1434.7,1434.70 1 1
github.com/orbiterhq/comet/client.go:1434.70,1436.8 1 0
github.com/orbiterhq/comet/client.go:1439.7,1439.60 1 1
github.com/orbiterhq/comet/client.go:1439.60,1440.104 1 0
github.com/orbiterhq/comet/client.go:1440.104,1442.9 1 0
github.com/orbiterhq/comet/client.go:1446.7,1446.35 1 1
github.com/orbiterhq/comet/client.go:1446.35,1448.8 1 1
github.com/orbiterhq/comet/client.go:1451.7,1451.116 1 1
github.com/orbiterhq/comet/client.go:1451.116,1453.8 1 0
github.com/orbiterhq/comet/client.go:1458.5,1462.19 3 1
github.com/orbiterhq/comet/client.go:1462.19,1464.6 1 1
github.com/orbiterhq/comet/client.go:1467.5,1467.62 1 1
github.com/orbiterhq/comet/client.go:1468.10,1474.19 4 1
github.com/orbiterhq/comet/client.go:1474.19,1476.6 1 1
github.com/orbiterhq/comet/client.go:1479.4,1479.18 1 1
github.com/orbiterhq/comet/client.go:1479.18,1481.29 1 0
github.com/orbiterhq/comet/client.go:1481.29,1483.6 1 0
github.com/orbiterhq/comet/client.go:1488.3,1488.27 1 1
github.com/orbiterhq/comet/client.go:1488.27,1491.4 2 0
github.com/orbiterhq/comet/client.go:1497.44,1499.43 2 1
github.com/orbiterhq/comet/client.go:1499.43,1501.17 2 1
github.com/orbiterhq/comet/client.go:1501.17,1503.4 1 1
github.com/orbiterhq/comet/client.go:1505.3,1506.74 1 1
github.com/orbiterhq/comet/client.go:1506.74,1508.12 2 1
github.com/orbiterhq/comet/client.go:1510.3,1510.8 1 0
github.com/orbiterhq/comet/client.go:1512.2,1512.12 1 0
github.com/orbiterhq/comet/client.go:1520.45,1521.68 1 1
github.com/orbiterhq/comet/client.go:1521.68,1523.3 1 0
github.com/orbiterhq/comet/client.go:1525.2,1529.56 3 1
github.com/orbiterhq/comet/client.go:1532.79,1533.29 1 1
github.com/orbiterhq/comet/client.go:1533.29,1535.3 1 0
github.com/orbiterhq/comet/client.go:1538.2,1539.37 2 1
github.com/orbiterhq/comet/client.go:1539.37,1540.50 1 1
github.com/orbiterhq/comet/client.go:1540.50,1542.35 2 1
github.com/orbiterhq/comet/client.go:1542.35,1544.10 2 1
github.com/orbiterhq/comet/client.go:1549.2,1549.19 1 1
github.com/orbiterhq/comet/client.go:1549.19,1551.3 1 1
github.com/orbiterhq/comet/client.go:1555.2,1559.31 4 1
github.com/orbiterhq/comet/client.go:1559.31,1564.17 3 1
github.com/orbiterhq/comet/client.go:1564.17,1565.12 1 0
github.com/orbiterhq/comet/client.go:1567.3,1571.77 3 1
github.com/orbiterhq/comet/client.go:1571.77,1574.56 2 1
github.com/orbiterhq/comet/client.go:1574.56,1580.57 3 1
github.com/orbiterhq/comet/client.go:1580.57,1589.50 5 1
github.com/orbiterhq/comet/client.go:1589.50,1599.65 6 1
github.com/orbiterhq/comet/client.go:1599.65,1601.16 2 0
github.com/orbiterhq/comet/client.go:1605.7,1605.86 1 1
github.com/orbiterhq/comet/client.go:1605.86,1606.13 1 1
github.com/orbiterhq/comet/client.go:1610.7,1610.43 1 1
github.com/orbiterhq/comet/client.go:1610.43,1612.16 2 0
github.com/orbiterhq/comet/client.go:1615.7,1615.12 1 1
github.com/orbiterhq/comet/client.go:1619.6,1622.33 2 1
github.com/orbiterhq/comet/client.go:1622.33,1628.52 3 1
github.com/orbiterhq/comet/client.go:1628.52,1633.84 4 1
github.com/orbiterhq/comet/client.go:1633.84,1635.14 1 1
github.com/orbiterhq/comet/client.go:1638.8,1639.41 2 0
github.com/orbiterhq/comet/client.go:1643.7,1643.38 1 1
github.com/orbiterhq/comet/client.go:1649.6,1649.31 1 1
github.com/orbiterhq/comet/client.go:1649.31,1651.7 1 1
github.com/orbiterhq/comet/client.go:1651.12,1651.60 1 1
github.com/orbiterhq/comet/client.go:1651.60,1653.7 1 1
github.com/orbiterhq/comet/client.go:1653.12,1653.42 1 0
github.com/orbiterhq/comet/client.go:1653.43,1655.7 0 0
github.com/orbiterhq/comet/client.go:1657.10,1657.34 1 0
github.com/orbiterhq/comet/client.go:1657.34,1661.52 3 0
github.com/orbiterhq/comet/client.go:1661.52,1663.6 1 0
github.com/orbiterhq/comet/client.go:1669.3,1671.32 2 1
github.com/orbiterhq/comet/client.go:1671.32,1677.4 5 1
github.com/orbiterhq/comet/client.go:1681.2,1681.47 1 1
github.com/orbiterhq/comet/client.go:1681.47,1683.3 1 1
github.com/orbiterhq/comet/client.go:1686.2,1686.29 1 1
github.com/orbiterhq/comet/client.go:1686.29,1689.50 2 1
github.com/orbiterhq/comet/client.go:1689.50,1691.4 1 1
github.com/orbiterhq/comet/client.go:1692.3,1692.39 1 1
github.com/orbiterhq/comet/client.go:1692.39,1694.4 1 1
github.com/orbiterhq/comet/client.go:1697.3,1698.32 2 1
github.com/orbiterhq/comet/client.go:1698.32,1700.4 1 1
github.com/orbiterhq/comet/client.go:1701.3,1701.61 1 1
github.com/orbiterhq/comet/client.go:1701.61,1703.4 1 1
github.com/orbiterhq/comet/client.go:1707.2,1707.28 1 1
github.com/orbiterhq/comet/client.go:1707.28,1710.3 2 1
github.com/orbiterhq/comet/client.go:1721.120,1723.16 2 1
github.com/orbiterhq/comet/client.go:1723.16,1725.3 1 0
github.com/orbiterhq/comet/client.go:1726.2,1735.19 6 1
github.com/orbiterhq/comet/client.go:1735.19,1737.3 1 0
github.com/orbiterhq/comet/client.go:1739.2,1739.24 1 1
github.com/orbiterhq/comet/client.go:1739.24,1743.36 3 1
github.com/orbiterhq/comet/client.go:1743.36,1744.9 1 0
github.com/orbiterhq/comet/client.go:1748.3,1752.36 3 1
github.com/orbiterhq/comet/client.go:1752.36,1758.91 2 1
github.com/orbiterhq/comet/client.go:1758.91,1760.83 2 1
github.com/orbiterhq/comet/client.go:1760.83,1765.81 3 1
github.com/orbiterhq/comet/client.go:1765.81,1769.12 3 0
github.com/orbiterhq/comet/client.go:1774.4,1774.14 1 1
github.com/orbiterhq/comet/client.go:1774.14,1775.10 1 1
github.com/orbiterhq/comet/client.go:1779.4,1779.12 1 0
github.com/orbiterhq/comet/client.go:1783.3,1783.44 1 1
github.com/orbiterhq/comet/client.go:1783.44,1784.9 1 0
github.com/orbiterhq/comet/client.go:1788.3,1789.28 2 1
github.com/orbiterhq/comet/client.go:1789.28,1790.9 1 0
github.com/orbiterhq/comet/client.go:1794.3,1794.36 1 1
github.com/orbiterhq/comet/client.go:1794.36,1802.4 1 1
github.com/orbiterhq/comet/client.go:1804.3,1806.22 3 1
github.com/orbiterhq/comet/client.go:1809.2,1809.15 1 1
github.com/orbiterhq/comet/client.go:1814.92,1822.12 5 1
github.com/orbiterhq/comet/client.go:1822.12,1826.29 2 1
github.com/orbiterhq/comet/client.go:1826.29,1828.84 1 1
github.com/orbiterhq/comet/client.go:1828.84,1829.29 1 0
github.com/orbiterhq/comet/client.go:1829.29,1833.6 3 0
github.com/orbiterhq/comet/client.go:1834.5,1834.11 1 0
github.com/orbiterhq/comet/client.go:1836.4,1836.67 1 1
github.com/orbiterhq/comet/client.go:1840.3,1844.17 4 1
github.com/orbiterhq/comet/client.go:1844.17,1846.28 1 1
github.com/orbiterhq/comet/client.go:1846.28,1850.5 3 1
github.com/orbiterhq/comet/client.go:1851.9,1853.28 1 1
github.com/orbiterhq/comet/client.go:1853.28,1856.5 2 1
github.com/orbiterhq/comet/client.go:1863.42,1875.44 3 1
github.com/orbiterhq/comet/client.go:1875.44,1877.3 1 1
github.com/orbiterhq/comet/client.go:1880.2,1889.14 7 1
github.com/orbiterhq/comet/client.go:1894.38,1900.16 3 1
github.com/orbiterhq/comet/client.go:1900.16,1903.3 1 1
github.com/orbiterhq/comet/client.go:1904.2,1904.12 1 1
github.com/orbiterhq/comet/client.go:1909.43,1912.16 3 1
github.com/orbiterhq/comet/client.go:1912.16,1914.3 1 0
github.com/orbiterhq/comet/client.go:1917.2,1918.32 2 1
github.com/orbiterhq/comet/client.go:1918.32,1919.20 1 1
github.com/orbiterhq/comet/client.go:1919.20,1920.12 1 0
github.com/orbiterhq/comet/client.go:1922.3,1923.75 2 1
github.com/orbiterhq/comet/client.go:1923.75,1925.4 1 1
github.com/orbiterhq/comet/client.go:1928.2,1928.25 1 1
github.com/orbiterhq/comet/client.go:1928.25,1930.3 1 0
github.com/orbiterhq/comet/client.go:1933.2,1937.34 3 1
github.com/orbiterhq/comet/client.go:1937.34,1939.3 1 1
github.com/orbiterhq/comet/client.go:1942.2,1942.37 1 1
github.com/orbiterhq/comet/client.go:1942.37,1943.31 1 1
github.com/orbiterhq/comet/client.go:1943.31,1946.18 2 1
github.com/orbiterhq/comet/client.go:1946.18,1947.13 1 0
github.com/orbiterhq/comet/client.go:1952.4,1959.6 1 1
github.com/orbiterhq/comet/client.go:1964.2,1964.24 1 1
github.com/orbiterhq/comet/client.go:1964.24,1966.3 1 1
github.com/orbiterhq/comet/client.go:1968.2,1968.12 1 1
github.com/orbiterhq/comet/client.go:1972.35,1974.23 1 1
github.com/orbiterhq/comet/client.go:1974.23,1975.47 1 1
github.com/orbiterhq/comet/client.go:1975.47,1977.4 1 0
github.com/orbiterhq/comet/client.go:1981.2,1981.56 1 1
github.com/orbiterhq/comet/client.go:1981.56,1983.21 1 1
github.com/orbiterhq/comet/client.go:1983.21,1989.4 1 0
github.com/orbiterhq/comet/client.go:1990.3,1990.13 1 1
github.com/orbiterhq/comet/client.go:1994.2,1999.16 4 1
github.com/orbiterhq/comet/client.go:1999.16,2001.3 1 1
github.com/orbiterhq/comet/client.go:2003.2,2010.23 5 1
github.com/orbiterhq/comet/client.go:2010.23,2011.32 1 1
github.com/orbiterhq/comet/client.go:2011.32,2013.51 2 1
github.com/orbiterhq/comet/client.go:2013.51,2015.36 2 1
github.com/orbiterhq/comet/client.go:2015.36,2017.6 1 1
github.com/orbiterhq/comet/client.go:2026.2,2026.12 1 1
github.com/orbiterhq/comet/client.go:2030.39,2033.16 2 1
github.com/orbiterhq/comet/client.go:2033.16,2035.3 1 0
github.com/orbiterhq/comet/client.go:2036.2,2040.16 3 1
github.com/orbiterhq/comet/client.go:2040.16,2042.3 1 0
github.com/orbiterhq/comet/client.go:2044.2,2044.22 1 1
github.com/orbiterhq/comet/client.go:2044.22,2047.70 2 1
github.com/orbiterhq/comet/client.go:2047.70,2049.4 1 0
github.com/orbiterhq/comet/client.go:2050.8,2050.29 1 1
github.com/orbiterhq/comet/client.go:2050.29,2052.3 1 0
github.com/orbiterhq/comet/client.go:2055.2,2056.16 2 1
github.com/orbiterhq/comet/client.go:2056.16,2058.3 1 0
github.com/orbiterhq/comet/client.go:2060.2,2066.12 4 1
github.com/orbiterhq/comet/client.go:2070.43,2073.16 2 1
github.com/orbiterhq/comet/client.go:2073.16,2075.3 1 0
github.com/orbiterhq/comet/client.go:2076.2,2080.16 3 1
github.com/orbiterhq/comet/client.go:2080.16,2082.3 1 0
github.com/orbiterhq/comet/client.go:2084.2,2084.22 1 1
github.com/orbiterhq/comet/client.go:2084.22,2090.51 2 1
github.com/orbiterhq/comet/client.go:2090.51,2092.4 1 1
github.com/orbiterhq/comet/client.go:2093.3,2093.77 1 1
github.com/orbiterhq/comet/client.go:2093.77,2095.4 1 0
github.com/orbiterhq/comet/client.go:2096.8,2096.29 1 1
github.com/orbiterhq/comet/client.go:2096.29,2098.3 1 0
github.com/orbiterhq/comet/client.go:2101.2,2102.16 2 1
github.com/orbiterhq/comet/client.go:2102.16,2104.3 1 0
github.com/orbiterhq/comet/client.go:2106.2,2116.12 4 1
github.com/orbiterhq/comet/client.go:2120.41,2121.30 1 1
github.com/orbiterhq/comet/client.go:2121.30,2123.3 1 1
github.com/orbiterhq/comet/client.go:2125.2,2125.26 1 1
github.com/orbiterhq/comet/client.go:2129.35,2131.51 1 1
github.com/orbiterhq/comet/client.go:2131.51,2133.3 1 1
github.com/orbiterhq/comet/client.go:2137.84,2139.85 1 1
github.com/orbiterhq/comet/client.go:2139.85,2140.78 1 1
github.com/orbiterhq/comet/client.go:2140.78,2142.4 1 0
github.com/orbiterhq/comet/client.go:2143.3,2143.61 1 1
github.com/orbiterhq/comet/client.go:2146.2,2146.31 1 1
github.com/orbiterhq/comet/client.go:2146.31,2157.3 3 1
github.com/orbiterhq/comet/client.go:2160.2,2161.16 2 1
github.com/orbiterhq/comet/client.go:2161.16,2163.3 1 1
github.com/orbiterhq/comet/client.go:2165.2,2170.23 3 1
github.com/orbiterhq/comet/client.go:2170.23,2172.3 1 1
github.com/orbiterhq/comet/client.go:2173.2,2177.16 3 1
github.com/orbiterhq/comet/client.go:2177.16,2179.3 1 0
github.com/orbiterhq/comet/client.go:2180.2,2182.12 2 1
github.com/orbiterhq/comet/client.go:2186.42,2188.16 2 1
github.com/orbiterhq/comet/client.go:2188.16,2190.3 1 0
github.com/orbiterhq/comet/client.go:2192.2,2193.46 2 1
github.com/orbiterhq/comet/client.go:2193.46,2196.3 2 1
github.com/orbiterhq/comet/client.go:2199.2,2205.16 5 1
github.com/orbiterhq/comet/client.go:2205.16,2207.3 1 0
github.com/orbiterhq/comet/client.go:2208.2,2211.26 2 1
github.com/orbiterhq/comet/client.go:2211.26,2212.37 1 1
github.com/orbiterhq/comet/client.go:2212.37,2213.9 1 0
github.com/orbiterhq/comet/client.go:2216.3,2217.53 2 1
github.com/orbiterhq/comet/client.go:2217.53,2218.9 1 0
github.com/orbiterhq/comet/client.go:2221.3,2222.51 2 1
github.com/orbiterhq/comet/client.go:2222.51,2223.9 1 0
github.com/orbiterhq/comet/client.go:2227.3,2227.18 1 1
github.com/orbiterhq/comet/client.go:2227.18,2230.22 2 1
github.com/orbiterhq/comet/client.go:2230.22,2232.10 1 1
github.com/orbiterhq/comet/client.go:2237.3,2239.17 3 1
github.com/orbiterhq/comet/client.go:2243.2,2247.48 3 1
github.com/orbiterhq/comet/client.go:2247.48,2249.3 1 1
github.com/orbiterhq/comet/client.go:2252.2,2252.22 1 1
github.com/orbiterhq/comet/client.go:2252.22,2257.3 1 1
github.com/orbiterhq/comet/client.go:2259.2,2259.12 1 1
github.com/orbiterhq/comet/client.go:2264.85,2266.25 1 1
github.com/orbiterhq/comet/client.go:2266.25,2268.51 1 1
github.com/orbiterhq/comet/client.go:2268.51,2270.4 1 0
github.com/orbiterhq/comet/client.go:2274.3,2292.13 8 1
github.com/orbiterhq/comet/client.go:2296.2,2301.21 3 1
github.com/orbiterhq/comet/client.go:2301.21,2303.3 1 1
github.com/orbiterhq/comet/client.go:2306.2,2306.25 1 1
github.com/orbiterhq/comet/client.go:2306.25,2308.3 1 1
github.com/orbiterhq/comet/client.go:2311.2,2311.43 1 1
github.com/orbiterhq/comet/client.go:2311.43,2313.3 1 0
github.com/orbiterhq/comet/client.go:2316.2,2316.28 1 1
github.com/orbiterhq/comet/client.go:2316.28,2320.3 3 1
github.com/orbiterhq/comet/client.go:2323.2,2323.68 1 1
github.com/orbiterhq/comet/client.go:2323.68,2324.78 1 0
github.com/orbiterhq/comet/client.go:2324.78,2326.4 1 0
github.com/orbiterhq/comet/client.go:2327.3,2327.61 1 0
github.com/orbiterhq/comet/client.go:2331.2,2349.51 7 1
github.com/orbiterhq/comet/client.go:2353.58,2357.40 2 1
github.com/orbiterhq/comet/client.go:2357.40,2358.23 1 1
github.com/orbiterhq/comet/client.go:2358.23,2360.9 2 1
github.com/orbiterhq/comet/client.go:2364.2,2364.57 1 1
github.com/orbiterhq/comet/client.go:2364.57,2366.3 1 0
github.com/orbiterhq/comet/client.go:2369.2,2373.30 3 1
github.com/orbiterhq/comet/client.go:2373.30,2374.31 1 1
github.com/orbiterhq/comet/client.go:2374.31,2376.4 1 0
github.com/orbiterhq/comet/client.go:2377.3,2378.38 2 1
github.com/orbiterhq/comet/client.go:2378.38,2380.4 1 0
github.com/orbiterhq/comet/client.go:2381.3,2381.31 1 1
github.com/orbiterhq/comet/client.go:2384.2,2384.21 1 1
github.com/orbiterhq/comet/client.go:2388.32,2392.14 3 1
github.com/orbiterhq/comet/client.go:2392.14,2394.3 1 1
github.com/orbiterhq/comet/client.go:2396.2,2399.21 2 1
github.com/orbiterhq/comet/client.go:2399.21,2402.3 2 1
github.com/orbiterhq/comet/client.go:2405.2,2405.33 1 1
github.com/orbiterhq/comet/client.go:2405.33,2416.26 4 1
github.com/orbiterhq/comet/client.go:2416.26,2418.4 1 1
github.com/orbiterhq/comet/client.go:2421.3,2421.30 1 1
github.com/orbiterhq/comet/client.go:2421.30,2423.4 1 1
github.com/orbiterhq/comet/client.go:2426.3,2426.28 1 1
github.com/orbiterhq/comet/client.go:2426.28,2428.4 1 1
github.com/orbiterhq/comet/client.go:2431.3,2431.30 1 1
github.com/orbiterhq/comet/client.go:2431.30,2433.4 1 1
github.com/orbiterhq/comet/client.go:2435.3,2443.28 5 1
github.com/orbiterhq/comet/client.go:2443.28,2445.4 1 1
github.com/orbiterhq/comet/client.go:2446.3,2446.33 1 1
github.com/orbiterhq/comet/client.go:2446.33,2448.4 1 1
github.com/orbiterhq/comet/client.go:2449.3,2449.32 1 1
github.com/orbiterhq/comet/client.go:2449.32,2451.4 1 1
github.com/orbiterhq/comet/client.go:2452.3,2455.34 2 1
github.com/orbiterhq/comet/client.go:2455.34,2459.4 3 1
github.com/orbiterhq/comet/client.go:2460.3,2460.37 1 1
github.com/orbiterhq/comet/client.go:2460.37,2464.4 3 1
github.com/orbiterhq/comet/client.go:2467.2,2467.12 1 1
github.com/orbiterhq/comet/client.go:2471.40,2478.33 5 1
github.com/orbiterhq/comet/client.go:2478.33,2486.61 5 1
github.com/orbiterhq/comet/client.go:2486.61,2488.20 2 0
github.com/orbiterhq/comet/client.go:2488.20,2490.5 1 0
github.com/orbiterhq/comet/client.go:2492.3,2492.21 1 1
github.com/orbiterhq/comet/client.go:2494.2,2521.3 5 1
github.com/orbiterhq/comet/consumer.go:24.37,26.2 1 1
github.com/orbiterhq/comet/consumer.go:29.52,32.76 3 0
github.com/orbiterhq/comet/consumer.go:32.76,34.3 1 0
github.com/orbiterhq/comet/consumer.go:35.2,35.67 1 0
github.com/orbiterhq/comet/consumer.go:93.47,94.34 1 1
github.com/orbiterhq/comet/consumer.go:94.34,96.3 1 1
github.com/orbiterhq/comet/consumer.go:100.49,101.34 1 1
github.com/orbiterhq/comet/consumer.go:101.34,103.3 1 1
github.com/orbiterhq/comet/consumer.go:107.44,108.34 1 1
github.com/orbiterhq/comet/consumer.go:108.34,110.3 1 1
github.com/orbiterhq/comet/consumer.go:114.48,115.34 1 1
github.com/orbiterhq/comet/consumer.go:115.34,117.3 1 1
github.com/orbiterhq/comet/consumer.go:121.61,122.34 1 0
github.com/orbiterhq/comet/consumer.go:122.34,124.3 1 0
github.com/orbiterhq/comet/consumer.go:128.56,129.34 1 1
github.com/orbiterhq/comet/consumer.go:129.34,131.3 1 1
github.com/orbiterhq/comet/consumer.go:135.46,136.34 1 1
github.com/orbiterhq/comet/consumer.go:136.34,138.3 1 1
github.com/orbiterhq/comet/consumer.go:142.78,143.34 1 1
github.com/orbiterhq/comet/consumer.go:143.34,145.3 1 1
github.com/orbiterhq/comet/consumer.go:149.87,150.34 1 0
github.com/orbiterhq/comet/consumer.go:150.34,152.3 1 0
github.com/orbiterhq/comet/consumer.go:156.58,157.34 1 0
github.com/orbiterhq/comet/consumer.go:157.34,160.3 2 0
github.com/orbiterhq/comet/consumer.go:164.83,176.27 2 1
github.com/orbiterhq/comet/consumer.go:176.27,178.3 1 1
github.com/orbiterhq/comet/consumer.go:181.2,181.46 1 1
github.com/orbiterhq/comet/consumer.go:181.46,183.3 1 0
github.com/orbiterhq/comet/consumer.go:185.2,185.12 1 1
github.com/orbiterhq/comet/consumer.go:189.66,195.2 1 1
github.com/orbiterhq/comet/consumer.go:198.34,200.44 1 1
github.com/orbiterhq/comet/consumer.go:200.44,201.40 1 1
github.com/orbiterhq/comet/consumer.go:201.40,203.4 1 1
github.com/orbiterhq/comet/consumer.go:204.3,204.14 1 1
github.com/orbiterhq/comet/consumer.go:206.2,206.12 1 1
github.com/orbiterhq/comet/consumer.go:210.99,214.33 3 1
github.com/orbiterhq/comet/consumer.go:214.33,215.21 1 1
github.com/orbiterhq/comet/consumer.go:215.21,216.9 1 1
github.com/orbiterhq/comet/consumer.go:219.3,220.17 2 1
github.com/orbiterhq/comet/consumer.go:220.17,222.4 1 1
github.com/orbiterhq/comet/consumer.go:224.3,225.17 2 1
github.com/orbiterhq/comet/consumer.go:225.17,227.4 1 1
github.com/orbiterhq/comet/consumer.go:229.3,230.34 2 1
github.com/orbiterhq/comet/consumer.go:233.2,233.22 1 1
github.com/orbiterhq/comet/consumer.go:255.99,260.24 2 1
github.com/orbiterhq/comet/consumer.go:260.24,262.3 1 0
github.com/orbiterhq/comet/consumer.go:265.2,266.25 2 1
github.com/orbiterhq/comet/consumer.go:266.25,268.3 1 1
github.com/orbiterhq/comet/consumer.go:268.8,268.29 1 1
github.com/orbiterhq/comet/consumer.go:268.29,271.17 2 1
github.com/orbiterhq/comet/consumer.go:271.17,273.4 1 0
github.com/orbiterhq/comet/consumer.go:274.3,274.28 1 1
github.com/orbiterhq/comet/consumer.go:275.8,277.3 1 0
github.com/orbiterhq/comet/consumer.go:280.2,283.6 2 1
github.com/orbiterhq/comet/consumer.go:283.6,284.10 1 1
github.com/orbiterhq/comet/consumer.go:285.21,286.20 1 1
github.com/orbiterhq/comet/consumer.go:287.11,287.11 0 1
github.com/orbiterhq/comet/consumer.go:290.3,292.17 3 1
github.com/orbiterhq/comet/consumer.go:292.17,293.26 1 0
github.com/orbiterhq/comet/consumer.go:293.26,295.5 1 0
github.com/orbiterhq/comet/consumer.go:297.4,297.11 1 0
github.com/orbiterhq/comet/consumer.go:298.22,299.21 1 0
github.com/orbiterhq/comet/consumer.go:300.40,301.13 1 0
github.com/orbiterhq/comet/consumer.go:305.3,305.25 1 1
github.com/orbiterhq/comet/consumer.go:305.25,307.11 1 1
github.com/orbiterhq/comet/consumer.go:308.22,309.21 1 1
github.com/orbiterhq/comet/consumer.go:310.40,311.13 1 1
github.com/orbiterhq/comet/consumer.go:316.3,317.52 2 1
github.com/orbiterhq/comet/consumer.go:317.52,319.25 2 1
github.com/orbiterhq/comet/consumer.go:319.25,320.10 1 1
github.com/orbiterhq/comet/consumer.go:323.4,323.26 1 1
github.com/orbiterhq/comet/consumer.go:323.26,325.5 1 1
github.com/orbiterhq/comet/consumer.go:327.4,327.30 1 1
github.com/orbiterhq/comet/consumer.go:327.30,328.12 1 1
github.com/orbiterhq/comet/consumer.go:329.23,330.22 1 0
github.com/orbiterhq/comet/consumer.go:331.64,331.64 0 1
github.com/orbiterhq/comet/consumer.go:338.3,338.35 1 1
github.com/orbiterhq/comet/consumer.go:338.35,339.33 1 1
github.com/orbiterhq/comet/consumer.go:339.33,340.68 1 1
github.com/orbiterhq/comet/consumer.go:340.68,342.6 1 0
github.com/orbiterhq/comet/consumer.go:347.3,347.25 1 1
github.com/orbiterhq/comet/consumer.go:347.25,349.4 1 0
github.com/orbiterhq/comet/consumer.go:354.69,356.52 1 1
github.com/orbiterhq/comet/consumer.go:356.52,370.44 8 1
github.com/orbiterhq/comet/consumer.go:370.44,373.57 2 1
github.com/orbiterhq/comet/consumer.go:373.57,374.52 1 1
github.com/orbiterhq/comet/consumer.go:374.52,376.6 1 0
github.com/orbiterhq/comet/consumer.go:378.4,378.18 1 1
github.com/orbiterhq/comet/consumer.go:378.18,380.5 1 1
github.com/orbiterhq/comet/consumer.go:385.3,386.17 2 1
github.com/orbiterhq/comet/consumer.go:390.2,410.16 8 1
github.com/orbiterhq/comet/consumer.go:410.16,412.3 1 1
github.com/orbiterhq/comet/consumer.go:415.2,415.79 1 1
github.com/orbiterhq/comet/consumer.go:415.79,419.3 2 0
github.com/orbiterhq/comet/consumer.go:421.2,421.23 1 1
github.com/orbiterhq/comet/consumer.go:425.91,427.44 1 1
github.com/orbiterhq/comet/consumer.go:427.44,429.99 1 1
github.com/orbiterhq/comet/consumer.go:429.99,431.78 1 1
github.com/orbiterhq/comet/consumer.go:431.79,433.5 0 0
github.com/orbiterhq/comet/consumer.go:433.10,434.31 1 1
github.com/orbiterhq/comet/consumer.go:434.31,436.6 1 1
github.com/orbiterhq/comet/consumer.go:438.5,438.71 1 1
github.com/orbiterhq/comet/consumer.go:444.2,444.33 1 1
github.com/orbiterhq/comet/consumer.go:444.33,446.3 1 0
github.com/orbiterhq/comet/consumer.go:449.2,457.38 3 1
github.com/orbiterhq/comet/consumer.go:457.38,459.3 1 1
github.com/orbiterhq/comet/consumer.go:460.2,463.30 2 1
github.com/orbiterhq/comet/consumer.go:463.30,465.3 1 1
github.com/orbiterhq/comet/consumer.go:468.2,468.31 1 1
github.com/orbiterhq/comet/consumer.go:468.31,470.3 1 1
github.com/orbiterhq/comet/consumer.go:473.2,473.71 1 1
github.com/orbiterhq/comet/consumer.go:477.131,478.31 1 1
github.com/orbiterhq/comet/consumer.go:478.31,480.3 1 0
github.com/orbiterhq/comet/consumer.go:483.2,484.16 2 1
github.com/orbiterhq/comet/consumer.go:484.16,486.3 1 0
github.com/orbiterhq/comet/consumer.go:489.2,498.33 7 1
github.com/orbiterhq/comet/consumer.go:498.33,501.38 2 1
github.com/orbiterhq/comet/consumer.go:501.38,503.4 1 0
github.com/orbiterhq/comet/consumer.go:506.3,506.48 1 1
github.com/orbiterhq/comet/consumer.go:506.48,508.4 1 0
github.com/orbiterhq/comet/consumer.go:510.3,512.22 3 1
github.com/orbiterhq/comet/consumer.go:512.22,514.4 1 0
github.com/orbiterhq/comet/consumer.go:517.3,517.54 1 1
github.com/orbiterhq/comet/consumer.go:517.54,519.50 1 0
github.com/orbiterhq/comet/consumer.go:519.50,522.13 3 0
github.com/orbiterhq/comet/consumer.go:523.10,525.5 1 0
github.com/orbiterhq/comet/consumer.go:529.3,533.29 3 1
github.com/orbiterhq/comet/consumer.go:533.29,535.4 1 0
github.com/orbiterhq/comet/consumer.go:538.3,539.38 2 1
github.com/orbiterhq/comet/consumer.go:539.38,541.50 1 0
github.com/orbiterhq/comet/consumer.go:541.50,544.13 3 0
github.com/orbiterhq/comet/consumer.go:545.10,547.5 1 0
github.com/orbiterhq/comet/consumer.go:551.3,555.52 3 1
github.com/orbiterhq/comet/consumer.go:555.52,557.50 1 0
github.com/orbiterhq/comet/consumer.go:557.50,560.5 2 0
github.com/orbiterhq/comet/consumer.go:560.10,562.10 1 0
github.com/orbiterhq/comet/consumer.go:567.2,567.24 1 1
github.com/orbiterhq/comet/consumer.go:571.108,577.28 3 1
github.com/orbiterhq/comet/consumer.go:577.28,579.46 2 1
github.com/orbiterhq/comet/consumer.go:579.46,583.47 2 1
github.com/orbiterhq/comet/consumer.go:583.47,584.54 1 1
github.com/orbiterhq/comet/consumer.go:584.54,587.6 2 0
github.com/orbiterhq/comet/consumer.go:588.5,592.31 2 1
github.com/orbiterhq/comet/consumer.go:592.31,595.6 2 1
github.com/orbiterhq/comet/consumer.go:598.5,598.47 1 1
github.com/orbiterhq/comet/consumer.go:598.47,599.39 1 1
github.com/orbiterhq/comet/consumer.go:599.39,600.44 1 1
github.com/orbiterhq/comet/consumer.go:600.44,602.8 1 1
github.com/orbiterhq/comet/consumer.go:603.7,604.19 2 1
github.com/orbiterhq/comet/consumer.go:606.6,606.17 1 0
github.com/orbiterhq/comet/consumer.go:609.4,609.21 1 1
github.com/orbiterhq/comet/consumer.go:613.2,616.13 3 1
github.com/orbiterhq/comet/consumer.go:616.13,618.3 1 1
github.com/orbiterhq/comet/consumer.go:619.2,624.55 4 1
github.com/orbiterhq/comet/consumer.go:624.55,626.32 2 1
github.com/orbiterhq/comet/consumer.go:626.32,633.34 4 1
github.com/orbiterhq/comet/consumer.go:633.34,637.5 2 1
github.com/orbiterhq/comet/consumer.go:639.4,642.96 2 1
github.com/orbiterhq/comet/consumer.go:642.96,644.5 1 0
github.com/orbiterhq/comet/consumer.go:646.4,647.15 2 1
github.com/orbiterhq/comet/consumer.go:647.15,649.5 1 1
github.com/orbiterhq/comet/consumer.go:650.4,652.21 3 1
github.com/orbiterhq/comet/consumer.go:656.2,656.34 1 1
github.com/orbiterhq/comet/consumer.go:656.34,658.3 1 1
github.com/orbiterhq/comet/consumer.go:661.2,661.39 1 1
github.com/orbiterhq/comet/consumer.go:661.39,663.3 1 0
github.com/orbiterhq/comet/consumer.go:666.2,668.53 3 1
github.com/orbiterhq/comet/consumer.go:668.53,670.3 1 1
github.com/orbiterhq/comet/consumer.go:671.2,674.96 2 1
github.com/orbiterhq/comet/consumer.go:674.96,676.23 1 1
github.com/orbiterhq/comet/consumer.go:676.23,678.4 1 0
github.com/orbiterhq/comet/consumer.go:681.3,685.17 4 1
github.com/orbiterhq/comet/consumer.go:685.17,688.85 1 1
github.com/orbiterhq/comet/consumer.go:688.85,690.5 1 1
github.com/orbiterhq/comet/consumer.go:692.4,692.18 1 1
github.com/orbiterhq/comet/consumer.go:692.18,695.56 1 0
github.com/orbiterhq/comet/consumer.go:695.56,696.14 1 0
github.com/orbiterhq/comet/consumer.go:698.5,698.109 1 0
github.com/orbiterhq/comet/consumer.go:703.3,703.29 1 1
github.com/orbiterhq/comet/consumer.go:703.29,705.4 1 0
github.com/orbiterhq/comet/consumer.go:708.3,709.17 2 1
github.com/orbiterhq/comet/consumer.go:709.17,711.4 1 0
github.com/orbiterhq/comet/consumer.go:714.3,715.17 2 1
github.com/orbiterhq/comet/consumer.go:715.17,717.4 1 1
github.com/orbiterhq/comet/consumer.go:719.3,725.39 2 1
github.com/orbiterhq/comet/consumer.go:728.2,728.22 1 1
github.com/orbiterhq/comet/consumer.go:732.98,741.21 5 1
github.com/orbiterhq/comet/consumer.go:741.21,743.3 1 0
github.com/orbiterhq/comet/consumer.go:746.2,747.16 2 1
github.com/orbiterhq/comet/consumer.go:747.16,749.3 1 0
github.com/orbiterhq/comet/consumer.go:751.2,757.29 4 1
github.com/orbiterhq/comet/consumer.go:757.29,758.35 1 1
github.com/orbiterhq/comet/consumer.go:758.35,759.9 1 0
github.com/orbiterhq/comet/consumer.go:762.3,764.22 3 1
github.com/orbiterhq/comet/consumer.go:764.22,765.12 1 0
github.com/orbiterhq/comet/consumer.go:768.3,772.25 3 1
github.com/orbiterhq/comet/consumer.go:772.25,774.28 1 1
github.com/orbiterhq/comet/consumer.go:774.28,775.10 1 0
github.com/orbiterhq/comet/consumer.go:779.4,784.63 4 1
github.com/orbiterhq/comet/consumer.go:784.63,787.13 2 0
github.com/orbiterhq/comet/consumer.go:791.4,792.27 2 1
github.com/orbiterhq/comet/consumer.go:792.27,793.10 1 0
github.com/orbiterhq/comet/consumer.go:797.4,797.35 1 1
github.com/orbiterhq/comet/consumer.go:797.35,802.5 1 1
github.com/orbiterhq/comet/consumer.go:805.4,806.21 2 0
github.com/orbiterhq/comet/consumer.go:810.2,810.120 1 0
github.com/orbiterhq/comet/consumer.go:814.76,815.26 1 1
github.com/orbiterhq/comet/consumer.go:815.26,817.3 1 0
github.com/orbiterhq/comet/consumer.go:820.2,820.26 1 1
github.com/orbiterhq/comet/consumer.go:820.26,823.17 3 1
github.com/orbiterhq/comet/consumer.go:823.17,825.4 1 0
github.com/orbiterhq/comet/consumer.go:827.3,837.13 6 1
github.com/orbiterhq/comet/consumer.go:841.2,841.31 1 1
github.com/orbiterhq/comet/consumer.go:845.59,848.32 2 1
github.com/orbiterhq/comet/consumer.go:848.32,850.3 1 1
github.com/orbiterhq/comet/consumer.go:853.2,853.40 1 1
github.com/orbiterhq/comet/consumer.go:853.40,855.17 2 1
github.com/orbiterhq/comet/consumer.go:855.17,857.4 1 0
github.com/orbiterhq/comet/consumer.go:859.3,863.26 3 1
github.com/orbiterhq/comet/consumer.go:863.26,864.33 1 1
github.com/orbiterhq/comet/consumer.go:864.33,866.5 1 1
github.com/orbiterhq/comet/consumer.go:870.3,870.20 1 1
github.com/orbiterhq/comet/consumer.go:870.20,874.4 2 1
github.com/orbiterhq/comet/consumer.go:876.3,876.20 1 1
github.com/orbiterhq/comet/consumer.go:879.2,879.12 1 1
github.com/orbiterhq/comet/consumer.go:883.79,885.16 2 1
github.com/orbiterhq/comet/consumer.go:885.16,887.3 1 0
github.com/orbiterhq/comet/consumer.go:890.2,890.28 1 1
github.com/orbiterhq/comet/consumer.go:890.28,892.46 2 0
github.com/orbiterhq/comet/consumer.go:892.46,896.47 2 0
github.com/orbiterhq/comet/consumer.go:896.47,897.54 1 0
github.com/orbiterhq/comet/consumer.go:897.54,900.6 2 0
github.com/orbiterhq/comet/consumer.go:901.5,901.43 1 0
github.com/orbiterhq/comet/consumer.go:903.4,903.21 1 0
github.com/orbiterhq/comet/consumer.go:907.2,911.13 4 1
github.com/orbiterhq/comet/consumer.go:911.13,913.3 1 0
github.com/orbiterhq/comet/consumer.go:916.2,917.17 2 1
github.com/orbiterhq/comet/consumer.go:921.94,923.16 2 1
github.com/orbiterhq/comet/consumer.go:923.16,925.3 1 0
github.com/orbiterhq/comet/consumer.go:927.2,928.21 2 1
github.com/orbiterhq/comet/consumer.go:928.21,931.22 2 0
github.com/orbiterhq/comet/consumer.go:931.22,933.4 1 0
github.com/orbiterhq/comet/consumer.go:936.2,942.12 4 1
github.com/orbiterhq/comet/consumer.go:947.98,948.25 1 1
github.com/orbiterhq/comet/consumer.go:948.25,950.3 1 0
github.com/orbiterhq/comet/consumer.go:952.2,953.16 2 1
github.com/orbiterhq/comet/consumer.go:953.16,955.3 1 0
github.com/orbiterhq/comet/consumer.go:957.2,963.42 4 1
github.com/orbiterhq/comet/consumer.go:963.42,967.3 2 1
github.com/orbiterhq/comet/consumer.go:968.2,970.12 2 1
github.com/orbiterhq/comet/consumer.go:992.93,994.16 2 0
github.com/orbiterhq/comet/consumer.go:994.16,996.3 1 0
github.com/orbiterhq/comet/consumer.go:999.2,999.28 1 0
github.com/orbiterhq/comet/consumer.go:999.28,1001.46 2 0
github.com/orbiterhq/comet/consumer.go:1001.46,1005.47 2 0
github.com/orbiterhq/comet/consumer.go:1005.47,1006.54 1 0
github.com/orbiterhq/comet/consumer.go:1006.54,1009.6 2 0
github.com/orbiterhq/comet/consumer.go:1010.5,1010.43 1 0
github.com/orbiterhq/comet/consumer.go:1012.4,1012.21 1 0
github.com/orbiterhq/comet/consumer.go:1016.2,1026.57 4 0
github.com/orbiterhq/comet/consumer.go:1026.57,1028.3 1 0
github.com/orbiterhq/comet/consumer.go:1031.2,1031.41 1 0
github.com/orbiterhq/comet/consumer.go:1031.41,1035.77 3 0
github.com/orbiterhq/comet/consumer.go:1035.77,1037.4 1 0
github.com/orbiterhq/comet/consumer.go:1039.3,1039.44 1 0
github.com/orbiterhq/comet/consumer.go:1039.44,1041.4 1 0
github.com/orbiterhq/comet/consumer.go:1044.2,1044.19 1 0
github.com/orbiterhq/comet/consumer.go:1048.106,1050.24 1 1
github.com/orbiterhq/comet/consumer.go:1050.24,1052.3 1 0
github.com/orbiterhq/comet/consumer.go:1053.2,1053.51 1 1
github.com/orbiterhq/comet/consumer.go:1053.51,1055.3 1 0
github.com/orbiterhq/comet/consumer.go:1058.2,1058.45 1 1
github.com/orbiterhq/comet/consumer.go:1058.45,1060.3 1 0
github.com/orbiterhq/comet/consumer.go:1062.2,1078.59 7 1
github.com/orbiterhq/comet/consumer.go:1078.59,1080.22 2 1
github.com/orbiterhq/comet/consumer.go:1080.22,1085.4 4 1
github.com/orbiterhq/comet/consumer.go:1088.2,1088.12 1 1
github.com/orbiterhq/comet/consumer.go:1088.12,1091.3 2 1
github.com/orbiterhq/comet/consumer.go:1093.2,1093.27 1 1
github.com/orbiterhq/comet/consumer.go:1093.27,1094.17 1 1
github.com/orbiterhq/comet/consumer.go:1094.17,1096.4 1 1
github.com/orbiterhq/comet/consumer.go:1099.2,1099.25 1 1
github.com/orbiterhq/comet/consumer.go:1099.25,1101.3 1 0
github.com/orbiterhq/comet/consumer.go:1104.2,1108.36 3 1
github.com/orbiterhq/comet/consumer.go:1108.36,1109.47 1 1
github.com/orbiterhq/comet/consumer.go:1109.47,1111.4 1 1
github.com/orbiterhq/comet/consumer.go:1114.2,1114.28 1 1
github.com/orbiterhq/comet/index_binary.go:36.58,40.16 3 1
github.com/orbiterhq/comet/index_binary.go:40.16,42.3 1 0
github.com/orbiterhq/comet/index_binary.go:43.2,46.81 2 1
github.com/orbiterhq/comet/index_binary.go:46.81,48.3 1 0
github.com/orbiterhq/comet/index_binary.go:49.2,49.83 1 1
github.com/orbiterhq/comet/index_binary.go:49.83,51.3 1 0
github.com/orbiterhq/comet/index_binary.go:52.2,52.95 1 1
github.com/orbiterhq/comet/index_binary.go:52.95,54.3 1 0
github.com/orbiterhq/comet/index_binary.go:55.2,55.95 1 1
github.com/orbiterhq/comet/index_binary.go:55.95,57.3 1 0
github.com/orbiterhq/comet/index_binary.go:58.2,58.97 1 1
github.com/orbiterhq/comet/index_binary.go:58.97,60.3 1 0
github.com/orbiterhq/comet/index_binary.go:61.2,61.99 1 1
github.com/orbiterhq/comet/index_binary.go:61.99,63.3 1 0
github.com/orbiterhq/comet/index_binary.go:64.2,64.87 1 1
github.com/orbiterhq/comet/index_binary.go:64.87,66.3 1 0
github.com/orbiterhq/comet/index_binary.go:69.2,69.51 1 1
github.com/orbiterhq/comet/index_binary.go:69.51,71.86 2 1
github.com/orbiterhq/comet/index_binary.go:71.86,73.4 1 0
github.com/orbiterhq/comet/index_binary.go:74.3,74.48 1 1
github.com/orbiterhq/comet/index_binary.go:74.48,76.4 1 0
github.com/orbiterhq/comet/index_binary.go:77.3,77.78 1 1
github.com/orbiterhq/comet/index_binary.go:77.78,79.4 1 0
github.com/orbiterhq/comet/index_binary.go:83.2,83.47 1 1
github.com/orbiterhq/comet/index_binary.go:83.47,84.88 1 1
github.com/orbiterhq/comet/index_binary.go:84.88,86.4 1 0
github.com/orbiterhq/comet/index_binary.go:87.3,87.95 1 1
github.com/orbiterhq/comet/index_binary.go:87.95,89.4 1 0
github.com/orbiterhq/comet/index_binary.go:90.3,90.96 1 1
github.com/orbiterhq/comet/index_binary.go:90.96,92.4 1 0
github.com/orbiterhq/comet/index_binary.go:96.2,96.35 1 1
github.com/orbiterhq/comet/index_binary.go:96.35,99.86 2 1
github.com/orbiterhq/comet/index_binary.go:99.86,101.4 1 0
github.com/orbiterhq/comet/index_binary.go:102.3,102.47 1 1
github.com/orbiterhq/comet/index_binary.go:102.47,104.4 1 0
github.com/orbiterhq/comet/index_binary.go:106.3,106.88 1 1
github.com/orbiterhq/comet/index_binary.go:106.88,108.4 1 0
github.com/orbiterhq/comet/index_binary.go:109.3,109.86 1 1
github.com/orbiterhq/comet/index_binary.go:109.86,111.4 1 0
github.com/orbiterhq/comet/index_binary.go:112.3,112.87 1 1
github.com/orbiterhq/comet/index_binary.go:112.87,114.4 1 0
github.com/orbiterhq/comet/index_binary.go:115.3,115.84 1 1
github.com/orbiterhq/comet/index_binary.go:115.84,117.4 1 0
github.com/orbiterhq/comet/index_binary.go:118.3,118.97 1 1
github.com/orbiterhq/comet/index_binary.go:118.97,120.4 1 0
github.com/orbiterhq/comet/index_binary.go:121.3,121.95 1 1
github.com/orbiterhq/comet/index_binary.go:121.95,123.4 1 0
github.com/orbiterhq/comet/index_binary.go:127.2,127.33 1 1
github.com/orbiterhq/comet/index_binary.go:127.33,129.3 1 0
github.com/orbiterhq/comet/index_binary.go:132.2,132.41 1 1
github.com/orbiterhq/comet/index_binary.go:136.56,138.16 2 1
github.com/orbiterhq/comet/index_binary.go:138.16,140.3 1 0
github.com/orbiterhq/comet/index_binary.go:142.2,142.20 1 1
github.com/orbiterhq/comet/index_binary.go:142.20,144.3 1 1
github.com/orbiterhq/comet/index_binary.go:147.2,150.25 4 1
github.com/orbiterhq/comet/index_binary.go:150.25,152.3 1 0
github.com/orbiterhq/comet/index_binary.go:154.2,156.29 3 1
github.com/orbiterhq/comet/index_binary.go:156.29,158.3 1 0
github.com/orbiterhq/comet/index_binary.go:160.2,178.26 11 1
github.com/orbiterhq/comet/index_binary.go:178.26,181.3 2 1
github.com/orbiterhq/comet/index_binary.go:184.2,184.45 1 1
github.com/orbiterhq/comet/index_binary.go:184.45,185.26 1 1
github.com/orbiterhq/comet/index_binary.go:185.26,187.4 1 0
github.com/orbiterhq/comet/index_binary.go:189.3,192.36 3 1
github.com/orbiterhq/comet/index_binary.go:192.36,194.4 1 0
github.com/orbiterhq/comet/index_binary.go:196.3,202.48 5 1
github.com/orbiterhq/comet/index_binary.go:206.2,207.41 2 1
github.com/orbiterhq/comet/index_binary.go:207.41,208.28 1 1
github.com/orbiterhq/comet/index_binary.go:208.28,210.4 1 1
github.com/orbiterhq/comet/index_binary.go:212.3,221.66 3 1
github.com/orbiterhq/comet/index_binary.go:225.2,226.41 2 1
github.com/orbiterhq/comet/index_binary.go:226.41,227.27 1 1
github.com/orbiterhq/comet/index_binary.go:227.27,229.4 1 1
github.com/orbiterhq/comet/index_binary.go:231.3,234.33 3 1
github.com/orbiterhq/comet/index_binary.go:234.33,236.4 1 1
github.com/orbiterhq/comet/index_binary.go:238.3,241.28 3 1
github.com/orbiterhq/comet/index_binary.go:241.28,243.4 1 1
github.com/orbiterhq/comet/index_binary.go:245.3,256.42 3 1
github.com/orbiterhq/comet/index_binary.go:260.2,260.26 1 1
github.com/orbiterhq/comet/index_binary.go:260.26,262.3 1 1
github.com/orbiterhq/comet/index_binary.go:262.8,264.3 1 1
github.com/orbiterhq/comet/index_binary.go:265.2,267.19 2 1
github.com/orbiterhq/comet/mmap_writer.go:31.65,33.2 1 1
github.com/orbiterhq/comet/mmap_writer.go:68.120,81.50 2 1
github.com/orbiterhq/comet/mmap_writer.go:81.50,83.3 1 0
github.com/orbiterhq/comet/mmap_writer.go:86.2,86.44 1 1
github.com/orbiterhq/comet/mmap_writer.go:86.44,88.3 1 0
github.com/orbiterhq/comet/mmap_writer.go:90.2,90.15 1 1
github.com/orbiterhq/comet/mmap_writer.go:94.52,97.16 2 1
github.com/orbiterhq/comet/mmap_writer.go:97.16,99.3 1 0
github.com/orbiterhq/comet/mmap_writer.go:100.2,105.16 4 1
github.com/orbiterhq/comet/mmap_writer.go:105.16,107.3 1 0
github.com/orbiterhq/comet/mmap_writer.go:109.2,109.22 1 1
github.com/orbiterhq/comet/mmap_writer.go:109.22,111.50 1 1
github.com/orbiterhq/comet/mmap_writer.go:111.50,113.4 1 0
github.com/orbiterhq/comet/mmap_writer.go:117.2,119.16 2 1
github.com/orbiterhq/comet/mmap_writer.go:119.16,121.3 1 0
github.com/orbiterhq/comet/mmap_writer.go:123.2,126.12 3 1
github.com/orbiterhq/comet/mmap_writer.go:130.46,133.20 2 1
github.com/orbiterhq/comet/mmap_writer.go:133.20,136.3 2 1
github.com/orbiterhq/comet/mmap_writer.go:139.2,146.16 4 1
github.com/orbiterhq/comet/mmap_writer.go:146.16,148.3 1 0
github.com/orbiterhq/comet/mmap_writer.go:151.2,152.16 2 1
github.com/orbiterhq/comet/mmap_writer.go:152.16,155.3 2 0
github.com/orbiterhq/comet/mmap_writer.go:157.2,161.24 3 1
github.com/orbiterhq/comet/mmap_writer.go:161.24,162.48 1 1
github.com/orbiterhq/comet/mmap_writer.go:162.48,165.4 2 0
github.com/orbiterhq/comet/mmap_writer.go:166.3,166.21 1 1
github.com/orbiterhq/comet/mmap_writer.go:170.2,173.44 2 1
github.com/orbiterhq/comet/mmap_writer.go:173.44,178.35 3 1
github.com/orbiterhq/comet/mmap_writer.go:178.35,179.28 1 0
github.com/orbiterhq/comet/mmap_writer.go:179.28,181.10 2 0
github.com/orbiterhq/comet/mmap_writer.go:185.3,185.13 1 1
github.com/orbiterhq/comet/mmap_writer.go:185.13,193.4 1 1
github.com/orbiterhq/comet/mmap_writer.go:196.2,199.30 2 1
github.com/orbiterhq/comet/mmap_writer.go:203.48,212.22 4 1
github.com/orbiterhq/comet/mmap_writer.go:212.22,214.3 1 0
github.com/orbiterhq/comet/mmap_writer.go:217.2,217.25 1 1
github.com/orbiterhq/comet/mmap_writer.go:217.25,218.54 1 1
github.com/orbiterhq/comet/mmap_writer.go:218.54,220.4 1 0
github.com/orbiterhq/comet/mmap_writer.go:224.2,226.16 2 1
github.com/orbiterhq/comet/mmap_writer.go:226.16,228.3 1 0
github.com/orbiterhq/comet/mmap_writer.go:230.2,235.12 5 1
github.com/orbiterhq/comet/mmap_writer.go:239.74,240.23 1 1
github.com/orbiterhq/comet/mmap_writer.go:240.23,242.3 1 0
github.com/orbiterhq/comet/mmap_writer.go:245.2,246.32 2 1
github.com/orbiterhq/comet/mmap_writer.go:246.32,248.3 1 1
github.com/orbiterhq/comet/mmap_writer.go:251.2,254.43 2 1
github.com/orbiterhq/comet/mmap_writer.go:254.43,261.3 2 1
github.com/orbiterhq/comet/mmap_writer.go:264.2,269.45 4 1
github.com/orbiterhq/comet/mmap_writer.go:269.45,270.61 1 1
github.com/orbiterhq/comet/mmap_writer.go:270.61,274.4 2 0
github.com/orbiterhq/comet/mmap_writer.go:278.2,278.23 1 1
github.com/orbiterhq/comet/mmap_writer.go:278.23,280.3 1 0
github.com/orbiterhq/comet/mmap_writer.go:283.2,283.42 1 1
github.com/orbiterhq/comet/mmap_writer.go:283.42,285.47 1 1
github.com/orbiterhq/comet/mmap_writer.go:285.47,287.4 1 0
github.com/orbiterhq/comet/mmap_writer.go:291.2,291.42 1 1
github.com/orbiterhq/comet/mmap_writer.go:291.42,294.3 1 0
github.com/orbiterhq/comet/mmap_writer.go:297.2,299.32 3 1
github.com/orbiterhq/comet/mmap_writer.go:299.32,304.58 2 1
github.com/orbiterhq/comet/mmap_writer.go:304.58,307.4 1 0
github.com/orbiterhq/comet/mmap_writer.go:310.3,317.22 5 1
github.com/orbiterhq/comet/mmap_writer.go:322.2,323.48 2 1
github.com/orbiterhq/comet/mmap_writer.go:323.48,324.32 1 1
github.com/orbiterhq/comet/mmap_writer.go:324.32,326.59 1 0
github.com/orbiterhq/comet/mmap_writer.go:326.59,328.5 1 0
github.com/orbiterhq/comet/mmap_writer.go:333.2,337.22 3 1
github.com/orbiterhq/comet/mmap_writer.go:337.22,340.33 2 1
github.com/orbiterhq/comet/mmap_writer.go:340.33,342.4 1 1
github.com/orbiterhq/comet/mmap_writer.go:344.3,345.39 2 1
github.com/orbiterhq/comet/mmap_writer.go:353.2,353.12 1 1
github.com/orbiterhq/comet/mmap_writer.go:357.52,362.23 2 1
github.com/orbiterhq/comet/mmap_writer.go:362.23,364.3 1 0
github.com/orbiterhq/comet/mmap_writer.go:366.2,366.53 1 1
github.com/orbiterhq/comet/mmap_writer.go:366.53,368.3 1 0
github.com/orbiterhq/comet/mmap_writer.go:371.2,374.43 2 1
github.com/orbiterhq/comet/mmap_writer.go:374.43,376.3 1 1
github.com/orbiterhq/comet/mmap_writer.go:378.2,378.12 1 0
github.com/orbiterhq/comet/mmap_writer.go:382.41,384.66 1 1
github.com/orbiterhq/comet/mmap_writer.go:384.66,386.58 1 0
github.com/orbiterhq/comet/mmap_writer.go:386.58,388.4 1 0
github.com/orbiterhq/comet/mmap_writer.go:389.3,389.13 1 0
github.com/orbiterhq/comet/mmap_writer.go:391.2,397.25 4 1
github.com/orbiterhq/comet/mmap_writer.go:397.25,400.3 2 1
github.com/orbiterhq/comet/mmap_writer.go:402.2,402.23 1 1
github.com/orbiterhq/comet/mmap_writer.go:402.23,405.3 2 1
github.com/orbiterhq/comet/mmap_writer.go:408.2,417.16 6 1
github.com/orbiterhq/comet/mmap_writer.go:417.16,418.22 1 0
github.com/orbiterhq/comet/mmap_writer.go:418.22,421.18 2 0
github.com/orbiterhq/comet/mmap_writer.go:421.18,423.5 1 0
github.com/orbiterhq/comet/mmap_writer.go:424.9,426.4 1 0
github.com/orbiterhq/comet/mmap_writer.go:430.2,431.51 2 1
github.com/orbiterhq/comet/mmap_writer.go:431.51,434.3 2 0
github.com/orbiterhq/comet/mmap_writer.go:436.2,441.22 4 1
github.com/orbiterhq/comet/mmap_writer.go:441.22,444.3 2 1
github.com/orbiterhq/comet/mmap_writer.go:450.2,450.30 1 1
github.com/orbiterhq/comet/mmap_writer.go:454.35,459.23 3 0
github.com/orbiterhq/comet/mmap_writer.go:459.23,461.3 1 0
github.com/orbiterhq/comet/mmap_writer.go:463.2,463.12 1 0
github.com/orbiterhq/comet/mmap_writer.go:467.36,472.25 3 1
github.com/orbiterhq/comet/mmap_writer.go:472.25,475.3 2 1
github.com/orbiterhq/comet/mmap_writer.go:478.2,478.31 1 1
github.com/orbiterhq/comet/mmap_writer.go:478.31,481.3 2 1
github.com/orbiterhq/comet/mmap_writer.go:484.2,484.23 1 1
github.com/orbiterhq/comet/mmap_writer.go:484.23,487.3 2 1
github.com/orbiterhq/comet/mmap_writer.go:489.2,489.12 1 1
github.com/orbiterhq/comet/reader.go:39.37,40.35 1 1
github.com/orbiterhq/comet/reader.go:40.35,42.3 1 1
github.com/orbiterhq/comet/reader.go:43.2,43.12 1 0
github.com/orbiterhq/comet/reader.go:47.42,49.2 1 1
github.com/orbiterhq/comet/reader.go:62.68,67.20 1 1
github.com/orbiterhq/comet/reader.go:67.20,70.5 1 0
github.com/orbiterhq/comet/reader.go:75.2,76.16 2 1
github.com/orbiterhq/comet/reader.go:76.16,78.3 1 0
github.com/orbiterhq/comet/reader.go:79.2,82.39 2 1
github.com/orbiterhq/comet/reader.go:82.39,84.17 2 1
github.com/orbiterhq/comet/reader.go:84.17,88.4 2 1
github.com/orbiterhq/comet/reader.go:89.3,89.36 1 1
github.com/orbiterhq/comet/reader.go:92.2,92.15 1 1
github.com/orbiterhq/comet/reader.go:96.62,98.16 2 1
github.com/orbiterhq/comet/reader.go:98.16,100.3 1 1
github.com/orbiterhq/comet/reader.go:102.2,103.16 2 1
github.com/orbiterhq/comet/reader.go:103.16,106.3 2 0
github.com/orbiterhq/comet/reader.go:108.2,115.15 3 1
github.com/orbiterhq/comet/reader.go:115.15,117.3 1 0
github.com/orbiterhq/comet/reader.go:120.2,121.16 2 1
github.com/orbiterhq/comet/reader.go:121.16,124.3 2 0
github.com/orbiterhq/comet/reader.go:127.2,129.24 2 1
github.com/orbiterhq/comet/reader.go:133.49,136.48 2 1
github.com/orbiterhq/comet/reader.go:136.48,139.3 2 0
github.com/orbiterhq/comet/reader.go:140.2,150.16 6 1
github.com/orbiterhq/comet/reader.go:150.16,152.3 1 0
github.com/orbiterhq/comet/reader.go:154.2,157.36 2 1
github.com/orbiterhq/comet/reader.go:157.36,159.3 1 0
github.com/orbiterhq/comet/reader.go:162.2,163.54 2 1
github.com/orbiterhq/comet/reader.go:163.54,165.3 1 0
github.com/orbiterhq/comet/reader.go:168.2,169.16 2 1
github.com/orbiterhq/comet/reader.go:169.16,171.3 1 0
github.com/orbiterhq/comet/reader.go:174.2,182.20 3 1
github.com/orbiterhq/comet/reader.go:182.20,183.13 1 1
github.com/orbiterhq/comet/reader.go:183.13,186.4 1 1
github.com/orbiterhq/comet/reader.go:189.2,189.12 1 1
github.com/orbiterhq/comet/reader.go:193.73,197.56 2 1
github.com/orbiterhq/comet/reader.go:197.56,200.3 2 0
github.com/orbiterhq/comet/reader.go:202.2,207.28 4 1
github.com/orbiterhq/comet/reader.go:207.28,209.82 2 1
github.com/orbiterhq/comet/reader.go:209.82,211.53 1 1
github.com/orbiterhq/comet/reader.go:211.53,213.5 1 0
github.com/orbiterhq/comet/reader.go:215.4,215.40 1 1
github.com/orbiterhq/comet/reader.go:220.2,221.72 2 1
github.com/orbiterhq/comet/reader.go:221.72,224.29 1 1
github.com/orbiterhq/comet/reader.go:224.29,225.63 1 1
github.com/orbiterhq/comet/reader.go:225.63,227.46 2 1
github.com/orbiterhq/comet/reader.go:227.46,229.65 1 0
github.com/orbiterhq/comet/reader.go:229.65,232.7 2 0
github.com/orbiterhq/comet/reader.go:237.2,237.18 1 1
github.com/orbiterhq/comet/reader.go:241.58,247.25 4 0
github.com/orbiterhq/comet/reader.go:247.25,249.60 2 0
github.com/orbiterhq/comet/reader.go:249.60,251.9 2 0
github.com/orbiterhq/comet/reader.go:255.2,255.23 1 0
github.com/orbiterhq/comet/reader.go:255.23,257.3 1 0
github.com/orbiterhq/comet/reader.go:260.2,264.46 3 0
github.com/orbiterhq/comet/reader.go:264.46,266.3 1 0
github.com/orbiterhq/comet/reader.go:269.2,275.32 5 0
github.com/orbiterhq/comet/reader.go:275.32,277.3 1 0
github.com/orbiterhq/comet/reader.go:280.2,284.15 3 0
github.com/orbiterhq/comet/reader.go:284.15,288.3 2 0
github.com/orbiterhq/comet/reader.go:291.2,291.30 1 0
github.com/orbiterhq/comet/reader.go:291.30,294.17 2 0
github.com/orbiterhq/comet/reader.go:294.17,299.4 3 0
github.com/orbiterhq/comet/reader.go:303.2,305.20 3 0
github.com/orbiterhq/comet/reader.go:309.112,314.25 4 0
github.com/orbiterhq/comet/reader.go:314.25,317.26 2 0
github.com/orbiterhq/comet/reader.go:317.26,319.96 2 0
github.com/orbiterhq/comet/reader.go:319.96,321.10 2 0
github.com/orbiterhq/comet/reader.go:325.3,325.24 1 0
github.com/orbiterhq/comet/reader.go:325.24,326.9 1 0
github.com/orbiterhq/comet/reader.go:330.3,333.65 3 0
github.com/orbiterhq/comet/reader.go:333.65,335.54 1 0
github.com/orbiterhq/comet/reader.go:335.54,336.10 1 0
github.com/orbiterhq/comet/reader.go:340.4,346.40 5 0
github.com/orbiterhq/comet/reader.go:346.40,347.10 1 0
github.com/orbiterhq/comet/reader.go:351.4,357.32 4 0
github.com/orbiterhq/comet/reader.go:357.32,360.19 2 0
github.com/orbiterhq/comet/reader.go:360.19,362.6 1 0
github.com/orbiterhq/comet/reader.go:362.11,364.6 1 0
github.com/orbiterhq/comet/reader.go:365.10,367.5 1 0
github.com/orbiterhq/comet/reader.go:370.4,376.26 4 0
github.com/orbiterhq/comet/reader.go:376.26,378.5 1 0
github.com/orbiterhq/comet/reader.go:381.4,382.48 2 0
github.com/orbiterhq/comet/reader.go:386.2,386.12 1 0
github.com/orbiterhq/comet/reader.go:390.32,395.25 4 1
github.com/orbiterhq/comet/reader.go:395.25,400.18 3 1
github.com/orbiterhq/comet/reader.go:400.18,401.66 1 1
github.com/orbiterhq/comet/reader.go:401.66,403.5 1 0
github.com/orbiterhq/comet/reader.go:407.3,407.23 1 1
github.com/orbiterhq/comet/reader.go:407.23,408.63 1 1
github.com/orbiterhq/comet/reader.go:408.63,410.5 1 0
github.com/orbiterhq/comet/reader.go:414.2,414.17 1 1
github.com/orbiterhq/comet/reader.go:418.87,419.20 1 1
github.com/orbiterhq/comet/reader.go:419.20,421.3 1 0
github.com/orbiterhq/comet/reader.go:423.2,423.46 1 1
github.com/orbiterhq/comet/reader.go:423.46,425.3 1 0
github.com/orbiterhq/comet/reader.go:428.2,434.32 5 1
github.com/orbiterhq/comet/reader.go:434.32,436.3 1 1
github.com/orbiterhq/comet/reader.go:439.2,442.85 2 1
github.com/orbiterhq/comet/reader.go:442.85,445.17 2 1
github.com/orbiterhq/comet/reader.go:445.17,447.4 1 0
github.com/orbiterhq/comet/reader.go:448.3,448.27 1 1
github.com/orbiterhq/comet/reader.go:452.2,452.23 1 1
github.com/orbiterhq/comet/retention.go:45.42,46.45 1 1
github.com/orbiterhq/comet/retention.go:46.45,49.3 1 1
github.com/orbiterhq/comet/retention.go:51.2,52.12 2 1
github.com/orbiterhq/comet/retention.go:52.12,60.10 5 1
github.com/orbiterhq/comet/retention.go:61.25,62.27 1 0
github.com/orbiterhq/comet/retention.go:63.19,65.10 2 1
github.com/orbiterhq/comet/retention.go:69.3,69.7 1 0
github.com/orbiterhq/comet/retention.go:69.7,70.11 1 0
github.com/orbiterhq/comet/retention.go:71.20,72.28 1 0
github.com/orbiterhq/comet/retention.go:73.20,74.11 1 0
github.com/orbiterhq/comet/retention.go:81.40,84.33 3 0
github.com/orbiterhq/comet/retention.go:84.33,86.3 1 0
github.com/orbiterhq/comet/retention.go:87.2,90.31 3 0
github.com/orbiterhq/comet/retention.go:90.31,93.3 2 0
github.com/orbiterhq/comet/retention.go:96.2,96.88 1 0
github.com/orbiterhq/comet/retention.go:96.88,99.3 1 0
github.com/orbiterhq/comet/retention.go:103.51,118.42 11 0
github.com/orbiterhq/comet/retention.go:118.42,119.42 1 0
github.com/orbiterhq/comet/retention.go:119.42,120.67 1 0
github.com/orbiterhq/comet/retention.go:120.67,122.5 1 0
github.com/orbiterhq/comet/retention.go:127.2,130.29 3 0
github.com/orbiterhq/comet/retention.go:130.29,135.31 3 0
github.com/orbiterhq/comet/retention.go:135.31,137.12 2 0
github.com/orbiterhq/comet/retention.go:141.3,144.89 2 0
github.com/orbiterhq/comet/retention.go:144.89,146.4 1 0
github.com/orbiterhq/comet/retention.go:149.3,149.109 1 0
github.com/orbiterhq/comet/retention.go:149.109,152.4 2 0
github.com/orbiterhq/comet/retention.go:155.3,155.63 1 0
github.com/orbiterhq/comet/retention.go:155.63,158.35 1 0
github.com/orbiterhq/comet/retention.go:158.35,160.5 1 0
github.com/orbiterhq/comet/retention.go:164.3,164.48 1 0
github.com/orbiterhq/comet/retention.go:164.48,167.45 2 0
github.com/orbiterhq/comet/retention.go:167.45,169.5 1 0
github.com/orbiterhq/comet/retention.go:173.3,173.75 1 0
github.com/orbiterhq/comet/retention.go:173.75,175.4 1 0
github.com/orbiterhq/comet/retention.go:177.3,177.19 1 0
github.com/orbiterhq/comet/retention.go:177.19,179.4 1 0
github.com/orbiterhq/comet/retention.go:179.9,181.4 1 0
github.com/orbiterhq/comet/retention.go:185.2,185.88 1 0
github.com/orbiterhq/comet/retention.go:185.88,187.47 1 0
github.com/orbiterhq/comet/retention.go:187.47,189.4 1 0
github.com/orbiterhq/comet/retention.go:191.3,192.89 2 0
github.com/orbiterhq/comet/retention.go:192.89,196.91 2 0
github.com/orbiterhq/comet/retention.go:196.91,197.13 1 0
github.com/orbiterhq/comet/retention.go:201.4,206.7 4 0
github.com/orbiterhq/comet/retention.go:211.2,211.28 1 0
github.com/orbiterhq/comet/retention.go:211.28,213.3 1 0
github.com/orbiterhq/comet/retention.go:216.2,217.35 2 0
github.com/orbiterhq/comet/retention.go:217.35,219.3 1 0
github.com/orbiterhq/comet/retention.go:220.2,220.22 1 0
github.com/orbiterhq/comet/retention.go:225.86,226.21 1 0
github.com/orbiterhq/comet/retention.go:226.21,228.3 1 0
github.com/orbiterhq/comet/retention.go:231.2,235.29 3 0
github.com/orbiterhq/comet/retention.go:235.29,237.3 1 0
github.com/orbiterhq/comet/retention.go:240.2,241.41 2 0
github.com/orbiterhq/comet/retention.go:241.41,242.29 1 0
github.com/orbiterhq/comet/retention.go:242.29,244.4 1 0
github.com/orbiterhq/comet/retention.go:247.2,252.29 4 0
github.com/orbiterhq/comet/retention.go:252.29,254.40 2 0
github.com/orbiterhq/comet/retention.go:254.40,256.12 1 0
github.com/orbiterhq/comet/retention.go:258.3,258.17 1 0
github.com/orbiterhq/comet/retention.go:262.2,262.40 1 0
github.com/orbiterhq/comet/retention.go:262.41,265.3 0 0
github.com/orbiterhq/comet/retention.go:269.2,269.20 1 0
github.com/orbiterhq/comet/retention.go:269.20,274.54 3 0
github.com/orbiterhq/comet/retention.go:274.54,275.42 1 0
github.com/orbiterhq/comet/retention.go:275.42,277.5 1 0
github.com/orbiterhq/comet/retention.go:279.3,279.43 1 0
github.com/orbiterhq/comet/retention.go:283.2,286.20 2 0
github.com/orbiterhq/comet/retention.go:286.20,288.3 1 0
github.com/orbiterhq/comet/retention.go:292.78,293.53 1 0
github.com/orbiterhq/comet/retention.go:293.53,295.3 1 0
github.com/orbiterhq/comet/retention.go:298.2,304.31 3 0
github.com/orbiterhq/comet/retention.go:304.31,306.42 2 0
github.com/orbiterhq/comet/retention.go:306.42,307.44 1 0
github.com/orbiterhq/comet/retention.go:307.44,309.5 1 0
github.com/orbiterhq/comet/retention.go:311.3,311.21 1 0
github.com/orbiterhq/comet/retention.go:315.2,315.43 1 0
github.com/orbiterhq/comet/retention.go:315.43,317.3 1 0
github.com/orbiterhq/comet/retention.go:320.2,323.30 3 0
github.com/orbiterhq/comet/retention.go:323.30,324.25 1 0
github.com/orbiterhq/comet/retention.go:324.25,325.9 1 0
github.com/orbiterhq/comet/retention.go:328.3,330.28 3 0
github.com/orbiterhq/comet/retention.go:334.2,334.40 1 0
github.com/orbiterhq/comet/retention.go:334.40,336.3 1 0
github.com/orbiterhq/comet/retention.go:340.54,350.39 4 1
github.com/orbiterhq/comet/retention.go:350.39,359.42 3 1
github.com/orbiterhq/comet/retention.go:359.42,364.86 4 1
github.com/orbiterhq/comet/retention.go:364.86,366.5 1 1
github.com/orbiterhq/comet/retention.go:368.4,369.100 2 1
github.com/orbiterhq/comet/retention.go:369.100,371.5 1 1
github.com/orbiterhq/comet/retention.go:373.4,373.44 1 1
github.com/orbiterhq/comet/retention.go:373.44,375.5 1 1
github.com/orbiterhq/comet/retention.go:378.4,378.76 1 1
github.com/orbiterhq/comet/retention.go:378.76,380.5 1 1
github.com/orbiterhq/comet/retention.go:381.4,381.39 1 1
github.com/orbiterhq/comet/retention.go:381.39,383.5 1 1
github.com/orbiterhq/comet/retention.go:387.3,387.58 1 1
github.com/orbiterhq/comet/retention.go:387.58,389.15 2 0
github.com/orbiterhq/comet/retention.go:389.15,391.5 1 0
github.com/orbiterhq/comet/retention.go:394.3,397.21 3 1
github.com/orbiterhq/comet/retention.go:400.2,402.14 2 1
