mode: atomic
github.com/orbiterhq/comet/cmd/test_worker/main.go:15.13,24.16 3 0
github.com/orbiterhq/comet/cmd/test_worker/main.go:24.16,26.3 1 0
github.com/orbiterhq/comet/cmd/test_worker/main.go:28.2,28.15 1 0
github.com/orbiterhq/comet/cmd/test_worker/main.go:29.16,30.34 1 0
github.com/orbiterhq/comet/cmd/test_worker/main.go:31.16,32.34 1 0
github.com/orbiterhq/comet/cmd/test_worker/main.go:33.19,34.37 1 0
github.com/orbiterhq/comet/cmd/test_worker/main.go:35.10,36.40 1 0
github.com/orbiterhq/comet/cmd/test_worker/main.go:40.56,43.16 3 0
github.com/orbiterhq/comet/cmd/test_worker/main.go:43.16,45.3 1 0
github.com/orbiterhq/comet/cmd/test_worker/main.go:46.2,56.6 8 0
github.com/orbiterhq/comet/cmd/test_worker/main.go:56.6,57.10 1 0
github.com/orbiterhq/comet/cmd/test_worker/main.go:58.21,60.10 2 0
github.com/orbiterhq/comet/cmd/test_worker/main.go:61.19,64.28 2 0
github.com/orbiterhq/comet/cmd/test_worker/main.go:64.28,73.5 3 0
github.com/orbiterhq/comet/cmd/test_worker/main.go:75.4,75.67 1 0
github.com/orbiterhq/comet/cmd/test_worker/main.go:75.67,77.5 1 0
github.com/orbiterhq/comet/cmd/test_worker/main.go:77.10,79.5 1 0
github.com/orbiterhq/comet/cmd/test_worker/main.go:84.56,87.16 3 0
github.com/orbiterhq/comet/cmd/test_worker/main.go:87.16,89.3 1 0
github.com/orbiterhq/comet/cmd/test_worker/main.go:90.2,103.23 8 0
github.com/orbiterhq/comet/cmd/test_worker/main.go:103.23,106.17 3 0
github.com/orbiterhq/comet/cmd/test_worker/main.go:106.17,108.12 2 0
github.com/orbiterhq/comet/cmd/test_worker/main.go:111.3,112.24 2 0
github.com/orbiterhq/comet/cmd/test_worker/main.go:112.24,117.33 3 0
github.com/orbiterhq/comet/cmd/test_worker/main.go:117.33,119.59 2 0
github.com/orbiterhq/comet/cmd/test_worker/main.go:119.59,121.6 1 0
github.com/orbiterhq/comet/cmd/test_worker/main.go:125.4,125.33 1 0
github.com/orbiterhq/comet/cmd/test_worker/main.go:125.33,127.5 1 0
github.com/orbiterhq/comet/cmd/test_worker/main.go:128.9,130.4 1 0
github.com/orbiterhq/comet/cmd/test_worker/main.go:134.2,135.24 2 0
github.com/orbiterhq/comet/cmd/test_worker/main.go:135.24,137.31 2 0
github.com/orbiterhq/comet/cmd/test_worker/main.go:137.31,139.4 1 0
github.com/orbiterhq/comet/cmd/test_worker/main.go:140.3,140.53 1 0
github.com/orbiterhq/comet/cmd/test_worker/main.go:143.2,143.96 1 0
github.com/orbiterhq/comet/cmd/test_worker/main.go:146.59,149.16 3 0
github.com/orbiterhq/comet/cmd/test_worker/main.go:149.16,151.3 1 0
github.com/orbiterhq/comet/cmd/test_worker/main.go:152.2,161.27 6 0
github.com/orbiterhq/comet/cmd/test_worker/main.go:161.27,170.3 3 0
github.com/orbiterhq/comet/cmd/test_worker/main.go:172.2,175.23 3 0
github.com/orbiterhq/comet/cmd/test_worker/main.go:175.23,176.66 1 0
github.com/orbiterhq/comet/cmd/test_worker/main.go:176.66,178.4 1 0
github.com/orbiterhq/comet/cmd/test_worker/main.go:178.9,180.4 1 0
github.com/orbiterhq/comet/cmd/test_worker/main.go:183.2,185.107 3 0
github.com/orbiterhq/comet/client.go:82.79,84.2 1 14
github.com/orbiterhq/comet/client.go:88.54,89.21 1 1010
github.com/orbiterhq/comet/client.go:89.21,91.3 1 1
github.com/orbiterhq/comet/client.go:93.2,95.31 3 1010
github.com/orbiterhq/comet/client.go:100.80,103.2 2 5
github.com/orbiterhq/comet/client.go:107.49,108.21 1 3
github.com/orbiterhq/comet/client.go:108.21,110.3 1 1
github.com/orbiterhq/comet/client.go:112.2,113.42 2 3
github.com/orbiterhq/comet/client.go:113.42,115.3 1 40
github.com/orbiterhq/comet/client.go:116.2,116.15 1 3
github.com/orbiterhq/comet/client.go:120.77,121.21 1 1
github.com/orbiterhq/comet/client.go:121.21,123.3 1 0
github.com/orbiterhq/comet/client.go:125.2,126.42 2 1
github.com/orbiterhq/comet/client.go:126.42,128.3 1 8
github.com/orbiterhq/comet/client.go:129.2,129.16 1 1
github.com/orbiterhq/comet/client.go:246.39,282.2 1 57
github.com/orbiterhq/comet/client.go:286.42,290.2 3 0
github.com/orbiterhq/comet/client.go:294.39,299.2 4 6
github.com/orbiterhq/comet/client.go:303.41,310.2 6 0
github.com/orbiterhq/comet/client.go:313.39,315.2 0 62
github.com/orbiterhq/comet/client.go:318.45,320.35 1 62
github.com/orbiterhq/comet/client.go:320.35,322.3 1 0
github.com/orbiterhq/comet/client.go:323.2,323.38 1 62
github.com/orbiterhq/comet/client.go:323.38,325.3 1 0
github.com/orbiterhq/comet/client.go:326.2,326.36 1 62
github.com/orbiterhq/comet/client.go:326.36,328.3 1 0
github.com/orbiterhq/comet/client.go:329.2,329.41 1 62
github.com/orbiterhq/comet/client.go:329.41,331.3 1 0
github.com/orbiterhq/comet/client.go:334.2,334.41 1 62
github.com/orbiterhq/comet/client.go:334.41,336.3 1 0
github.com/orbiterhq/comet/client.go:340.2,340.39 1 62
github.com/orbiterhq/comet/client.go:340.39,342.3 1 0
github.com/orbiterhq/comet/client.go:343.2,343.43 1 62
github.com/orbiterhq/comet/client.go:343.43,345.3 1 0
github.com/orbiterhq/comet/client.go:346.2,346.38 1 62
github.com/orbiterhq/comet/client.go:346.38,348.3 1 0
github.com/orbiterhq/comet/client.go:349.2,349.75 1 62
github.com/orbiterhq/comet/client.go:349.75,351.3 1 0
github.com/orbiterhq/comet/client.go:354.2,354.36 1 62
github.com/orbiterhq/comet/client.go:354.36,356.3 1 0
github.com/orbiterhq/comet/client.go:357.2,357.92 1 62
github.com/orbiterhq/comet/client.go:357.92,360.3 1 0
github.com/orbiterhq/comet/client.go:361.2,361.30 1 62
github.com/orbiterhq/comet/client.go:361.30,363.3 1 0
github.com/orbiterhq/comet/client.go:365.2,365.12 1 62
github.com/orbiterhq/comet/client.go:464.90,466.27 1 11754
github.com/orbiterhq/comet/client.go:466.27,468.3 1 0
github.com/orbiterhq/comet/client.go:470.2,470.66 1 11754
github.com/orbiterhq/comet/client.go:470.66,477.87 2 354
github.com/orbiterhq/comet/client.go:477.87,478.37 1 707
github.com/orbiterhq/comet/client.go:478.37,480.5 1 705
github.com/orbiterhq/comet/client.go:481.4,481.37 1 2
github.com/orbiterhq/comet/client.go:481.37,483.5 1 2
github.com/orbiterhq/comet/client.go:484.4,484.12 1 0
github.com/orbiterhq/comet/client.go:487.3,487.13 1 354
github.com/orbiterhq/comet/client.go:487.13,492.54 2 354
github.com/orbiterhq/comet/client.go:492.54,495.5 1 30
github.com/orbiterhq/comet/client.go:496.9,499.4 1 0
github.com/orbiterhq/comet/client.go:504.85,505.24 1 12
github.com/orbiterhq/comet/client.go:505.24,507.3 1 0
github.com/orbiterhq/comet/client.go:510.2,511.88 2 12
github.com/orbiterhq/comet/client.go:511.88,512.36 1 54
github.com/orbiterhq/comet/client.go:512.36,514.4 1 17
github.com/orbiterhq/comet/client.go:515.3,515.36 1 37
github.com/orbiterhq/comet/client.go:515.36,517.4 1 15
github.com/orbiterhq/comet/client.go:518.3,518.11 1 22
github.com/orbiterhq/comet/client.go:521.2,521.11 1 12
github.com/orbiterhq/comet/client.go:521.11,524.3 1 11
github.com/orbiterhq/comet/client.go:526.2,526.14 1 1
github.com/orbiterhq/comet/client.go:526.14,529.3 1 0
github.com/orbiterhq/comet/client.go:533.2,533.39 1 1
github.com/orbiterhq/comet/client.go:537.103,538.24 1 10809
github.com/orbiterhq/comet/client.go:538.24,540.3 1 0
github.com/orbiterhq/comet/client.go:543.2,544.88 2 10809
github.com/orbiterhq/comet/client.go:544.88,545.36 1 79570
github.com/orbiterhq/comet/client.go:545.36,547.4 1 32878
github.com/orbiterhq/comet/client.go:548.3,548.36 1 46692
github.com/orbiterhq/comet/client.go:548.36,550.4 1 46386
github.com/orbiterhq/comet/client.go:551.3,551.11 1 306
github.com/orbiterhq/comet/client.go:554.2,554.11 1 10809
github.com/orbiterhq/comet/client.go:554.11,557.3 1 153
github.com/orbiterhq/comet/client.go:559.2,559.14 1 10656
github.com/orbiterhq/comet/client.go:559.14,562.3 1 15
github.com/orbiterhq/comet/client.go:565.2,566.46 2 10641
github.com/orbiterhq/comet/client.go:592.49,594.2 1 13
github.com/orbiterhq/comet/client.go:597.79,602.48 2 62
github.com/orbiterhq/comet/client.go:602.48,604.3 1 0
github.com/orbiterhq/comet/client.go:606.2,606.51 1 62
github.com/orbiterhq/comet/client.go:606.51,608.3 1 0
github.com/orbiterhq/comet/client.go:610.2,620.15 3 62
github.com/orbiterhq/comet/client.go:624.100,627.16 2 1416
github.com/orbiterhq/comet/client.go:627.16,629.3 1 0
github.com/orbiterhq/comet/client.go:631.2,632.16 2 1416
github.com/orbiterhq/comet/client.go:632.16,634.3 1 0
github.com/orbiterhq/comet/client.go:636.2,636.60 1 1416
github.com/orbiterhq/comet/client.go:640.73,642.16 2 69
github.com/orbiterhq/comet/client.go:642.16,644.3 1 0
github.com/orbiterhq/comet/client.go:646.2,647.16 2 69
github.com/orbiterhq/comet/client.go:647.16,649.3 1 0
github.com/orbiterhq/comet/client.go:651.2,656.74 3 69
github.com/orbiterhq/comet/client.go:656.74,657.61 1 0
github.com/orbiterhq/comet/client.go:657.61,658.55 1 0
github.com/orbiterhq/comet/client.go:658.55,661.19 2 0
github.com/orbiterhq/comet/client.go:661.19,663.6 1 0
github.com/orbiterhq/comet/client.go:664.5,667.45 2 0
github.com/orbiterhq/comet/client.go:667.45,669.6 1 0
github.com/orbiterhq/comet/client.go:675.2,675.28 1 69
github.com/orbiterhq/comet/client.go:675.28,680.19 3 0
github.com/orbiterhq/comet/client.go:680.19,684.36 2 0
github.com/orbiterhq/comet/client.go:684.36,686.5 1 0
github.com/orbiterhq/comet/client.go:687.4,687.21 1 0
github.com/orbiterhq/comet/client.go:691.3,691.19 1 0
github.com/orbiterhq/comet/client.go:694.2,695.41 2 69
github.com/orbiterhq/comet/client.go:695.41,697.3 1 69
github.com/orbiterhq/comet/client.go:699.2,699.19 1 69
github.com/orbiterhq/comet/client.go:703.50,706.33 3 20
github.com/orbiterhq/comet/client.go:706.33,708.3 1 22
github.com/orbiterhq/comet/client.go:709.2,711.31 2 20
github.com/orbiterhq/comet/client.go:711.31,715.26 2 22
github.com/orbiterhq/comet/client.go:715.26,718.43 3 22
github.com/orbiterhq/comet/client.go:718.43,720.5 1 22
github.com/orbiterhq/comet/client.go:721.4,722.18 2 22
github.com/orbiterhq/comet/client.go:722.18,725.5 2 0
github.com/orbiterhq/comet/client.go:730.3,738.80 6 22
github.com/orbiterhq/comet/client.go:738.80,740.88 1 4
github.com/orbiterhq/comet/client.go:740.88,742.5 1 0
github.com/orbiterhq/comet/client.go:744.4,746.62 2 4
github.com/orbiterhq/comet/client.go:746.62,748.70 1 1
github.com/orbiterhq/comet/client.go:748.70,754.69 1 1
github.com/orbiterhq/comet/client.go:754.69,756.7 1 0
github.com/orbiterhq/comet/client.go:757.6,757.69 1 1
github.com/orbiterhq/comet/client.go:757.69,759.7 1 0
github.com/orbiterhq/comet/client.go:762.6,762.59 1 1
github.com/orbiterhq/comet/client.go:762.59,763.103 1 0
github.com/orbiterhq/comet/client.go:763.103,765.8 1 0
github.com/orbiterhq/comet/client.go:770.6,770.34 1 1
github.com/orbiterhq/comet/client.go:770.34,775.66 2 1
github.com/orbiterhq/comet/client.go:775.66,778.50 2 1
github.com/orbiterhq/comet/client.go:778.50,781.45 2 1
github.com/orbiterhq/comet/client.go:781.45,783.54 2 1
github.com/orbiterhq/comet/client.go:783.54,785.11 1 0
github.com/orbiterhq/comet/client.go:786.10,786.79 1 1
github.com/orbiterhq/comet/client.go:793.6,793.115 1 1
github.com/orbiterhq/comet/client.go:793.115,795.7 1 0
github.com/orbiterhq/comet/client.go:799.4,803.18 3 4
github.com/orbiterhq/comet/client.go:803.18,805.5 1 4
github.com/orbiterhq/comet/client.go:808.4,808.65 1 4
github.com/orbiterhq/comet/client.go:809.9,814.18 4 18
github.com/orbiterhq/comet/client.go:814.18,816.5 1 18
github.com/orbiterhq/comet/client.go:819.3,819.17 1 22
github.com/orbiterhq/comet/client.go:819.17,821.4 1 0
github.com/orbiterhq/comet/client.go:824.2,824.12 1 20
github.com/orbiterhq/comet/client.go:828.67,833.12 4 11826
github.com/orbiterhq/comet/client.go:833.12,835.3 1 11622
github.com/orbiterhq/comet/client.go:837.2,841.47 3 204
github.com/orbiterhq/comet/client.go:841.47,843.3 1 0
github.com/orbiterhq/comet/client.go:846.2,847.52 2 204
github.com/orbiterhq/comet/client.go:847.52,849.3 1 0
github.com/orbiterhq/comet/client.go:851.2,869.49 2 204
github.com/orbiterhq/comet/client.go:869.49,873.17 3 16
github.com/orbiterhq/comet/client.go:873.17,875.4 1 0
github.com/orbiterhq/comet/client.go:876.3,880.17 3 16
github.com/orbiterhq/comet/client.go:880.17,883.4 2 0
github.com/orbiterhq/comet/client.go:884.3,884.38 1 16
github.com/orbiterhq/comet/client.go:888.2,888.49 1 204
github.com/orbiterhq/comet/client.go:888.49,889.47 1 16
github.com/orbiterhq/comet/client.go:889.47,891.4 1 0
github.com/orbiterhq/comet/client.go:892.3,892.51 1 16
github.com/orbiterhq/comet/client.go:892.51,894.4 1 0
github.com/orbiterhq/comet/client.go:897.3,898.17 2 16
github.com/orbiterhq/comet/client.go:898.17,900.4 1 0
github.com/orbiterhq/comet/client.go:901.3,901.32 1 16
github.com/orbiterhq/comet/client.go:905.2,905.42 1 204
github.com/orbiterhq/comet/client.go:905.42,907.3 1 0
github.com/orbiterhq/comet/client.go:910.2,910.29 1 204
github.com/orbiterhq/comet/client.go:910.29,913.51 3 16
github.com/orbiterhq/comet/client.go:913.51,915.4 1 0
github.com/orbiterhq/comet/client.go:919.2,919.74 1 204
github.com/orbiterhq/comet/client.go:919.74,921.3 1 0
github.com/orbiterhq/comet/client.go:924.2,924.49 1 204
github.com/orbiterhq/comet/client.go:924.49,926.3 1 0
github.com/orbiterhq/comet/client.go:928.2,929.19 2 204
github.com/orbiterhq/comet/client.go:941.93,944.31 2 1416
github.com/orbiterhq/comet/client.go:944.31,947.77 2 11733
github.com/orbiterhq/comet/client.go:947.77,956.4 2 15
github.com/orbiterhq/comet/client.go:956.9,964.4 1 11718
github.com/orbiterhq/comet/client.go:967.2,967.19 1 1416
github.com/orbiterhq/comet/client.go:979.121,991.9 6 1416
github.com/orbiterhq/comet/client.go:991.9,996.70 3 1416
github.com/orbiterhq/comet/client.go:996.70,998.43 2 379
github.com/orbiterhq/comet/client.go:998.43,1000.50 1 284
github.com/orbiterhq/comet/client.go:1000.50,1001.86 1 0
github.com/orbiterhq/comet/client.go:1003.5,1003.39 1 284
github.com/orbiterhq/comet/client.go:1007.3,1023.49 9 1416
github.com/orbiterhq/comet/client.go:1023.49,1024.54 1 1037
github.com/orbiterhq/comet/client.go:1024.54,1028.38 3 11352
github.com/orbiterhq/comet/client.go:1028.38,1030.6 1 14
github.com/orbiterhq/comet/client.go:1030.11,1032.6 1 11338
github.com/orbiterhq/comet/client.go:1035.5,1054.60 11 11352
github.com/orbiterhq/comet/client.go:1054.60,1057.6 2 140
github.com/orbiterhq/comet/client.go:1059.5,1073.30 6 11352
github.com/orbiterhq/comet/client.go:1075.9,1086.30 4 379
github.com/orbiterhq/comet/client.go:1086.30,1087.28 1 379
github.com/orbiterhq/comet/client.go:1087.28,1091.15 4 381
github.com/orbiterhq/comet/client.go:1091.15,1094.7 1 0
github.com/orbiterhq/comet/client.go:1096.10,1099.28 2 0
github.com/orbiterhq/comet/client.go:1099.28,1101.6 1 0
github.com/orbiterhq/comet/client.go:1105.4,1107.54 2 379
github.com/orbiterhq/comet/client.go:1107.54,1111.38 3 381
github.com/orbiterhq/comet/client.go:1111.38,1113.6 1 1
github.com/orbiterhq/comet/client.go:1113.11,1115.6 1 380
github.com/orbiterhq/comet/client.go:1118.5,1137.45 11 381
github.com/orbiterhq/comet/client.go:1137.45,1140.6 2 117
github.com/orbiterhq/comet/client.go:1142.5,1157.29 4 381
github.com/orbiterhq/comet/client.go:1162.4,1163.29 2 379
github.com/orbiterhq/comet/client.go:1163.29,1165.5 1 379
github.com/orbiterhq/comet/client.go:1166.4,1167.39 2 379
github.com/orbiterhq/comet/client.go:1167.39,1172.47 3 379
github.com/orbiterhq/comet/client.go:1172.47,1174.6 1 381
github.com/orbiterhq/comet/client.go:1177.5,1182.31 4 379
github.com/orbiterhq/comet/client.go:1182.31,1185.6 2 379
github.com/orbiterhq/comet/client.go:1188.5,1188.27 1 379
github.com/orbiterhq/comet/client.go:1188.27,1190.6 1 379
github.com/orbiterhq/comet/client.go:1193.5,1193.90 1 379
github.com/orbiterhq/comet/client.go:1193.90,1195.6 1 17
github.com/orbiterhq/comet/client.go:1197.5,1197.15 1 379
github.com/orbiterhq/comet/client.go:1202.3,1202.49 1 1416
github.com/orbiterhq/comet/client.go:1202.49,1203.39 1 1037
github.com/orbiterhq/comet/client.go:1203.39,1211.5 6 0
github.com/orbiterhq/comet/client.go:1216.2,1219.70 2 1416
github.com/orbiterhq/comet/client.go:1219.70,1222.35 2 379
github.com/orbiterhq/comet/client.go:1222.35,1224.4 1 381
github.com/orbiterhq/comet/client.go:1227.3,1228.42 2 379
github.com/orbiterhq/comet/client.go:1228.42,1232.4 1 381
github.com/orbiterhq/comet/client.go:1235.3,1238.79 2 379
github.com/orbiterhq/comet/client.go:1238.79,1244.21 4 22
github.com/orbiterhq/comet/client.go:1244.21,1246.5 1 0
github.com/orbiterhq/comet/client.go:1249.4,1249.59 1 22
github.com/orbiterhq/comet/client.go:1253.3,1253.22 1 379
github.com/orbiterhq/comet/client.go:1253.22,1257.4 3 379
github.com/orbiterhq/comet/client.go:1258.8,1260.69 1 1037
github.com/orbiterhq/comet/client.go:1260.69,1261.79 1 0
github.com/orbiterhq/comet/client.go:1261.79,1263.5 1 0
github.com/orbiterhq/comet/client.go:1264.4,1264.62 1 0
github.com/orbiterhq/comet/client.go:1267.3,1269.45 2 1037
github.com/orbiterhq/comet/client.go:1269.45,1270.49 1 22704
github.com/orbiterhq/comet/client.go:1270.49,1272.10 2 0
github.com/orbiterhq/comet/client.go:1275.3,1275.22 1 1037
github.com/orbiterhq/comet/client.go:1275.22,1278.89 2 1037
github.com/orbiterhq/comet/client.go:1278.89,1280.5 1 0
github.com/orbiterhq/comet/client.go:1282.3,1282.21 1 1037
github.com/orbiterhq/comet/client.go:1286.2,1286.21 1 1416
github.com/orbiterhq/comet/client.go:1286.21,1292.33 3 0
github.com/orbiterhq/comet/client.go:1292.33,1294.4 1 0
github.com/orbiterhq/comet/client.go:1296.3,1296.55 1 0
github.com/orbiterhq/comet/client.go:1300.2,1300.77 1 1416
github.com/orbiterhq/comet/client.go:1300.77,1301.47 1 379
github.com/orbiterhq/comet/client.go:1301.47,1303.4 1 0
github.com/orbiterhq/comet/client.go:1307.2,1315.56 7 1416
github.com/orbiterhq/comet/client.go:1315.56,1318.3 2 1416
github.com/orbiterhq/comet/client.go:1321.2,1322.6 2 1416
github.com/orbiterhq/comet/client.go:1322.6,1324.51 2 1416
github.com/orbiterhq/comet/client.go:1324.51,1325.78 1 273
github.com/orbiterhq/comet/client.go:1325.78,1326.10 1 273
github.com/orbiterhq/comet/client.go:1328.9,1329.9 1 1143
github.com/orbiterhq/comet/client.go:1332.2,1332.6 1 1416
github.com/orbiterhq/comet/client.go:1332.6,1334.32 2 1416
github.com/orbiterhq/comet/client.go:1334.32,1335.78 1 97
github.com/orbiterhq/comet/client.go:1335.78,1336.10 1 97
github.com/orbiterhq/comet/client.go:1338.9,1339.9 1 1319
github.com/orbiterhq/comet/client.go:1344.2,1344.9 1 1416
github.com/orbiterhq/comet/client.go:1344.9,1350.75 3 1416
github.com/orbiterhq/comet/client.go:1350.75,1353.4 2 1037
github.com/orbiterhq/comet/client.go:1356.3,1356.70 1 1416
github.com/orbiterhq/comet/client.go:1356.70,1359.30 2 379
github.com/orbiterhq/comet/client.go:1359.30,1361.5 1 379
github.com/orbiterhq/comet/client.go:1364.9,1367.4 1 1037
github.com/orbiterhq/comet/client.go:1370.3,1370.62 1 1416
github.com/orbiterhq/comet/client.go:1370.62,1371.62 1 231
github.com/orbiterhq/comet/client.go:1371.62,1372.15 1 0
github.com/orbiterhq/comet/client.go:1377.2,1377.26 1 1416
github.com/orbiterhq/comet/client.go:1381.84,1382.98 1 1241
github.com/orbiterhq/comet/client.go:1382.98,1385.22 1 33
github.com/orbiterhq/comet/client.go:1385.22,1388.25 3 33
github.com/orbiterhq/comet/client.go:1388.25,1390.5 1 33
github.com/orbiterhq/comet/client.go:1391.4,1391.22 1 33
github.com/orbiterhq/comet/client.go:1395.3,1395.29 1 33
github.com/orbiterhq/comet/client.go:1395.29,1399.4 3 33
github.com/orbiterhq/comet/client.go:1402.3,1408.13 5 33
github.com/orbiterhq/comet/client.go:1408.13,1413.75 3 33
github.com/orbiterhq/comet/client.go:1413.75,1415.85 1 0
github.com/orbiterhq/comet/client.go:1415.85,1416.30 1 0
github.com/orbiterhq/comet/client.go:1416.30,1420.7 3 0
github.com/orbiterhq/comet/client.go:1421.6,1421.12 1 0
github.com/orbiterhq/comet/client.go:1425.5,1426.59 2 0
github.com/orbiterhq/comet/client.go:1426.59,1428.67 1 0
github.com/orbiterhq/comet/client.go:1428.67,1431.70 1 0
github.com/orbiterhq/comet/client.go:1431.70,1433.8 1 0
github.com/orbiterhq/comet/client.go:1434.7,1434.70 1 0
github.com/orbiterhq/comet/client.go:1434.70,1436.8 1 0
github.com/orbiterhq/comet/client.go:1439.7,1439.60 1 0
github.com/orbiterhq/comet/client.go:1439.60,1440.104 1 0
github.com/orbiterhq/comet/client.go:1440.104,1442.9 1 0
github.com/orbiterhq/comet/client.go:1446.7,1446.35 1 0
github.com/orbiterhq/comet/client.go:1446.35,1448.8 1 0
github.com/orbiterhq/comet/client.go:1451.7,1451.116 1 0
github.com/orbiterhq/comet/client.go:1451.116,1453.8 1 0
github.com/orbiterhq/comet/client.go:1458.5,1462.19 3 0
github.com/orbiterhq/comet/client.go:1462.19,1464.6 1 0
github.com/orbiterhq/comet/client.go:1467.5,1467.62 1 0
github.com/orbiterhq/comet/client.go:1468.10,1474.19 4 33
github.com/orbiterhq/comet/client.go:1474.19,1476.6 1 33
github.com/orbiterhq/comet/client.go:1479.4,1479.18 1 33
github.com/orbiterhq/comet/client.go:1479.18,1481.29 1 0
github.com/orbiterhq/comet/client.go:1481.29,1483.6 1 0
github.com/orbiterhq/comet/client.go:1488.3,1488.27 1 33
github.com/orbiterhq/comet/client.go:1488.27,1491.4 2 0
github.com/orbiterhq/comet/client.go:1497.44,1499.43 2 284
github.com/orbiterhq/comet/client.go:1499.43,1501.17 2 284
github.com/orbiterhq/comet/client.go:1501.17,1503.4 1 284
github.com/orbiterhq/comet/client.go:1505.3,1506.74 1 0
github.com/orbiterhq/comet/client.go:1506.74,1508.12 2 0
github.com/orbiterhq/comet/client.go:1510.3,1510.8 1 0
github.com/orbiterhq/comet/client.go:1512.2,1512.12 1 0
github.com/orbiterhq/comet/client.go:1520.45,1521.68 1 0
github.com/orbiterhq/comet/client.go:1521.68,1523.3 1 0
github.com/orbiterhq/comet/client.go:1525.2,1529.56 3 0
github.com/orbiterhq/comet/client.go:1532.79,1533.29 1 0
github.com/orbiterhq/comet/client.go:1533.29,1535.3 1 0
github.com/orbiterhq/comet/client.go:1538.2,1539.37 2 0
github.com/orbiterhq/comet/client.go:1539.37,1540.50 1 0
github.com/orbiterhq/comet/client.go:1540.50,1542.35 2 0
github.com/orbiterhq/comet/client.go:1542.35,1544.10 2 0
github.com/orbiterhq/comet/client.go:1549.2,1549.19 1 0
github.com/orbiterhq/comet/client.go:1549.19,1551.3 1 0
github.com/orbiterhq/comet/client.go:1555.2,1559.31 4 0
github.com/orbiterhq/comet/client.go:1559.31,1564.17 3 0
github.com/orbiterhq/comet/client.go:1564.17,1565.12 1 0
github.com/orbiterhq/comet/client.go:1567.3,1571.77 3 0
github.com/orbiterhq/comet/client.go:1571.77,1574.56 2 0
github.com/orbiterhq/comet/client.go:1574.56,1580.57 3 0
github.com/orbiterhq/comet/client.go:1580.57,1589.50 5 0
github.com/orbiterhq/comet/client.go:1589.50,1599.65 6 0
github.com/orbiterhq/comet/client.go:1599.65,1601.16 2 0
github.com/orbiterhq/comet/client.go:1605.7,1605.86 1 0
github.com/orbiterhq/comet/client.go:1605.86,1606.13 1 0
github.com/orbiterhq/comet/client.go:1610.7,1610.43 1 0
github.com/orbiterhq/comet/client.go:1610.43,1612.16 2 0
github.com/orbiterhq/comet/client.go:1615.7,1615.12 1 0
github.com/orbiterhq/comet/client.go:1619.6,1622.33 2 0
github.com/orbiterhq/comet/client.go:1622.33,1628.52 3 0
github.com/orbiterhq/comet/client.go:1628.52,1633.84 4 0
github.com/orbiterhq/comet/client.go:1633.84,1635.14 1 0
github.com/orbiterhq/comet/client.go:1638.8,1639.41 2 0
github.com/orbiterhq/comet/client.go:1643.7,1643.38 1 0
github.com/orbiterhq/comet/client.go:1649.6,1649.31 1 0
github.com/orbiterhq/comet/client.go:1649.31,1651.7 1 0
github.com/orbiterhq/comet/client.go:1651.12,1651.60 1 0
github.com/orbiterhq/comet/client.go:1651.60,1653.7 1 0
github.com/orbiterhq/comet/client.go:1653.12,1653.42 1 0
github.com/orbiterhq/comet/client.go:1653.43,1655.7 0 0
github.com/orbiterhq/comet/client.go:1657.10,1657.34 1 0
github.com/orbiterhq/comet/client.go:1657.34,1661.52 3 0
github.com/orbiterhq/comet/client.go:1661.52,1663.6 1 0
github.com/orbiterhq/comet/client.go:1669.3,1671.32 2 0
github.com/orbiterhq/comet/client.go:1671.32,1677.4 5 0
github.com/orbiterhq/comet/client.go:1681.2,1681.47 1 0
github.com/orbiterhq/comet/client.go:1681.47,1683.3 1 0
github.com/orbiterhq/comet/client.go:1686.2,1686.29 1 0
github.com/orbiterhq/comet/client.go:1686.29,1689.50 2 0
github.com/orbiterhq/comet/client.go:1689.50,1691.4 1 0
github.com/orbiterhq/comet/client.go:1692.3,1692.39 1 0
github.com/orbiterhq/comet/client.go:1692.39,1694.4 1 0
github.com/orbiterhq/comet/client.go:1697.3,1698.32 2 0
github.com/orbiterhq/comet/client.go:1698.32,1700.4 1 0
github.com/orbiterhq/comet/client.go:1701.3,1701.61 1 0
github.com/orbiterhq/comet/client.go:1701.61,1703.4 1 0
github.com/orbiterhq/comet/client.go:1707.2,1707.28 1 0
github.com/orbiterhq/comet/client.go:1707.28,1710.3 2 0
github.com/orbiterhq/comet/client.go:1721.120,1723.16 2 1
github.com/orbiterhq/comet/client.go:1723.16,1725.3 1 0
github.com/orbiterhq/comet/client.go:1726.2,1735.19 6 1
github.com/orbiterhq/comet/client.go:1735.19,1737.3 1 0
github.com/orbiterhq/comet/client.go:1739.2,1739.24 1 1
github.com/orbiterhq/comet/client.go:1739.24,1743.36 3 5
github.com/orbiterhq/comet/client.go:1743.36,1744.9 1 0
github.com/orbiterhq/comet/client.go:1748.3,1752.36 3 5
github.com/orbiterhq/comet/client.go:1752.36,1758.91 2 0
github.com/orbiterhq/comet/client.go:1758.91,1760.83 2 0
github.com/orbiterhq/comet/client.go:1760.83,1765.81 3 0
github.com/orbiterhq/comet/client.go:1765.81,1769.12 3 0
github.com/orbiterhq/comet/client.go:1774.4,1774.14 1 0
github.com/orbiterhq/comet/client.go:1774.14,1775.10 1 0
github.com/orbiterhq/comet/client.go:1779.4,1779.12 1 0
github.com/orbiterhq/comet/client.go:1783.3,1783.44 1 5
github.com/orbiterhq/comet/client.go:1783.44,1784.9 1 0
github.com/orbiterhq/comet/client.go:1788.3,1789.28 2 5
github.com/orbiterhq/comet/client.go:1789.28,1790.9 1 0
github.com/orbiterhq/comet/client.go:1794.3,1794.36 1 5
github.com/orbiterhq/comet/client.go:1794.36,1802.4 1 1
github.com/orbiterhq/comet/client.go:1804.3,1806.22 3 5
github.com/orbiterhq/comet/client.go:1809.2,1809.15 1 1
github.com/orbiterhq/comet/client.go:1814.92,1822.12 5 17
github.com/orbiterhq/comet/client.go:1822.12,1826.29 2 17
github.com/orbiterhq/comet/client.go:1826.29,1828.84 1 17
github.com/orbiterhq/comet/client.go:1828.84,1829.29 1 0
github.com/orbiterhq/comet/client.go:1829.29,1833.6 3 0
github.com/orbiterhq/comet/client.go:1834.5,1834.11 1 0
github.com/orbiterhq/comet/client.go:1836.4,1836.67 1 17
github.com/orbiterhq/comet/client.go:1840.3,1844.17 4 17
github.com/orbiterhq/comet/client.go:1844.17,1846.28 1 0
github.com/orbiterhq/comet/client.go:1846.28,1850.5 3 0
github.com/orbiterhq/comet/client.go:1851.9,1853.28 1 17
github.com/orbiterhq/comet/client.go:1853.28,1856.5 2 17
github.com/orbiterhq/comet/client.go:1863.42,1875.44 3 79
github.com/orbiterhq/comet/client.go:1875.44,1877.3 1 3
github.com/orbiterhq/comet/client.go:1880.2,1889.14 7 79
github.com/orbiterhq/comet/client.go:1894.38,1900.16 3 7
github.com/orbiterhq/comet/client.go:1900.16,1903.3 1 7
github.com/orbiterhq/comet/client.go:1904.2,1904.12 1 7
github.com/orbiterhq/comet/client.go:1909.43,1912.16 3 300
github.com/orbiterhq/comet/client.go:1912.16,1914.3 1 0
github.com/orbiterhq/comet/client.go:1917.2,1918.32 2 300
github.com/orbiterhq/comet/client.go:1918.32,1919.20 1 7459
github.com/orbiterhq/comet/client.go:1919.20,1920.12 1 0
github.com/orbiterhq/comet/client.go:1922.3,1923.75 2 7459
github.com/orbiterhq/comet/client.go:1923.75,1925.4 1 5830
github.com/orbiterhq/comet/client.go:1928.2,1928.25 1 300
github.com/orbiterhq/comet/client.go:1928.25,1930.3 1 0
github.com/orbiterhq/comet/client.go:1933.2,1937.34 3 300
github.com/orbiterhq/comet/client.go:1937.34,1939.3 1 3258
github.com/orbiterhq/comet/client.go:1942.2,1942.37 1 300
github.com/orbiterhq/comet/client.go:1942.37,1943.31 1 5830
github.com/orbiterhq/comet/client.go:1943.31,1946.18 2 3841
github.com/orbiterhq/comet/client.go:1946.18,1947.13 1 0
github.com/orbiterhq/comet/client.go:1952.4,1959.6 1 3841
github.com/orbiterhq/comet/client.go:1964.2,1964.24 1 300
github.com/orbiterhq/comet/client.go:1964.24,1966.3 1 300
github.com/orbiterhq/comet/client.go:1968.2,1968.12 1 300
github.com/orbiterhq/comet/client.go:1972.35,1974.23 1 488
github.com/orbiterhq/comet/client.go:1974.23,1975.47 1 300
github.com/orbiterhq/comet/client.go:1975.47,1977.4 1 0
github.com/orbiterhq/comet/client.go:1981.2,1981.56 1 488
github.com/orbiterhq/comet/client.go:1981.56,1983.21 1 391
github.com/orbiterhq/comet/client.go:1983.21,1989.4 1 0
github.com/orbiterhq/comet/client.go:1990.3,1990.13 1 391
github.com/orbiterhq/comet/client.go:1994.2,1999.16 4 97
github.com/orbiterhq/comet/client.go:1999.16,2001.3 1 0
github.com/orbiterhq/comet/client.go:2003.2,2010.23 5 97
github.com/orbiterhq/comet/client.go:2010.23,2011.32 1 90
github.com/orbiterhq/comet/client.go:2011.32,2013.51 2 2515
github.com/orbiterhq/comet/client.go:2013.51,2015.36 2 2515
github.com/orbiterhq/comet/client.go:2015.36,2017.6 1 257
github.com/orbiterhq/comet/client.go:2026.2,2026.12 1 97
github.com/orbiterhq/comet/client.go:2030.39,2033.16 2 16
github.com/orbiterhq/comet/client.go:2033.16,2035.3 1 0
github.com/orbiterhq/comet/client.go:2036.2,2040.16 3 16
github.com/orbiterhq/comet/client.go:2040.16,2042.3 1 0
github.com/orbiterhq/comet/client.go:2044.2,2044.22 1 16
github.com/orbiterhq/comet/client.go:2044.22,2047.70 2 14
github.com/orbiterhq/comet/client.go:2047.70,2049.4 1 0
github.com/orbiterhq/comet/client.go:2050.8,2050.29 1 2
github.com/orbiterhq/comet/client.go:2050.29,2052.3 1 0
github.com/orbiterhq/comet/client.go:2055.2,2056.16 2 16
github.com/orbiterhq/comet/client.go:2056.16,2058.3 1 0
github.com/orbiterhq/comet/client.go:2060.2,2066.12 4 16
github.com/orbiterhq/comet/client.go:2070.43,2073.16 2 16
github.com/orbiterhq/comet/client.go:2073.16,2075.3 1 0
github.com/orbiterhq/comet/client.go:2076.2,2080.16 3 16
github.com/orbiterhq/comet/client.go:2080.16,2082.3 1 0
github.com/orbiterhq/comet/client.go:2084.2,2084.22 1 16
github.com/orbiterhq/comet/client.go:2084.22,2090.51 2 14
github.com/orbiterhq/comet/client.go:2090.51,2092.4 1 14
github.com/orbiterhq/comet/client.go:2093.3,2093.77 1 14
github.com/orbiterhq/comet/client.go:2093.77,2095.4 1 0
github.com/orbiterhq/comet/client.go:2096.8,2096.29 1 2
github.com/orbiterhq/comet/client.go:2096.29,2098.3 1 0
github.com/orbiterhq/comet/client.go:2101.2,2102.16 2 16
github.com/orbiterhq/comet/client.go:2102.16,2104.3 1 0
github.com/orbiterhq/comet/client.go:2106.2,2116.12 4 16
github.com/orbiterhq/comet/client.go:2123.41,2124.30 1 435
github.com/orbiterhq/comet/client.go:2124.30,2127.3 1 113
github.com/orbiterhq/comet/client.go:2129.2,2129.51 1 322
github.com/orbiterhq/comet/client.go:2133.35,2135.51 1 441
github.com/orbiterhq/comet/client.go:2135.51,2137.3 1 385
github.com/orbiterhq/comet/client.go:2141.84,2143.85 1 345
github.com/orbiterhq/comet/client.go:2143.85,2144.78 1 16
github.com/orbiterhq/comet/client.go:2144.78,2146.4 1 0
github.com/orbiterhq/comet/client.go:2147.3,2147.61 1 16
github.com/orbiterhq/comet/client.go:2150.2,2150.31 1 345
github.com/orbiterhq/comet/client.go:2150.31,2161.3 3 181
github.com/orbiterhq/comet/client.go:2164.2,2165.16 2 345
github.com/orbiterhq/comet/client.go:2165.16,2167.3 1 0
github.com/orbiterhq/comet/client.go:2169.2,2174.23 3 345
github.com/orbiterhq/comet/client.go:2174.23,2176.3 1 16
github.com/orbiterhq/comet/client.go:2177.2,2181.16 3 345
github.com/orbiterhq/comet/client.go:2181.16,2183.3 1 0
github.com/orbiterhq/comet/client.go:2184.2,2186.12 2 345
github.com/orbiterhq/comet/client.go:2190.42,2192.16 2 204
github.com/orbiterhq/comet/client.go:2192.16,2194.3 1 0
github.com/orbiterhq/comet/client.go:2196.2,2197.46 2 204
github.com/orbiterhq/comet/client.go:2197.46,2200.3 2 187
github.com/orbiterhq/comet/client.go:2203.2,2209.16 5 17
github.com/orbiterhq/comet/client.go:2209.16,2211.3 1 0
github.com/orbiterhq/comet/client.go:2212.2,2215.26 2 17
github.com/orbiterhq/comet/client.go:2215.26,2216.37 1 17
github.com/orbiterhq/comet/client.go:2216.37,2217.9 1 0
github.com/orbiterhq/comet/client.go:2220.3,2221.53 2 17
github.com/orbiterhq/comet/client.go:2221.53,2222.9 1 0
github.com/orbiterhq/comet/client.go:2225.3,2226.51 2 17
github.com/orbiterhq/comet/client.go:2226.51,2227.9 1 0
github.com/orbiterhq/comet/client.go:2231.3,2231.18 1 17
github.com/orbiterhq/comet/client.go:2231.18,2234.22 2 16
github.com/orbiterhq/comet/client.go:2234.22,2236.10 1 16
github.com/orbiterhq/comet/client.go:2241.3,2243.17 3 1
github.com/orbiterhq/comet/client.go:2247.2,2251.48 3 17
github.com/orbiterhq/comet/client.go:2251.48,2253.3 1 1
github.com/orbiterhq/comet/client.go:2256.2,2256.22 1 17
github.com/orbiterhq/comet/client.go:2256.22,2261.3 1 1
github.com/orbiterhq/comet/client.go:2263.2,2263.12 1 17
github.com/orbiterhq/comet/client.go:2268.85,2270.25 1 254
github.com/orbiterhq/comet/client.go:2270.25,2272.51 1 113
github.com/orbiterhq/comet/client.go:2272.51,2274.4 1 0
github.com/orbiterhq/comet/client.go:2278.3,2296.13 8 113
github.com/orbiterhq/comet/client.go:2300.2,2305.21 3 141
github.com/orbiterhq/comet/client.go:2305.21,2307.3 1 141
github.com/orbiterhq/comet/client.go:2310.2,2310.25 1 141
github.com/orbiterhq/comet/client.go:2310.25,2312.3 1 141
github.com/orbiterhq/comet/client.go:2315.2,2315.43 1 141
github.com/orbiterhq/comet/client.go:2315.43,2317.3 1 0
github.com/orbiterhq/comet/client.go:2320.2,2320.28 1 141
github.com/orbiterhq/comet/client.go:2320.28,2324.3 3 141
github.com/orbiterhq/comet/client.go:2327.2,2327.68 1 141
github.com/orbiterhq/comet/client.go:2327.68,2328.78 1 0
github.com/orbiterhq/comet/client.go:2328.78,2330.4 1 0
github.com/orbiterhq/comet/client.go:2331.3,2331.61 1 0
github.com/orbiterhq/comet/client.go:2335.2,2353.51 7 141
github.com/orbiterhq/comet/client.go:2357.58,2361.40 2 1491
github.com/orbiterhq/comet/client.go:2361.40,2362.23 1 7455
github.com/orbiterhq/comet/client.go:2362.23,2364.9 2 1491
github.com/orbiterhq/comet/client.go:2368.2,2368.57 1 1491
github.com/orbiterhq/comet/client.go:2368.57,2370.3 1 0
github.com/orbiterhq/comet/client.go:2373.2,2377.30 3 1491
github.com/orbiterhq/comet/client.go:2377.30,2378.31 1 5964
github.com/orbiterhq/comet/client.go:2378.31,2380.4 1 0
github.com/orbiterhq/comet/client.go:2381.3,2382.38 2 5964
github.com/orbiterhq/comet/client.go:2382.38,2384.4 1 0
github.com/orbiterhq/comet/client.go:2385.3,2385.31 1 5964
github.com/orbiterhq/comet/client.go:2388.2,2388.21 1 1491
github.com/orbiterhq/comet/client.go:2392.32,2396.14 3 63
github.com/orbiterhq/comet/client.go:2396.14,2398.3 1 1
github.com/orbiterhq/comet/client.go:2400.2,2403.21 2 62
github.com/orbiterhq/comet/client.go:2403.21,2406.3 2 62
github.com/orbiterhq/comet/client.go:2409.2,2409.33 1 62
github.com/orbiterhq/comet/client.go:2409.33,2420.26 4 204
github.com/orbiterhq/comet/client.go:2420.26,2422.4 1 204
github.com/orbiterhq/comet/client.go:2425.3,2425.30 1 204
github.com/orbiterhq/comet/client.go:2425.30,2427.4 1 204
github.com/orbiterhq/comet/client.go:2430.3,2430.28 1 204
github.com/orbiterhq/comet/client.go:2430.28,2432.4 1 204
github.com/orbiterhq/comet/client.go:2435.3,2435.30 1 204
github.com/orbiterhq/comet/client.go:2435.30,2437.4 1 16
github.com/orbiterhq/comet/client.go:2439.3,2447.28 5 204
github.com/orbiterhq/comet/client.go:2447.28,2449.4 1 16
github.com/orbiterhq/comet/client.go:2450.3,2450.33 1 204
github.com/orbiterhq/comet/client.go:2450.33,2452.4 1 16
github.com/orbiterhq/comet/client.go:2453.3,2453.32 1 204
github.com/orbiterhq/comet/client.go:2453.32,2455.4 1 16
github.com/orbiterhq/comet/client.go:2456.3,2459.34 2 204
github.com/orbiterhq/comet/client.go:2459.34,2463.4 3 16
github.com/orbiterhq/comet/client.go:2464.3,2464.37 1 204
github.com/orbiterhq/comet/client.go:2464.37,2468.4 3 16
github.com/orbiterhq/comet/client.go:2471.2,2471.12 1 62
github.com/orbiterhq/comet/client.go:2475.40,2482.33 5 3
github.com/orbiterhq/comet/client.go:2482.33,2490.61 5 3
github.com/orbiterhq/comet/client.go:2490.61,2492.20 2 0
github.com/orbiterhq/comet/client.go:2492.20,2494.5 1 0
github.com/orbiterhq/comet/client.go:2496.3,2496.21 1 3
github.com/orbiterhq/comet/client.go:2498.2,2525.3 5 3
github.com/orbiterhq/comet/consumer.go:24.37,26.2 1 20011
github.com/orbiterhq/comet/consumer.go:29.52,32.76 3 0
github.com/orbiterhq/comet/consumer.go:32.76,34.3 1 0
github.com/orbiterhq/comet/consumer.go:35.2,35.67 1 0
github.com/orbiterhq/comet/consumer.go:93.47,94.34 1 2
github.com/orbiterhq/comet/consumer.go:94.34,96.3 1 2
github.com/orbiterhq/comet/consumer.go:100.49,101.34 1 2
github.com/orbiterhq/comet/consumer.go:101.34,103.3 1 2
github.com/orbiterhq/comet/consumer.go:107.44,108.34 1 4
github.com/orbiterhq/comet/consumer.go:108.34,110.3 1 4
github.com/orbiterhq/comet/consumer.go:114.48,115.34 1 1
github.com/orbiterhq/comet/consumer.go:115.34,117.3 1 1
github.com/orbiterhq/comet/consumer.go:121.61,122.34 1 0
github.com/orbiterhq/comet/consumer.go:122.34,124.3 1 0
github.com/orbiterhq/comet/consumer.go:128.56,129.34 1 1
github.com/orbiterhq/comet/consumer.go:129.34,131.3 1 1
github.com/orbiterhq/comet/consumer.go:135.46,136.34 1 1
github.com/orbiterhq/comet/consumer.go:136.34,138.3 1 1
github.com/orbiterhq/comet/consumer.go:142.78,143.34 1 1
github.com/orbiterhq/comet/consumer.go:143.34,145.3 1 1
github.com/orbiterhq/comet/consumer.go:149.87,150.34 1 0
github.com/orbiterhq/comet/consumer.go:150.34,152.3 1 0
github.com/orbiterhq/comet/consumer.go:156.58,157.34 1 0
github.com/orbiterhq/comet/consumer.go:157.34,160.3 2 0
github.com/orbiterhq/comet/consumer.go:164.83,176.27 2 4
github.com/orbiterhq/comet/consumer.go:176.27,178.3 1 12
github.com/orbiterhq/comet/consumer.go:181.2,181.46 1 4
github.com/orbiterhq/comet/consumer.go:181.46,183.3 1 0
github.com/orbiterhq/comet/consumer.go:185.2,185.12 1 4
github.com/orbiterhq/comet/consumer.go:189.66,195.2 1 24
github.com/orbiterhq/comet/consumer.go:198.34,200.44 1 22
github.com/orbiterhq/comet/consumer.go:200.44,201.40 1 21
github.com/orbiterhq/comet/consumer.go:201.40,203.4 1 21
github.com/orbiterhq/comet/consumer.go:204.3,204.14 1 21
github.com/orbiterhq/comet/consumer.go:206.2,206.12 1 22
github.com/orbiterhq/comet/consumer.go:210.99,214.33 3 65
github.com/orbiterhq/comet/consumer.go:214.33,215.21 1 170
github.com/orbiterhq/comet/consumer.go:215.21,216.9 1 5
github.com/orbiterhq/comet/consumer.go:219.3,220.17 2 165
github.com/orbiterhq/comet/consumer.go:220.17,222.4 1 0
github.com/orbiterhq/comet/consumer.go:224.3,225.17 2 165
github.com/orbiterhq/comet/consumer.go:225.17,227.4 1 1
github.com/orbiterhq/comet/consumer.go:229.3,230.34 2 164
github.com/orbiterhq/comet/consumer.go:233.2,233.22 1 64
github.com/orbiterhq/comet/consumer.go:255.99,260.24 2 4
github.com/orbiterhq/comet/consumer.go:260.24,262.3 1 0
github.com/orbiterhq/comet/consumer.go:265.2,266.25 2 4
github.com/orbiterhq/comet/consumer.go:266.25,268.3 1 2
github.com/orbiterhq/comet/consumer.go:268.8,268.29 1 2
github.com/orbiterhq/comet/consumer.go:268.29,271.17 2 2
github.com/orbiterhq/comet/consumer.go:271.17,273.4 1 0
github.com/orbiterhq/comet/consumer.go:274.3,274.28 1 2
github.com/orbiterhq/comet/consumer.go:275.8,277.3 1 0
github.com/orbiterhq/comet/consumer.go:280.2,283.6 2 4
github.com/orbiterhq/comet/consumer.go:283.6,284.10 1 16
github.com/orbiterhq/comet/consumer.go:285.21,286.20 1 2
github.com/orbiterhq/comet/consumer.go:287.11,287.11 0 14
github.com/orbiterhq/comet/consumer.go:290.3,292.17 3 14
github.com/orbiterhq/comet/consumer.go:292.17,293.26 1 0
github.com/orbiterhq/comet/consumer.go:293.26,295.5 1 0
github.com/orbiterhq/comet/consumer.go:297.4,297.11 1 0
github.com/orbiterhq/comet/consumer.go:298.22,299.21 1 0
github.com/orbiterhq/comet/consumer.go:300.40,301.13 1 0
github.com/orbiterhq/comet/consumer.go:305.3,305.25 1 14
github.com/orbiterhq/comet/consumer.go:305.25,307.11 1 3
github.com/orbiterhq/comet/consumer.go:308.22,309.21 1 2
github.com/orbiterhq/comet/consumer.go:310.40,311.13 1 1
github.com/orbiterhq/comet/consumer.go:316.3,317.52 2 11
github.com/orbiterhq/comet/consumer.go:317.52,319.25 2 13
github.com/orbiterhq/comet/consumer.go:319.25,320.10 1 11
github.com/orbiterhq/comet/consumer.go:323.4,323.26 1 2
github.com/orbiterhq/comet/consumer.go:323.26,325.5 1 2
github.com/orbiterhq/comet/consumer.go:327.4,327.30 1 2
github.com/orbiterhq/comet/consumer.go:327.30,328.12 1 2
github.com/orbiterhq/comet/consumer.go:329.23,330.22 1 0
github.com/orbiterhq/comet/consumer.go:331.64,331.64 0 2
github.com/orbiterhq/comet/consumer.go:338.3,338.35 1 11
github.com/orbiterhq/comet/consumer.go:338.35,339.33 1 8
github.com/orbiterhq/comet/consumer.go:339.33,340.68 1 15
github.com/orbiterhq/comet/consumer.go:340.68,342.6 1 0
github.com/orbiterhq/comet/consumer.go:347.3,347.25 1 11
github.com/orbiterhq/comet/consumer.go:347.25,349.4 1 0
github.com/orbiterhq/comet/consumer.go:354.69,356.52 1 21475
github.com/orbiterhq/comet/consumer.go:356.52,370.44 8 21452
github.com/orbiterhq/comet/consumer.go:370.44,373.57 2 21451
github.com/orbiterhq/comet/consumer.go:373.57,374.52 1 21456
github.com/orbiterhq/comet/consumer.go:374.52,376.6 1 0
github.com/orbiterhq/comet/consumer.go:378.4,378.18 1 21451
github.com/orbiterhq/comet/consumer.go:378.18,380.5 1 21451
github.com/orbiterhq/comet/consumer.go:385.3,386.17 2 1
github.com/orbiterhq/comet/consumer.go:390.2,410.16 8 24
github.com/orbiterhq/comet/consumer.go:410.16,412.3 1 0
github.com/orbiterhq/comet/consumer.go:415.2,415.79 1 24
github.com/orbiterhq/comet/consumer.go:415.79,419.3 2 0
github.com/orbiterhq/comet/consumer.go:421.2,421.23 1 24
github.com/orbiterhq/comet/consumer.go:425.91,427.48 1 10815
github.com/orbiterhq/comet/consumer.go:427.48,429.3 1 0
github.com/orbiterhq/comet/consumer.go:432.2,432.44 1 10815
github.com/orbiterhq/comet/consumer.go:432.44,434.99 1 10809
github.com/orbiterhq/comet/consumer.go:434.99,436.78 1 10809
github.com/orbiterhq/comet/consumer.go:436.79,438.5 0 0
github.com/orbiterhq/comet/consumer.go:438.10,439.31 1 10809
github.com/orbiterhq/comet/consumer.go:439.31,441.6 1 154
github.com/orbiterhq/comet/consumer.go:443.5,443.71 1 10655
github.com/orbiterhq/comet/consumer.go:449.2,449.33 1 6
github.com/orbiterhq/comet/consumer.go:449.33,451.3 1 0
github.com/orbiterhq/comet/consumer.go:454.2,462.38 3 6
github.com/orbiterhq/comet/consumer.go:462.38,464.3 1 6
github.com/orbiterhq/comet/consumer.go:465.2,468.30 2 6
github.com/orbiterhq/comet/consumer.go:468.30,470.3 1 2
github.com/orbiterhq/comet/consumer.go:473.2,473.31 1 4
github.com/orbiterhq/comet/consumer.go:473.31,475.3 1 2
github.com/orbiterhq/comet/consumer.go:478.2,478.71 1 2
github.com/orbiterhq/comet/consumer.go:482.131,483.31 1 10657
github.com/orbiterhq/comet/consumer.go:483.31,485.3 1 0
github.com/orbiterhq/comet/consumer.go:488.2,489.16 2 10657
github.com/orbiterhq/comet/consumer.go:489.16,491.3 1 0
github.com/orbiterhq/comet/consumer.go:494.2,507.50 9 10657
github.com/orbiterhq/comet/consumer.go:507.50,510.38 2 535971
github.com/orbiterhq/comet/consumer.go:510.38,512.4 1 0
github.com/orbiterhq/comet/consumer.go:515.3,515.48 1 535971
github.com/orbiterhq/comet/consumer.go:515.48,517.4 1 0
github.com/orbiterhq/comet/consumer.go:519.3,521.44 3 535971
github.com/orbiterhq/comet/consumer.go:521.44,524.53 1 0
github.com/orbiterhq/comet/consumer.go:524.53,526.99 2 0
github.com/orbiterhq/comet/consumer.go:526.99,530.6 1 0
github.com/orbiterhq/comet/consumer.go:534.4,534.50 1 0
github.com/orbiterhq/comet/consumer.go:534.50,537.13 3 0
github.com/orbiterhq/comet/consumer.go:538.10,540.5 1 0
github.com/orbiterhq/comet/consumer.go:544.3,544.54 1 535971
github.com/orbiterhq/comet/consumer.go:544.54,546.50 1 0
github.com/orbiterhq/comet/consumer.go:546.50,549.13 3 0
github.com/orbiterhq/comet/consumer.go:550.10,552.5 1 0
github.com/orbiterhq/comet/consumer.go:556.3,560.29 3 535971
github.com/orbiterhq/comet/consumer.go:560.29,562.4 1 0
github.com/orbiterhq/comet/consumer.go:565.3,566.38 2 535971
github.com/orbiterhq/comet/consumer.go:566.38,568.50 1 1
github.com/orbiterhq/comet/consumer.go:568.50,571.13 3 0
github.com/orbiterhq/comet/consumer.go:572.10,574.5 1 1
github.com/orbiterhq/comet/consumer.go:578.3,578.34 1 535970
github.com/orbiterhq/comet/consumer.go:578.34,584.9 3 10656
github.com/orbiterhq/comet/consumer.go:588.3,592.52 3 525314
github.com/orbiterhq/comet/consumer.go:592.52,594.50 1 0
github.com/orbiterhq/comet/consumer.go:594.50,597.5 2 0
github.com/orbiterhq/comet/consumer.go:597.10,599.10 1 0
github.com/orbiterhq/comet/consumer.go:604.2,604.17 1 10656
github.com/orbiterhq/comet/consumer.go:604.17,606.3 1 10656
github.com/orbiterhq/comet/consumer.go:607.2,607.83 1 0
github.com/orbiterhq/comet/consumer.go:611.108,617.28 3 165
github.com/orbiterhq/comet/consumer.go:617.28,619.46 2 2
github.com/orbiterhq/comet/consumer.go:619.46,623.47 2 0
github.com/orbiterhq/comet/consumer.go:623.47,624.54 1 0
github.com/orbiterhq/comet/consumer.go:624.54,627.6 2 0
github.com/orbiterhq/comet/consumer.go:628.5,632.31 2 0
github.com/orbiterhq/comet/consumer.go:632.31,635.6 2 0
github.com/orbiterhq/comet/consumer.go:638.5,638.47 1 0
github.com/orbiterhq/comet/consumer.go:638.47,639.39 1 0
github.com/orbiterhq/comet/consumer.go:639.39,640.44 1 0
github.com/orbiterhq/comet/consumer.go:640.44,642.8 1 0
github.com/orbiterhq/comet/consumer.go:643.7,644.19 2 0
github.com/orbiterhq/comet/consumer.go:646.6,646.17 1 0
github.com/orbiterhq/comet/consumer.go:649.4,649.21 1 0
github.com/orbiterhq/comet/consumer.go:653.2,656.13 3 165
github.com/orbiterhq/comet/consumer.go:656.13,658.3 1 122
github.com/orbiterhq/comet/consumer.go:659.2,664.55 4 165
github.com/orbiterhq/comet/consumer.go:664.55,666.32 2 2
github.com/orbiterhq/comet/consumer.go:666.32,673.34 4 0
github.com/orbiterhq/comet/consumer.go:673.34,677.5 2 0
github.com/orbiterhq/comet/consumer.go:679.4,682.96 2 0
github.com/orbiterhq/comet/consumer.go:682.96,684.5 1 0
github.com/orbiterhq/comet/consumer.go:686.4,687.15 2 0
github.com/orbiterhq/comet/consumer.go:687.15,689.5 1 0
github.com/orbiterhq/comet/consumer.go:690.4,692.21 3 0
github.com/orbiterhq/comet/consumer.go:696.2,696.34 1 165
github.com/orbiterhq/comet/consumer.go:696.34,698.3 1 103
github.com/orbiterhq/comet/consumer.go:701.2,701.39 1 62
github.com/orbiterhq/comet/consumer.go:701.39,703.3 1 0
github.com/orbiterhq/comet/consumer.go:706.2,708.53 3 62
github.com/orbiterhq/comet/consumer.go:708.53,710.3 1 43
github.com/orbiterhq/comet/consumer.go:711.2,714.96 2 62
github.com/orbiterhq/comet/consumer.go:714.96,716.23 1 10815
github.com/orbiterhq/comet/consumer.go:716.23,718.4 1 0
github.com/orbiterhq/comet/consumer.go:721.3,725.17 4 10815
github.com/orbiterhq/comet/consumer.go:725.17,728.85 1 3
github.com/orbiterhq/comet/consumer.go:728.85,730.5 1 2
github.com/orbiterhq/comet/consumer.go:732.4,732.18 1 3
github.com/orbiterhq/comet/consumer.go:732.18,735.56 1 1
github.com/orbiterhq/comet/consumer.go:735.56,736.14 1 0
github.com/orbiterhq/comet/consumer.go:738.5,738.109 1 1
github.com/orbiterhq/comet/consumer.go:743.3,743.29 1 10814
github.com/orbiterhq/comet/consumer.go:743.29,745.4 1 0
github.com/orbiterhq/comet/consumer.go:748.3,749.17 2 10814
github.com/orbiterhq/comet/consumer.go:749.17,751.4 1 0
github.com/orbiterhq/comet/consumer.go:754.3,755.17 2 10814
github.com/orbiterhq/comet/consumer.go:755.17,758.63 1 0
github.com/orbiterhq/comet/consumer.go:758.63,763.5 2 0
github.com/orbiterhq/comet/consumer.go:764.4,764.18 1 0
github.com/orbiterhq/comet/consumer.go:764.18,766.5 1 0
github.com/orbiterhq/comet/consumer.go:769.3,775.39 2 10814
github.com/orbiterhq/comet/consumer.go:778.2,778.22 1 61
github.com/orbiterhq/comet/consumer.go:782.98,791.21 5 2
github.com/orbiterhq/comet/consumer.go:791.21,793.3 1 0
github.com/orbiterhq/comet/consumer.go:796.2,797.16 2 2
github.com/orbiterhq/comet/consumer.go:797.16,799.3 1 0
github.com/orbiterhq/comet/consumer.go:801.2,807.29 4 2
github.com/orbiterhq/comet/consumer.go:807.29,808.35 1 2
github.com/orbiterhq/comet/consumer.go:808.35,809.9 1 0
github.com/orbiterhq/comet/consumer.go:812.3,814.22 3 2
github.com/orbiterhq/comet/consumer.go:814.22,815.12 1 0
github.com/orbiterhq/comet/consumer.go:818.3,822.25 3 2
github.com/orbiterhq/comet/consumer.go:822.25,824.28 1 2
github.com/orbiterhq/comet/consumer.go:824.28,825.10 1 0
github.com/orbiterhq/comet/consumer.go:829.4,834.63 4 2
github.com/orbiterhq/comet/consumer.go:834.63,837.13 2 0
github.com/orbiterhq/comet/consumer.go:841.4,842.27 2 2
github.com/orbiterhq/comet/consumer.go:842.27,843.10 1 0
github.com/orbiterhq/comet/consumer.go:847.4,847.35 1 2
github.com/orbiterhq/comet/consumer.go:847.35,852.5 1 2
github.com/orbiterhq/comet/consumer.go:855.4,856.21 2 0
github.com/orbiterhq/comet/consumer.go:860.2,860.120 1 0
github.com/orbiterhq/comet/consumer.go:864.76,865.26 1 10047
github.com/orbiterhq/comet/consumer.go:865.26,867.3 1 0
github.com/orbiterhq/comet/consumer.go:870.2,870.26 1 10047
github.com/orbiterhq/comet/consumer.go:870.26,873.17 3 10035
github.com/orbiterhq/comet/consumer.go:873.17,875.4 1 0
github.com/orbiterhq/comet/consumer.go:877.3,887.13 6 10035
github.com/orbiterhq/comet/consumer.go:891.2,891.31 1 12
github.com/orbiterhq/comet/consumer.go:895.59,898.32 2 12
github.com/orbiterhq/comet/consumer.go:898.32,900.3 1 143
github.com/orbiterhq/comet/consumer.go:903.2,903.40 1 12
github.com/orbiterhq/comet/consumer.go:903.40,905.17 2 15
github.com/orbiterhq/comet/consumer.go:905.17,907.4 1 0
github.com/orbiterhq/comet/consumer.go:909.3,913.26 3 15
github.com/orbiterhq/comet/consumer.go:913.26,914.33 1 143
github.com/orbiterhq/comet/consumer.go:914.33,916.5 1 143
github.com/orbiterhq/comet/consumer.go:920.3,920.20 1 15
github.com/orbiterhq/comet/consumer.go:920.20,924.4 2 15
github.com/orbiterhq/comet/consumer.go:926.3,926.20 1 15
github.com/orbiterhq/comet/consumer.go:929.2,929.12 1 12
github.com/orbiterhq/comet/consumer.go:933.79,935.16 2 0
github.com/orbiterhq/comet/consumer.go:935.16,937.3 1 0
github.com/orbiterhq/comet/consumer.go:940.2,940.28 1 0
github.com/orbiterhq/comet/consumer.go:940.28,942.46 2 0
github.com/orbiterhq/comet/consumer.go:942.46,946.47 2 0
github.com/orbiterhq/comet/consumer.go:946.47,947.54 1 0
github.com/orbiterhq/comet/consumer.go:947.54,950.6 2 0
github.com/orbiterhq/comet/consumer.go:951.5,951.43 1 0
github.com/orbiterhq/comet/consumer.go:953.4,953.21 1 0
github.com/orbiterhq/comet/consumer.go:957.2,961.13 4 0
github.com/orbiterhq/comet/consumer.go:961.13,963.3 1 0
github.com/orbiterhq/comet/consumer.go:966.2,967.17 2 0
github.com/orbiterhq/comet/consumer.go:971.94,973.16 2 1
github.com/orbiterhq/comet/consumer.go:973.16,975.3 1 0
github.com/orbiterhq/comet/consumer.go:977.2,978.21 2 1
github.com/orbiterhq/comet/consumer.go:978.21,981.22 2 0
github.com/orbiterhq/comet/consumer.go:981.22,983.4 1 0
github.com/orbiterhq/comet/consumer.go:986.2,992.12 4 1
github.com/orbiterhq/comet/consumer.go:997.98,998.25 1 1
github.com/orbiterhq/comet/consumer.go:998.25,1000.3 1 0
github.com/orbiterhq/comet/consumer.go:1002.2,1003.16 2 1
github.com/orbiterhq/comet/consumer.go:1003.16,1005.3 1 0
github.com/orbiterhq/comet/consumer.go:1007.2,1013.42 4 1
github.com/orbiterhq/comet/consumer.go:1013.42,1017.3 2 1
github.com/orbiterhq/comet/consumer.go:1018.2,1020.12 2 1
github.com/orbiterhq/comet/consumer.go:1042.93,1044.16 2 0
github.com/orbiterhq/comet/consumer.go:1044.16,1046.3 1 0
github.com/orbiterhq/comet/consumer.go:1049.2,1049.28 1 0
github.com/orbiterhq/comet/consumer.go:1049.28,1051.46 2 0
github.com/orbiterhq/comet/consumer.go:1051.46,1055.47 2 0
github.com/orbiterhq/comet/consumer.go:1055.47,1056.54 1 0
github.com/orbiterhq/comet/consumer.go:1056.54,1059.6 2 0
github.com/orbiterhq/comet/consumer.go:1060.5,1060.43 1 0
github.com/orbiterhq/comet/consumer.go:1062.4,1062.21 1 0
github.com/orbiterhq/comet/consumer.go:1066.2,1076.57 4 0
github.com/orbiterhq/comet/consumer.go:1076.57,1078.3 1 0
github.com/orbiterhq/comet/consumer.go:1081.2,1081.41 1 0
github.com/orbiterhq/comet/consumer.go:1081.41,1085.77 3 0
github.com/orbiterhq/comet/consumer.go:1085.77,1087.4 1 0
github.com/orbiterhq/comet/consumer.go:1089.3,1089.44 1 0
github.com/orbiterhq/comet/consumer.go:1089.44,1091.4 1 0
github.com/orbiterhq/comet/consumer.go:1094.2,1094.19 1 0
github.com/orbiterhq/comet/consumer.go:1098.106,1100.24 1 2
github.com/orbiterhq/comet/consumer.go:1100.24,1102.3 1 0
github.com/orbiterhq/comet/consumer.go:1103.2,1103.51 1 2
github.com/orbiterhq/comet/consumer.go:1103.51,1105.3 1 0
github.com/orbiterhq/comet/consumer.go:1108.2,1108.45 1 2
github.com/orbiterhq/comet/consumer.go:1108.45,1110.3 1 0
github.com/orbiterhq/comet/consumer.go:1112.2,1128.59 7 2
github.com/orbiterhq/comet/consumer.go:1128.59,1130.22 2 64
github.com/orbiterhq/comet/consumer.go:1130.22,1135.4 4 64
github.com/orbiterhq/comet/consumer.go:1138.2,1138.12 1 2
github.com/orbiterhq/comet/consumer.go:1138.12,1141.3 2 2
github.com/orbiterhq/comet/consumer.go:1143.2,1143.27 1 2
github.com/orbiterhq/comet/consumer.go:1143.27,1144.17 1 64
github.com/orbiterhq/comet/consumer.go:1144.17,1146.4 1 64
github.com/orbiterhq/comet/consumer.go:1149.2,1149.25 1 2
github.com/orbiterhq/comet/consumer.go:1149.25,1151.3 1 0
github.com/orbiterhq/comet/consumer.go:1154.2,1158.36 3 2
github.com/orbiterhq/comet/consumer.go:1158.36,1159.47 1 64
github.com/orbiterhq/comet/consumer.go:1159.47,1161.4 1 64
github.com/orbiterhq/comet/consumer.go:1164.2,1164.28 1 2
github.com/orbiterhq/comet/index_binary.go:36.58,40.16 3 80
github.com/orbiterhq/comet/index_binary.go:40.16,42.3 1 0
github.com/orbiterhq/comet/index_binary.go:43.2,46.81 2 80
github.com/orbiterhq/comet/index_binary.go:46.81,48.3 1 0
github.com/orbiterhq/comet/index_binary.go:49.2,49.83 1 80
github.com/orbiterhq/comet/index_binary.go:49.83,51.3 1 0
github.com/orbiterhq/comet/index_binary.go:52.2,52.95 1 80
github.com/orbiterhq/comet/index_binary.go:52.95,54.3 1 0
github.com/orbiterhq/comet/index_binary.go:55.2,55.95 1 80
github.com/orbiterhq/comet/index_binary.go:55.95,57.3 1 0
github.com/orbiterhq/comet/index_binary.go:58.2,58.97 1 80
github.com/orbiterhq/comet/index_binary.go:58.97,60.3 1 0
github.com/orbiterhq/comet/index_binary.go:61.2,61.99 1 80
github.com/orbiterhq/comet/index_binary.go:61.99,63.3 1 0
github.com/orbiterhq/comet/index_binary.go:64.2,64.87 1 80
github.com/orbiterhq/comet/index_binary.go:64.87,66.3 1 0
github.com/orbiterhq/comet/index_binary.go:69.2,69.51 1 80
github.com/orbiterhq/comet/index_binary.go:69.51,71.86 2 6
github.com/orbiterhq/comet/index_binary.go:71.86,73.4 1 0
github.com/orbiterhq/comet/index_binary.go:74.3,74.48 1 6
github.com/orbiterhq/comet/index_binary.go:74.48,76.4 1 0
github.com/orbiterhq/comet/index_binary.go:77.3,77.78 1 6
github.com/orbiterhq/comet/index_binary.go:77.78,79.4 1 0
github.com/orbiterhq/comet/index_binary.go:83.2,83.47 1 80
github.com/orbiterhq/comet/index_binary.go:83.47,84.88 1 1160
github.com/orbiterhq/comet/index_binary.go:84.88,86.4 1 0
github.com/orbiterhq/comet/index_binary.go:87.3,87.95 1 1160
github.com/orbiterhq/comet/index_binary.go:87.95,89.4 1 0
github.com/orbiterhq/comet/index_binary.go:90.3,90.96 1 1160
github.com/orbiterhq/comet/index_binary.go:90.96,92.4 1 0
github.com/orbiterhq/comet/index_binary.go:96.2,96.35 1 80
github.com/orbiterhq/comet/index_binary.go:96.35,99.86 2 581
github.com/orbiterhq/comet/index_binary.go:99.86,101.4 1 0
github.com/orbiterhq/comet/index_binary.go:102.3,102.47 1 581
github.com/orbiterhq/comet/index_binary.go:102.47,104.4 1 0
github.com/orbiterhq/comet/index_binary.go:106.3,106.88 1 581
github.com/orbiterhq/comet/index_binary.go:106.88,108.4 1 0
github.com/orbiterhq/comet/index_binary.go:109.3,109.86 1 581
github.com/orbiterhq/comet/index_binary.go:109.86,111.4 1 0
github.com/orbiterhq/comet/index_binary.go:112.3,112.87 1 581
github.com/orbiterhq/comet/index_binary.go:112.87,114.4 1 0
github.com/orbiterhq/comet/index_binary.go:115.3,115.84 1 581
github.com/orbiterhq/comet/index_binary.go:115.84,117.4 1 0
github.com/orbiterhq/comet/index_binary.go:118.3,118.97 1 581
github.com/orbiterhq/comet/index_binary.go:118.97,120.4 1 0
github.com/orbiterhq/comet/index_binary.go:121.3,121.95 1 581
github.com/orbiterhq/comet/index_binary.go:121.95,123.4 1 0
github.com/orbiterhq/comet/index_binary.go:127.2,127.33 1 80
github.com/orbiterhq/comet/index_binary.go:127.33,129.3 1 0
github.com/orbiterhq/comet/index_binary.go:132.2,132.41 1 80
github.com/orbiterhq/comet/index_binary.go:136.56,138.16 2 99
github.com/orbiterhq/comet/index_binary.go:138.16,140.3 1 0
github.com/orbiterhq/comet/index_binary.go:142.2,142.20 1 99
github.com/orbiterhq/comet/index_binary.go:142.20,144.3 1 0
github.com/orbiterhq/comet/index_binary.go:147.2,150.25 4 99
github.com/orbiterhq/comet/index_binary.go:150.25,152.3 1 0
github.com/orbiterhq/comet/index_binary.go:154.2,156.29 3 99
github.com/orbiterhq/comet/index_binary.go:156.29,158.3 1 0
github.com/orbiterhq/comet/index_binary.go:160.2,178.26 11 99
github.com/orbiterhq/comet/index_binary.go:178.26,181.3 2 99
github.com/orbiterhq/comet/index_binary.go:184.2,184.45 1 99
github.com/orbiterhq/comet/index_binary.go:184.45,185.26 1 4
github.com/orbiterhq/comet/index_binary.go:185.26,187.4 1 0
github.com/orbiterhq/comet/index_binary.go:189.3,192.36 3 4
github.com/orbiterhq/comet/index_binary.go:192.36,194.4 1 0
github.com/orbiterhq/comet/index_binary.go:196.3,202.48 5 4
github.com/orbiterhq/comet/index_binary.go:206.2,207.41 2 99
github.com/orbiterhq/comet/index_binary.go:207.41,208.28 1 1011
github.com/orbiterhq/comet/index_binary.go:208.28,210.4 1 0
github.com/orbiterhq/comet/index_binary.go:212.3,221.66 3 1011
github.com/orbiterhq/comet/index_binary.go:225.2,226.41 2 99
github.com/orbiterhq/comet/index_binary.go:226.41,227.27 1 2523
github.com/orbiterhq/comet/index_binary.go:227.27,229.4 1 0
github.com/orbiterhq/comet/index_binary.go:231.3,234.33 3 2523
github.com/orbiterhq/comet/index_binary.go:234.33,236.4 1 0
github.com/orbiterhq/comet/index_binary.go:238.3,241.28 3 2523
github.com/orbiterhq/comet/index_binary.go:241.28,243.4 1 0
github.com/orbiterhq/comet/index_binary.go:245.3,256.42 3 2523
github.com/orbiterhq/comet/index_binary.go:260.2,260.26 1 99
github.com/orbiterhq/comet/index_binary.go:260.26,262.3 1 98
github.com/orbiterhq/comet/index_binary.go:262.8,264.3 1 1
github.com/orbiterhq/comet/index_binary.go:265.2,267.19 2 99
github.com/orbiterhq/comet/mmap_writer.go:31.65,33.2 1 399
github.com/orbiterhq/comet/mmap_writer.go:68.120,81.50 2 16
github.com/orbiterhq/comet/mmap_writer.go:81.50,83.3 1 0
github.com/orbiterhq/comet/mmap_writer.go:86.2,86.44 1 16
github.com/orbiterhq/comet/mmap_writer.go:86.44,88.3 1 0
github.com/orbiterhq/comet/mmap_writer.go:90.2,90.15 1 16
github.com/orbiterhq/comet/mmap_writer.go:94.52,97.16 2 16
github.com/orbiterhq/comet/mmap_writer.go:97.16,99.3 1 0
github.com/orbiterhq/comet/mmap_writer.go:100.2,105.16 4 16
github.com/orbiterhq/comet/mmap_writer.go:105.16,107.3 1 0
github.com/orbiterhq/comet/mmap_writer.go:109.2,109.22 1 16
github.com/orbiterhq/comet/mmap_writer.go:109.22,111.50 1 14
github.com/orbiterhq/comet/mmap_writer.go:111.50,113.4 1 0
github.com/orbiterhq/comet/mmap_writer.go:117.2,119.16 2 16
github.com/orbiterhq/comet/mmap_writer.go:119.16,121.3 1 0
github.com/orbiterhq/comet/mmap_writer.go:123.2,126.12 3 16
github.com/orbiterhq/comet/mmap_writer.go:130.46,133.20 2 16
github.com/orbiterhq/comet/mmap_writer.go:133.20,136.3 2 14
github.com/orbiterhq/comet/mmap_writer.go:139.2,146.16 4 16
github.com/orbiterhq/comet/mmap_writer.go:146.16,148.3 1 0
github.com/orbiterhq/comet/mmap_writer.go:151.2,152.16 2 16
github.com/orbiterhq/comet/mmap_writer.go:152.16,155.3 2 0
github.com/orbiterhq/comet/mmap_writer.go:157.2,161.24 3 16
github.com/orbiterhq/comet/mmap_writer.go:161.24,162.48 1 14
github.com/orbiterhq/comet/mmap_writer.go:162.48,165.4 2 0
github.com/orbiterhq/comet/mmap_writer.go:166.3,166.21 1 14
github.com/orbiterhq/comet/mmap_writer.go:170.2,173.44 2 16
github.com/orbiterhq/comet/mmap_writer.go:173.44,178.35 3 16
github.com/orbiterhq/comet/mmap_writer.go:178.35,179.28 1 0
github.com/orbiterhq/comet/mmap_writer.go:179.28,181.10 2 0
github.com/orbiterhq/comet/mmap_writer.go:185.3,185.13 1 16
github.com/orbiterhq/comet/mmap_writer.go:185.13,193.4 1 16
github.com/orbiterhq/comet/mmap_writer.go:196.2,199.30 2 16
github.com/orbiterhq/comet/mmap_writer.go:203.48,212.22 4 201
github.com/orbiterhq/comet/mmap_writer.go:212.22,214.3 1 0
github.com/orbiterhq/comet/mmap_writer.go:217.2,217.25 1 201
github.com/orbiterhq/comet/mmap_writer.go:217.25,218.54 1 72
github.com/orbiterhq/comet/mmap_writer.go:218.54,220.4 1 0
github.com/orbiterhq/comet/mmap_writer.go:224.2,226.16 2 201
github.com/orbiterhq/comet/mmap_writer.go:226.16,228.3 1 0
github.com/orbiterhq/comet/mmap_writer.go:230.2,235.12 5 201
github.com/orbiterhq/comet/mmap_writer.go:239.74,240.23 1 401
github.com/orbiterhq/comet/mmap_writer.go:240.23,242.3 1 0
github.com/orbiterhq/comet/mmap_writer.go:245.2,246.32 2 401
github.com/orbiterhq/comet/mmap_writer.go:246.32,248.3 1 403
github.com/orbiterhq/comet/mmap_writer.go:251.2,254.43 2 401
github.com/orbiterhq/comet/mmap_writer.go:254.43,261.3 2 22
github.com/orbiterhq/comet/mmap_writer.go:264.2,269.45 4 379
github.com/orbiterhq/comet/mmap_writer.go:269.45,270.61 1 72
github.com/orbiterhq/comet/mmap_writer.go:270.61,274.4 2 0
github.com/orbiterhq/comet/mmap_writer.go:278.2,278.23 1 379
github.com/orbiterhq/comet/mmap_writer.go:278.23,280.3 1 0
github.com/orbiterhq/comet/mmap_writer.go:283.2,283.42 1 379
github.com/orbiterhq/comet/mmap_writer.go:283.42,285.47 1 0
github.com/orbiterhq/comet/mmap_writer.go:285.47,287.4 1 0
github.com/orbiterhq/comet/mmap_writer.go:291.2,291.42 1 379
github.com/orbiterhq/comet/mmap_writer.go:291.42,294.3 1 0
github.com/orbiterhq/comet/mmap_writer.go:297.2,299.32 3 379
github.com/orbiterhq/comet/mmap_writer.go:299.32,304.58 2 381
github.com/orbiterhq/comet/mmap_writer.go:304.58,307.4 1 0
github.com/orbiterhq/comet/mmap_writer.go:310.3,317.22 5 381
github.com/orbiterhq/comet/mmap_writer.go:322.2,323.48 2 379
github.com/orbiterhq/comet/mmap_writer.go:323.48,324.32 1 379
github.com/orbiterhq/comet/mmap_writer.go:324.32,326.59 1 0
github.com/orbiterhq/comet/mmap_writer.go:326.59,328.5 1 0
github.com/orbiterhq/comet/mmap_writer.go:333.2,337.22 3 379
github.com/orbiterhq/comet/mmap_writer.go:337.22,340.33 2 379
github.com/orbiterhq/comet/mmap_writer.go:340.33,342.4 1 381
github.com/orbiterhq/comet/mmap_writer.go:344.3,345.39 2 379
github.com/orbiterhq/comet/mmap_writer.go:353.2,353.12 1 379
github.com/orbiterhq/comet/mmap_writer.go:357.52,362.23 2 72
github.com/orbiterhq/comet/mmap_writer.go:362.23,364.3 1 0
github.com/orbiterhq/comet/mmap_writer.go:366.2,366.53 1 72
github.com/orbiterhq/comet/mmap_writer.go:366.53,368.3 1 0
github.com/orbiterhq/comet/mmap_writer.go:371.2,374.43 2 72
github.com/orbiterhq/comet/mmap_writer.go:374.43,376.3 1 72
github.com/orbiterhq/comet/mmap_writer.go:378.2,378.12 1 0
github.com/orbiterhq/comet/mmap_writer.go:382.41,384.66 1 113
github.com/orbiterhq/comet/mmap_writer.go:384.66,386.58 1 0
github.com/orbiterhq/comet/mmap_writer.go:386.58,388.4 1 0
github.com/orbiterhq/comet/mmap_writer.go:389.3,389.13 1 0
github.com/orbiterhq/comet/mmap_writer.go:391.2,397.25 4 113
github.com/orbiterhq/comet/mmap_writer.go:397.25,400.3 2 113
github.com/orbiterhq/comet/mmap_writer.go:402.2,402.23 1 113
github.com/orbiterhq/comet/mmap_writer.go:402.23,405.3 2 113
github.com/orbiterhq/comet/mmap_writer.go:408.2,417.16 6 113
github.com/orbiterhq/comet/mmap_writer.go:417.16,418.22 1 0
github.com/orbiterhq/comet/mmap_writer.go:418.22,421.18 2 0
github.com/orbiterhq/comet/mmap_writer.go:421.18,423.5 1 0
github.com/orbiterhq/comet/mmap_writer.go:424.9,426.4 1 0
github.com/orbiterhq/comet/mmap_writer.go:430.2,431.51 2 113
github.com/orbiterhq/comet/mmap_writer.go:431.51,434.3 2 0
github.com/orbiterhq/comet/mmap_writer.go:436.2,441.22 4 113
github.com/orbiterhq/comet/mmap_writer.go:441.22,444.3 2 113
github.com/orbiterhq/comet/mmap_writer.go:450.2,450.30 1 113
github.com/orbiterhq/comet/mmap_writer.go:454.35,459.23 3 0
github.com/orbiterhq/comet/mmap_writer.go:459.23,461.3 1 0
github.com/orbiterhq/comet/mmap_writer.go:463.2,463.12 1 0
github.com/orbiterhq/comet/mmap_writer.go:467.36,472.25 3 16
github.com/orbiterhq/comet/mmap_writer.go:472.25,475.3 2 16
github.com/orbiterhq/comet/mmap_writer.go:478.2,478.31 1 16
github.com/orbiterhq/comet/mmap_writer.go:478.31,481.3 2 16
github.com/orbiterhq/comet/mmap_writer.go:484.2,484.23 1 16
github.com/orbiterhq/comet/mmap_writer.go:484.23,487.3 2 16
github.com/orbiterhq/comet/mmap_writer.go:489.2,489.12 1 16
github.com/orbiterhq/comet/reader.go:39.37,40.35 1 546932
github.com/orbiterhq/comet/reader.go:40.35,42.3 1 546932
github.com/orbiterhq/comet/reader.go:43.2,43.12 1 0
github.com/orbiterhq/comet/reader.go:47.42,49.2 1 139
github.com/orbiterhq/comet/reader.go:62.68,67.20 1 124
github.com/orbiterhq/comet/reader.go:67.20,70.5 1 0
github.com/orbiterhq/comet/reader.go:75.2,76.16 2 124
github.com/orbiterhq/comet/reader.go:76.16,78.3 1 0
github.com/orbiterhq/comet/reader.go:79.2,82.39 2 124
github.com/orbiterhq/comet/reader.go:82.39,84.17 2 129
github.com/orbiterhq/comet/reader.go:84.17,88.4 2 0
github.com/orbiterhq/comet/reader.go:89.3,89.36 1 129
github.com/orbiterhq/comet/reader.go:92.2,92.15 1 124
github.com/orbiterhq/comet/reader.go:96.62,98.16 2 129
github.com/orbiterhq/comet/reader.go:98.16,100.3 1 0
github.com/orbiterhq/comet/reader.go:102.2,103.16 2 129
github.com/orbiterhq/comet/reader.go:103.16,106.3 2 0
github.com/orbiterhq/comet/reader.go:108.2,115.15 3 129
github.com/orbiterhq/comet/reader.go:115.15,119.3 2 2
github.com/orbiterhq/comet/reader.go:122.2,123.16 2 127
github.com/orbiterhq/comet/reader.go:123.16,126.3 2 0
github.com/orbiterhq/comet/reader.go:129.2,131.24 2 127
github.com/orbiterhq/comet/reader.go:135.49,138.48 2 10
github.com/orbiterhq/comet/reader.go:138.48,141.3 2 0
github.com/orbiterhq/comet/reader.go:142.2,152.16 6 10
github.com/orbiterhq/comet/reader.go:152.16,154.3 1 0
github.com/orbiterhq/comet/reader.go:156.2,159.36 2 10
github.com/orbiterhq/comet/reader.go:159.36,161.3 1 0
github.com/orbiterhq/comet/reader.go:164.2,165.54 2 10
github.com/orbiterhq/comet/reader.go:165.54,167.3 1 0
github.com/orbiterhq/comet/reader.go:170.2,171.16 2 10
github.com/orbiterhq/comet/reader.go:171.16,173.3 1 0
github.com/orbiterhq/comet/reader.go:176.2,184.20 3 10
github.com/orbiterhq/comet/reader.go:184.20,185.13 1 10
github.com/orbiterhq/comet/reader.go:185.13,188.4 1 10
github.com/orbiterhq/comet/reader.go:191.2,191.12 1 10
github.com/orbiterhq/comet/reader.go:195.73,199.56 2 10814
github.com/orbiterhq/comet/reader.go:199.56,202.3 2 0
github.com/orbiterhq/comet/reader.go:204.2,209.28 4 10814
github.com/orbiterhq/comet/reader.go:209.28,211.82 2 10814
github.com/orbiterhq/comet/reader.go:211.82,213.53 1 10
github.com/orbiterhq/comet/reader.go:213.53,215.5 1 0
github.com/orbiterhq/comet/reader.go:217.4,217.40 1 10
github.com/orbiterhq/comet/reader.go:222.2,222.24 1 10814
github.com/orbiterhq/comet/reader.go:222.24,224.52 1 0
github.com/orbiterhq/comet/reader.go:224.52,226.4 1 0
github.com/orbiterhq/comet/reader.go:227.3,227.39 1 0
github.com/orbiterhq/comet/reader.go:229.2,230.72 2 10814
github.com/orbiterhq/comet/reader.go:230.72,233.29 1 0
github.com/orbiterhq/comet/reader.go:233.29,234.63 1 0
github.com/orbiterhq/comet/reader.go:234.63,236.46 2 0
github.com/orbiterhq/comet/reader.go:236.46,238.65 1 0
github.com/orbiterhq/comet/reader.go:238.65,241.7 2 0
github.com/orbiterhq/comet/reader.go:246.2,246.18 1 10814
github.com/orbiterhq/comet/reader.go:250.32,255.25 4 122
github.com/orbiterhq/comet/reader.go:255.25,260.18 3 125
github.com/orbiterhq/comet/reader.go:260.18,261.66 1 125
github.com/orbiterhq/comet/reader.go:261.66,263.5 1 1
github.com/orbiterhq/comet/reader.go:267.3,267.23 1 125
github.com/orbiterhq/comet/reader.go:267.23,268.63 1 125
github.com/orbiterhq/comet/reader.go:268.63,270.5 1 0
github.com/orbiterhq/comet/reader.go:274.2,274.17 1 122
github.com/orbiterhq/comet/reader.go:278.87,279.20 1 10814
github.com/orbiterhq/comet/reader.go:279.20,281.3 1 0
github.com/orbiterhq/comet/reader.go:283.2,283.46 1 10814
github.com/orbiterhq/comet/reader.go:283.46,285.3 1 0
github.com/orbiterhq/comet/reader.go:288.2,294.32 5 10814
github.com/orbiterhq/comet/reader.go:294.32,296.3 1 0
github.com/orbiterhq/comet/reader.go:299.2,302.85 2 10814
github.com/orbiterhq/comet/reader.go:302.85,305.17 2 2
github.com/orbiterhq/comet/reader.go:305.17,307.4 1 0
github.com/orbiterhq/comet/reader.go:308.3,308.27 1 2
github.com/orbiterhq/comet/reader.go:312.2,312.23 1 10812
github.com/orbiterhq/comet/retention.go:45.42,46.45 1 62
github.com/orbiterhq/comet/retention.go:46.45,49.3 1 6
github.com/orbiterhq/comet/retention.go:51.2,52.12 2 56
github.com/orbiterhq/comet/retention.go:52.12,61.36 5 56
github.com/orbiterhq/comet/retention.go:61.36,63.4 1 48
github.com/orbiterhq/comet/retention.go:64.3,65.10 2 56
github.com/orbiterhq/comet/retention.go:66.25,67.27 1 2
github.com/orbiterhq/comet/retention.go:68.19,70.10 2 54
github.com/orbiterhq/comet/retention.go:74.3,74.7 1 2
github.com/orbiterhq/comet/retention.go:74.7,75.11 1 9
github.com/orbiterhq/comet/retention.go:76.20,77.28 1 7
github.com/orbiterhq/comet/retention.go:78.20,79.11 1 2
github.com/orbiterhq/comet/retention.go:86.40,89.33 3 15
github.com/orbiterhq/comet/retention.go:89.33,91.3 1 25
github.com/orbiterhq/comet/retention.go:92.2,95.31 3 15
github.com/orbiterhq/comet/retention.go:95.31,98.3 2 25
github.com/orbiterhq/comet/retention.go:101.2,101.88 1 15
github.com/orbiterhq/comet/retention.go:101.88,104.3 1 0
github.com/orbiterhq/comet/retention.go:108.51,123.42 11 25
github.com/orbiterhq/comet/retention.go:123.42,124.42 1 25
github.com/orbiterhq/comet/retention.go:124.42,125.67 1 1
github.com/orbiterhq/comet/retention.go:125.67,127.5 1 1
github.com/orbiterhq/comet/retention.go:132.2,137.29 4 25
github.com/orbiterhq/comet/retention.go:137.29,138.31 1 664
github.com/orbiterhq/comet/retention.go:138.31,140.4 1 639
github.com/orbiterhq/comet/retention.go:143.2,143.29 1 25
github.com/orbiterhq/comet/retention.go:143.29,148.31 3 664
github.com/orbiterhq/comet/retention.go:148.31,150.12 2 25
github.com/orbiterhq/comet/retention.go:154.3,157.89 2 639
github.com/orbiterhq/comet/retention.go:157.89,159.4 1 8
github.com/orbiterhq/comet/retention.go:162.3,162.109 1 639
github.com/orbiterhq/comet/retention.go:162.109,165.4 2 3
github.com/orbiterhq/comet/retention.go:168.3,168.63 1 639
github.com/orbiterhq/comet/retention.go:168.63,171.35 1 0
github.com/orbiterhq/comet/retention.go:171.35,173.5 1 0
github.com/orbiterhq/comet/retention.go:177.3,177.48 1 639
github.com/orbiterhq/comet/retention.go:177.48,180.45 2 0
github.com/orbiterhq/comet/retention.go:180.45,182.5 1 0
github.com/orbiterhq/comet/retention.go:186.3,187.74 2 639
github.com/orbiterhq/comet/retention.go:187.74,189.4 1 0
github.com/orbiterhq/comet/retention.go:191.3,191.19 1 639
github.com/orbiterhq/comet/retention.go:191.19,193.4 1 8
github.com/orbiterhq/comet/retention.go:193.9,195.4 1 631
github.com/orbiterhq/comet/retention.go:199.2,199.88 1 25
github.com/orbiterhq/comet/retention.go:199.88,201.47 1 0
github.com/orbiterhq/comet/retention.go:201.47,203.4 1 0
github.com/orbiterhq/comet/retention.go:205.3,206.89 2 0
github.com/orbiterhq/comet/retention.go:206.89,210.91 2 0
github.com/orbiterhq/comet/retention.go:210.91,211.13 1 0
github.com/orbiterhq/comet/retention.go:215.4,220.7 4 0
github.com/orbiterhq/comet/retention.go:225.2,225.28 1 25
github.com/orbiterhq/comet/retention.go:225.28,227.3 1 3
github.com/orbiterhq/comet/retention.go:230.2,231.35 2 25
github.com/orbiterhq/comet/retention.go:231.35,233.3 1 656
github.com/orbiterhq/comet/retention.go:234.2,234.22 1 25
github.com/orbiterhq/comet/retention.go:239.86,240.21 1 3
github.com/orbiterhq/comet/retention.go:240.21,242.3 1 0
github.com/orbiterhq/comet/retention.go:245.2,249.29 3 3
github.com/orbiterhq/comet/retention.go:249.29,251.3 1 8
github.com/orbiterhq/comet/retention.go:254.2,255.41 2 3
github.com/orbiterhq/comet/retention.go:255.41,256.29 1 27
github.com/orbiterhq/comet/retention.go:256.29,258.4 1 19
github.com/orbiterhq/comet/retention.go:261.2,266.29 4 3
github.com/orbiterhq/comet/retention.go:266.29,268.40 2 8
github.com/orbiterhq/comet/retention.go:268.40,270.12 1 0
github.com/orbiterhq/comet/retention.go:272.3,272.17 1 8
github.com/orbiterhq/comet/retention.go:276.2,276.40 1 3
github.com/orbiterhq/comet/retention.go:276.41,279.3 0 3
github.com/orbiterhq/comet/retention.go:283.2,283.20 1 3
github.com/orbiterhq/comet/retention.go:283.20,288.54 3 3
github.com/orbiterhq/comet/retention.go:288.54,289.42 1 2
github.com/orbiterhq/comet/retention.go:289.42,291.5 1 0
github.com/orbiterhq/comet/retention.go:293.3,293.43 1 3
github.com/orbiterhq/comet/retention.go:297.2,300.20 2 3
github.com/orbiterhq/comet/retention.go:300.20,302.3 1 3
github.com/orbiterhq/comet/retention.go:306.78,307.53 1 0
github.com/orbiterhq/comet/retention.go:307.53,309.3 1 0
github.com/orbiterhq/comet/retention.go:312.2,318.31 3 0
github.com/orbiterhq/comet/retention.go:318.31,320.42 2 0
github.com/orbiterhq/comet/retention.go:320.42,321.44 1 0
github.com/orbiterhq/comet/retention.go:321.44,323.5 1 0
github.com/orbiterhq/comet/retention.go:325.3,325.21 1 0
github.com/orbiterhq/comet/retention.go:329.2,329.43 1 0
github.com/orbiterhq/comet/retention.go:329.43,331.3 1 0
github.com/orbiterhq/comet/retention.go:334.2,337.30 3 0
github.com/orbiterhq/comet/retention.go:337.30,338.25 1 0
github.com/orbiterhq/comet/retention.go:338.25,339.9 1 0
github.com/orbiterhq/comet/retention.go:342.3,344.28 3 0
github.com/orbiterhq/comet/retention.go:348.2,348.40 1 0
github.com/orbiterhq/comet/retention.go:348.40,350.3 1 0
github.com/orbiterhq/comet/retention.go:355.42,356.45 1 6
github.com/orbiterhq/comet/retention.go:356.45,359.3 1 0
github.com/orbiterhq/comet/retention.go:360.2,360.25 1 6
github.com/orbiterhq/comet/retention.go:364.54,374.39 4 7
github.com/orbiterhq/comet/retention.go:374.39,383.42 3 9
github.com/orbiterhq/comet/retention.go:383.42,388.86 4 141
github.com/orbiterhq/comet/retention.go:388.86,390.5 1 9
github.com/orbiterhq/comet/retention.go:392.4,393.100 2 141
github.com/orbiterhq/comet/retention.go:393.100,395.5 1 9
github.com/orbiterhq/comet/retention.go:397.4,397.44 1 141
github.com/orbiterhq/comet/retention.go:397.44,399.5 1 141
github.com/orbiterhq/comet/retention.go:402.4,402.76 1 141
github.com/orbiterhq/comet/retention.go:402.76,404.5 1 8
github.com/orbiterhq/comet/retention.go:405.4,405.39 1 141
github.com/orbiterhq/comet/retention.go:405.39,407.5 1 59
github.com/orbiterhq/comet/retention.go:411.3,411.58 1 9
github.com/orbiterhq/comet/retention.go:411.58,413.15 2 0
github.com/orbiterhq/comet/retention.go:413.15,415.5 1 0
github.com/orbiterhq/comet/retention.go:418.3,421.21 3 9
github.com/orbiterhq/comet/retention.go:424.2,426.14 2 7
