mode: set
github.com/orbiterhq/comet/client.go:73.79,75.2 1 0
github.com/orbiterhq/comet/client.go:79.54,80.21 1 0
github.com/orbiterhq/comet/client.go:80.21,82.3 1 0
github.com/orbiterhq/comet/client.go:84.2,86.31 3 0
github.com/orbiterhq/comet/client.go:91.80,94.2 2 0
github.com/orbiterhq/comet/client.go:98.49,99.21 1 0
github.com/orbiterhq/comet/client.go:99.21,101.3 1 0
github.com/orbiterhq/comet/client.go:103.2,104.42 2 0
github.com/orbiterhq/comet/client.go:104.42,106.3 1 0
github.com/orbiterhq/comet/client.go:107.2,107.15 1 0
github.com/orbiterhq/comet/client.go:111.77,112.21 1 0
github.com/orbiterhq/comet/client.go:112.21,114.3 1 0
github.com/orbiterhq/comet/client.go:116.2,117.42 2 0
github.com/orbiterhq/comet/client.go:117.42,119.3 1 0
github.com/orbiterhq/comet/client.go:120.2,120.16 1 0
github.com/orbiterhq/comet/client.go:254.39,290.2 1 1
github.com/orbiterhq/comet/client.go:294.42,298.2 3 0
github.com/orbiterhq/comet/client.go:302.39,307.2 4 0
github.com/orbiterhq/comet/client.go:311.41,318.2 6 0
github.com/orbiterhq/comet/client.go:321.45,323.35 1 1
github.com/orbiterhq/comet/client.go:323.35,325.3 1 0
github.com/orbiterhq/comet/client.go:326.2,326.38 1 1
github.com/orbiterhq/comet/client.go:326.38,328.3 1 0
github.com/orbiterhq/comet/client.go:329.2,329.36 1 1
github.com/orbiterhq/comet/client.go:329.36,331.3 1 0
github.com/orbiterhq/comet/client.go:332.2,332.41 1 1
github.com/orbiterhq/comet/client.go:332.41,334.3 1 0
github.com/orbiterhq/comet/client.go:337.2,337.41 1 1
github.com/orbiterhq/comet/client.go:337.41,339.3 1 0
github.com/orbiterhq/comet/client.go:343.2,343.39 1 1
github.com/orbiterhq/comet/client.go:343.39,345.3 1 0
github.com/orbiterhq/comet/client.go:346.2,346.43 1 1
github.com/orbiterhq/comet/client.go:346.43,348.3 1 0
github.com/orbiterhq/comet/client.go:349.2,349.38 1 1
github.com/orbiterhq/comet/client.go:349.38,351.3 1 0
github.com/orbiterhq/comet/client.go:352.2,352.75 1 1
github.com/orbiterhq/comet/client.go:352.75,354.3 1 0
github.com/orbiterhq/comet/client.go:357.2,357.36 1 1
github.com/orbiterhq/comet/client.go:357.36,359.3 1 0
github.com/orbiterhq/comet/client.go:360.2,360.92 1 1
github.com/orbiterhq/comet/client.go:360.92,363.3 1 0
github.com/orbiterhq/comet/client.go:364.2,364.30 1 1
github.com/orbiterhq/comet/client.go:364.30,366.3 1 0
github.com/orbiterhq/comet/client.go:368.2,368.12 1 1
github.com/orbiterhq/comet/client.go:470.90,472.27 1 1
github.com/orbiterhq/comet/client.go:472.27,474.3 1 0
github.com/orbiterhq/comet/client.go:476.2,476.66 1 1
github.com/orbiterhq/comet/client.go:476.66,483.87 2 1
github.com/orbiterhq/comet/client.go:483.87,484.37 1 0
github.com/orbiterhq/comet/client.go:484.37,486.5 1 0
github.com/orbiterhq/comet/client.go:487.4,487.37 1 0
github.com/orbiterhq/comet/client.go:487.37,489.5 1 0
github.com/orbiterhq/comet/client.go:490.4,490.12 1 0
github.com/orbiterhq/comet/client.go:493.3,493.13 1 1
github.com/orbiterhq/comet/client.go:493.13,498.54 2 1
github.com/orbiterhq/comet/client.go:498.54,501.5 1 0
github.com/orbiterhq/comet/client.go:502.9,505.4 1 0
github.com/orbiterhq/comet/client.go:510.85,511.24 1 0
github.com/orbiterhq/comet/client.go:511.24,513.3 1 0
github.com/orbiterhq/comet/client.go:516.2,517.88 2 0
github.com/orbiterhq/comet/client.go:517.88,518.36 1 0
github.com/orbiterhq/comet/client.go:518.36,520.4 1 0
github.com/orbiterhq/comet/client.go:521.3,521.36 1 0
github.com/orbiterhq/comet/client.go:521.36,523.4 1 0
github.com/orbiterhq/comet/client.go:524.3,524.11 1 0
github.com/orbiterhq/comet/client.go:527.2,527.11 1 0
github.com/orbiterhq/comet/client.go:527.11,530.3 1 0
github.com/orbiterhq/comet/client.go:532.2,532.14 1 0
github.com/orbiterhq/comet/client.go:532.14,535.3 1 0
github.com/orbiterhq/comet/client.go:539.2,539.39 1 0
github.com/orbiterhq/comet/client.go:543.103,544.24 1 0
github.com/orbiterhq/comet/client.go:544.24,546.3 1 0
github.com/orbiterhq/comet/client.go:549.2,550.88 2 0
github.com/orbiterhq/comet/client.go:550.88,551.36 1 0
github.com/orbiterhq/comet/client.go:551.36,553.4 1 0
github.com/orbiterhq/comet/client.go:554.3,554.36 1 0
github.com/orbiterhq/comet/client.go:554.36,556.4 1 0
github.com/orbiterhq/comet/client.go:557.3,557.11 1 0
github.com/orbiterhq/comet/client.go:560.2,560.11 1 0
github.com/orbiterhq/comet/client.go:560.11,563.3 1 0
github.com/orbiterhq/comet/client.go:565.2,565.14 1 0
github.com/orbiterhq/comet/client.go:565.14,568.3 1 0
github.com/orbiterhq/comet/client.go:571.2,572.46 2 0
github.com/orbiterhq/comet/client.go:598.49,600.2 1 0
github.com/orbiterhq/comet/client.go:603.79,605.48 1 1
github.com/orbiterhq/comet/client.go:605.48,607.3 1 0
github.com/orbiterhq/comet/client.go:609.2,609.51 1 1
github.com/orbiterhq/comet/client.go:609.51,611.3 1 0
github.com/orbiterhq/comet/client.go:614.2,617.28 2 1
github.com/orbiterhq/comet/client.go:617.28,619.3 1 0
github.com/orbiterhq/comet/client.go:621.2,633.15 3 1
github.com/orbiterhq/comet/client.go:637.100,640.16 2 1
github.com/orbiterhq/comet/client.go:640.16,642.3 1 0
github.com/orbiterhq/comet/client.go:644.2,645.16 2 1
github.com/orbiterhq/comet/client.go:645.16,647.3 1 0
github.com/orbiterhq/comet/client.go:649.2,649.60 1 1
github.com/orbiterhq/comet/client.go:653.73,655.16 2 0
github.com/orbiterhq/comet/client.go:655.16,657.3 1 0
github.com/orbiterhq/comet/client.go:659.2,660.16 2 0
github.com/orbiterhq/comet/client.go:660.16,662.3 1 0
github.com/orbiterhq/comet/client.go:664.2,669.74 3 0
github.com/orbiterhq/comet/client.go:669.74,670.61 1 0
github.com/orbiterhq/comet/client.go:670.61,671.55 1 0
github.com/orbiterhq/comet/client.go:671.55,674.19 2 0
github.com/orbiterhq/comet/client.go:674.19,676.6 1 0
github.com/orbiterhq/comet/client.go:677.5,680.45 2 0
github.com/orbiterhq/comet/client.go:680.45,682.6 1 0
github.com/orbiterhq/comet/client.go:688.2,688.24 1 0
github.com/orbiterhq/comet/client.go:688.24,693.19 3 0
github.com/orbiterhq/comet/client.go:693.19,697.36 2 0
github.com/orbiterhq/comet/client.go:697.36,699.5 1 0
github.com/orbiterhq/comet/client.go:700.4,700.21 1 0
github.com/orbiterhq/comet/client.go:704.3,704.19 1 0
github.com/orbiterhq/comet/client.go:707.2,708.41 2 0
github.com/orbiterhq/comet/client.go:708.41,710.3 1 0
github.com/orbiterhq/comet/client.go:712.2,712.19 1 0
github.com/orbiterhq/comet/client.go:716.50,719.33 3 0
github.com/orbiterhq/comet/client.go:719.33,721.3 1 0
github.com/orbiterhq/comet/client.go:722.2,724.31 2 0
github.com/orbiterhq/comet/client.go:724.31,728.26 2 0
github.com/orbiterhq/comet/client.go:728.26,731.43 3 0
github.com/orbiterhq/comet/client.go:731.43,733.5 1 0
github.com/orbiterhq/comet/client.go:734.4,735.18 2 0
github.com/orbiterhq/comet/client.go:735.18,738.5 2 0
github.com/orbiterhq/comet/client.go:743.3,751.80 6 0
github.com/orbiterhq/comet/client.go:751.80,753.88 1 0
github.com/orbiterhq/comet/client.go:753.88,755.5 1 0
github.com/orbiterhq/comet/client.go:757.4,759.62 2 0
github.com/orbiterhq/comet/client.go:759.62,761.70 1 0
github.com/orbiterhq/comet/client.go:761.70,767.69 1 0
github.com/orbiterhq/comet/client.go:767.69,769.7 1 0
github.com/orbiterhq/comet/client.go:770.6,770.69 1 0
github.com/orbiterhq/comet/client.go:770.69,772.7 1 0
github.com/orbiterhq/comet/client.go:775.6,775.59 1 0
github.com/orbiterhq/comet/client.go:775.59,776.103 1 0
github.com/orbiterhq/comet/client.go:776.103,778.8 1 0
github.com/orbiterhq/comet/client.go:783.6,783.34 1 0
github.com/orbiterhq/comet/client.go:783.34,788.66 2 0
github.com/orbiterhq/comet/client.go:788.66,791.50 2 0
github.com/orbiterhq/comet/client.go:791.50,794.45 2 0
github.com/orbiterhq/comet/client.go:794.45,796.54 2 0
github.com/orbiterhq/comet/client.go:796.54,798.46 1 0
github.com/orbiterhq/comet/client.go:798.46,800.12 1 0
github.com/orbiterhq/comet/client.go:802.10,805.36 2 0
github.com/orbiterhq/comet/client.go:805.36,807.11 1 0
github.com/orbiterhq/comet/client.go:816.6,816.115 1 0
github.com/orbiterhq/comet/client.go:816.115,818.7 1 0
github.com/orbiterhq/comet/client.go:822.4,826.18 3 0
github.com/orbiterhq/comet/client.go:826.18,828.5 1 0
github.com/orbiterhq/comet/client.go:831.4,831.65 1 0
github.com/orbiterhq/comet/client.go:832.9,837.18 4 0
github.com/orbiterhq/comet/client.go:837.18,839.5 1 0
github.com/orbiterhq/comet/client.go:842.3,842.17 1 0
github.com/orbiterhq/comet/client.go:842.17,844.4 1 0
github.com/orbiterhq/comet/client.go:847.2,847.12 1 0
github.com/orbiterhq/comet/client.go:851.67,856.12 4 1
github.com/orbiterhq/comet/client.go:856.12,858.3 1 1
github.com/orbiterhq/comet/client.go:860.2,864.47 3 1
github.com/orbiterhq/comet/client.go:864.47,866.3 1 0
github.com/orbiterhq/comet/client.go:869.2,870.52 2 1
github.com/orbiterhq/comet/client.go:870.52,872.3 1 0
github.com/orbiterhq/comet/client.go:874.2,894.90 2 1
github.com/orbiterhq/comet/client.go:894.90,896.3 1 0
github.com/orbiterhq/comet/client.go:899.2,899.49 1 1
github.com/orbiterhq/comet/client.go:899.49,903.17 3 0
github.com/orbiterhq/comet/client.go:903.17,905.4 1 0
github.com/orbiterhq/comet/client.go:906.3,910.17 3 0
github.com/orbiterhq/comet/client.go:910.17,913.4 2 0
github.com/orbiterhq/comet/client.go:914.3,918.17 3 0
github.com/orbiterhq/comet/client.go:918.17,922.4 3 0
github.com/orbiterhq/comet/client.go:923.3,927.17 3 0
github.com/orbiterhq/comet/client.go:927.17,932.4 4 0
github.com/orbiterhq/comet/client.go:933.3,933.44 1 0
github.com/orbiterhq/comet/client.go:937.2,937.49 1 1
github.com/orbiterhq/comet/client.go:937.49,942.17 2 0
github.com/orbiterhq/comet/client.go:942.17,944.4 1 0
github.com/orbiterhq/comet/client.go:945.3,945.32 1 0
github.com/orbiterhq/comet/client.go:949.2,949.42 1 1
github.com/orbiterhq/comet/client.go:949.42,951.3 1 0
github.com/orbiterhq/comet/client.go:954.2,954.62 1 1
github.com/orbiterhq/comet/client.go:954.62,956.59 2 0
github.com/orbiterhq/comet/client.go:956.59,958.4 1 0
github.com/orbiterhq/comet/client.go:962.2,962.74 1 1
github.com/orbiterhq/comet/client.go:962.74,964.3 1 0
github.com/orbiterhq/comet/client.go:968.2,968.24 1 1
github.com/orbiterhq/comet/client.go:968.24,970.3 1 1
github.com/orbiterhq/comet/client.go:971.2,971.49 1 1
github.com/orbiterhq/comet/client.go:971.49,973.3 1 0
github.com/orbiterhq/comet/client.go:975.2,975.24 1 1
github.com/orbiterhq/comet/client.go:975.24,977.3 1 1
github.com/orbiterhq/comet/client.go:979.2,982.30 2 1
github.com/orbiterhq/comet/client.go:982.30,987.3 1 0
github.com/orbiterhq/comet/client.go:989.2,989.19 1 1
github.com/orbiterhq/comet/client.go:1001.93,1004.31 2 1
github.com/orbiterhq/comet/client.go:1004.31,1007.77 2 1
github.com/orbiterhq/comet/client.go:1007.77,1014.22 4 1
github.com/orbiterhq/comet/client.go:1014.22,1016.5 1 1
github.com/orbiterhq/comet/client.go:1018.4,1023.5 1 1
github.com/orbiterhq/comet/client.go:1024.9,1032.4 1 1
github.com/orbiterhq/comet/client.go:1035.2,1035.19 1 1
github.com/orbiterhq/comet/client.go:1047.121,1060.9 7 1
github.com/orbiterhq/comet/client.go:1060.9,1065.66 3 1
github.com/orbiterhq/comet/client.go:1065.66,1067.43 2 0
github.com/orbiterhq/comet/client.go:1067.43,1069.50 1 0
github.com/orbiterhq/comet/client.go:1069.50,1071.44 1 0
github.com/orbiterhq/comet/client.go:1071.44,1073.7 1 0
github.com/orbiterhq/comet/client.go:1073.12,1076.7 2 0
github.com/orbiterhq/comet/client.go:1077.11,1079.6 1 0
github.com/orbiterhq/comet/client.go:1083.3,1099.49 9 1
github.com/orbiterhq/comet/client.go:1099.49,1100.54 1 1
github.com/orbiterhq/comet/client.go:1100.54,1104.38 3 1
github.com/orbiterhq/comet/client.go:1104.38,1106.6 1 1
github.com/orbiterhq/comet/client.go:1106.11,1108.6 1 1
github.com/orbiterhq/comet/client.go:1111.5,1130.60 11 1
github.com/orbiterhq/comet/client.go:1130.60,1133.6 2 1
github.com/orbiterhq/comet/client.go:1135.5,1149.30 6 1
github.com/orbiterhq/comet/client.go:1151.9,1162.22 4 0
github.com/orbiterhq/comet/client.go:1162.22,1163.28 1 0
github.com/orbiterhq/comet/client.go:1163.28,1167.34 2 0
github.com/orbiterhq/comet/client.go:1167.34,1171.7 1 0
github.com/orbiterhq/comet/client.go:1173.10,1176.28 2 0
github.com/orbiterhq/comet/client.go:1176.28,1180.24 2 0
github.com/orbiterhq/comet/client.go:1180.24,1182.7 1 0
github.com/orbiterhq/comet/client.go:1187.4,1189.54 2 0
github.com/orbiterhq/comet/client.go:1189.54,1193.38 3 0
github.com/orbiterhq/comet/client.go:1193.38,1195.6 1 0
github.com/orbiterhq/comet/client.go:1195.11,1197.6 1 0
github.com/orbiterhq/comet/client.go:1200.5,1219.45 11 0
github.com/orbiterhq/comet/client.go:1219.45,1222.6 2 0
github.com/orbiterhq/comet/client.go:1224.5,1239.29 4 0
github.com/orbiterhq/comet/client.go:1244.4,1245.29 2 0
github.com/orbiterhq/comet/client.go:1245.29,1247.5 1 0
github.com/orbiterhq/comet/client.go:1248.4,1251.32 2 0
github.com/orbiterhq/comet/client.go:1251.32,1257.5 1 0
github.com/orbiterhq/comet/client.go:1258.4,1258.39 1 0
github.com/orbiterhq/comet/client.go:1258.39,1263.47 3 0
github.com/orbiterhq/comet/client.go:1263.47,1265.6 1 0
github.com/orbiterhq/comet/client.go:1268.5,1273.31 4 0
github.com/orbiterhq/comet/client.go:1273.31,1276.6 2 0
github.com/orbiterhq/comet/client.go:1279.5,1279.23 1 0
github.com/orbiterhq/comet/client.go:1279.23,1281.6 1 0
github.com/orbiterhq/comet/client.go:1284.5,1284.90 1 0
github.com/orbiterhq/comet/client.go:1284.90,1286.6 1 0
github.com/orbiterhq/comet/client.go:1288.5,1288.15 1 0
github.com/orbiterhq/comet/client.go:1293.3,1293.49 1 1
github.com/orbiterhq/comet/client.go:1293.49,1294.39 1 1
github.com/orbiterhq/comet/client.go:1294.39,1302.5 6 0
github.com/orbiterhq/comet/client.go:1307.2,1310.70 2 1
github.com/orbiterhq/comet/client.go:1310.70,1313.35 2 0
github.com/orbiterhq/comet/client.go:1313.35,1315.4 1 0
github.com/orbiterhq/comet/client.go:1318.3,1319.42 2 0
github.com/orbiterhq/comet/client.go:1319.42,1323.4 1 0
github.com/orbiterhq/comet/client.go:1326.3,1329.79 2 0
github.com/orbiterhq/comet/client.go:1329.79,1335.21 4 0
github.com/orbiterhq/comet/client.go:1335.21,1337.5 1 0
github.com/orbiterhq/comet/client.go:1340.4,1340.59 1 0
github.com/orbiterhq/comet/client.go:1344.3,1344.65 1 0
github.com/orbiterhq/comet/client.go:1344.65,1347.57 2 0
github.com/orbiterhq/comet/client.go:1347.57,1350.5 2 0
github.com/orbiterhq/comet/client.go:1351.4,1354.59 2 0
github.com/orbiterhq/comet/client.go:1358.3,1358.22 1 0
github.com/orbiterhq/comet/client.go:1358.22,1360.33 2 0
github.com/orbiterhq/comet/client.go:1360.33,1362.5 1 0
github.com/orbiterhq/comet/client.go:1363.4,1363.17 1 0
github.com/orbiterhq/comet/client.go:1365.8,1367.69 1 1
github.com/orbiterhq/comet/client.go:1367.69,1368.79 1 0
github.com/orbiterhq/comet/client.go:1368.79,1370.5 1 0
github.com/orbiterhq/comet/client.go:1371.4,1371.62 1 0
github.com/orbiterhq/comet/client.go:1374.3,1376.45 2 1
github.com/orbiterhq/comet/client.go:1376.45,1377.49 1 1
github.com/orbiterhq/comet/client.go:1377.49,1379.10 2 0
github.com/orbiterhq/comet/client.go:1382.3,1382.22 1 1
github.com/orbiterhq/comet/client.go:1382.22,1385.89 2 1
github.com/orbiterhq/comet/client.go:1385.89,1387.5 1 0
github.com/orbiterhq/comet/client.go:1389.3,1389.21 1 1
github.com/orbiterhq/comet/client.go:1393.2,1393.21 1 1
github.com/orbiterhq/comet/client.go:1393.21,1395.46 1 0
github.com/orbiterhq/comet/client.go:1395.46,1398.49 2 0
github.com/orbiterhq/comet/client.go:1398.49,1401.5 2 0
github.com/orbiterhq/comet/client.go:1402.4,1407.46 4 0
github.com/orbiterhq/comet/client.go:1407.46,1408.50 1 0
github.com/orbiterhq/comet/client.go:1408.50,1410.11 2 0
github.com/orbiterhq/comet/client.go:1413.4,1413.23 1 0
github.com/orbiterhq/comet/client.go:1413.23,1416.90 2 0
github.com/orbiterhq/comet/client.go:1416.90,1418.6 1 0
github.com/orbiterhq/comet/client.go:1420.4,1420.22 1 0
github.com/orbiterhq/comet/client.go:1424.3,1424.22 1 0
github.com/orbiterhq/comet/client.go:1424.22,1430.22 3 0
github.com/orbiterhq/comet/client.go:1430.22,1435.5 3 0
github.com/orbiterhq/comet/client.go:1438.4,1438.34 1 0
github.com/orbiterhq/comet/client.go:1438.34,1440.5 1 0
github.com/orbiterhq/comet/client.go:1442.4,1442.56 1 0
github.com/orbiterhq/comet/client.go:1447.2,1447.77 1 1
github.com/orbiterhq/comet/client.go:1447.77,1448.47 1 0
github.com/orbiterhq/comet/client.go:1448.47,1450.4 1 0
github.com/orbiterhq/comet/client.go:1454.2,1462.20 7 1
github.com/orbiterhq/comet/client.go:1462.20,1474.3 9 1
github.com/orbiterhq/comet/client.go:1477.2,1477.56 1 1
github.com/orbiterhq/comet/client.go:1477.56,1481.21 3 1
github.com/orbiterhq/comet/client.go:1481.21,1483.4 1 1
github.com/orbiterhq/comet/client.go:1487.2,1490.20 2 1
github.com/orbiterhq/comet/client.go:1490.20,1492.3 1 1
github.com/orbiterhq/comet/client.go:1493.2,1493.6 1 1
github.com/orbiterhq/comet/client.go:1493.6,1495.51 2 1
github.com/orbiterhq/comet/client.go:1495.51,1496.78 1 1
github.com/orbiterhq/comet/client.go:1496.78,1497.10 1 1
github.com/orbiterhq/comet/client.go:1499.9,1500.9 1 1
github.com/orbiterhq/comet/client.go:1503.2,1503.6 1 1
github.com/orbiterhq/comet/client.go:1503.6,1505.32 2 1
github.com/orbiterhq/comet/client.go:1505.32,1506.78 1 1
github.com/orbiterhq/comet/client.go:1506.78,1507.10 1 1
github.com/orbiterhq/comet/client.go:1509.9,1510.9 1 1
github.com/orbiterhq/comet/client.go:1515.2,1515.9 1 1
github.com/orbiterhq/comet/client.go:1515.9,1521.75 3 1
github.com/orbiterhq/comet/client.go:1521.75,1524.4 2 1
github.com/orbiterhq/comet/client.go:1527.3,1527.66 1 1
github.com/orbiterhq/comet/client.go:1527.66,1532.38 2 0
github.com/orbiterhq/comet/client.go:1532.38,1536.45 3 0
github.com/orbiterhq/comet/client.go:1536.45,1538.59 1 0
github.com/orbiterhq/comet/client.go:1538.59,1540.7 1 0
github.com/orbiterhq/comet/client.go:1545.9,1548.4 1 1
github.com/orbiterhq/comet/client.go:1551.3,1551.62 1 1
github.com/orbiterhq/comet/client.go:1551.62,1552.62 1 1
github.com/orbiterhq/comet/client.go:1552.62,1555.5 2 0
github.com/orbiterhq/comet/client.go:1560.2,1560.24 1 1
github.com/orbiterhq/comet/client.go:1560.24,1562.3 1 0
github.com/orbiterhq/comet/client.go:1564.2,1564.26 1 1
github.com/orbiterhq/comet/client.go:1568.84,1569.98 1 1
github.com/orbiterhq/comet/client.go:1569.98,1572.22 1 0
github.com/orbiterhq/comet/client.go:1572.22,1575.25 3 0
github.com/orbiterhq/comet/client.go:1575.25,1577.5 1 0
github.com/orbiterhq/comet/client.go:1578.4,1578.22 1 0
github.com/orbiterhq/comet/client.go:1582.3,1582.29 1 0
github.com/orbiterhq/comet/client.go:1582.29,1586.4 3 0
github.com/orbiterhq/comet/client.go:1589.3,1595.13 5 0
github.com/orbiterhq/comet/client.go:1595.13,1600.75 3 0
github.com/orbiterhq/comet/client.go:1600.75,1602.85 1 0
github.com/orbiterhq/comet/client.go:1602.85,1603.30 1 0
github.com/orbiterhq/comet/client.go:1603.30,1607.7 3 0
github.com/orbiterhq/comet/client.go:1610.6,1610.24 1 0
github.com/orbiterhq/comet/client.go:1610.24,1614.7 3 0
github.com/orbiterhq/comet/client.go:1615.6,1615.12 1 0
github.com/orbiterhq/comet/client.go:1619.5,1620.59 2 0
github.com/orbiterhq/comet/client.go:1620.59,1622.67 1 0
github.com/orbiterhq/comet/client.go:1622.67,1625.70 1 0
github.com/orbiterhq/comet/client.go:1625.70,1627.8 1 0
github.com/orbiterhq/comet/client.go:1628.7,1628.70 1 0
github.com/orbiterhq/comet/client.go:1628.70,1630.8 1 0
github.com/orbiterhq/comet/client.go:1633.7,1633.60 1 0
github.com/orbiterhq/comet/client.go:1633.60,1634.104 1 0
github.com/orbiterhq/comet/client.go:1634.104,1636.9 1 0
github.com/orbiterhq/comet/client.go:1640.7,1640.35 1 0
github.com/orbiterhq/comet/client.go:1640.35,1642.8 1 0
github.com/orbiterhq/comet/client.go:1645.7,1645.116 1 0
github.com/orbiterhq/comet/client.go:1645.116,1647.8 1 0
github.com/orbiterhq/comet/client.go:1652.5,1656.19 3 0
github.com/orbiterhq/comet/client.go:1656.19,1658.6 1 0
github.com/orbiterhq/comet/client.go:1661.5,1661.62 1 0
github.com/orbiterhq/comet/client.go:1662.10,1668.19 4 0
github.com/orbiterhq/comet/client.go:1668.19,1670.6 1 0
github.com/orbiterhq/comet/client.go:1673.4,1673.18 1 0
github.com/orbiterhq/comet/client.go:1673.18,1675.29 1 0
github.com/orbiterhq/comet/client.go:1675.29,1677.6 1 0
github.com/orbiterhq/comet/client.go:1682.3,1682.27 1 0
github.com/orbiterhq/comet/client.go:1682.27,1685.4 2 0
github.com/orbiterhq/comet/client.go:1688.3,1688.21 1 0
github.com/orbiterhq/comet/client.go:1688.21,1691.4 2 0
github.com/orbiterhq/comet/client.go:1697.61,1700.67 1 0
github.com/orbiterhq/comet/client.go:1700.67,1703.63 2 0
github.com/orbiterhq/comet/client.go:1703.63,1706.4 1 0
github.com/orbiterhq/comet/client.go:1708.3,1712.14 5 0
github.com/orbiterhq/comet/client.go:1714.2,1714.14 1 0
github.com/orbiterhq/comet/client.go:1719.47,1720.47 1 0
github.com/orbiterhq/comet/client.go:1720.47,1721.41 1 0
github.com/orbiterhq/comet/client.go:1721.41,1723.4 1 0
github.com/orbiterhq/comet/client.go:1724.3,1724.13 1 0
github.com/orbiterhq/comet/client.go:1726.2,1726.12 1 0
github.com/orbiterhq/comet/client.go:1731.57,1736.52 2 0
github.com/orbiterhq/comet/client.go:1736.52,1738.3 1 0
github.com/orbiterhq/comet/client.go:1741.2,1741.21 1 0
github.com/orbiterhq/comet/client.go:1741.21,1744.3 2 0
github.com/orbiterhq/comet/client.go:1745.2,1745.23 1 0
github.com/orbiterhq/comet/client.go:1745.23,1748.3 2 0
github.com/orbiterhq/comet/client.go:1751.2,1751.51 1 0
github.com/orbiterhq/comet/client.go:1756.65,1761.52 2 0
github.com/orbiterhq/comet/client.go:1761.52,1763.3 1 0
github.com/orbiterhq/comet/client.go:1766.2,1766.25 1 0
github.com/orbiterhq/comet/client.go:1766.25,1769.3 2 0
github.com/orbiterhq/comet/client.go:1772.2,1773.16 2 0
github.com/orbiterhq/comet/client.go:1773.16,1775.3 1 0
github.com/orbiterhq/comet/client.go:1777.2,1778.12 2 0
github.com/orbiterhq/comet/client.go:1783.44,1785.43 2 0
github.com/orbiterhq/comet/client.go:1785.43,1787.17 2 0
github.com/orbiterhq/comet/client.go:1787.17,1789.4 1 0
github.com/orbiterhq/comet/client.go:1791.3,1792.74 1 0
github.com/orbiterhq/comet/client.go:1792.74,1794.12 2 0
github.com/orbiterhq/comet/client.go:1796.3,1796.8 1 0
github.com/orbiterhq/comet/client.go:1798.2,1798.12 1 0
github.com/orbiterhq/comet/client.go:1806.45,1807.54 1 0
github.com/orbiterhq/comet/client.go:1807.54,1809.3 1 0
github.com/orbiterhq/comet/client.go:1811.2,1814.64 2 0
github.com/orbiterhq/comet/client.go:1817.79,1818.29 1 0
github.com/orbiterhq/comet/client.go:1818.29,1820.3 1 0
github.com/orbiterhq/comet/client.go:1823.2,1824.37 2 0
github.com/orbiterhq/comet/client.go:1824.37,1825.50 1 0
github.com/orbiterhq/comet/client.go:1825.50,1827.35 2 0
github.com/orbiterhq/comet/client.go:1827.35,1829.10 2 0
github.com/orbiterhq/comet/client.go:1834.2,1834.19 1 0
github.com/orbiterhq/comet/client.go:1834.19,1836.3 1 0
github.com/orbiterhq/comet/client.go:1840.2,1844.31 4 0
github.com/orbiterhq/comet/client.go:1844.31,1849.17 3 0
github.com/orbiterhq/comet/client.go:1849.17,1850.12 1 0
github.com/orbiterhq/comet/client.go:1852.3,1856.77 3 0
github.com/orbiterhq/comet/client.go:1856.77,1859.56 2 0
github.com/orbiterhq/comet/client.go:1859.56,1864.57 2 0
github.com/orbiterhq/comet/client.go:1864.57,1874.50 6 0
github.com/orbiterhq/comet/client.go:1874.50,1884.65 6 0
github.com/orbiterhq/comet/client.go:1884.65,1886.16 2 0
github.com/orbiterhq/comet/client.go:1890.7,1890.86 1 0
github.com/orbiterhq/comet/client.go:1890.86,1891.13 1 0
github.com/orbiterhq/comet/client.go:1895.7,1895.43 1 0
github.com/orbiterhq/comet/client.go:1895.43,1897.16 2 0
github.com/orbiterhq/comet/client.go:1900.7,1900.12 1 0
github.com/orbiterhq/comet/client.go:1904.6,1907.33 2 0
github.com/orbiterhq/comet/client.go:1907.33,1913.52 3 0
github.com/orbiterhq/comet/client.go:1913.52,1918.84 4 0
github.com/orbiterhq/comet/client.go:1918.84,1920.14 1 0
github.com/orbiterhq/comet/client.go:1923.8,1924.41 2 0
github.com/orbiterhq/comet/client.go:1928.7,1928.38 1 0
github.com/orbiterhq/comet/client.go:1934.6,1934.31 1 0
github.com/orbiterhq/comet/client.go:1934.31,1936.7 1 0
github.com/orbiterhq/comet/client.go:1936.12,1936.60 1 0
github.com/orbiterhq/comet/client.go:1936.60,1938.7 1 0
github.com/orbiterhq/comet/client.go:1938.12,1938.42 1 0
github.com/orbiterhq/comet/client.go:1938.43,1940.7 0 0
github.com/orbiterhq/comet/client.go:1942.10,1942.34 1 0
github.com/orbiterhq/comet/client.go:1942.34,1944.34 1 0
github.com/orbiterhq/comet/client.go:1944.34,1946.61 2 0
github.com/orbiterhq/comet/client.go:1946.61,1948.7 1 0
github.com/orbiterhq/comet/client.go:1955.3,1957.32 2 0
github.com/orbiterhq/comet/client.go:1957.32,1963.4 5 0
github.com/orbiterhq/comet/client.go:1967.2,1967.47 1 0
github.com/orbiterhq/comet/client.go:1967.47,1969.3 1 0
github.com/orbiterhq/comet/client.go:1972.2,1972.29 1 0
github.com/orbiterhq/comet/client.go:1972.29,1975.50 2 0
github.com/orbiterhq/comet/client.go:1975.50,1977.4 1 0
github.com/orbiterhq/comet/client.go:1978.3,1978.39 1 0
github.com/orbiterhq/comet/client.go:1978.39,1980.4 1 0
github.com/orbiterhq/comet/client.go:1983.3,1984.32 2 0
github.com/orbiterhq/comet/client.go:1984.32,1986.4 1 0
github.com/orbiterhq/comet/client.go:1987.3,1987.61 1 0
github.com/orbiterhq/comet/client.go:1987.61,1989.4 1 0
github.com/orbiterhq/comet/client.go:1993.2,1993.28 1 0
github.com/orbiterhq/comet/client.go:1993.28,1996.3 2 0
github.com/orbiterhq/comet/client.go:2007.120,2009.16 2 0
github.com/orbiterhq/comet/client.go:2009.16,2011.3 1 0
github.com/orbiterhq/comet/client.go:2012.2,2021.19 6 0
github.com/orbiterhq/comet/client.go:2021.19,2023.3 1 0
github.com/orbiterhq/comet/client.go:2025.2,2025.24 1 0
github.com/orbiterhq/comet/client.go:2025.24,2029.36 3 0
github.com/orbiterhq/comet/client.go:2029.36,2030.9 1 0
github.com/orbiterhq/comet/client.go:2034.3,2038.36 3 0
github.com/orbiterhq/comet/client.go:2038.36,2044.91 2 0
github.com/orbiterhq/comet/client.go:2044.91,2046.83 2 0
github.com/orbiterhq/comet/client.go:2046.83,2051.81 3 0
github.com/orbiterhq/comet/client.go:2051.81,2055.12 3 0
github.com/orbiterhq/comet/client.go:2060.4,2060.14 1 0
github.com/orbiterhq/comet/client.go:2060.14,2061.10 1 0
github.com/orbiterhq/comet/client.go:2065.4,2065.12 1 0
github.com/orbiterhq/comet/client.go:2069.3,2069.44 1 0
github.com/orbiterhq/comet/client.go:2069.44,2070.9 1 0
github.com/orbiterhq/comet/client.go:2074.3,2075.28 2 0
github.com/orbiterhq/comet/client.go:2075.28,2076.9 1 0
github.com/orbiterhq/comet/client.go:2080.3,2080.36 1 0
github.com/orbiterhq/comet/client.go:2080.36,2088.4 1 0
github.com/orbiterhq/comet/client.go:2090.3,2092.22 3 0
github.com/orbiterhq/comet/client.go:2095.2,2095.15 1 0
github.com/orbiterhq/comet/client.go:2100.92,2108.12 5 0
github.com/orbiterhq/comet/client.go:2108.12,2112.29 2 0
github.com/orbiterhq/comet/client.go:2112.29,2114.84 1 0
github.com/orbiterhq/comet/client.go:2114.84,2115.29 1 0
github.com/orbiterhq/comet/client.go:2115.29,2119.6 3 0
github.com/orbiterhq/comet/client.go:2120.5,2120.11 1 0
github.com/orbiterhq/comet/client.go:2122.4,2122.67 1 0
github.com/orbiterhq/comet/client.go:2126.3,2130.17 4 0
github.com/orbiterhq/comet/client.go:2130.17,2132.28 1 0
github.com/orbiterhq/comet/client.go:2132.28,2136.5 3 0
github.com/orbiterhq/comet/client.go:2139.4,2139.22 1 0
github.com/orbiterhq/comet/client.go:2139.22,2143.5 3 0
github.com/orbiterhq/comet/client.go:2144.9,2146.28 1 0
github.com/orbiterhq/comet/client.go:2146.28,2149.5 2 0
github.com/orbiterhq/comet/client.go:2152.4,2152.22 1 0
github.com/orbiterhq/comet/client.go:2152.22,2155.5 2 0
github.com/orbiterhq/comet/client.go:2162.42,2174.44 3 0
github.com/orbiterhq/comet/client.go:2174.44,2176.3 1 0
github.com/orbiterhq/comet/client.go:2179.2,2188.14 7 0
github.com/orbiterhq/comet/client.go:2193.38,2198.20 2 0
github.com/orbiterhq/comet/client.go:2198.20,2200.38 2 0
github.com/orbiterhq/comet/client.go:2200.38,2202.4 1 0
github.com/orbiterhq/comet/client.go:2203.3,2205.72 2 0
github.com/orbiterhq/comet/client.go:2209.2,2210.16 2 0
github.com/orbiterhq/comet/client.go:2210.16,2215.21 2 0
github.com/orbiterhq/comet/client.go:2215.21,2220.4 3 0
github.com/orbiterhq/comet/client.go:2221.8,2221.27 1 0
github.com/orbiterhq/comet/client.go:2221.27,2224.3 1 0
github.com/orbiterhq/comet/client.go:2225.2,2225.12 1 0
github.com/orbiterhq/comet/client.go:2230.43,2233.16 3 0
github.com/orbiterhq/comet/client.go:2233.16,2235.3 1 0
github.com/orbiterhq/comet/client.go:2238.2,2239.32 2 0
github.com/orbiterhq/comet/client.go:2239.32,2240.20 1 0
github.com/orbiterhq/comet/client.go:2240.20,2241.12 1 0
github.com/orbiterhq/comet/client.go:2243.3,2244.75 2 0
github.com/orbiterhq/comet/client.go:2244.75,2246.4 1 0
github.com/orbiterhq/comet/client.go:2249.2,2249.25 1 0
github.com/orbiterhq/comet/client.go:2249.25,2251.3 1 0
github.com/orbiterhq/comet/client.go:2254.2,2258.34 3 0
github.com/orbiterhq/comet/client.go:2258.34,2260.3 1 0
github.com/orbiterhq/comet/client.go:2263.2,2263.37 1 0
github.com/orbiterhq/comet/client.go:2263.37,2264.31 1 0
github.com/orbiterhq/comet/client.go:2264.31,2267.18 2 0
github.com/orbiterhq/comet/client.go:2267.18,2268.13 1 0
github.com/orbiterhq/comet/client.go:2273.4,2280.6 1 0
github.com/orbiterhq/comet/client.go:2285.2,2285.24 1 0
github.com/orbiterhq/comet/client.go:2285.24,2287.3 1 0
github.com/orbiterhq/comet/client.go:2289.2,2289.12 1 0
github.com/orbiterhq/comet/client.go:2293.35,2295.23 1 1
github.com/orbiterhq/comet/client.go:2295.23,2296.47 1 0
github.com/orbiterhq/comet/client.go:2296.47,2298.4 1 0
github.com/orbiterhq/comet/client.go:2302.2,2302.56 1 1
github.com/orbiterhq/comet/client.go:2302.56,2304.21 1 1
github.com/orbiterhq/comet/client.go:2304.21,2310.4 1 0
github.com/orbiterhq/comet/client.go:2313.3,2315.21 2 1
github.com/orbiterhq/comet/client.go:2315.21,2317.4 1 1
github.com/orbiterhq/comet/client.go:2318.3,2318.63 1 1
github.com/orbiterhq/comet/client.go:2318.63,2321.30 1 0
github.com/orbiterhq/comet/client.go:2321.30,2324.5 1 0
github.com/orbiterhq/comet/client.go:2328.3,2328.29 1 1
github.com/orbiterhq/comet/client.go:2328.29,2329.43 1 0
github.com/orbiterhq/comet/client.go:2329.43,2331.5 1 0
github.com/orbiterhq/comet/client.go:2333.4,2333.22 1 0
github.com/orbiterhq/comet/client.go:2333.22,2335.5 1 0
github.com/orbiterhq/comet/client.go:2338.3,2338.13 1 1
github.com/orbiterhq/comet/client.go:2342.2,2347.16 4 0
github.com/orbiterhq/comet/client.go:2347.16,2349.3 1 0
github.com/orbiterhq/comet/client.go:2351.2,2358.23 5 0
github.com/orbiterhq/comet/client.go:2358.23,2359.32 1 0
github.com/orbiterhq/comet/client.go:2359.32,2361.51 2 0
github.com/orbiterhq/comet/client.go:2361.51,2363.36 2 0
github.com/orbiterhq/comet/client.go:2363.36,2365.6 1 0
github.com/orbiterhq/comet/client.go:2374.2,2374.12 1 0
github.com/orbiterhq/comet/client.go:2383.41,2384.20 1 1
github.com/orbiterhq/comet/client.go:2384.20,2387.3 1 1
github.com/orbiterhq/comet/client.go:2389.2,2389.51 1 0
github.com/orbiterhq/comet/client.go:2394.66,2397.16 2 1
github.com/orbiterhq/comet/client.go:2397.16,2399.3 1 0
github.com/orbiterhq/comet/client.go:2402.2,2403.32 2 1
github.com/orbiterhq/comet/client.go:2403.32,2404.20 1 0
github.com/orbiterhq/comet/client.go:2404.20,2405.12 1 0
github.com/orbiterhq/comet/client.go:2407.3,2408.75 2 0
github.com/orbiterhq/comet/client.go:2408.75,2410.4 1 0
github.com/orbiterhq/comet/client.go:2413.2,2413.25 1 1
github.com/orbiterhq/comet/client.go:2413.25,2415.3 1 1
github.com/orbiterhq/comet/client.go:2418.2,2427.37 6 0
github.com/orbiterhq/comet/client.go:2427.37,2429.17 2 0
github.com/orbiterhq/comet/client.go:2429.17,2431.12 1 0
github.com/orbiterhq/comet/client.go:2435.3,2438.46 2 0
github.com/orbiterhq/comet/client.go:2438.46,2441.4 2 0
github.com/orbiterhq/comet/client.go:2445.2,2445.28 1 0
github.com/orbiterhq/comet/client.go:2445.28,2448.3 2 0
github.com/orbiterhq/comet/client.go:2451.2,2451.20 1 0
github.com/orbiterhq/comet/client.go:2451.20,2453.3 1 0
github.com/orbiterhq/comet/client.go:2455.2,2455.12 1 0
github.com/orbiterhq/comet/client.go:2459.66,2461.16 2 0
github.com/orbiterhq/comet/client.go:2461.16,2463.3 1 0
github.com/orbiterhq/comet/client.go:2464.2,2467.16 3 0
github.com/orbiterhq/comet/client.go:2467.16,2469.3 1 0
github.com/orbiterhq/comet/client.go:2471.2,2480.28 2 0
github.com/orbiterhq/comet/client.go:2480.28,2483.3 2 0
github.com/orbiterhq/comet/client.go:2483.8,2485.3 1 0
github.com/orbiterhq/comet/client.go:2488.2,2492.27 4 0
github.com/orbiterhq/comet/client.go:2492.27,2495.27 2 0
github.com/orbiterhq/comet/client.go:2495.27,2496.9 1 0
github.com/orbiterhq/comet/client.go:2500.3,2504.29 3 0
github.com/orbiterhq/comet/client.go:2504.29,2506.22 1 0
github.com/orbiterhq/comet/client.go:2506.22,2508.5 1 0
github.com/orbiterhq/comet/client.go:2509.4,2509.9 1 0
github.com/orbiterhq/comet/client.go:2513.3,2514.22 2 0
github.com/orbiterhq/comet/client.go:2514.22,2516.4 1 0
github.com/orbiterhq/comet/client.go:2517.3,2520.54 2 0
github.com/orbiterhq/comet/client.go:2520.54,2525.4 1 0
github.com/orbiterhq/comet/client.go:2528.3,2530.15 3 0
github.com/orbiterhq/comet/client.go:2533.2,2536.22 3 0
github.com/orbiterhq/comet/client.go:2540.35,2542.20 1 0
github.com/orbiterhq/comet/client.go:2542.20,2544.3 1 0
github.com/orbiterhq/comet/client.go:2548.84,2550.85 1 1
github.com/orbiterhq/comet/client.go:2550.85,2551.78 1 0
github.com/orbiterhq/comet/client.go:2551.78,2553.4 1 0
github.com/orbiterhq/comet/client.go:2554.3,2554.61 1 0
github.com/orbiterhq/comet/client.go:2557.2,2557.31 1 1
github.com/orbiterhq/comet/client.go:2557.31,2568.3 3 1
github.com/orbiterhq/comet/client.go:2571.2,2572.16 2 1
github.com/orbiterhq/comet/client.go:2572.16,2574.3 1 0
github.com/orbiterhq/comet/client.go:2576.2,2579.20 2 1
github.com/orbiterhq/comet/client.go:2579.20,2582.41 2 1
github.com/orbiterhq/comet/client.go:2582.41,2585.4 1 1
github.com/orbiterhq/comet/client.go:2587.3,2587.72 1 1
github.com/orbiterhq/comet/client.go:2592.2,2593.23 2 1
github.com/orbiterhq/comet/client.go:2593.23,2595.3 1 0
github.com/orbiterhq/comet/client.go:2596.2,2600.16 3 1
github.com/orbiterhq/comet/client.go:2600.16,2602.3 1 0
github.com/orbiterhq/comet/client.go:2603.2,2605.12 2 1
github.com/orbiterhq/comet/client.go:2609.42,2611.16 2 1
github.com/orbiterhq/comet/client.go:2611.16,2613.3 1 0
github.com/orbiterhq/comet/client.go:2615.2,2616.46 2 1
github.com/orbiterhq/comet/client.go:2616.46,2619.3 2 1
github.com/orbiterhq/comet/client.go:2622.2,2629.16 6 0
github.com/orbiterhq/comet/client.go:2629.16,2631.3 1 0
github.com/orbiterhq/comet/client.go:2632.2,2635.26 2 0
github.com/orbiterhq/comet/client.go:2635.26,2636.37 1 0
github.com/orbiterhq/comet/client.go:2636.37,2638.9 2 0
github.com/orbiterhq/comet/client.go:2641.3,2642.53 2 0
github.com/orbiterhq/comet/client.go:2642.53,2643.9 1 0
github.com/orbiterhq/comet/client.go:2646.3,2647.51 2 0
github.com/orbiterhq/comet/client.go:2647.51,2649.9 2 0
github.com/orbiterhq/comet/client.go:2653.3,2653.18 1 0
github.com/orbiterhq/comet/client.go:2653.18,2656.22 2 0
github.com/orbiterhq/comet/client.go:2656.22,2658.10 1 0
github.com/orbiterhq/comet/client.go:2663.3,2665.17 3 0
github.com/orbiterhq/comet/client.go:2669.2,2673.48 3 0
github.com/orbiterhq/comet/client.go:2673.48,2675.3 1 0
github.com/orbiterhq/comet/client.go:2678.2,2678.22 1 0
github.com/orbiterhq/comet/client.go:2678.22,2683.3 1 0
github.com/orbiterhq/comet/client.go:2686.2,2686.44 1 0
github.com/orbiterhq/comet/client.go:2686.44,2688.3 1 0
github.com/orbiterhq/comet/client.go:2690.2,2690.12 1 0
github.com/orbiterhq/comet/client.go:2695.85,2697.25 1 1
github.com/orbiterhq/comet/client.go:2697.25,2699.29 1 0
github.com/orbiterhq/comet/client.go:2699.29,2703.4 3 0
github.com/orbiterhq/comet/client.go:2706.3,2707.53 2 0
github.com/orbiterhq/comet/client.go:2707.53,2709.4 1 0
github.com/orbiterhq/comet/client.go:2712.3,2712.51 1 0
github.com/orbiterhq/comet/client.go:2712.51,2714.4 1 0
github.com/orbiterhq/comet/client.go:2718.3,2734.21 7 0
github.com/orbiterhq/comet/client.go:2734.21,2736.4 1 0
github.com/orbiterhq/comet/client.go:2739.3,2739.31 1 0
github.com/orbiterhq/comet/client.go:2739.31,2741.30 2 0
github.com/orbiterhq/comet/client.go:2741.30,2743.5 1 0
github.com/orbiterhq/comet/client.go:2744.4,2747.38 1 0
github.com/orbiterhq/comet/client.go:2754.3,2754.21 1 0
github.com/orbiterhq/comet/client.go:2754.21,2760.39 3 0
github.com/orbiterhq/comet/client.go:2760.39,2762.5 1 0
github.com/orbiterhq/comet/client.go:2763.4,2763.59 1 0
github.com/orbiterhq/comet/client.go:2766.3,2766.13 1 0
github.com/orbiterhq/comet/client.go:2770.2,2775.21 3 1
github.com/orbiterhq/comet/client.go:2775.21,2777.3 1 1
github.com/orbiterhq/comet/client.go:2780.2,2780.25 1 1
github.com/orbiterhq/comet/client.go:2780.25,2782.3 1 1
github.com/orbiterhq/comet/client.go:2785.2,2785.43 1 1
github.com/orbiterhq/comet/client.go:2785.43,2787.3 1 0
github.com/orbiterhq/comet/client.go:2790.2,2790.28 1 1
github.com/orbiterhq/comet/client.go:2790.28,2794.3 3 1
github.com/orbiterhq/comet/client.go:2797.2,2797.68 1 1
github.com/orbiterhq/comet/client.go:2797.68,2798.78 1 0
github.com/orbiterhq/comet/client.go:2798.78,2800.4 1 0
github.com/orbiterhq/comet/client.go:2801.3,2801.61 1 0
github.com/orbiterhq/comet/client.go:2805.2,2821.20 7 1
github.com/orbiterhq/comet/client.go:2821.20,2823.3 1 1
github.com/orbiterhq/comet/client.go:2826.2,2826.52 1 1
github.com/orbiterhq/comet/client.go:2826.52,2828.3 1 0
github.com/orbiterhq/comet/client.go:2831.2,2831.67 1 1
github.com/orbiterhq/comet/client.go:2831.67,2833.3 1 0
github.com/orbiterhq/comet/client.go:2839.2,2839.20 1 1
github.com/orbiterhq/comet/client.go:2839.20,2845.38 3 1
github.com/orbiterhq/comet/client.go:2845.38,2847.4 1 1
github.com/orbiterhq/comet/client.go:2848.3,2848.58 1 1
github.com/orbiterhq/comet/client.go:2851.2,2851.12 1 1
github.com/orbiterhq/comet/client.go:2855.58,2859.40 2 1
github.com/orbiterhq/comet/client.go:2859.40,2860.23 1 1
github.com/orbiterhq/comet/client.go:2860.23,2862.9 2 1
github.com/orbiterhq/comet/client.go:2866.2,2866.57 1 1
github.com/orbiterhq/comet/client.go:2866.57,2868.3 1 0
github.com/orbiterhq/comet/client.go:2871.2,2875.30 3 1
github.com/orbiterhq/comet/client.go:2875.30,2876.31 1 1
github.com/orbiterhq/comet/client.go:2876.31,2878.4 1 0
github.com/orbiterhq/comet/client.go:2879.3,2880.38 2 1
github.com/orbiterhq/comet/client.go:2880.38,2882.4 1 0
github.com/orbiterhq/comet/client.go:2883.3,2883.31 1 1
github.com/orbiterhq/comet/client.go:2886.2,2886.21 1 1
github.com/orbiterhq/comet/client.go:2890.32,2892.14 2 1
github.com/orbiterhq/comet/client.go:2892.14,2895.3 2 0
github.com/orbiterhq/comet/client.go:2896.2,2900.21 3 1
github.com/orbiterhq/comet/client.go:2900.21,2903.3 2 1
github.com/orbiterhq/comet/client.go:2904.2,2908.16 2 1
github.com/orbiterhq/comet/client.go:2908.16,2910.3 1 1
github.com/orbiterhq/comet/client.go:2913.2,2917.33 3 1
github.com/orbiterhq/comet/client.go:2917.33,2928.26 4 1
github.com/orbiterhq/comet/client.go:2928.26,2930.4 1 1
github.com/orbiterhq/comet/client.go:2933.3,2933.30 1 1
github.com/orbiterhq/comet/client.go:2933.30,2935.4 1 1
github.com/orbiterhq/comet/client.go:2938.3,2938.28 1 1
github.com/orbiterhq/comet/client.go:2938.28,2940.4 1 1
github.com/orbiterhq/comet/client.go:2943.3,2943.30 1 1
github.com/orbiterhq/comet/client.go:2943.30,2945.4 1 0
github.com/orbiterhq/comet/client.go:2947.3,2955.28 5 1
github.com/orbiterhq/comet/client.go:2955.28,2957.4 1 0
github.com/orbiterhq/comet/client.go:2958.3,2958.33 1 1
github.com/orbiterhq/comet/client.go:2958.33,2960.4 1 0
github.com/orbiterhq/comet/client.go:2961.3,2961.37 1 1
github.com/orbiterhq/comet/client.go:2961.37,2963.4 1 0
github.com/orbiterhq/comet/client.go:2964.3,2964.36 1 1
github.com/orbiterhq/comet/client.go:2964.36,2966.4 1 0
github.com/orbiterhq/comet/client.go:2968.3,2971.29 2 1
github.com/orbiterhq/comet/client.go:2971.29,2975.4 3 0
github.com/orbiterhq/comet/client.go:2978.2,2978.12 1 1
github.com/orbiterhq/comet/client.go:2982.51,2987.29 4 0
github.com/orbiterhq/comet/client.go:2987.29,2989.3 1 0
github.com/orbiterhq/comet/client.go:2990.2,2990.15 1 0
github.com/orbiterhq/comet/client.go:2994.40,3001.33 5 0
github.com/orbiterhq/comet/client.go:3001.33,3009.61 5 0
github.com/orbiterhq/comet/client.go:3009.61,3011.20 2 0
github.com/orbiterhq/comet/client.go:3011.20,3013.5 1 0
github.com/orbiterhq/comet/client.go:3015.3,3015.21 1 0
github.com/orbiterhq/comet/client.go:3017.2,3044.3 5 0
github.com/orbiterhq/comet/client.go:3048.34,3075.33 10 0
github.com/orbiterhq/comet/client.go:3075.33,3076.25 1 0
github.com/orbiterhq/comet/client.go:3076.25,3078.38 2 0
github.com/orbiterhq/comet/client.go:3078.38,3080.5 1 0
github.com/orbiterhq/comet/client.go:3083.2,3085.23 2 0
github.com/orbiterhq/comet/client.go:3085.23,3087.3 1 0
github.com/orbiterhq/comet/client.go:3090.2,3090.29 1 0
github.com/orbiterhq/comet/client.go:3090.29,3094.53 2 0
github.com/orbiterhq/comet/client.go:3094.53,3097.4 2 0
github.com/orbiterhq/comet/client.go:3101.2,3101.52 1 0
github.com/orbiterhq/comet/client.go:3101.52,3103.23 2 0
github.com/orbiterhq/comet/client.go:3103.23,3107.28 4 0
github.com/orbiterhq/comet/client.go:3107.28,3109.5 1 0
github.com/orbiterhq/comet/client.go:3110.4,3110.75 1 0
github.com/orbiterhq/comet/client.go:3115.2,3115.87 1 0
github.com/orbiterhq/comet/client.go:3115.87,3118.30 1 0
github.com/orbiterhq/comet/client.go:3118.30,3119.28 1 0
github.com/orbiterhq/comet/client.go:3119.28,3121.5 1 0
github.com/orbiterhq/comet/client.go:3122.4,3122.43 1 0
github.com/orbiterhq/comet/client.go:3127.2,3127.34 1 0
github.com/orbiterhq/comet/client.go:3127.34,3129.27 2 0
github.com/orbiterhq/comet/client.go:3129.27,3131.4 1 0
github.com/orbiterhq/comet/client.go:3132.3,3132.86 1 0
github.com/orbiterhq/comet/client.go:3136.2,3136.20 1 0
github.com/orbiterhq/comet/client.go:3136.20,3139.34 2 0
github.com/orbiterhq/comet/client.go:3139.34,3141.26 1 0
github.com/orbiterhq/comet/client.go:3141.26,3145.29 4 0
github.com/orbiterhq/comet/client.go:3145.29,3147.6 1 0
github.com/orbiterhq/comet/client.go:3148.5,3148.48 1 0
github.com/orbiterhq/comet/client.go:3150.4,3150.9 1 0
github.com/orbiterhq/comet/client.go:3152.3,3152.17 1 0
github.com/orbiterhq/comet/client.go:3156.2,3156.34 1 0
github.com/orbiterhq/comet/client.go:3156.34,3158.3 1 0
github.com/orbiterhq/comet/client.go:3160.2,3160.15 1 0
github.com/orbiterhq/comet/client.go:3166.61,3167.22 1 1
github.com/orbiterhq/comet/client.go:3167.22,3169.3 1 0
github.com/orbiterhq/comet/client.go:3169.8,3171.3 1 1
github.com/orbiterhq/comet/client.go:3175.46,3185.2 4 1
github.com/orbiterhq/comet/client.go:3188.44,3191.16 2 0
github.com/orbiterhq/comet/client.go:3191.16,3193.3 1 0
github.com/orbiterhq/comet/client.go:3194.2,3198.16 3 0
github.com/orbiterhq/comet/client.go:3198.16,3200.3 1 0
github.com/orbiterhq/comet/client.go:3202.2,3202.22 1 0
github.com/orbiterhq/comet/client.go:3202.22,3204.55 1 0
github.com/orbiterhq/comet/client.go:3204.55,3206.4 1 0
github.com/orbiterhq/comet/client.go:3207.8,3207.42 1 0
github.com/orbiterhq/comet/client.go:3207.42,3209.3 1 0
github.com/orbiterhq/comet/client.go:3212.2,3214.16 2 0
github.com/orbiterhq/comet/client.go:3214.16,3216.3 1 0
github.com/orbiterhq/comet/client.go:3218.2,3222.22 3 0
github.com/orbiterhq/comet/client.go:3222.22,3226.3 2 0
github.com/orbiterhq/comet/client.go:3226.8,3228.53 1 0
github.com/orbiterhq/comet/client.go:3228.53,3230.4 1 0
github.com/orbiterhq/comet/client.go:3233.2,3233.12 1 0
github.com/orbiterhq/comet/consumer.go:24.37,26.2 1 0
github.com/orbiterhq/comet/consumer.go:29.52,32.76 3 0
github.com/orbiterhq/comet/consumer.go:32.76,34.3 1 0
github.com/orbiterhq/comet/consumer.go:35.2,35.67 1 0
github.com/orbiterhq/comet/consumer.go:93.47,94.34 1 0
github.com/orbiterhq/comet/consumer.go:94.34,96.3 1 0
github.com/orbiterhq/comet/consumer.go:100.49,101.34 1 0
github.com/orbiterhq/comet/consumer.go:101.34,103.3 1 0
github.com/orbiterhq/comet/consumer.go:107.44,108.34 1 0
github.com/orbiterhq/comet/consumer.go:108.34,110.3 1 0
github.com/orbiterhq/comet/consumer.go:114.48,115.34 1 0
github.com/orbiterhq/comet/consumer.go:115.34,117.3 1 0
github.com/orbiterhq/comet/consumer.go:121.61,122.34 1 0
github.com/orbiterhq/comet/consumer.go:122.34,124.3 1 0
github.com/orbiterhq/comet/consumer.go:128.56,129.34 1 0
github.com/orbiterhq/comet/consumer.go:129.34,131.3 1 0
github.com/orbiterhq/comet/consumer.go:135.46,136.34 1 0
github.com/orbiterhq/comet/consumer.go:136.34,138.3 1 0
github.com/orbiterhq/comet/consumer.go:142.78,143.34 1 0
github.com/orbiterhq/comet/consumer.go:143.34,145.3 1 0
github.com/orbiterhq/comet/consumer.go:149.87,150.34 1 0
github.com/orbiterhq/comet/consumer.go:150.34,152.3 1 0
github.com/orbiterhq/comet/consumer.go:156.58,157.34 1 0
github.com/orbiterhq/comet/consumer.go:157.34,160.3 2 0
github.com/orbiterhq/comet/consumer.go:164.83,176.27 2 0
github.com/orbiterhq/comet/consumer.go:176.27,178.3 1 0
github.com/orbiterhq/comet/consumer.go:181.2,181.46 1 0
github.com/orbiterhq/comet/consumer.go:181.46,183.3 1 0
github.com/orbiterhq/comet/consumer.go:185.2,185.12 1 0
github.com/orbiterhq/comet/consumer.go:189.66,195.2 1 0
github.com/orbiterhq/comet/consumer.go:198.34,200.44 1 0
github.com/orbiterhq/comet/consumer.go:200.44,201.40 1 0
github.com/orbiterhq/comet/consumer.go:201.40,205.90 3 0
github.com/orbiterhq/comet/consumer.go:205.90,207.5 1 0
github.com/orbiterhq/comet/consumer.go:209.3,209.14 1 0
github.com/orbiterhq/comet/consumer.go:211.2,211.12 1 0
github.com/orbiterhq/comet/consumer.go:215.99,219.33 3 0
github.com/orbiterhq/comet/consumer.go:219.33,220.21 1 0
github.com/orbiterhq/comet/consumer.go:220.21,221.9 1 0
github.com/orbiterhq/comet/consumer.go:224.3,225.17 2 0
github.com/orbiterhq/comet/consumer.go:225.17,227.4 1 0
github.com/orbiterhq/comet/consumer.go:229.3,230.17 2 0
github.com/orbiterhq/comet/consumer.go:230.17,232.4 1 0
github.com/orbiterhq/comet/consumer.go:234.3,235.34 2 0
github.com/orbiterhq/comet/consumer.go:238.2,238.22 1 0
github.com/orbiterhq/comet/consumer.go:260.99,265.24 2 0
github.com/orbiterhq/comet/consumer.go:265.24,267.3 1 0
github.com/orbiterhq/comet/consumer.go:270.2,271.25 2 0
github.com/orbiterhq/comet/consumer.go:271.25,273.3 1 0
github.com/orbiterhq/comet/consumer.go:273.8,273.29 1 0
github.com/orbiterhq/comet/consumer.go:273.29,276.17 2 0
github.com/orbiterhq/comet/consumer.go:276.17,278.4 1 0
github.com/orbiterhq/comet/consumer.go:279.3,279.28 1 0
github.com/orbiterhq/comet/consumer.go:280.8,282.3 1 0
github.com/orbiterhq/comet/consumer.go:285.2,288.6 2 0
github.com/orbiterhq/comet/consumer.go:288.6,289.10 1 0
github.com/orbiterhq/comet/consumer.go:290.21,291.20 1 0
github.com/orbiterhq/comet/consumer.go:292.11,292.11 0 0
github.com/orbiterhq/comet/consumer.go:295.3,297.17 3 0
github.com/orbiterhq/comet/consumer.go:297.17,298.26 1 0
github.com/orbiterhq/comet/consumer.go:298.26,300.5 1 0
github.com/orbiterhq/comet/consumer.go:302.4,302.11 1 0
github.com/orbiterhq/comet/consumer.go:303.22,304.21 1 0
github.com/orbiterhq/comet/consumer.go:305.40,306.13 1 0
github.com/orbiterhq/comet/consumer.go:310.3,310.25 1 0
github.com/orbiterhq/comet/consumer.go:310.25,312.11 1 0
github.com/orbiterhq/comet/consumer.go:313.22,314.21 1 0
github.com/orbiterhq/comet/consumer.go:315.40,316.13 1 0
github.com/orbiterhq/comet/consumer.go:321.3,322.52 2 0
github.com/orbiterhq/comet/consumer.go:322.52,324.25 2 0
github.com/orbiterhq/comet/consumer.go:324.25,325.10 1 0
github.com/orbiterhq/comet/consumer.go:328.4,328.26 1 0
github.com/orbiterhq/comet/consumer.go:328.26,330.5 1 0
github.com/orbiterhq/comet/consumer.go:332.4,332.30 1 0
github.com/orbiterhq/comet/consumer.go:332.30,333.12 1 0
github.com/orbiterhq/comet/consumer.go:334.23,335.22 1 0
github.com/orbiterhq/comet/consumer.go:336.64,336.64 0 0
github.com/orbiterhq/comet/consumer.go:343.3,343.35 1 0
github.com/orbiterhq/comet/consumer.go:343.35,344.33 1 0
github.com/orbiterhq/comet/consumer.go:344.33,345.68 1 0
github.com/orbiterhq/comet/consumer.go:345.68,347.6 1 0
github.com/orbiterhq/comet/consumer.go:352.3,352.25 1 0
github.com/orbiterhq/comet/consumer.go:352.25,354.4 1 0
github.com/orbiterhq/comet/consumer.go:359.69,361.52 1 0
github.com/orbiterhq/comet/consumer.go:361.52,375.44 8 0
github.com/orbiterhq/comet/consumer.go:375.44,378.57 2 0
github.com/orbiterhq/comet/consumer.go:378.57,379.52 1 0
github.com/orbiterhq/comet/consumer.go:379.52,381.6 1 0
github.com/orbiterhq/comet/consumer.go:383.4,383.18 1 0
github.com/orbiterhq/comet/consumer.go:383.18,385.27 1 0
github.com/orbiterhq/comet/consumer.go:385.27,387.6 1 0
github.com/orbiterhq/comet/consumer.go:388.5,388.23 1 0
github.com/orbiterhq/comet/consumer.go:394.3,397.25 3 0
github.com/orbiterhq/comet/consumer.go:397.25,399.4 1 0
github.com/orbiterhq/comet/consumer.go:403.2,423.16 8 0
github.com/orbiterhq/comet/consumer.go:423.16,425.3 1 0
github.com/orbiterhq/comet/consumer.go:428.2,428.79 1 0
github.com/orbiterhq/comet/consumer.go:428.79,432.3 2 0
github.com/orbiterhq/comet/consumer.go:435.2,435.24 1 0
github.com/orbiterhq/comet/consumer.go:435.24,438.3 2 0
github.com/orbiterhq/comet/consumer.go:440.2,440.23 1 0
github.com/orbiterhq/comet/consumer.go:444.91,446.48 1 0
github.com/orbiterhq/comet/consumer.go:446.48,448.3 1 0
github.com/orbiterhq/comet/consumer.go:451.2,451.44 1 0
github.com/orbiterhq/comet/consumer.go:451.44,453.99 1 0
github.com/orbiterhq/comet/consumer.go:453.99,455.78 1 0
github.com/orbiterhq/comet/consumer.go:455.79,457.5 0 0
github.com/orbiterhq/comet/consumer.go:457.10,458.31 1 0
github.com/orbiterhq/comet/consumer.go:458.31,460.6 1 0
github.com/orbiterhq/comet/consumer.go:462.5,462.71 1 0
github.com/orbiterhq/comet/consumer.go:468.2,468.33 1 0
github.com/orbiterhq/comet/consumer.go:468.33,470.3 1 0
github.com/orbiterhq/comet/consumer.go:473.2,481.38 3 0
github.com/orbiterhq/comet/consumer.go:481.38,483.3 1 0
github.com/orbiterhq/comet/consumer.go:484.2,487.30 2 0
github.com/orbiterhq/comet/consumer.go:487.30,489.3 1 0
github.com/orbiterhq/comet/consumer.go:492.2,492.31 1 0
github.com/orbiterhq/comet/consumer.go:492.31,494.3 1 0
github.com/orbiterhq/comet/consumer.go:497.2,497.71 1 0
github.com/orbiterhq/comet/consumer.go:501.131,502.31 1 0
github.com/orbiterhq/comet/consumer.go:502.31,504.3 1 0
github.com/orbiterhq/comet/consumer.go:507.2,508.16 2 0
github.com/orbiterhq/comet/consumer.go:508.16,510.3 1 0
github.com/orbiterhq/comet/consumer.go:513.2,518.63 4 0
github.com/orbiterhq/comet/consumer.go:518.63,520.95 2 0
github.com/orbiterhq/comet/consumer.go:520.95,522.9 2 0
github.com/orbiterhq/comet/consumer.go:526.2,526.27 1 0
github.com/orbiterhq/comet/consumer.go:526.27,528.3 1 0
github.com/orbiterhq/comet/consumer.go:531.2,533.24 3 0
github.com/orbiterhq/comet/consumer.go:533.24,535.3 1 0
github.com/orbiterhq/comet/consumer.go:537.2,542.34 4 0
github.com/orbiterhq/comet/consumer.go:542.34,544.34 1 0
github.com/orbiterhq/comet/consumer.go:544.34,549.4 1 0
github.com/orbiterhq/comet/consumer.go:552.3,552.46 1 0
github.com/orbiterhq/comet/consumer.go:552.46,554.4 1 0
github.com/orbiterhq/comet/consumer.go:557.3,561.29 3 0
github.com/orbiterhq/comet/consumer.go:561.29,563.4 1 0
github.com/orbiterhq/comet/consumer.go:566.3,567.38 2 0
github.com/orbiterhq/comet/consumer.go:567.38,569.4 1 0
github.com/orbiterhq/comet/consumer.go:572.3,573.27 2 0
github.com/orbiterhq/comet/consumer.go:576.2,576.99 1 0
github.com/orbiterhq/comet/consumer.go:580.108,586.24 3 0
github.com/orbiterhq/comet/consumer.go:586.24,588.46 2 0
github.com/orbiterhq/comet/consumer.go:588.46,592.47 2 0
github.com/orbiterhq/comet/consumer.go:592.47,593.57 1 0
github.com/orbiterhq/comet/consumer.go:593.57,596.6 2 0
github.com/orbiterhq/comet/consumer.go:597.5,601.27 2 0
github.com/orbiterhq/comet/consumer.go:601.27,604.6 2 0
github.com/orbiterhq/comet/consumer.go:607.5,607.47 1 0
github.com/orbiterhq/comet/consumer.go:607.47,608.39 1 0
github.com/orbiterhq/comet/consumer.go:608.39,609.44 1 0
github.com/orbiterhq/comet/consumer.go:609.44,612.30 2 0
github.com/orbiterhq/comet/consumer.go:612.30,614.9 1 0
github.com/orbiterhq/comet/consumer.go:616.7,617.19 2 0
github.com/orbiterhq/comet/consumer.go:619.6,619.17 1 0
github.com/orbiterhq/comet/consumer.go:622.4,622.21 1 0
github.com/orbiterhq/comet/consumer.go:626.2,629.13 3 0
github.com/orbiterhq/comet/consumer.go:629.13,631.3 1 0
github.com/orbiterhq/comet/consumer.go:635.2,635.32 1 0
github.com/orbiterhq/comet/consumer.go:635.32,637.36 2 0
github.com/orbiterhq/comet/consumer.go:637.36,639.4 1 0
github.com/orbiterhq/comet/consumer.go:642.2,647.84 4 0
github.com/orbiterhq/comet/consumer.go:647.84,649.40 2 0
github.com/orbiterhq/comet/consumer.go:649.40,656.34 4 0
github.com/orbiterhq/comet/consumer.go:656.34,660.5 2 0
github.com/orbiterhq/comet/consumer.go:662.4,665.96 2 0
github.com/orbiterhq/comet/consumer.go:665.96,667.5 1 0
github.com/orbiterhq/comet/consumer.go:669.4,670.15 2 0
github.com/orbiterhq/comet/consumer.go:670.15,672.5 1 0
github.com/orbiterhq/comet/consumer.go:675.4,675.34 1 0
github.com/orbiterhq/comet/consumer.go:675.34,677.38 2 0
github.com/orbiterhq/comet/consumer.go:677.38,679.6 1 0
github.com/orbiterhq/comet/consumer.go:682.4,684.21 3 0
github.com/orbiterhq/comet/consumer.go:688.2,688.34 1 0
github.com/orbiterhq/comet/consumer.go:688.34,690.3 1 0
github.com/orbiterhq/comet/consumer.go:693.2,693.39 1 0
github.com/orbiterhq/comet/consumer.go:693.39,695.3 1 0
github.com/orbiterhq/comet/consumer.go:698.2,700.53 3 0
github.com/orbiterhq/comet/consumer.go:700.53,702.3 1 0
github.com/orbiterhq/comet/consumer.go:703.2,706.96 2 0
github.com/orbiterhq/comet/consumer.go:706.96,708.23 1 0
github.com/orbiterhq/comet/consumer.go:708.23,710.4 1 0
github.com/orbiterhq/comet/consumer.go:713.3,717.17 4 0
github.com/orbiterhq/comet/consumer.go:717.17,720.81 1 0
github.com/orbiterhq/comet/consumer.go:720.81,722.5 1 0
github.com/orbiterhq/comet/consumer.go:724.4,724.18 1 0
github.com/orbiterhq/comet/consumer.go:724.18,727.56 1 0
github.com/orbiterhq/comet/consumer.go:727.56,728.14 1 0
github.com/orbiterhq/comet/consumer.go:730.5,730.109 1 0
github.com/orbiterhq/comet/consumer.go:735.3,735.29 1 0
github.com/orbiterhq/comet/consumer.go:735.29,737.4 1 0
github.com/orbiterhq/comet/consumer.go:740.3,741.17 2 0
github.com/orbiterhq/comet/consumer.go:741.17,743.4 1 0
github.com/orbiterhq/comet/consumer.go:746.3,747.17 2 0
github.com/orbiterhq/comet/consumer.go:747.17,750.63 1 0
github.com/orbiterhq/comet/consumer.go:750.63,755.5 2 0
github.com/orbiterhq/comet/consumer.go:756.4,756.18 1 0
github.com/orbiterhq/comet/consumer.go:756.18,758.27 1 0
github.com/orbiterhq/comet/consumer.go:758.27,760.6 1 0
github.com/orbiterhq/comet/consumer.go:761.5,761.102 1 0
github.com/orbiterhq/comet/consumer.go:765.3,771.39 2 0
github.com/orbiterhq/comet/consumer.go:775.2,775.45 1 0
github.com/orbiterhq/comet/consumer.go:775.45,777.3 1 0
github.com/orbiterhq/comet/consumer.go:779.2,779.22 1 0
github.com/orbiterhq/comet/consumer.go:783.98,792.21 5 0
github.com/orbiterhq/comet/consumer.go:792.21,794.3 1 0
github.com/orbiterhq/comet/consumer.go:797.2,798.16 2 0
github.com/orbiterhq/comet/consumer.go:798.16,800.3 1 0
github.com/orbiterhq/comet/consumer.go:802.2,808.29 4 0
github.com/orbiterhq/comet/consumer.go:808.29,809.35 1 0
github.com/orbiterhq/comet/consumer.go:809.35,810.9 1 0
github.com/orbiterhq/comet/consumer.go:813.3,815.22 3 0
github.com/orbiterhq/comet/consumer.go:815.22,816.12 1 0
github.com/orbiterhq/comet/consumer.go:819.3,823.25 3 0
github.com/orbiterhq/comet/consumer.go:823.25,825.28 1 0
github.com/orbiterhq/comet/consumer.go:825.28,826.10 1 0
github.com/orbiterhq/comet/consumer.go:830.4,835.63 4 0
github.com/orbiterhq/comet/consumer.go:835.63,838.13 2 0
github.com/orbiterhq/comet/consumer.go:842.4,843.27 2 0
github.com/orbiterhq/comet/consumer.go:843.27,844.10 1 0
github.com/orbiterhq/comet/consumer.go:848.4,848.35 1 0
github.com/orbiterhq/comet/consumer.go:848.35,853.5 1 0
github.com/orbiterhq/comet/consumer.go:856.4,857.21 2 0
github.com/orbiterhq/comet/consumer.go:861.2,861.120 1 0
github.com/orbiterhq/comet/consumer.go:865.76,866.26 1 0
github.com/orbiterhq/comet/consumer.go:866.26,868.3 1 0
github.com/orbiterhq/comet/consumer.go:871.2,871.26 1 0
github.com/orbiterhq/comet/consumer.go:871.26,874.17 3 0
github.com/orbiterhq/comet/consumer.go:874.17,876.4 1 0
github.com/orbiterhq/comet/consumer.go:878.3,881.41 3 0
github.com/orbiterhq/comet/consumer.go:881.41,883.4 1 0
github.com/orbiterhq/comet/consumer.go:886.3,891.25 4 0
github.com/orbiterhq/comet/consumer.go:891.25,893.4 1 0
github.com/orbiterhq/comet/consumer.go:894.3,897.13 2 0
github.com/orbiterhq/comet/consumer.go:901.2,901.31 1 0
github.com/orbiterhq/comet/consumer.go:905.59,908.32 2 0
github.com/orbiterhq/comet/consumer.go:908.32,910.3 1 0
github.com/orbiterhq/comet/consumer.go:913.2,913.40 1 0
github.com/orbiterhq/comet/consumer.go:913.40,915.17 2 0
github.com/orbiterhq/comet/consumer.go:915.17,917.4 1 0
github.com/orbiterhq/comet/consumer.go:919.3,923.26 3 0
github.com/orbiterhq/comet/consumer.go:923.26,924.33 1 0
github.com/orbiterhq/comet/consumer.go:924.33,926.5 1 0
github.com/orbiterhq/comet/consumer.go:930.3,930.20 1 0
github.com/orbiterhq/comet/consumer.go:930.20,933.42 2 0
github.com/orbiterhq/comet/consumer.go:933.42,935.5 1 0
github.com/orbiterhq/comet/consumer.go:936.4,940.26 3 0
github.com/orbiterhq/comet/consumer.go:940.26,942.5 1 0
github.com/orbiterhq/comet/consumer.go:945.3,945.20 1 0
github.com/orbiterhq/comet/consumer.go:948.2,948.12 1 0
github.com/orbiterhq/comet/consumer.go:952.79,954.16 2 0
github.com/orbiterhq/comet/consumer.go:954.16,956.3 1 0
github.com/orbiterhq/comet/consumer.go:959.2,959.24 1 0
github.com/orbiterhq/comet/consumer.go:959.24,961.46 2 0
github.com/orbiterhq/comet/consumer.go:961.46,965.47 2 0
github.com/orbiterhq/comet/consumer.go:965.47,966.57 1 0
github.com/orbiterhq/comet/consumer.go:966.57,969.6 2 0
github.com/orbiterhq/comet/consumer.go:970.5,970.43 1 0
github.com/orbiterhq/comet/consumer.go:972.4,972.21 1 0
github.com/orbiterhq/comet/consumer.go:976.2,980.13 4 0
github.com/orbiterhq/comet/consumer.go:980.13,982.3 1 0
github.com/orbiterhq/comet/consumer.go:985.2,988.35 2 0
github.com/orbiterhq/comet/consumer.go:988.35,990.7 1 0
github.com/orbiterhq/comet/consumer.go:990.7,992.33 2 0
github.com/orbiterhq/comet/consumer.go:992.33,993.10 1 0
github.com/orbiterhq/comet/consumer.go:995.4,995.89 1 0
github.com/orbiterhq/comet/consumer.go:995.89,996.10 1 0
github.com/orbiterhq/comet/consumer.go:1001.2,1001.17 1 0
github.com/orbiterhq/comet/consumer.go:1005.94,1007.16 2 0
github.com/orbiterhq/comet/consumer.go:1007.16,1009.3 1 0
github.com/orbiterhq/comet/consumer.go:1011.2,1012.21 2 0
github.com/orbiterhq/comet/consumer.go:1012.21,1015.22 2 0
github.com/orbiterhq/comet/consumer.go:1015.22,1017.4 1 0
github.com/orbiterhq/comet/consumer.go:1020.2,1026.12 4 0
github.com/orbiterhq/comet/consumer.go:1031.98,1032.25 1 0
github.com/orbiterhq/comet/consumer.go:1032.25,1034.3 1 0
github.com/orbiterhq/comet/consumer.go:1036.2,1037.16 2 0
github.com/orbiterhq/comet/consumer.go:1037.16,1039.3 1 0
github.com/orbiterhq/comet/consumer.go:1041.2,1047.42 4 0
github.com/orbiterhq/comet/consumer.go:1047.42,1051.3 2 0
github.com/orbiterhq/comet/consumer.go:1052.2,1054.12 2 0
github.com/orbiterhq/comet/consumer.go:1076.93,1078.16 2 0
github.com/orbiterhq/comet/consumer.go:1078.16,1080.3 1 0
github.com/orbiterhq/comet/consumer.go:1083.2,1083.24 1 0
github.com/orbiterhq/comet/consumer.go:1083.24,1085.46 2 0
github.com/orbiterhq/comet/consumer.go:1085.46,1089.47 2 0
github.com/orbiterhq/comet/consumer.go:1089.47,1090.57 1 0
github.com/orbiterhq/comet/consumer.go:1090.57,1093.6 2 0
github.com/orbiterhq/comet/consumer.go:1094.5,1094.43 1 0
github.com/orbiterhq/comet/consumer.go:1096.4,1096.21 1 0
github.com/orbiterhq/comet/consumer.go:1100.2,1110.57 4 0
github.com/orbiterhq/comet/consumer.go:1110.57,1112.3 1 0
github.com/orbiterhq/comet/consumer.go:1115.2,1115.41 1 0
github.com/orbiterhq/comet/consumer.go:1115.41,1119.77 3 0
github.com/orbiterhq/comet/consumer.go:1119.77,1121.4 1 0
github.com/orbiterhq/comet/consumer.go:1123.3,1123.44 1 0
github.com/orbiterhq/comet/consumer.go:1123.44,1125.4 1 0
github.com/orbiterhq/comet/consumer.go:1128.2,1128.19 1 0
github.com/orbiterhq/comet/consumer.go:1132.106,1134.24 1 0
github.com/orbiterhq/comet/consumer.go:1134.24,1136.3 1 0
github.com/orbiterhq/comet/consumer.go:1137.2,1137.51 1 0
github.com/orbiterhq/comet/consumer.go:1137.51,1139.3 1 0
github.com/orbiterhq/comet/consumer.go:1142.2,1142.45 1 0
github.com/orbiterhq/comet/consumer.go:1142.45,1144.3 1 0
github.com/orbiterhq/comet/consumer.go:1146.2,1162.59 7 0
github.com/orbiterhq/comet/consumer.go:1162.59,1164.22 2 0
github.com/orbiterhq/comet/consumer.go:1164.22,1169.4 4 0
github.com/orbiterhq/comet/consumer.go:1172.2,1172.12 1 0
github.com/orbiterhq/comet/consumer.go:1172.12,1175.3 2 0
github.com/orbiterhq/comet/consumer.go:1177.2,1177.27 1 0
github.com/orbiterhq/comet/consumer.go:1177.27,1178.17 1 0
github.com/orbiterhq/comet/consumer.go:1178.17,1180.4 1 0
github.com/orbiterhq/comet/consumer.go:1183.2,1183.25 1 0
github.com/orbiterhq/comet/consumer.go:1183.25,1185.3 1 0
github.com/orbiterhq/comet/consumer.go:1188.2,1192.36 3 0
github.com/orbiterhq/comet/consumer.go:1192.36,1193.47 1 0
github.com/orbiterhq/comet/consumer.go:1193.47,1195.4 1 0
github.com/orbiterhq/comet/consumer.go:1198.2,1198.28 1 0
github.com/orbiterhq/comet/debug.go:11.13,15.2 2 1
github.com/orbiterhq/comet/debug.go:18.29,20.2 1 0
github.com/orbiterhq/comet/debug.go:23.21,25.2 1 0
github.com/orbiterhq/comet/index_binary.go:36.58,40.16 3 0
github.com/orbiterhq/comet/index_binary.go:40.16,42.3 1 0
github.com/orbiterhq/comet/index_binary.go:43.2,46.81 2 0
github.com/orbiterhq/comet/index_binary.go:46.81,48.3 1 0
github.com/orbiterhq/comet/index_binary.go:49.2,49.83 1 0
github.com/orbiterhq/comet/index_binary.go:49.83,51.3 1 0
github.com/orbiterhq/comet/index_binary.go:52.2,52.95 1 0
github.com/orbiterhq/comet/index_binary.go:52.95,54.3 1 0
github.com/orbiterhq/comet/index_binary.go:55.2,55.95 1 0
github.com/orbiterhq/comet/index_binary.go:55.95,57.3 1 0
github.com/orbiterhq/comet/index_binary.go:58.2,58.97 1 0
github.com/orbiterhq/comet/index_binary.go:58.97,60.3 1 0
github.com/orbiterhq/comet/index_binary.go:61.2,61.99 1 0
github.com/orbiterhq/comet/index_binary.go:61.99,63.3 1 0
github.com/orbiterhq/comet/index_binary.go:64.2,64.87 1 0
github.com/orbiterhq/comet/index_binary.go:64.87,66.3 1 0
github.com/orbiterhq/comet/index_binary.go:69.2,69.51 1 0
github.com/orbiterhq/comet/index_binary.go:69.51,71.86 2 0
github.com/orbiterhq/comet/index_binary.go:71.86,73.4 1 0
github.com/orbiterhq/comet/index_binary.go:74.3,74.48 1 0
github.com/orbiterhq/comet/index_binary.go:74.48,76.4 1 0
github.com/orbiterhq/comet/index_binary.go:77.3,77.78 1 0
github.com/orbiterhq/comet/index_binary.go:77.78,79.4 1 0
github.com/orbiterhq/comet/index_binary.go:83.2,84.19 2 0
github.com/orbiterhq/comet/index_binary.go:84.19,89.48 3 0
github.com/orbiterhq/comet/index_binary.go:89.48,101.4 6 0
github.com/orbiterhq/comet/index_binary.go:103.3,103.45 1 0
github.com/orbiterhq/comet/index_binary.go:103.45,105.4 1 0
github.com/orbiterhq/comet/index_binary.go:109.2,110.19 2 0
github.com/orbiterhq/comet/index_binary.go:110.19,113.36 2 0
github.com/orbiterhq/comet/index_binary.go:113.36,115.4 1 0
github.com/orbiterhq/comet/index_binary.go:117.3,119.36 2 0
github.com/orbiterhq/comet/index_binary.go:119.36,138.4 12 0
github.com/orbiterhq/comet/index_binary.go:140.3,140.41 1 0
github.com/orbiterhq/comet/index_binary.go:140.41,142.4 1 0
github.com/orbiterhq/comet/index_binary.go:149.2,149.41 1 0
github.com/orbiterhq/comet/index_binary.go:153.56,155.16 2 0
github.com/orbiterhq/comet/index_binary.go:155.16,157.3 1 0
github.com/orbiterhq/comet/index_binary.go:159.2,159.20 1 0
github.com/orbiterhq/comet/index_binary.go:159.20,161.3 1 0
github.com/orbiterhq/comet/index_binary.go:164.2,167.25 4 0
github.com/orbiterhq/comet/index_binary.go:167.25,169.3 1 0
github.com/orbiterhq/comet/index_binary.go:171.2,173.29 3 0
github.com/orbiterhq/comet/index_binary.go:173.29,175.3 1 0
github.com/orbiterhq/comet/index_binary.go:177.2,195.26 11 0
github.com/orbiterhq/comet/index_binary.go:195.26,198.3 2 0
github.com/orbiterhq/comet/index_binary.go:201.2,201.45 1 0
github.com/orbiterhq/comet/index_binary.go:201.45,202.26 1 0
github.com/orbiterhq/comet/index_binary.go:202.26,204.4 1 0
github.com/orbiterhq/comet/index_binary.go:206.3,209.36 3 0
github.com/orbiterhq/comet/index_binary.go:209.36,211.4 1 0
github.com/orbiterhq/comet/index_binary.go:213.3,219.48 5 0
github.com/orbiterhq/comet/index_binary.go:223.2,224.41 2 0
github.com/orbiterhq/comet/index_binary.go:224.41,225.28 1 0
github.com/orbiterhq/comet/index_binary.go:225.28,227.4 1 0
github.com/orbiterhq/comet/index_binary.go:229.3,238.66 3 0
github.com/orbiterhq/comet/index_binary.go:242.2,243.41 2 0
github.com/orbiterhq/comet/index_binary.go:243.41,244.27 1 0
github.com/orbiterhq/comet/index_binary.go:244.27,246.4 1 0
github.com/orbiterhq/comet/index_binary.go:248.3,251.33 3 0
github.com/orbiterhq/comet/index_binary.go:251.33,253.4 1 0
github.com/orbiterhq/comet/index_binary.go:255.3,258.28 3 0
github.com/orbiterhq/comet/index_binary.go:258.28,260.4 1 0
github.com/orbiterhq/comet/index_binary.go:262.3,273.42 3 0
github.com/orbiterhq/comet/index_binary.go:277.2,277.26 1 0
github.com/orbiterhq/comet/index_binary.go:277.26,279.3 1 0
github.com/orbiterhq/comet/index_binary.go:279.8,281.3 1 0
github.com/orbiterhq/comet/index_binary.go:282.2,284.19 2 0
github.com/orbiterhq/comet/logger.go:48.70,48.71 0 0
github.com/orbiterhq/comet/logger.go:49.70,49.71 0 0
github.com/orbiterhq/comet/logger.go:50.70,50.71 0 0
github.com/orbiterhq/comet/logger.go:51.70,51.71 0 0
github.com/orbiterhq/comet/logger.go:52.69,52.81 1 0
github.com/orbiterhq/comet/logger.go:53.69,53.81 1 0
github.com/orbiterhq/comet/logger.go:65.46,70.2 1 1
github.com/orbiterhq/comet/logger.go:72.93,73.21 1 0
github.com/orbiterhq/comet/logger.go:73.21,75.3 1 0
github.com/orbiterhq/comet/logger.go:78.2,84.24 3 0
github.com/orbiterhq/comet/logger.go:84.24,86.42 2 0
github.com/orbiterhq/comet/logger.go:86.42,87.13 1 0
github.com/orbiterhq/comet/logger.go:87.13,89.5 1 0
github.com/orbiterhq/comet/logger.go:90.4,90.28 1 0
github.com/orbiterhq/comet/logger.go:90.28,92.5 1 0
github.com/orbiterhq/comet/logger.go:92.10,94.5 1 0
github.com/orbiterhq/comet/logger.go:96.3,96.16 1 0
github.com/orbiterhq/comet/logger.go:99.2,99.32 1 0
github.com/orbiterhq/comet/logger.go:102.69,104.2 1 0
github.com/orbiterhq/comet/logger.go:106.68,108.2 1 0
github.com/orbiterhq/comet/logger.go:110.68,112.2 1 0
github.com/orbiterhq/comet/logger.go:114.69,116.2 1 0
github.com/orbiterhq/comet/logger.go:118.61,121.2 1 0
github.com/orbiterhq/comet/logger.go:123.69,130.2 2 1
github.com/orbiterhq/comet/logger.go:140.55,142.2 1 0
github.com/orbiterhq/comet/logger.go:144.71,146.2 1 0
github.com/orbiterhq/comet/logger.go:148.70,150.2 1 0
github.com/orbiterhq/comet/logger.go:152.70,154.2 1 0
github.com/orbiterhq/comet/logger.go:156.71,158.2 1 0
github.com/orbiterhq/comet/logger.go:160.63,164.2 1 0
github.com/orbiterhq/comet/logger.go:166.71,172.2 4 0
github.com/orbiterhq/comet/logger.go:175.44,176.26 1 1
github.com/orbiterhq/comet/logger.go:176.26,178.3 1 0
github.com/orbiterhq/comet/logger.go:180.2,180.22 1 1
github.com/orbiterhq/comet/logger.go:181.21,182.22 1 0
github.com/orbiterhq/comet/logger.go:183.10,185.23 2 1
github.com/orbiterhq/comet/logger.go:186.16,187.25 1 0
github.com/orbiterhq/comet/logger.go:188.26,189.24 1 0
github.com/orbiterhq/comet/logger.go:190.16,191.25 1 0
github.com/orbiterhq/comet/logger.go:193.3,193.29 1 1
github.com/orbiterhq/comet/metrics_interface.go:112.56,114.2 1 0
github.com/orbiterhq/comet/metrics_interface.go:116.48,118.2 1 0
github.com/orbiterhq/comet/metrics_interface.go:120.58,122.2 1 0
github.com/orbiterhq/comet/metrics_interface.go:124.58,128.2 1 0
github.com/orbiterhq/comet/metrics_interface.go:130.61,131.6 1 0
github.com/orbiterhq/comet/metrics_interface.go:131.6,133.39 2 0
github.com/orbiterhq/comet/metrics_interface.go:133.39,134.9 1 0
github.com/orbiterhq/comet/metrics_interface.go:136.3,136.55 1 0
github.com/orbiterhq/comet/metrics_interface.go:136.55,137.9 1 0
github.com/orbiterhq/comet/metrics_interface.go:142.61,143.6 1 0
github.com/orbiterhq/comet/metrics_interface.go:143.6,145.23 2 0
github.com/orbiterhq/comet/metrics_interface.go:145.23,146.9 1 0
github.com/orbiterhq/comet/metrics_interface.go:148.3,148.55 1 0
github.com/orbiterhq/comet/metrics_interface.go:148.55,149.9 1 0
github.com/orbiterhq/comet/metrics_interface.go:154.59,156.2 1 0
github.com/orbiterhq/comet/metrics_interface.go:158.66,160.2 1 0
github.com/orbiterhq/comet/metrics_interface.go:162.67,164.2 1 0
github.com/orbiterhq/comet/metrics_interface.go:166.58,168.2 1 0
github.com/orbiterhq/comet/metrics_interface.go:170.61,172.2 1 0
github.com/orbiterhq/comet/metrics_interface.go:174.61,176.2 1 0
github.com/orbiterhq/comet/metrics_interface.go:178.62,180.2 1 0
github.com/orbiterhq/comet/metrics_interface.go:182.60,184.2 1 0
github.com/orbiterhq/comet/metrics_interface.go:186.57,188.2 1 0
github.com/orbiterhq/comet/metrics_interface.go:190.56,192.2 1 0
github.com/orbiterhq/comet/metrics_interface.go:194.55,196.2 1 0
github.com/orbiterhq/comet/metrics_interface.go:198.55,200.2 1 0
github.com/orbiterhq/comet/metrics_interface.go:202.52,204.2 1 0
github.com/orbiterhq/comet/metrics_interface.go:206.67,208.2 1 0
github.com/orbiterhq/comet/metrics_interface.go:210.52,233.2 1 0
github.com/orbiterhq/comet/metrics_interface.go:236.41,241.2 3 0
github.com/orbiterhq/comet/metrics_mmap.go:60.62,65.56 3 0
github.com/orbiterhq/comet/metrics_mmap.go:65.56,67.3 1 0
github.com/orbiterhq/comet/metrics_mmap.go:70.2,71.16 2 0
github.com/orbiterhq/comet/metrics_mmap.go:71.16,73.3 1 0
github.com/orbiterhq/comet/metrics_mmap.go:76.2,77.56 2 0
github.com/orbiterhq/comet/metrics_mmap.go:77.56,80.3 2 0
github.com/orbiterhq/comet/metrics_mmap.go:83.2,90.16 2 0
github.com/orbiterhq/comet/metrics_mmap.go:90.16,93.3 2 0
github.com/orbiterhq/comet/metrics_mmap.go:96.2,99.11 2 0
github.com/orbiterhq/comet/metrics_mmap.go:99.11,101.3 1 0
github.com/orbiterhq/comet/metrics_mmap.go:103.2,109.8 1 0
github.com/orbiterhq/comet/metrics_mmap.go:113.37,114.47 1 0
github.com/orbiterhq/comet/metrics_mmap.go:114.47,116.3 1 0
github.com/orbiterhq/comet/metrics_mmap.go:117.2,117.23 1 0
github.com/orbiterhq/comet/metrics_mmap.go:122.54,124.2 1 0
github.com/orbiterhq/comet/metrics_mmap.go:126.46,128.2 1 0
github.com/orbiterhq/comet/metrics_mmap.go:130.56,132.2 1 0
github.com/orbiterhq/comet/metrics_mmap.go:134.56,136.2 1 0
github.com/orbiterhq/comet/metrics_mmap.go:138.59,139.6 1 0
github.com/orbiterhq/comet/metrics_mmap.go:139.6,141.39 2 0
github.com/orbiterhq/comet/metrics_mmap.go:141.39,142.9 1 0
github.com/orbiterhq/comet/metrics_mmap.go:144.3,144.76 1 0
github.com/orbiterhq/comet/metrics_mmap.go:144.76,145.9 1 0
github.com/orbiterhq/comet/metrics_mmap.go:150.59,151.6 1 0
github.com/orbiterhq/comet/metrics_mmap.go:151.6,153.23 2 0
github.com/orbiterhq/comet/metrics_mmap.go:153.23,154.9 1 0
github.com/orbiterhq/comet/metrics_mmap.go:156.3,156.76 1 0
github.com/orbiterhq/comet/metrics_mmap.go:156.76,157.9 1 0
github.com/orbiterhq/comet/metrics_mmap.go:162.57,164.2 1 0
github.com/orbiterhq/comet/metrics_mmap.go:166.64,168.2 1 0
github.com/orbiterhq/comet/metrics_mmap.go:170.65,172.2 1 0
github.com/orbiterhq/comet/metrics_mmap.go:174.56,176.2 1 0
github.com/orbiterhq/comet/metrics_mmap.go:178.59,180.2 1 0
github.com/orbiterhq/comet/metrics_mmap.go:182.59,184.2 1 0
github.com/orbiterhq/comet/metrics_mmap.go:186.60,188.2 1 0
github.com/orbiterhq/comet/metrics_mmap.go:190.58,192.2 1 0
github.com/orbiterhq/comet/metrics_mmap.go:194.55,196.2 1 0
github.com/orbiterhq/comet/metrics_mmap.go:198.54,200.2 1 0
github.com/orbiterhq/comet/metrics_mmap.go:202.53,204.2 1 0
github.com/orbiterhq/comet/metrics_mmap.go:206.53,208.2 1 0
github.com/orbiterhq/comet/metrics_mmap.go:210.50,212.2 1 0
github.com/orbiterhq/comet/metrics_mmap.go:214.65,216.2 1 0
github.com/orbiterhq/comet/metrics_mmap.go:218.50,242.2 1 0
github.com/orbiterhq/comet/mmap_writer.go:42.142,55.44 2 0
github.com/orbiterhq/comet/mmap_writer.go:55.44,57.3 1 0
github.com/orbiterhq/comet/mmap_writer.go:59.2,59.15 1 0
github.com/orbiterhq/comet/mmap_writer.go:63.46,66.20 2 0
github.com/orbiterhq/comet/mmap_writer.go:66.20,69.3 2 0
github.com/orbiterhq/comet/mmap_writer.go:72.2,79.16 4 0
github.com/orbiterhq/comet/mmap_writer.go:79.16,81.3 1 0
github.com/orbiterhq/comet/mmap_writer.go:84.2,85.16 2 0
github.com/orbiterhq/comet/mmap_writer.go:85.16,88.3 2 0
github.com/orbiterhq/comet/mmap_writer.go:90.2,94.24 3 0
github.com/orbiterhq/comet/mmap_writer.go:94.24,95.48 1 0
github.com/orbiterhq/comet/mmap_writer.go:95.48,98.4 2 0
github.com/orbiterhq/comet/mmap_writer.go:100.3,100.20 1 0
github.com/orbiterhq/comet/mmap_writer.go:100.20,102.47 2 0
github.com/orbiterhq/comet/mmap_writer.go:102.47,105.5 2 0
github.com/orbiterhq/comet/mmap_writer.go:107.3,107.21 1 0
github.com/orbiterhq/comet/mmap_writer.go:111.2,114.44 2 0
github.com/orbiterhq/comet/mmap_writer.go:114.44,119.35 3 0
github.com/orbiterhq/comet/mmap_writer.go:119.35,120.28 1 0
github.com/orbiterhq/comet/mmap_writer.go:120.28,122.10 2 0
github.com/orbiterhq/comet/mmap_writer.go:126.3,126.13 1 0
github.com/orbiterhq/comet/mmap_writer.go:126.13,136.34 2 0
github.com/orbiterhq/comet/mmap_writer.go:136.34,138.5 1 0
github.com/orbiterhq/comet/mmap_writer.go:141.4,141.83 1 0
github.com/orbiterhq/comet/mmap_writer.go:141.83,143.5 1 0
github.com/orbiterhq/comet/mmap_writer.go:147.2,150.30 2 0
github.com/orbiterhq/comet/mmap_writer.go:154.48,163.22 4 0
github.com/orbiterhq/comet/mmap_writer.go:163.22,165.3 1 0
github.com/orbiterhq/comet/mmap_writer.go:168.2,168.25 1 0
github.com/orbiterhq/comet/mmap_writer.go:168.25,169.54 1 0
github.com/orbiterhq/comet/mmap_writer.go:169.54,171.4 1 0
github.com/orbiterhq/comet/mmap_writer.go:175.2,177.16 2 0
github.com/orbiterhq/comet/mmap_writer.go:177.16,179.3 1 0
github.com/orbiterhq/comet/mmap_writer.go:181.2,186.12 5 0
github.com/orbiterhq/comet/mmap_writer.go:190.75,191.23 1 0
github.com/orbiterhq/comet/mmap_writer.go:191.23,193.3 1 0
github.com/orbiterhq/comet/mmap_writer.go:196.2,197.32 2 0
github.com/orbiterhq/comet/mmap_writer.go:197.32,199.3 1 0
github.com/orbiterhq/comet/mmap_writer.go:202.2,205.50 2 0
github.com/orbiterhq/comet/mmap_writer.go:205.50,212.3 2 0
github.com/orbiterhq/comet/mmap_writer.go:215.2,220.52 4 0
github.com/orbiterhq/comet/mmap_writer.go:220.52,221.68 1 0
github.com/orbiterhq/comet/mmap_writer.go:221.68,225.4 2 0
github.com/orbiterhq/comet/mmap_writer.go:229.2,229.23 1 0
github.com/orbiterhq/comet/mmap_writer.go:229.23,231.3 1 0
github.com/orbiterhq/comet/mmap_writer.go:234.2,234.49 1 0
github.com/orbiterhq/comet/mmap_writer.go:234.49,236.47 1 0
github.com/orbiterhq/comet/mmap_writer.go:236.47,238.4 1 0
github.com/orbiterhq/comet/mmap_writer.go:242.2,242.49 1 0
github.com/orbiterhq/comet/mmap_writer.go:242.49,245.3 1 0
github.com/orbiterhq/comet/mmap_writer.go:248.2,250.32 3 0
github.com/orbiterhq/comet/mmap_writer.go:250.32,255.58 2 0
github.com/orbiterhq/comet/mmap_writer.go:255.58,258.4 1 0
github.com/orbiterhq/comet/mmap_writer.go:261.3,268.22 5 0
github.com/orbiterhq/comet/mmap_writer.go:273.2,274.48 2 0
github.com/orbiterhq/comet/mmap_writer.go:274.48,275.32 1 0
github.com/orbiterhq/comet/mmap_writer.go:275.32,277.59 1 0
github.com/orbiterhq/comet/mmap_writer.go:277.59,279.5 1 0
github.com/orbiterhq/comet/mmap_writer.go:284.2,289.32 4 0
github.com/orbiterhq/comet/mmap_writer.go:289.32,291.3 1 0
github.com/orbiterhq/comet/mmap_writer.go:293.2,297.54 3 0
github.com/orbiterhq/comet/mmap_writer.go:297.54,299.3 1 0
github.com/orbiterhq/comet/mmap_writer.go:304.2,304.12 1 0
github.com/orbiterhq/comet/mmap_writer.go:308.52,313.23 2 0
github.com/orbiterhq/comet/mmap_writer.go:313.23,315.3 1 0
github.com/orbiterhq/comet/mmap_writer.go:317.2,317.53 1 0
github.com/orbiterhq/comet/mmap_writer.go:317.53,319.3 1 0
github.com/orbiterhq/comet/mmap_writer.go:322.2,325.43 2 0
github.com/orbiterhq/comet/mmap_writer.go:325.43,327.3 1 0
github.com/orbiterhq/comet/mmap_writer.go:329.2,329.12 1 0
github.com/orbiterhq/comet/mmap_writer.go:333.41,335.31 1 0
github.com/orbiterhq/comet/mmap_writer.go:335.31,337.102 1 0
github.com/orbiterhq/comet/mmap_writer.go:337.102,340.4 1 0
github.com/orbiterhq/comet/mmap_writer.go:341.3,341.69 1 0
github.com/orbiterhq/comet/mmap_writer.go:347.2,350.25 3 0
github.com/orbiterhq/comet/mmap_writer.go:350.25,353.3 2 0
github.com/orbiterhq/comet/mmap_writer.go:355.2,355.23 1 0
github.com/orbiterhq/comet/mmap_writer.go:355.23,358.3 2 0
github.com/orbiterhq/comet/mmap_writer.go:361.2,370.16 6 0
github.com/orbiterhq/comet/mmap_writer.go:370.16,371.22 1 0
github.com/orbiterhq/comet/mmap_writer.go:371.22,374.18 2 0
github.com/orbiterhq/comet/mmap_writer.go:374.18,376.5 1 0
github.com/orbiterhq/comet/mmap_writer.go:377.9,379.4 1 0
github.com/orbiterhq/comet/mmap_writer.go:383.2,384.51 2 0
github.com/orbiterhq/comet/mmap_writer.go:384.51,387.3 2 0
github.com/orbiterhq/comet/mmap_writer.go:389.2,401.30 6 0
github.com/orbiterhq/comet/mmap_writer.go:405.35,410.23 3 0
github.com/orbiterhq/comet/mmap_writer.go:410.23,412.3 1 0
github.com/orbiterhq/comet/mmap_writer.go:414.2,414.12 1 0
github.com/orbiterhq/comet/mmap_writer.go:418.36,423.25 3 0
github.com/orbiterhq/comet/mmap_writer.go:423.25,426.3 2 0
github.com/orbiterhq/comet/mmap_writer.go:429.2,429.23 1 0
github.com/orbiterhq/comet/mmap_writer.go:429.23,432.3 2 0
github.com/orbiterhq/comet/mmap_writer.go:434.2,434.12 1 0
github.com/orbiterhq/comet/reader.go:39.37,40.35 1 0
github.com/orbiterhq/comet/reader.go:40.35,42.3 1 0
github.com/orbiterhq/comet/reader.go:43.2,43.12 1 0
github.com/orbiterhq/comet/reader.go:47.42,49.2 1 0
github.com/orbiterhq/comet/reader.go:62.68,67.20 1 0
github.com/orbiterhq/comet/reader.go:67.20,70.5 1 0
github.com/orbiterhq/comet/reader.go:75.2,76.16 2 0
github.com/orbiterhq/comet/reader.go:76.16,78.3 1 0
github.com/orbiterhq/comet/reader.go:79.2,82.39 2 0
github.com/orbiterhq/comet/reader.go:82.39,84.17 2 0
github.com/orbiterhq/comet/reader.go:84.17,88.4 2 0
github.com/orbiterhq/comet/reader.go:89.3,89.36 1 0
github.com/orbiterhq/comet/reader.go:92.2,92.15 1 0
github.com/orbiterhq/comet/reader.go:96.62,98.16 2 0
github.com/orbiterhq/comet/reader.go:98.16,100.3 1 0
github.com/orbiterhq/comet/reader.go:102.2,103.16 2 0
github.com/orbiterhq/comet/reader.go:103.16,106.3 2 0
github.com/orbiterhq/comet/reader.go:108.2,115.15 3 0
github.com/orbiterhq/comet/reader.go:115.15,119.3 2 0
github.com/orbiterhq/comet/reader.go:122.2,123.16 2 0
github.com/orbiterhq/comet/reader.go:123.16,126.3 2 0
github.com/orbiterhq/comet/reader.go:129.2,131.24 2 0
github.com/orbiterhq/comet/reader.go:135.49,138.48 2 0
github.com/orbiterhq/comet/reader.go:138.48,141.3 2 0
github.com/orbiterhq/comet/reader.go:142.2,152.16 6 0
github.com/orbiterhq/comet/reader.go:152.16,154.3 1 0
github.com/orbiterhq/comet/reader.go:156.2,159.36 2 0
github.com/orbiterhq/comet/reader.go:159.36,161.3 1 0
github.com/orbiterhq/comet/reader.go:164.2,165.54 2 0
github.com/orbiterhq/comet/reader.go:165.54,167.3 1 0
github.com/orbiterhq/comet/reader.go:170.2,171.16 2 0
github.com/orbiterhq/comet/reader.go:171.16,173.3 1 0
github.com/orbiterhq/comet/reader.go:176.2,184.20 3 0
github.com/orbiterhq/comet/reader.go:184.20,185.13 1 0
github.com/orbiterhq/comet/reader.go:185.13,188.4 1 0
github.com/orbiterhq/comet/reader.go:191.2,191.12 1 0
github.com/orbiterhq/comet/reader.go:195.73,199.56 2 0
github.com/orbiterhq/comet/reader.go:199.56,202.3 2 0
github.com/orbiterhq/comet/reader.go:204.2,209.28 4 0
github.com/orbiterhq/comet/reader.go:209.28,211.82 2 0
github.com/orbiterhq/comet/reader.go:211.82,213.53 1 0
github.com/orbiterhq/comet/reader.go:213.53,215.5 1 0
[...]
github.com/orbiterhq/comet/reader_v2.go:112.56,117.2 4 1
github.com/orbiterhq/comet/reader_v2.go:120.93,129.20 1 1
github.com/orbiterhq/comet/reader_v2.go:129.20,131.5 1 0
github.com/orbiterhq/comet/reader_v2.go:136.2,140.16 3 1
github.com/orbiterhq/comet/reader_v2.go:140.16,142.3 1 0
github.com/orbiterhq/comet/reader_v2.go:143.2,146.24 2 1
github.com/orbiterhq/comet/reader_v2.go:146.24,147.40 1 1
github.com/orbiterhq/comet/reader_v2.go:147.40,149.18 2 1
github.com/orbiterhq/comet/reader_v2.go:149.18,152.5 2 0
github.com/orbiterhq/comet/reader_v2.go:153.4,153.29 1 1
github.com/orbiterhq/comet/reader_v2.go:155.8,158.27 1 1
github.com/orbiterhq/comet/reader_v2.go:158.27,161.18 3 1
github.com/orbiterhq/comet/reader_v2.go:161.18,163.5 1 1
github.com/orbiterhq/comet/reader_v2.go:167.2,167.15 1 1
github.com/orbiterhq/comet/reader_v2.go:171.81,173.16 2 1
github.com/orbiterhq/comet/reader_v2.go:173.16,175.3 1 0
github.com/orbiterhq/comet/reader_v2.go:177.2,178.16 2 1
github.com/orbiterhq/comet/reader_v2.go:178.16,181.3 2 0
github.com/orbiterhq/comet/reader_v2.go:183.2,190.15 3 1
github.com/orbiterhq/comet/reader_v2.go:190.15,194.3 2 1
github.com/orbiterhq/comet/reader_v2.go:197.2,198.16 2 1
github.com/orbiterhq/comet/reader_v2.go:198.16,201.3 2 0
github.com/orbiterhq/comet/reader_v2.go:204.2,209.24 3 1
github.com/orbiterhq/comet/reader_v2.go:213.75,219.15 4 1
github.com/orbiterhq/comet/reader_v2.go:219.15,221.27 1 1
github.com/orbiterhq/comet/reader_v2.go:221.27,224.4 1 0
github.com/orbiterhq/comet/reader_v2.go:227.3,227.59 1 1
github.com/orbiterhq/comet/reader_v2.go:227.59,229.4 1 1
github.com/orbiterhq/comet/reader_v2.go:232.3,234.24 3 1
github.com/orbiterhq/comet/reader_v2.go:237.2,237.19 1 1
github.com/orbiterhq/comet/reader_v2.go:237.19,239.3 1 0
github.com/orbiterhq/comet/reader_v2.go:242.2,246.54 3 1
github.com/orbiterhq/comet/reader_v2.go:250.58,255.51 3 1
github.com/orbiterhq/comet/reader_v2.go:255.51,257.3 1 0
github.com/orbiterhq/comet/reader_v2.go:260.2,260.51 1 1
github.com/orbiterhq/comet/reader_v2.go:260.51,262.45 1 1
github.com/orbiterhq/comet/reader_v2.go:262.45,264.4 1 0
github.com/orbiterhq/comet/reader_v2.go:268.2,268.65 1 1
github.com/orbiterhq/comet/reader_v2.go:268.65,270.45 1 0
github.com/orbiterhq/comet/reader_v2.go:270.45,272.4 1 0
github.com/orbiterhq/comet/reader_v2.go:276.2,276.35 1 1
github.com/orbiterhq/comet/reader_v2.go:276.35,278.3 1 1
github.com/orbiterhq/comet/reader_v2.go:280.2,281.16 2 1
github.com/orbiterhq/comet/reader_v2.go:281.16,283.3 1 0
github.com/orbiterhq/comet/reader_v2.go:285.2,286.12 2 1
github.com/orbiterhq/comet/reader_v2.go:290.44,292.47 1 1
github.com/orbiterhq/comet/reader_v2.go:292.47,293.41 1 1
github.com/orbiterhq/comet/reader_v2.go:293.41,298.47 2 1
github.com/orbiterhq/comet/reader_v2.go:298.47,299.65 1 1
github.com/orbiterhq/comet/reader_v2.go:299.65,302.6 2 1
github.com/orbiterhq/comet/reader_v2.go:305.4,305.26 1 1
github.com/orbiterhq/comet/reader_v2.go:305.26,307.5 1 1
github.com/orbiterhq/comet/reader_v2.go:309.4,309.14 1 1
github.com/orbiterhq/comet/reader_v2.go:314.2,314.47 1 0
github.com/orbiterhq/comet/reader_v2.go:314.47,318.46 2 0
github.com/orbiterhq/comet/reader_v2.go:318.46,319.64 1 0
github.com/orbiterhq/comet/reader_v2.go:319.64,322.5 2 0
github.com/orbiterhq/comet/reader_v2.go:325.3,325.25 1 0
github.com/orbiterhq/comet/reader_v2.go:325.25,327.4 1 0
github.com/orbiterhq/comet/reader_v2.go:329.3,329.13 1 0
github.com/orbiterhq/comet/reader_v2.go:332.2,332.40 1 0
github.com/orbiterhq/comet/reader_v2.go:336.89,337.20 1 1
github.com/orbiterhq/comet/reader_v2.go:337.20,339.3 1 1
github.com/orbiterhq/comet/reader_v2.go:341.2,342.46 2 1
github.com/orbiterhq/comet/reader_v2.go:342.46,344.3 1 1
github.com/orbiterhq/comet/reader_v2.go:347.2,353.32 5 1
github.com/orbiterhq/comet/reader_v2.go:353.32,355.3 1 0
github.com/orbiterhq/comet/reader_v2.go:358.2,361.85 2 1
github.com/orbiterhq/comet/reader_v2.go:361.85,364.17 2 1
github.com/orbiterhq/comet/reader_v2.go:364.17,366.4 1 0
github.com/orbiterhq/comet/reader_v2.go:367.3,367.27 1 1
github.com/orbiterhq/comet/reader_v2.go:371.2,371.23 1 1
github.com/orbiterhq/comet/reader_v2.go:375.59,384.26 5 1
github.com/orbiterhq/comet/reader_v2.go:384.26,385.40 1 0
github.com/orbiterhq/comet/reader_v2.go:385.40,386.46 1 0
github.com/orbiterhq/comet/reader_v2.go:386.46,388.19 2 0
github.com/orbiterhq/comet/reader_v2.go:388.19,389.14 1 0
github.com/orbiterhq/comet/reader_v2.go:391.5,391.30 1 0
github.com/orbiterhq/comet/reader_v2.go:396.2,396.12 1 1
github.com/orbiterhq/comet/reader_v2.go:400.34,405.39 4 1
github.com/orbiterhq/comet/reader_v2.go:405.39,407.46 1 1
github.com/orbiterhq/comet/reader_v2.go:407.46,408.64 1 1
github.com/orbiterhq/comet/reader_v2.go:408.64,409.72 1 1
github.com/orbiterhq/comet/reader_v2.go:409.72,411.6 1 0
github.com/orbiterhq/comet/reader_v2.go:416.3,416.25 1 1
github.com/orbiterhq/comet/reader_v2.go:416.25,417.65 1 1
github.com/orbiterhq/comet/reader_v2.go:417.65,419.5 1 0
github.com/orbiterhq/comet/reader_v2.go:423.2,424.17 2 1
github.com/orbiterhq/comet/reader_v2.go:428.50,433.2 3 1
github.com/orbiterhq/comet/retention.go:46.42,47.45 1 1
github.com/orbiterhq/comet/retention.go:47.45,50.3 1 0
github.com/orbiterhq/comet/retention.go:52.2,53.12 2 1
github.com/orbiterhq/comet/retention.go:53.12,62.36 5 1
github.com/orbiterhq/comet/retention.go:62.36,64.4 1 1
github.com/orbiterhq/comet/retention.go:65.3,66.10 2 1
github.com/orbiterhq/comet/retention.go:67.25,68.27 1 0
github.com/orbiterhq/comet/retention.go:69.19,71.10 2 1
github.com/orbiterhq/comet/retention.go:75.3,75.7 1 0
github.com/orbiterhq/comet/retention.go:75.7,76.11 1 0
github.com/orbiterhq/comet/retention.go:77.20,78.28 1 0
github.com/orbiterhq/comet/retention.go:79.20,80.11 1 0
github.com/orbiterhq/comet/retention.go:87.40,92.33 4 0
github.com/orbiterhq/comet/retention.go:92.33,95.25 2 0
github.com/orbiterhq/comet/retention.go:95.25,98.4 2 0
github.com/orbiterhq/comet/retention.go:100.2,103.31 3 0
github.com/orbiterhq/comet/retention.go:103.31,106.3 2 0
github.com/orbiterhq/comet/retention.go:109.2,109.88 1 0
github.com/orbiterhq/comet/retention.go:109.88,112.3 1 0
github.com/orbiterhq/comet/retention.go:115.2,116.31 2 0
github.com/orbiterhq/comet/retention.go:116.31,117.25 1 0
github.com/orbiterhq/comet/retention.go:117.25,119.4 1 0
github.com/orbiterhq/comet/retention.go:123.2,123.30 1 0
github.com/orbiterhq/comet/retention.go:123.30,125.32 2 0
github.com/orbiterhq/comet/retention.go:125.32,129.26 4 0
github.com/orbiterhq/comet/retention.go:129.26,131.5 1 0
github.com/orbiterhq/comet/retention.go:133.3,139.57 1 0
github.com/orbiterhq/comet/retention.go:144.51,146.83 1 0
github.com/orbiterhq/comet/retention.go:146.83,148.107 1 0
github.com/orbiterhq/comet/retention.go:148.107,153.43 3 0
github.com/orbiterhq/comet/retention.go:153.43,155.5 1 0
github.com/orbiterhq/comet/retention.go:156.4,157.22 2 0
github.com/orbiterhq/comet/retention.go:160.3,160.74 1 0
github.com/orbiterhq/comet/retention.go:163.2,177.42 11 0
github.com/orbiterhq/comet/retention.go:177.42,178.42 1 0
github.com/orbiterhq/comet/retention.go:178.42,179.67 1 0
github.com/orbiterhq/comet/retention.go:179.67,181.5 1 0
github.com/orbiterhq/comet/retention.go:186.2,191.29 4 0
github.com/orbiterhq/comet/retention.go:191.29,192.31 1 0
github.com/orbiterhq/comet/retention.go:192.31,194.4 1 0
github.com/orbiterhq/comet/retention.go:197.2,197.29 1 0
github.com/orbiterhq/comet/retention.go:197.29,202.31 3 0
github.com/orbiterhq/comet/retention.go:202.31,204.12 2 0
github.com/orbiterhq/comet/retention.go:208.3,211.89 2 0
github.com/orbiterhq/comet/retention.go:211.89,213.4 1 0
github.com/orbiterhq/comet/retention.go:216.3,216.109 1 0
github.com/orbiterhq/comet/retention.go:216.109,219.4 2 0
github.com/orbiterhq/comet/retention.go:222.3,222.63 1 0
github.com/orbiterhq/comet/retention.go:222.63,225.35 1 0
github.com/orbiterhq/comet/retention.go:225.35,227.5 1 0
github.com/orbiterhq/comet/retention.go:231.3,231.48 1 0
github.com/orbiterhq/comet/retention.go:231.48,234.45 2 0
github.com/orbiterhq/comet/retention.go:234.45,237.27 2 0
github.com/orbiterhq/comet/retention.go:237.27,239.6 1 0
github.com/orbiterhq/comet/retention.go:244.3,245.74 2 0
github.com/orbiterhq/comet/retention.go:245.74,247.4 1 0
github.com/orbiterhq/comet/retention.go:249.3,249.19 1 0
github.com/orbiterhq/comet/retention.go:249.19,251.4 1 0
github.com/orbiterhq/comet/retention.go:251.9,253.4 1 0
github.com/orbiterhq/comet/retention.go:257.2,257.88 1 0
github.com/orbiterhq/comet/retention.go:257.88,259.47 1 0
github.com/orbiterhq/comet/retention.go:259.47,261.4 1 0
github.com/orbiterhq/comet/retention.go:263.3,264.89 2 0
github.com/orbiterhq/comet/retention.go:264.89,268.91 2 0
github.com/orbiterhq/comet/retention.go:268.91,269.13 1 0
github.com/orbiterhq/comet/retention.go:273.4,278.7 4 0
github.com/orbiterhq/comet/retention.go:283.2,283.28 1 0
github.com/orbiterhq/comet/retention.go:283.28,285.3 1 0
github.com/orbiterhq/comet/retention.go:288.2,288.24 1 0
github.com/orbiterhq/comet/retention.go:288.24,289.27 1 0
github.com/orbiterhq/comet/retention.go:289.27,292.37 2 0
github.com/orbiterhq/comet/retention.go:292.37,293.70 1 0
github.com/orbiterhq/comet/retention.go:293.70,295.6 1 0
github.com/orbiterhq/comet/retention.go:298.4,298.28 1 0
github.com/orbiterhq/comet/retention.go:298.28,300.5 1 0
github.com/orbiterhq/comet/retention.go:301.9,301.40 1 0
github.com/orbiterhq/comet/retention.go:301.40,304.43 2 0
github.com/orbiterhq/comet/retention.go:304.43,305.95 1 0
github.com/orbiterhq/comet/retention.go:305.95,307.6 1 0
github.com/orbiterhq/comet/retention.go:310.4,310.28 1 0
github.com/orbiterhq/comet/retention.go:310.28,312.5 1 0
github.com/orbiterhq/comet/retention.go:317.2,318.35 2 0
github.com/orbiterhq/comet/retention.go:318.35,320.3 1 0
github.com/orbiterhq/comet/retention.go:321.2,321.22 1 0
github.com/orbiterhq/comet/retention.go:326.86,327.21 1 0
github.com/orbiterhq/comet/retention.go:327.21,329.3 1 0
github.com/orbiterhq/comet/retention.go:333.2,333.79 1 0
github.com/orbiterhq/comet/retention.go:333.79,335.87 1 0
github.com/orbiterhq/comet/retention.go:335.87,338.4 1 0
github.com/orbiterhq/comet/retention.go:339.3,339.70 1 0
github.com/orbiterhq/comet/retention.go:342.2,346.29 3 0
github.com/orbiterhq/comet/retention.go:346.29,348.3 1 0
github.com/orbiterhq/comet/retention.go:351.2,352.41 2 0
github.com/orbiterhq/comet/retention.go:352.41,353.29 1 0
github.com/orbiterhq/comet/retention.go:353.29,355.4 1 0
github.com/orbiterhq/comet/retention.go:358.2,363.20 2 0
github.com/orbiterhq/comet/retention.go:363.20,368.54 3 0
github.com/orbiterhq/comet/retention.go:368.54,369.42 1 0
github.com/orbiterhq/comet/retention.go:369.42,371.5 1 0
github.com/orbiterhq/comet/retention.go:373.3,373.43 1 0
github.com/orbiterhq/comet/retention.go:377.2,387.29 6 0
github.com/orbiterhq/comet/retention.go:387.29,389.40 2 0
github.com/orbiterhq/comet/retention.go:389.40,392.26 1 0
github.com/orbiterhq/comet/retention.go:392.26,394.5 1 0
github.com/orbiterhq/comet/retention.go:395.4,395.12 1 0
github.com/orbiterhq/comet/retention.go:397.3,399.41 3 0
github.com/orbiterhq/comet/retention.go:403.2,403.44 1 0
github.com/orbiterhq/comet/retention.go:403.44,407.3 3 0
github.com/orbiterhq/comet/retention.go:411.78,412.53 1 0
github.com/orbiterhq/comet/retention.go:412.53,414.3 1 0
github.com/orbiterhq/comet/retention.go:417.2,423.31 3 0
github.com/orbiterhq/comet/retention.go:423.31,425.42 2 0
github.com/orbiterhq/comet/retention.go:425.42,426.44 1 0
github.com/orbiterhq/comet/retention.go:426.44,428.5 1 0
github.com/orbiterhq/comet/retention.go:430.3,430.21 1 0
github.com/orbiterhq/comet/retention.go:434.2,434.43 1 0
github.com/orbiterhq/comet/retention.go:434.43,436.3 1 0
github.com/orbiterhq/comet/retention.go:439.2,442.30 3 0
github.com/orbiterhq/comet/retention.go:442.30,443.25 1 0
github.com/orbiterhq/comet/retention.go:443.25,444.9 1 0
github.com/orbiterhq/comet/retention.go:447.3,449.28 3 0
github.com/orbiterhq/comet/retention.go:453.2,453.40 1 0
github.com/orbiterhq/comet/retention.go:453.40,455.3 1 0
github.com/orbiterhq/comet/retention.go:460.42,461.45 1 0
github.com/orbiterhq/comet/retention.go:461.45,464.3 1 0
github.com/orbiterhq/comet/retention.go:465.2,465.25 1 0
github.com/orbiterhq/comet/retention.go:469.54,479.39 4 0
github.com/orbiterhq/comet/retention.go:479.39,488.42 3 0
github.com/orbiterhq/comet/retention.go:488.42,493.86 4 0
github.com/orbiterhq/comet/retention.go:493.86,495.5 1 0
github.com/orbiterhq/comet/retention.go:497.4,498.100 2 0
github.com/orbiterhq/comet/retention.go:498.100,500.5 1 0
github.com/orbiterhq/comet/retention.go:502.4,502.44 1 0
github.com/orbiterhq/comet/retention.go:502.44,504.5 1 0
github.com/orbiterhq/comet/retention.go:507.4,507.76 1 0
github.com/orbiterhq/comet/retention.go:507.76,509.5 1 0
github.com/orbiterhq/comet/retention.go:510.4,510.39 1 0
github.com/orbiterhq/comet/retention.go:510.39,512.5 1 0
github.com/orbiterhq/comet/retention.go:516.3,516.58 1 0
github.com/orbiterhq/comet/retention.go:516.58,518.15 2 0
github.com/orbiterhq/comet/retention.go:518.15,520.5 1 0
github.com/orbiterhq/comet/retention.go:523.3,526.21 3 0
github.com/orbiterhq/comet/retention.go:529.2,531.14 2 0
github.com/orbiterhq/comet/state.go:127.13,128.33 1 1
github.com/orbiterhq/comet/state.go:128.33,129.95 1 0
github.com/orbiterhq/comet/state.go:131.2,131.23 1 1
github.com/orbiterhq/comet/state.go:131.23,132.46 1 0
github.com/orbiterhq/comet/state.go:137.42,139.2 1 0
github.com/orbiterhq/comet/state.go:141.43,143.2 1 0
github.com/orbiterhq/comet/state.go:146.49,148.11 2 0
github.com/orbiterhq/comet/state.go:148.11,150.3 1 0
github.com/orbiterhq/comet/state.go:151.2,151.12 1 0
github.com/orbiterhq/comet/state.go:154.55,159.11 4 0
github.com/orbiterhq/comet/state.go:159.11,162.3 1 0
github.com/orbiterhq/comet/state.go:163.2,163.15 1 0
github.com/orbiterhq/comet/state.go:166.49,168.2 1 0
github.com/orbiterhq/comet/state.go:170.54,172.2 1 0
github.com/orbiterhq/comet/state.go:175.46,177.2 1 0
github.com/orbiterhq/comet/state.go:179.58,181.2 1 0
github.com/orbiterhq/comet/state.go:183.51,185.2 1 0
github.com/orbiterhq/comet/state.go:188.50,190.2 1 0
github.com/orbiterhq/comet/state.go:192.62,194.2 1 0
github.com/orbiterhq/comet/state.go:196.55,198.2 1 0
github.com/orbiterhq/comet/state.go:201.43,203.2 1 0
github.com/orbiterhq/comet/state.go:205.48,207.2 1 0
github.com/orbiterhq/comet/state.go:210.63,212.2 1 1
github.com/orbiterhq/comet/state.go:215.46,217.2 1 0
github.com/orbiterhq/comet/state.go:219.58,221.2 1 0
github.com/orbiterhq/comet/state.go:224.48,226.2 1 0
github.com/orbiterhq/comet/state.go:228.53,230.2 1 0
github.com/orbiterhq/comet/state.go:233.57,235.2 1 0
github.com/orbiterhq/comet/state.go:238.57,240.2 1 0
github.com/orbiterhq/comet/state.go:243.60,245.2 1 0
github.com/orbiterhq/comet/state.go:248.59,250.2 1 0
github.com/orbiterhq/comet/state.go:253.50,255.2 1 0
github.com/orbiterhq/comet/state.go:257.74,259.2 1 0
github.com/orbiterhq/comet/state.go:262.50,264.2 1 0
github.com/orbiterhq/comet/state.go:266.74,268.2 1 0
github.com/orbiterhq/comet/state.go:271.62,273.2 1 0
github.com/orbiterhq/comet/state.go:276.64,278.2 1 0
github.com/orbiterhq/comet/state.go:281.54,283.16 2 0
github.com/orbiterhq/comet/state.go:283.16,285.3 1 0
github.com/orbiterhq/comet/state.go:286.2,286.54 1 0
github.com/orbiterhq/comet/state.go:289.57,292.19 3 0
github.com/orbiterhq/comet/state.go:292.19,294.3 1 0
github.com/orbiterhq/comet/state.go:295.2,295.48 1 0
github.com/orbiterhq/comet/state.go:298.45,301.17 3 0
github.com/orbiterhq/comet/state.go:301.17,303.3 1 0
github.com/orbiterhq/comet/state.go:304.2,304.42 1 0
github.com/orbiterhq/comet/state.go:309.55,314.6 3 1
github.com/orbiterhq/comet/state.go:314.6,316.30 2 1
github.com/orbiterhq/comet/state.go:316.30,317.9 1 1
github.com/orbiterhq/comet/state.go:319.3,319.66 1 1
github.com/orbiterhq/comet/state.go:319.66,320.9 1 1
github.com/orbiterhq/comet/state.go:325.2,325.6 1 1
github.com/orbiterhq/comet/state.go:325.6,327.19 2 1
github.com/orbiterhq/comet/state.go:327.19,328.9 1 1
github.com/orbiterhq/comet/state.go:330.3,330.66 1 1
github.com/orbiterhq/comet/state.go:330.66,331.9 1 1
github.com/orbiterhq/comet/state.go:340.2,341.21 2 1
github.com/orbiterhq/comet/state.go:341.21,344.3 1 1
github.com/orbiterhq/comet/state.go:344.8,349.3 2 1
github.com/orbiterhq/comet/state.go:353.2,354.21 2 1
github.com/orbiterhq/comet/state.go:354.21,357.25 2 1
github.com/orbiterhq/comet/state.go:357.25,359.4 1 0
github.com/orbiterhq/comet/state.go:360.3,360.53 1 1
github.com/orbiterhq/comet/state.go:361.8,365.25 2 1
github.com/orbiterhq/comet/state.go:365.25,368.4 1 1
github.com/orbiterhq/comet/state.go:368.9,373.32 2 1
github.com/orbiterhq/comet/state.go:373.32,375.33 2 0
github.com/orbiterhq/comet/state.go:375.33,377.6 1 0
github.com/orbiterhq/comet/state.go:380.4,380.50 1 1
github.com/orbiterhq/comet/state_recovery.go:13.49,14.20 1 0
github.com/orbiterhq/comet/state_recovery.go:14.20,16.3 1 0
github.com/orbiterhq/comet/state_recovery.go:19.2,20.50 2 0
github.com/orbiterhq/comet/state_recovery.go:20.50,24.3 1 0
github.com/orbiterhq/comet/state_recovery.go:27.2,32.44 4 0
github.com/orbiterhq/comet/state_recovery.go:32.44,34.3 1 0
github.com/orbiterhq/comet/state_recovery.go:37.2,37.25 1 0
github.com/orbiterhq/comet/state_recovery.go:37.25,39.3 1 0
github.com/orbiterhq/comet/state_recovery.go:42.2,42.20 1 0
github.com/orbiterhq/comet/state_recovery.go:42.20,44.3 1 0
github.com/orbiterhq/comet/state_recovery.go:47.2,51.42 3 0
github.com/orbiterhq/comet/state_recovery.go:51.43,54.3 0 0
github.com/orbiterhq/comet/state_recovery.go:56.2,56.12 1 0
github.com/orbiterhq/comet/state_recovery.go:60.60,62.21 1 0
github.com/orbiterhq/comet/state_recovery.go:62.21,67.3 1 0
github.com/orbiterhq/comet/state_recovery.go:70.2,72.20 3 0
github.com/orbiterhq/comet/state_recovery.go:72.20,75.3 2 0
github.com/orbiterhq/comet/state_recovery.go:78.2,78.42 1 0
github.com/orbiterhq/comet/state_recovery.go:78.42,80.27 1 0
github.com/orbiterhq/comet/state_recovery.go:80.27,83.4 2 0
github.com/orbiterhq/comet/state_recovery.go:84.3,84.16 1 0
github.com/orbiterhq/comet/state_recovery.go:88.2,96.59 6 0
github.com/orbiterhq/comet/state_recovery.go:96.59,98.3 1 0
github.com/orbiterhq/comet/state_recovery.go:101.2,104.38 3 0
github.com/orbiterhq/comet/state_recovery.go:104.38,111.32 4 0
github.com/orbiterhq/comet/state_recovery.go:111.32,115.77 3 0
github.com/orbiterhq/comet/state_recovery.go:115.77,117.5 1 0
github.com/orbiterhq/comet/state_recovery.go:121.3,123.50 3 0
github.com/orbiterhq/comet/state_recovery.go:126.2,126.12 1 0
github.com/orbiterhq/comet/state_recovery.go:130.74,134.21 1 0
github.com/orbiterhq/comet/state_recovery.go:135.9,137.61 1 0
github.com/orbiterhq/comet/state_recovery.go:138.10,139.76 1 0
github.com/orbiterhq/comet/test_helpers.go:20.62,26.2 1 0
github.com/orbiterhq/comet/test_helpers.go:28.95,29.22 1 0
github.com/orbiterhq/comet/test_helpers.go:29.22,31.3 1 0
github.com/orbiterhq/comet/test_helpers.go:34.2,41.24 4 0
github.com/orbiterhq/comet/test_helpers.go:41.24,43.3 1 0
github.com/orbiterhq/comet/test_helpers.go:44.2,44.38 1 0
github.com/orbiterhq/comet/test_helpers.go:47.56,49.45 2 0
github.com/orbiterhq/comet/test_helpers.go:49.45,50.31 1 0
github.com/orbiterhq/comet/test_helpers.go:50.31,52.4 1 0
github.com/orbiterhq/comet/test_helpers.go:52.9,54.4 1 0
github.com/orbiterhq/comet/test_helpers.go:56.2,56.46 1 0
github.com/orbiterhq/comet/test_helpers.go:59.71,61.2 1 0
github.com/orbiterhq/comet/test_helpers.go:63.70,65.2 1 0
github.com/orbiterhq/comet/test_helpers.go:67.70,69.2 1 0
github.com/orbiterhq/comet/test_helpers.go:71.71,73.2 1 0
github.com/orbiterhq/comet/test_helpers.go:75.63,77.2 1 0
github.com/orbiterhq/comet/test_helpers.go:79.71,88.2 2 0
github.com/orbiterhq/comet/test_helpers.go:91.42,93.2 1 0
github.com/orbiterhq/comet/test_helpers.go:96.52,98.2 1 0
